[ 2017-09-06T08:51:15+08:00 ] 119.144.152.58 /favicon.ico
INFO: [ app_init ] --START--
INFO: Run Behavior\BuildLiteBehavior [ RunTime:0.000027s ]
INFO: [ app_init ] --END-- [ RunTime:0.000883s ]
ERR: 无法加载模块:Favicon

[ 2017-09-06T17:11:22+08:00 ] 119.144.152.58 /node_modules/hdjs/js/angular.min.js.map
INFO: [ app_init ] --START--
INFO: Run Behavior\BuildLiteBehavior [ RunTime:0.000020s ]
INFO: [ app_init ] --END-- [ RunTime:0.000557s ]
ERR: 无法加载模块:Node_modules

[ 2017-09-06T17:11:22+08:00 ] 119.144.152.58 /node_modules/hdjs/js/underscore-min.map
INFO: [ app_init ] --START--
INFO: Run Behavior\BuildLiteBehavior [ RunTime:0.000019s ]
INFO: [ app_init ] --END-- [ RunTime:0.000520s ]
ERR: 无法加载模块:Node_modules

[ 2017-09-06T17:11:22+08:00 ] 119.144.152.58 /node_modules/hdjs/css/bootstrap.min.css.map
INFO: [ app_init ] --START--
INFO: Run Behavior\BuildLiteBehavior [ RunTime:0.000032s ]
INFO: [ app_init ] --END-- [ RunTime:0.003689s ]
ERR: 无法加载模块:Node_modules

[ 2017-09-06T17:11:22+08:00 ] 119.144.152.58 /Public/css/bootstrap.css.map
INFO: [ app_init ] --START--
INFO: Run Behavior\BuildLiteBehavior [ RunTime:0.000032s ]
INFO: [ app_init ] --END-- [ RunTime:0.001157s ]
ERR: 无法加载模块:Public

[ 2017-09-06T17:37:43+08:00 ] 119.144.152.58 /node_modules/hdjs/js/angular.min.js.map
INFO: [ app_init ] --START--
INFO: Run Behavior\BuildLiteBehavior [ RunTime:0.000031s ]
INFO: [ app_init ] --END-- [ RunTime:0.003109s ]
ERR: 无法加载模块:Node_modules

[ 2017-09-06T17:37:43+08:00 ] 119.144.152.58 /node_modules/hdjs/css/bootstrap.min.css.map
INFO: [ app_init ] --START--
INFO: Run Behavior\BuildLiteBehavior [ RunTime:0.000028s ]
INFO: [ app_init ] --END-- [ RunTime:0.000771s ]
ERR: 无法加载模块:Node_modules

[ 2017-09-06T17:37:43+08:00 ] 119.144.152.58 /node_modules/hdjs/js/underscore-min.map
INFO: [ app_init ] --START--
INFO: Run Behavior\BuildLiteBehavior [ RunTime:0.000033s ]
INFO: [ app_init ] --END-- [ RunTime:0.001720s ]
ERR: 无法加载模块:Node_modules

[ 2017-09-06T17:39:37+08:00 ] 119.144.152.58 /node_modules/hdjs/js/underscore-min.map
INFO: [ app_init ] --START--
INFO: Run Behavior\BuildLiteBehavior [ RunTime:0.000026s ]
INFO: [ app_init ] --END-- [ RunTime:0.000640s ]
ERR: 无法加载模块:Node_modules

[ 2017-09-06T17:39:37+08:00 ] 119.144.152.58 /node_modules/hdjs/css/bootstrap.min.css.map
INFO: [ app_init ] --START--
INFO: Run Behavior\BuildLiteBehavior [ RunTime:0.000027s ]
INFO: [ app_init ] --END-- [ RunTime:0.000658s ]
ERR: 无法加载模块:Node_modules

[ 2017-09-06T17:39:37+08:00 ] 119.144.152.58 /node_modules/hdjs/js/angular.min.js.map
INFO: [ app_init ] --START--
INFO: Run Behavior\BuildLiteBehavior [ RunTime:0.000031s ]
INFO: [ app_init ] --END-- [ RunTime:0.000582s ]
ERR: 无法加载模块:Node_modules

[ 2017-09-06T17:40:59+08:00 ] 119.144.152.58 /node_modules/hdjs/css/bootstrap.min.css.map
INFO: [ app_init ] --START--
INFO: Run Behavior\BuildLiteBehavior [ RunTime:0.000026s ]
INFO: [ app_init ] --END-- [ RunTime:0.000608s ]
ERR: 无法加载模块:Node_modules

[ 2017-09-06T17:41:37+08:00 ] 119.144.152.58 /node_modules/hdjs/js/underscore-min.map
INFO: [ app_init ] --START--
INFO: Run Behavior\BuildLiteBehavior [ RunTime:0.000038s ]
INFO: [ app_init ] --END-- [ RunTime:0.000792s ]
ERR: 无法加载模块:Node_modules

[ 2017-09-06T17:41:37+08:00 ] 119.144.152.58 /node_modules/hdjs/css/bootstrap.min.css.map
INFO: [ app_init ] --START--
INFO: Run Behavior\BuildLiteBehavior [ RunTime:0.000042s ]
INFO: [ app_init ] --END-- [ RunTime:0.001045s ]
ERR: 无法加载模块:Node_modules

[ 2017-09-06T17:41:39+08:00 ] 119.144.152.58 /node_modules/hdjs/js/angular.min.js.map
INFO: [ app_init ] --START--
INFO: Run Behavior\BuildLiteBehavior [ RunTime:0.000028s ]
INFO: [ app_init ] --END-- [ RunTime:0.000636s ]
ERR: 无法加载模块:Node_modules

[ 2017-09-06T17:41:41+08:00 ] 119.144.152.58 /node_modules/hdjs/js/underscore-min.map
INFO: [ app_init ] --START--
INFO: Run Behavior\BuildLiteBehavior [ RunTime:0.000034s ]
INFO: [ app_init ] --END-- [ RunTime:0.000658s ]
ERR: 无法加载模块:Node_modules

[ 2017-09-06T17:41:42+08:00 ] 119.144.152.58 /node_modules/hdjs/css/bootstrap.min.css.map
INFO: [ app_init ] --START--
INFO: Run Behavior\BuildLiteBehavior [ RunTime:0.000020s ]
INFO: [ app_init ] --END-- [ RunTime:0.000560s ]
ERR: 无法加载模块:Node_modules

[ 2017-09-06T17:41:44+08:00 ] 119.144.152.58 /node_modules/hdjs/js/angular.min.js.map
INFO: [ app_init ] --START--
INFO: Run Behavior\BuildLiteBehavior [ RunTime:0.000030s ]
INFO: [ app_init ] --END-- [ RunTime:0.000676s ]
ERR: 无法加载模块:Node_modules

[ 2017-09-06T17:41:50+08:00 ] 119.144.152.58 /node_modules/hdjs/js/underscore-min.map
INFO: [ app_init ] --START--
INFO: Run Behavior\BuildLiteBehavior [ RunTime:0.000026s ]
INFO: [ app_init ] --END-- [ RunTime:0.000620s ]
ERR: 无法加载模块:Node_modules

[ 2017-09-06T17:41:50+08:00 ] 119.144.152.58 /node_modules/hdjs/js/angular.min.js.map
INFO: [ app_init ] --START--
INFO: Run Behavior\BuildLiteBehavior [ RunTime:0.000032s ]
INFO: [ app_init ] --END-- [ RunTime:0.000605s ]
ERR: 无法加载模块:Node_modules

[ 2017-09-06T17:41:50+08:00 ] 119.144.152.58 /node_modules/hdjs/css/bootstrap.min.css.map
INFO: [ app_init ] --START--
INFO: Run Behavior\BuildLiteBehavior [ RunTime:0.000030s ]
INFO: [ app_init ] --END-- [ RunTime:0.001218s ]
ERR: 无法加载模块:Node_modules

[ 2017-09-06T17:41:51+08:00 ] 119.144.152.58 /node_modules/hdjs/js/underscore-min.map
INFO: [ app_init ] --START--
INFO: Run Behavior\BuildLiteBehavior [ RunTime:0.000021s ]
INFO: [ app_init ] --END-- [ RunTime:0.000453s ]
ERR: 无法加载模块:Node_modules

[ 2017-09-06T17:41:52+08:00 ] 119.144.152.58 /node_modules/hdjs/css/bootstrap.min.css.map
INFO: [ app_init ] --START--
INFO: Run Behavior\BuildLiteBehavior [ RunTime:0.000023s ]
INFO: [ app_init ] --END-- [ RunTime:0.000558s ]
ERR: 无法加载模块:Node_modules

[ 2017-09-06T17:41:53+08:00 ] 119.144.152.58 /node_modules/hdjs/js/angular.min.js.map
INFO: [ app_init ] --START--
INFO: Run Behavior\BuildLiteBehavior [ RunTime:0.000027s ]
INFO: [ app_init ] --END-- [ RunTime:0.000604s ]
ERR: 无法加载模块:Node_modules

[ 2017-09-06T17:42:29+08:00 ] 119.144.152.58 /node_modules/hdjs/js/underscore-min.map
INFO: [ app_init ] --START--
INFO: Run Behavior\BuildLiteBehavior [ RunTime:0.000032s ]
INFO: [ app_init ] --END-- [ RunTime:0.004724s ]
ERR: 无法加载模块:Node_modules

[ 2017-09-06T17:42:29+08:00 ] 119.144.152.58 /node_modules/hdjs/css/bootstrap.min.css.map
INFO: [ app_init ] --START--
INFO: Run Behavior\BuildLiteBehavior [ RunTime:0.000029s ]
INFO: [ app_init ] --END-- [ RunTime:0.000673s ]
ERR: 无法加载模块:Node_modules

[ 2017-09-06T17:42:29+08:00 ] 119.144.152.58 /node_modules/hdjs/js/angular.min.js.map
INFO: [ app_init ] --START--
INFO: Run Behavior\BuildLiteBehavior [ RunTime:0.000028s ]
INFO: [ app_init ] --END-- [ RunTime:0.000695s ]
ERR: 无法加载模块:Node_modules

