[ 2017-09-27T14:26:04+08:00 ] 119.144.152.252 /Reception/Inspect/tasknew
INFO: [ app_init ] --START--
INFO: Run Behavior\BuildLiteBehavior [ RunTime:0.000077s ]
INFO: [ app_init ] --END-- [ RunTime:0.000935s ]
INFO: [ app_begin ] --START--
INFO: Run Behavior\ReadHtmlCacheBehavior [ RunTime:0.001606s ]
SQL: SHOW COLUMNS FROM `ys_config` [ RunTime:0.0032s ]
SQL: SELECT * FROM `ys_config` WHERE `id` = 1 LIMIT 1   [ RunTime:0.0005s ]
INFO: Run Common\Behaviors\AppBeginBehavior [ RunTime:0.044838s ]
INFO: [ app_begin ] --END-- [ RunTime:0.046691s ]
NOTIC: [8] Undefined index: code /home/wwwroot/yishion/APP/Reception/Controller/InspectController.class.php 第 14 行.
ERR: invalid code, hint: [1506493621_f8232ee25b4a08a2eda9445e9b153dc7]

[ 2017-09-27T14:31:04+08:00 ] 119.144.152.175 /Reception/Inspect/tasknew
INFO: [ app_init ] --START--
INFO: Run Behavior\BuildLiteBehavior [ RunTime:0.000036s ]
INFO: [ app_init ] --END-- [ RunTime:0.000715s ]
INFO: [ app_begin ] --START--
INFO: Run Behavior\ReadHtmlCacheBehavior [ RunTime:0.000971s ]
SQL: SHOW COLUMNS FROM `ys_config` [ RunTime:0.0015s ]
SQL: SELECT * FROM `ys_config` WHERE `id` = 1 LIMIT 1   [ RunTime:0.0001s ]
INFO: Run Common\Behaviors\AppBeginBehavior [ RunTime:0.037231s ]
INFO: [ app_begin ] --END-- [ RunTime:0.038376s ]
NOTIC: [8] Undefined index: code /home/wwwroot/yishion/APP/Reception/Controller/InspectController.class.php 第 14 行.
ERR: invalid code, hint: [1506493920_9b32923215fd919e2b44f4e721f10aec]

[ 2017-09-27T16:12:35+08:00 ] 119.144.152.252 /Reception/Inspect/tasknew
INFO: [ app_init ] --START--
INFO: Run Behavior\BuildLiteBehavior [ RunTime:0.000043s ]
INFO: [ app_init ] --END-- [ RunTime:0.000742s ]
INFO: [ app_begin ] --START--
INFO: Run Behavior\ReadHtmlCacheBehavior [ RunTime:0.000757s ]
SQL: SHOW COLUMNS FROM `ys_config` [ RunTime:0.0021s ]
SQL: SELECT * FROM `ys_config` WHERE `id` = 1 LIMIT 1   [ RunTime:0.0001s ]
INFO: Run Common\Behaviors\AppBeginBehavior [ RunTime:0.051513s ]
INFO: [ app_begin ] --END-- [ RunTime:0.052463s ]

[ 2017-09-27T16:12:55+08:00 ] 119.144.152.252 /Reception/Inspect/tasknew
INFO: [ app_init ] --START--
INFO: Run Behavior\BuildLiteBehavior [ RunTime:0.000032s ]
INFO: [ app_init ] --END-- [ RunTime:0.001812s ]
INFO: [ app_begin ] --START--
INFO: Run Behavior\ReadHtmlCacheBehavior [ RunTime:0.002016s ]
SQL: SHOW COLUMNS FROM `ys_config` [ RunTime:0.0027s ]
SQL: SELECT * FROM `ys_config` WHERE `id` = 1 LIMIT 1   [ RunTime:0.0003s ]
INFO: Run Common\Behaviors\AppBeginBehavior [ RunTime:0.048070s ]
INFO: [ app_begin ] --END-- [ RunTime:0.050453s ]

[ 2017-09-27T16:12:56+08:00 ] 119.144.152.252 /Reception/Inspect/tasknew
INFO: [ app_init ] --START--
INFO: Run Behavior\BuildLiteBehavior [ RunTime:0.000025s ]
INFO: [ app_init ] --END-- [ RunTime:0.000569s ]
INFO: [ app_begin ] --START--
INFO: Run Behavior\ReadHtmlCacheBehavior [ RunTime:0.000730s ]
SQL: SHOW COLUMNS FROM `ys_config` [ RunTime:0.0018s ]
SQL: SELECT * FROM `ys_config` WHERE `id` = 1 LIMIT 1   [ RunTime:0.0002s ]
INFO: Run Common\Behaviors\AppBeginBehavior [ RunTime:0.100889s ]
INFO: [ app_begin ] --END-- [ RunTime:0.101766s ]

[ 2017-09-27T16:12:56+08:00 ] 119.144.152.252 /Reception/Inspect/tasknew
INFO: [ app_init ] --START--
INFO: Run Behavior\BuildLiteBehavior [ RunTime:0.000018s ]
INFO: [ app_init ] --END-- [ RunTime:0.000469s ]
INFO: [ app_begin ] --START--
INFO: Run Behavior\ReadHtmlCacheBehavior [ RunTime:0.000560s ]
SQL: SHOW COLUMNS FROM `ys_config` [ RunTime:0.0012s ]
SQL: SELECT * FROM `ys_config` WHERE `id` = 1 LIMIT 1   [ RunTime:0.0001s ]
INFO: Run Common\Behaviors\AppBeginBehavior [ RunTime:0.026587s ]
INFO: [ app_begin ] --END-- [ RunTime:0.027281s ]

