[ 2017-10-13T17:00:16+08:00 ] 14.17.37.145 /Reception/Vote/index/id/5
INFO: [ app_init ] --START--
INFO: Run Behavior\BuildLiteBehavior [ RunTime:0.000027s ]
INFO: [ app_init ] --END-- [ RunTime:0.000657s ]
INFO: [ app_begin ] --START--
INFO: Run Behavior\ReadHtmlCacheBehavior [ RunTime:0.000828s ]
SQL: SHOW COLUMNS FROM `ys_config` [ RunTime:0.0017s ]
SQL: SELECT * FROM `ys_config` WHERE `id` = 1 LIMIT 1   [ RunTime:0.0001s ]
INFO: Run Common\Behaviors\AppBeginBehavior [ RunTime:0.013923s ]
INFO: [ app_begin ] --END-- [ RunTime:0.014846s ]
SQL: SHOW COLUMNS FROM `ys_vote_quick_title` [ RunTime:0.0008s ]
SQL: SELECT * FROM `ys_vote_quick_title` WHERE `id` = 5 LIMIT 1   [ RunTime:0.0004s ]
INFO: [ view_parse ] --START--
INFO: [ template_filter ] --START--
INFO: Run Behavior\ContentReplaceBehavior [ RunTime:0.000049s ]
INFO: [ template_filter ] --END-- [ RunTime:0.000113s ]
INFO: Run Behavior\ParseTemplateBehavior [ RunTime:0.009241s ]
INFO: [ view_parse ] --END-- [ RunTime:0.009320s ]
INFO: [ view_filter ] --START--
INFO: Run Behavior\WriteHtmlCacheBehavior [ RunTime:0.000328s ]
INFO: Run Behavior\TokenBuildBehavior [ RunTime:0.000412s ]
INFO: [ view_filter ] --END-- [ RunTime:0.000822s ]
INFO: [ app_end ] --START--
INFO: Run Behavior\ShowPageTraceBehavior [ RunTime:0.000977s ]
INFO: [ app_end ] --END-- [ RunTime:0.001036s ]

[ 2017-10-13T17:00:19+08:00 ] 14.17.37.145 /Reception/Vote/get_item.html?pid=T%E5%AD%A3%E7%AC%AC%E4%B8%89%E6%89%B9&uid=1
INFO: [ app_init ] --START--
INFO: Run Behavior\BuildLiteBehavior [ RunTime:0.000020s ]
INFO: [ app_init ] --END-- [ RunTime:0.000417s ]
INFO: [ app_begin ] --START--
INFO: Run Behavior\ReadHtmlCacheBehavior [ RunTime:0.000475s ]
SQL: SHOW COLUMNS FROM `ys_config` [ RunTime:0.0007s ]
SQL: SELECT * FROM `ys_config` WHERE `id` = 1 LIMIT 1   [ RunTime:0.0028s ]
INFO: Run Common\Behaviors\AppBeginBehavior [ RunTime:0.026409s ]
INFO: [ app_begin ] --END-- [ RunTime:0.026970s ]
NOTIC: [2048] Declaration of Common\Model\VoteQuickItemModel::data() should be compatible with Think\Model::data($data = '') /home/wwwroot/yishion/APP/Common/Model/VoteQuickItemModel.class.php 第 14 行.
SQL: SHOW COLUMNS FROM `ys_vote_quick_item` [ RunTime:0.0010s ]
SQL: SELECT * FROM `ys_vote_quick_item` WHERE `pid` = 'T季第三批' AND `uid` = '1'  [ RunTime:0.0003s ]
INFO: [ app_end ] --START--
INFO: Run Behavior\ShowPageTraceBehavior [ RunTime:0.000633s ]
INFO: [ app_end ] --END-- [ RunTime:0.000688s ]

[ 2017-10-13T17:00:19+08:00 ] 14.17.37.145 /Reception/Vote/get_office.html
INFO: [ app_init ] --START--
INFO: Run Behavior\BuildLiteBehavior [ RunTime:0.000017s ]
INFO: [ app_init ] --END-- [ RunTime:0.000480s ]
INFO: [ app_begin ] --START--
INFO: Run Behavior\ReadHtmlCacheBehavior [ RunTime:0.000551s ]
SQL: SHOW COLUMNS FROM `ys_config` [ RunTime:0.0007s ]
SQL: SELECT * FROM `ys_config` WHERE `id` = 1 LIMIT 1   [ RunTime:0.0001s ]
INFO: Run Common\Behaviors\AppBeginBehavior [ RunTime:0.027901s ]
INFO: [ app_begin ] --END-- [ RunTime:0.028537s ]
SQL: SHOW COLUMNS FROM `ys_office` [ RunTime:0.0026s ]
SQL: SELECT * FROM `ys_office` ORDER BY sort  [ RunTime:0.0002s ]
INFO: [ app_end ] --START--
INFO: Run Behavior\ShowPageTraceBehavior [ RunTime:0.001015s ]
INFO: [ app_end ] --END-- [ RunTime:0.001095s ]

[ 2017-10-13T17:00:57+08:00 ] 14.17.37.145 /Reception/Vote/result.html
INFO: [ app_init ] --START--
INFO: Run Behavior\BuildLiteBehavior [ RunTime:0.000029s ]
INFO: [ app_init ] --END-- [ RunTime:0.000533s ]
INFO: [ app_begin ] --START--
INFO: Run Behavior\ReadHtmlCacheBehavior [ RunTime:0.000645s ]
SQL: SHOW COLUMNS FROM `ys_config` [ RunTime:0.0008s ]
SQL: SELECT * FROM `ys_config` WHERE `id` = 1 LIMIT 1   [ RunTime:0.0001s ]
INFO: Run Common\Behaviors\AppBeginBehavior [ RunTime:0.015119s ]
INFO: [ app_begin ] --END-- [ RunTime:0.015888s ]
SQL: SHOW COLUMNS FROM `ys_vote_quick_result` [ RunTime:0.0013s ]
SQL: INSERT INTO `ys_vote_quick_result` (`reid`,`office_id`,`user`,`result_key`,`result_value`) VALUES ('5','北京办事处','刘','18','1') [ RunTime:0.0023s ]
SQL: INSERT INTO `ys_vote_quick_result` (`reid`,`office_id`,`user`,`result_key`,`result_value`) VALUES ('5','北京办事处','刘','v18','好看') [ RunTime:0.0003s ]
SQL: INSERT INTO `ys_vote_quick_result` (`reid`,`office_id`,`user`,`result_key`,`result_value`) VALUES ('5','北京办事处','刘','17','2') [ RunTime:0.0002s ]
SQL: INSERT INTO `ys_vote_quick_result` (`reid`,`office_id`,`user`,`result_key`,`result_value`) VALUES ('5','北京办事处','刘','v17','料酒') [ RunTime:0.0003s ]
SQL: INSERT INTO `ys_vote_quick_result` (`reid`,`office_id`,`user`,`result_key`,`result_value`) VALUES ('5','北京办事处','刘','16','1') [ RunTime:0.0002s ]
SQL: INSERT INTO `ys_vote_quick_result` (`reid`,`office_id`,`user`,`result_key`,`result_value`) VALUES ('5','北京办事处','刘','v16','你受') [ RunTime:0.0002s ]
SQL: SHOW COLUMNS FROM `ys_vote_quick_title` [ RunTime:0.0015s ]
SQL: UPDATE `ys_vote_quick_title` SET `count`=count+1 WHERE `id` = 5 [ RunTime:0.0030s ]

[ 2017-10-13T17:00:58+08:00 ] 14.17.37.145 /Reception/Vote/msg/vid/4/id/5/uid/%E5%88%98.html
INFO: [ app_init ] --START--
INFO: Run Behavior\BuildLiteBehavior [ RunTime:0.000028s ]
INFO: [ app_init ] --END-- [ RunTime:0.000649s ]
INFO: [ app_begin ] --START--
INFO: Run Behavior\ReadHtmlCacheBehavior [ RunTime:0.000678s ]
SQL: SHOW COLUMNS FROM `ys_config` [ RunTime:0.0007s ]
SQL: SELECT * FROM `ys_config` WHERE `id` = 1 LIMIT 1   [ RunTime:0.0001s ]
INFO: Run Common\Behaviors\AppBeginBehavior [ RunTime:0.012615s ]
INFO: [ app_begin ] --END-- [ RunTime:0.013404s ]
INFO: [ view_parse ] --START--
INFO: [ template_filter ] --START--
INFO: Run Behavior\ContentReplaceBehavior [ RunTime:0.000868s ]
INFO: [ template_filter ] --END-- [ RunTime:0.000979s ]
INFO: Run Behavior\ParseTemplateBehavior [ RunTime:0.012077s ]
INFO: [ view_parse ] --END-- [ RunTime:0.012143s ]
INFO: [ view_filter ] --START--
INFO: Run Behavior\WriteHtmlCacheBehavior [ RunTime:0.000274s ]
INFO: Run Behavior\TokenBuildBehavior [ RunTime:0.000353s ]
INFO: [ view_filter ] --END-- [ RunTime:0.000704s ]
INFO: [ app_end ] --START--
INFO: Run Behavior\ShowPageTraceBehavior [ RunTime:0.000521s ]
INFO: [ app_end ] --END-- [ RunTime:0.000574s ]

[ 2017-10-13T17:01:02+08:00 ] 14.17.37.146 /Reception/Vote/user/id/5/uid/%E5%88%98.html
INFO: [ app_init ] --START--
INFO: Run Behavior\BuildLiteBehavior [ RunTime:0.000024s ]
INFO: [ app_init ] --END-- [ RunTime:0.000572s ]
INFO: [ app_begin ] --START--
INFO: Run Behavior\ReadHtmlCacheBehavior [ RunTime:0.000741s ]
SQL: SHOW COLUMNS FROM `ys_config` [ RunTime:0.0009s ]
SQL: SELECT * FROM `ys_config` WHERE `id` = 1 LIMIT 1   [ RunTime:0.0002s ]
INFO: Run Common\Behaviors\AppBeginBehavior [ RunTime:0.021460s ]
INFO: [ app_begin ] --END-- [ RunTime:0.022357s ]
SQL: SHOW COLUMNS FROM `ys_vote_quick_result` [ RunTime:0.0010s ]
SQL: SELECT * FROM `ys_vote_quick_result` WHERE `user` = '刘' AND `reid` = 5  [ RunTime:0.0004s ]
SQL: SHOW COLUMNS FROM `ys_vote_quick_title` [ RunTime:0.0012s ]
SQL: SELECT * FROM `ys_vote_quick_title` WHERE `id` = 5 LIMIT 1   [ RunTime:0.0004s ]
INFO: [ view_parse ] --START--
INFO: [ template_filter ] --START--
INFO: Run Behavior\ContentReplaceBehavior [ RunTime:0.000085s ]
INFO: [ template_filter ] --END-- [ RunTime:0.000203s ]
INFO: Run Behavior\ParseTemplateBehavior [ RunTime:0.014798s ]
INFO: [ view_parse ] --END-- [ RunTime:0.015151s ]
INFO: [ view_filter ] --START--
INFO: Run Behavior\WriteHtmlCacheBehavior [ RunTime:0.000702s ]
INFO: Run Behavior\TokenBuildBehavior [ RunTime:0.000954s ]
INFO: [ view_filter ] --END-- [ RunTime:0.001857s ]
INFO: [ app_end ] --START--
INFO: Run Behavior\ShowPageTraceBehavior [ RunTime:0.001081s ]
INFO: [ app_end ] --END-- [ RunTime:0.001184s ]

[ 2017-10-13T17:01:03+08:00 ] 14.17.37.145 /Reception/Vote/get_result.html?id=5&uid=%E5%88%98
INFO: [ app_init ] --START--
INFO: Run Behavior\BuildLiteBehavior [ RunTime:0.000020s ]
INFO: [ app_init ] --END-- [ RunTime:0.000481s ]
INFO: [ app_begin ] --START--
INFO: Run Behavior\ReadHtmlCacheBehavior [ RunTime:0.000486s ]
SQL: SHOW COLUMNS FROM `ys_config` [ RunTime:0.0009s ]
SQL: SELECT * FROM `ys_config` WHERE `id` = 1 LIMIT 1   [ RunTime:0.0001s ]
INFO: Run Common\Behaviors\AppBeginBehavior [ RunTime:0.024555s ]
INFO: [ app_begin ] --END-- [ RunTime:0.025120s ]
SQL: SHOW COLUMNS FROM `ys_vote_quick_result` [ RunTime:0.0032s ]
SQL: SELECT * FROM `ys_vote_quick_result` WHERE `user` = '刘' AND `reid` = 5  [ RunTime:0.0001s ]
INFO: [ app_end ] --START--
INFO: Run Behavior\ShowPageTraceBehavior [ RunTime:0.000546s ]
INFO: [ app_end ] --END-- [ RunTime:0.000606s ]

[ 2017-10-13T17:01:03+08:00 ] 14.17.37.145 /Reception/Vote/get_office.html
INFO: [ app_init ] --START--
INFO: Run Behavior\BuildLiteBehavior [ RunTime:0.000017s ]
INFO: [ app_init ] --END-- [ RunTime:0.003565s ]
INFO: [ app_begin ] --START--
INFO: Run Behavior\ReadHtmlCacheBehavior [ RunTime:0.000727s ]
SQL: SHOW COLUMNS FROM `ys_config` [ RunTime:0.0005s ]
SQL: SELECT * FROM `ys_config` WHERE `id` = 1 LIMIT 1   [ RunTime:0.0002s ]
INFO: Run Common\Behaviors\AppBeginBehavior [ RunTime:0.026806s ]
INFO: [ app_begin ] --END-- [ RunTime:0.027619s ]
SQL: SHOW COLUMNS FROM `ys_office` [ RunTime:0.0006s ]
SQL: SELECT * FROM `ys_office` ORDER BY sort  [ RunTime:0.0018s ]
INFO: [ app_end ] --START--
INFO: Run Behavior\ShowPageTraceBehavior [ RunTime:0.000637s ]
INFO: [ app_end ] --END-- [ RunTime:0.000691s ]

[ 2017-10-13T17:01:04+08:00 ] 14.17.37.145 /Reception/Vote/get_item.html?pid=T%E5%AD%A3%E7%AC%AC%E4%B8%89%E6%89%B9&uid=1
INFO: [ app_init ] --START--
INFO: Run Behavior\BuildLiteBehavior [ RunTime:0.000020s ]
INFO: [ app_init ] --END-- [ RunTime:0.000581s ]
INFO: [ app_begin ] --START--
INFO: Run Behavior\ReadHtmlCacheBehavior [ RunTime:0.000908s ]
SQL: SHOW COLUMNS FROM `ys_config` [ RunTime:0.0008s ]
SQL: SELECT * FROM `ys_config` WHERE `id` = 1 LIMIT 1   [ RunTime:0.0002s ]
INFO: Run Common\Behaviors\AppBeginBehavior [ RunTime:0.013014s ]
INFO: [ app_begin ] --END-- [ RunTime:0.014009s ]
NOTIC: [2048] Declaration of Common\Model\VoteQuickItemModel::data() should be compatible with Think\Model::data($data = '') /home/wwwroot/yishion/APP/Common/Model/VoteQuickItemModel.class.php 第 14 行.
SQL: SHOW COLUMNS FROM `ys_vote_quick_item` [ RunTime:0.0008s ]
SQL: SELECT * FROM `ys_vote_quick_item` WHERE `pid` = 'T季第三批' AND `uid` = '1'  [ RunTime:0.0002s ]
INFO: [ app_end ] --START--
INFO: Run Behavior\ShowPageTraceBehavior [ RunTime:0.000658s ]
INFO: [ app_end ] --END-- [ RunTime:0.000725s ]

[ 2017-10-13T17:01:13+08:00 ] 14.17.37.146 /Reception/Vote/index/id/5
INFO: [ app_init ] --START--
INFO: Run Behavior\BuildLiteBehavior [ RunTime:0.000028s ]
INFO: [ app_init ] --END-- [ RunTime:0.000592s ]
INFO: [ app_begin ] --START--
INFO: Run Behavior\ReadHtmlCacheBehavior [ RunTime:0.000745s ]
SQL: SHOW COLUMNS FROM `ys_config` [ RunTime:0.0008s ]
SQL: SELECT * FROM `ys_config` WHERE `id` = 1 LIMIT 1   [ RunTime:0.0002s ]
INFO: Run Common\Behaviors\AppBeginBehavior [ RunTime:0.017218s ]
INFO: [ app_begin ] --END-- [ RunTime:0.018084s ]
SQL: SHOW COLUMNS FROM `ys_vote_quick_title` [ RunTime:0.0010s ]
SQL: SELECT * FROM `ys_vote_quick_title` WHERE `id` = 5 LIMIT 1   [ RunTime:0.0002s ]
INFO: [ view_parse ] --START--
INFO: [ template_filter ] --START--
INFO: Run Behavior\ContentReplaceBehavior [ RunTime:0.000085s ]
INFO: [ template_filter ] --END-- [ RunTime:0.000184s ]
INFO: Run Behavior\ParseTemplateBehavior [ RunTime:0.011091s ]
INFO: [ view_parse ] --END-- [ RunTime:0.011161s ]
INFO: [ view_filter ] --START--
INFO: Run Behavior\WriteHtmlCacheBehavior [ RunTime:0.000398s ]
INFO: Run Behavior\TokenBuildBehavior [ RunTime:0.000505s ]
INFO: [ view_filter ] --END-- [ RunTime:0.001061s ]
INFO: [ app_end ] --START--
INFO: Run Behavior\ShowPageTraceBehavior [ RunTime:0.000983s ]
INFO: [ app_end ] --END-- [ RunTime:0.001087s ]

[ 2017-10-13T17:01:15+08:00 ] 14.17.37.146 /Reception/Vote/get_office.html
INFO: [ app_init ] --START--
INFO: Run Behavior\BuildLiteBehavior [ RunTime:0.000021s ]
INFO: [ app_init ] --END-- [ RunTime:0.000529s ]
INFO: [ app_begin ] --START--
INFO: Run Behavior\ReadHtmlCacheBehavior [ RunTime:0.000590s ]
SQL: SHOW COLUMNS FROM `ys_config` [ RunTime:0.0010s ]
SQL: SELECT * FROM `ys_config` WHERE `id` = 1 LIMIT 1   [ RunTime:0.0001s ]
INFO: Run Common\Behaviors\AppBeginBehavior [ RunTime:0.014118s ]
INFO: [ app_begin ] --END-- [ RunTime:0.014800s ]
SQL: SHOW COLUMNS FROM `ys_office` [ RunTime:0.0010s ]
SQL: SELECT * FROM `ys_office` ORDER BY sort  [ RunTime:0.0001s ]
INFO: [ app_end ] --START--
INFO: Run Behavior\ShowPageTraceBehavior [ RunTime:0.000742s ]
INFO: [ app_end ] --END-- [ RunTime:0.000797s ]

[ 2017-10-13T17:01:15+08:00 ] 14.17.37.145 /Reception/Vote/get_item.html?pid=T%E5%AD%A3%E7%AC%AC%E4%B8%89%E6%89%B9&uid=1
INFO: [ app_init ] --START--
INFO: Run Behavior\BuildLiteBehavior [ RunTime:0.000046s ]
INFO: [ app_init ] --END-- [ RunTime:0.000673s ]
INFO: [ app_begin ] --START--
INFO: Run Behavior\ReadHtmlCacheBehavior [ RunTime:0.000732s ]
SQL: SHOW COLUMNS FROM `ys_config` [ RunTime:0.0007s ]
SQL: SELECT * FROM `ys_config` WHERE `id` = 1 LIMIT 1   [ RunTime:0.0001s ]
INFO: Run Common\Behaviors\AppBeginBehavior [ RunTime:0.012661s ]
INFO: [ app_begin ] --END-- [ RunTime:0.013539s ]
NOTIC: [2048] Declaration of Common\Model\VoteQuickItemModel::data() should be compatible with Think\Model::data($data = '') /home/wwwroot/yishion/APP/Common/Model/VoteQuickItemModel.class.php 第 14 行.
SQL: SHOW COLUMNS FROM `ys_vote_quick_item` [ RunTime:0.0008s ]
SQL: SELECT * FROM `ys_vote_quick_item` WHERE `pid` = 'T季第三批' AND `uid` = '1'  [ RunTime:0.0001s ]
INFO: [ app_end ] --START--
INFO: Run Behavior\ShowPageTraceBehavior [ RunTime:0.000697s ]
INFO: [ app_end ] --END-- [ RunTime:0.000782s ]

[ 2017-10-13T17:01:41+08:00 ] 14.17.37.145 /Reception/Vote/result.html
INFO: [ app_init ] --START--
INFO: Run Behavior\BuildLiteBehavior [ RunTime:0.000038s ]
INFO: [ app_init ] --END-- [ RunTime:0.000425s ]
INFO: [ app_begin ] --START--
INFO: Run Behavior\ReadHtmlCacheBehavior [ RunTime:0.000525s ]
SQL: SHOW COLUMNS FROM `ys_config` [ RunTime:0.0009s ]
SQL: SELECT * FROM `ys_config` WHERE `id` = 1 LIMIT 1   [ RunTime:0.0002s ]
INFO: Run Common\Behaviors\AppBeginBehavior [ RunTime:0.012503s ]
INFO: [ app_begin ] --END-- [ RunTime:0.013109s ]
SQL: SHOW COLUMNS FROM `ys_vote_quick_result` [ RunTime:0.0008s ]
SQL: INSERT INTO `ys_vote_quick_result` (`reid`,`office_id`,`user`,`result_key`,`result_value`) VALUES ('5','安徽办事处','金','18','2') [ RunTime:0.0004s ]
SQL: INSERT INTO `ys_vote_quick_result` (`reid`,`office_id`,`user`,`result_key`,`result_value`) VALUES ('5','安徽办事处','金','v18','溜') [ RunTime:0.0003s ]
SQL: INSERT INTO `ys_vote_quick_result` (`reid`,`office_id`,`user`,`result_key`,`result_value`) VALUES ('5','安徽办事处','金','17','1') [ RunTime:0.0002s ]
SQL: INSERT INTO `ys_vote_quick_result` (`reid`,`office_id`,`user`,`result_key`,`result_value`) VALUES ('5','安徽办事处','金','v17','同性恋者') [ RunTime:0.0002s ]
SQL: INSERT INTO `ys_vote_quick_result` (`reid`,`office_id`,`user`,`result_key`,`result_value`) VALUES ('5','安徽办事处','金','16','1') [ RunTime:0.0002s ]
SQL: INSERT INTO `ys_vote_quick_result` (`reid`,`office_id`,`user`,`result_key`,`result_value`) VALUES ('5','安徽办事处','金','v16','投资者') [ RunTime:0.0002s ]
SQL: SHOW COLUMNS FROM `ys_vote_quick_title` [ RunTime:0.0010s ]
SQL: UPDATE `ys_vote_quick_title` SET `count`=count+1 WHERE `id` = 5 [ RunTime:0.0003s ]

[ 2017-10-13T17:01:42+08:00 ] 14.17.37.145 /Reception/Vote/msg/vid/4/id/5/uid/%E9%87%91.html
INFO: [ app_init ] --START--
INFO: Run Behavior\BuildLiteBehavior [ RunTime:0.000032s ]
INFO: [ app_init ] --END-- [ RunTime:0.000620s ]
INFO: [ app_begin ] --START--
INFO: Run Behavior\ReadHtmlCacheBehavior [ RunTime:0.000733s ]
SQL: SHOW COLUMNS FROM `ys_config` [ RunTime:0.0008s ]
SQL: SELECT * FROM `ys_config` WHERE `id` = 1 LIMIT 1   [ RunTime:0.0002s ]
INFO: Run Common\Behaviors\AppBeginBehavior [ RunTime:0.012887s ]
INFO: [ app_begin ] --END-- [ RunTime:0.013739s ]
INFO: [ view_parse ] --START--
INFO: [ template_filter ] --START--
INFO: Run Behavior\ContentReplaceBehavior [ RunTime:0.000058s ]
INFO: [ template_filter ] --END-- [ RunTime:0.000128s ]
INFO: Run Behavior\ParseTemplateBehavior [ RunTime:0.007718s ]
INFO: [ view_parse ] --END-- [ RunTime:0.007781s ]
INFO: [ view_filter ] --START--
INFO: Run Behavior\WriteHtmlCacheBehavior [ RunTime:0.000370s ]
INFO: Run Behavior\TokenBuildBehavior [ RunTime:0.000452s ]
INFO: [ view_filter ] --END-- [ RunTime:0.000931s ]
INFO: [ app_end ] --START--
INFO: Run Behavior\ShowPageTraceBehavior [ RunTime:0.000558s ]
INFO: [ app_end ] --END-- [ RunTime:0.000605s ]

[ 2017-10-13T17:01:44+08:00 ] 14.17.37.145 /Reception/Vote/user/id/5/uid/%E9%87%91.html
INFO: [ app_init ] --START--
INFO: Run Behavior\BuildLiteBehavior [ RunTime:0.000018s ]
INFO: [ app_init ] --END-- [ RunTime:0.000412s ]
INFO: [ app_begin ] --START--
INFO: Run Behavior\ReadHtmlCacheBehavior [ RunTime:0.000556s ]
SQL: SHOW COLUMNS FROM `ys_config` [ RunTime:0.0008s ]
SQL: SELECT * FROM `ys_config` WHERE `id` = 1 LIMIT 1   [ RunTime:0.0001s ]
INFO: Run Common\Behaviors\AppBeginBehavior [ RunTime:0.012191s ]
INFO: [ app_begin ] --END-- [ RunTime:0.012864s ]
SQL: SHOW COLUMNS FROM `ys_vote_quick_result` [ RunTime:0.0006s ]
SQL: SELECT * FROM `ys_vote_quick_result` WHERE `user` = '金' AND `reid` = 5  [ RunTime:0.0003s ]
SQL: SHOW COLUMNS FROM `ys_vote_quick_title` [ RunTime:0.0006s ]
SQL: SELECT * FROM `ys_vote_quick_title` WHERE `id` = 5 LIMIT 1   [ RunTime:0.0002s ]
INFO: [ view_parse ] --START--
INFO: [ template_filter ] --START--
INFO: Run Behavior\ContentReplaceBehavior [ RunTime:0.000067s ]
INFO: [ template_filter ] --END-- [ RunTime:0.000134s ]
INFO: Run Behavior\ParseTemplateBehavior [ RunTime:0.007236s ]
INFO: [ view_parse ] --END-- [ RunTime:0.007289s ]
INFO: [ view_filter ] --START--
INFO: Run Behavior\WriteHtmlCacheBehavior [ RunTime:0.000269s ]
INFO: Run Behavior\TokenBuildBehavior [ RunTime:0.000342s ]
INFO: [ view_filter ] --END-- [ RunTime:0.000708s ]
INFO: [ app_end ] --START--
INFO: Run Behavior\ShowPageTraceBehavior [ RunTime:0.000557s ]
INFO: [ app_end ] --END-- [ RunTime:0.000619s ]

[ 2017-10-13T17:01:46+08:00 ] 14.17.37.145 /Reception/Vote/get_office.html
INFO: [ app_init ] --START--
INFO: Run Behavior\BuildLiteBehavior [ RunTime:0.000020s ]
INFO: [ app_init ] --END-- [ RunTime:0.000556s ]
INFO: [ app_begin ] --START--
INFO: Run Behavior\ReadHtmlCacheBehavior [ RunTime:0.000541s ]
SQL: SHOW COLUMNS FROM `ys_config` [ RunTime:0.0007s ]
SQL: SELECT * FROM `ys_config` WHERE `id` = 1 LIMIT 1   [ RunTime:0.0001s ]
INFO: Run Common\Behaviors\AppBeginBehavior [ RunTime:0.011785s ]
INFO: [ app_begin ] --END-- [ RunTime:0.012424s ]
SQL: SHOW COLUMNS FROM `ys_office` [ RunTime:0.0007s ]
SQL: SELECT * FROM `ys_office` ORDER BY sort  [ RunTime:0.0001s ]
INFO: [ app_end ] --START--
INFO: Run Behavior\ShowPageTraceBehavior [ RunTime:0.000647s ]
INFO: [ app_end ] --END-- [ RunTime:0.000700s ]

[ 2017-10-13T17:01:46+08:00 ] 14.17.37.146 /Reception/Vote/get_item.html?pid=T%E5%AD%A3%E7%AC%AC%E4%B8%89%E6%89%B9&uid=1
INFO: [ app_init ] --START--
INFO: Run Behavior\BuildLiteBehavior [ RunTime:0.000027s ]
INFO: [ app_init ] --END-- [ RunTime:0.003514s ]
INFO: [ app_begin ] --START--
INFO: Run Behavior\ReadHtmlCacheBehavior [ RunTime:0.000568s ]
SQL: SHOW COLUMNS FROM `ys_config` [ RunTime:0.0007s ]
SQL: SELECT * FROM `ys_config` WHERE `id` = 1 LIMIT 1   [ RunTime:0.0012s ]
INFO: Run Common\Behaviors\AppBeginBehavior [ RunTime:0.026499s ]
INFO: [ app_begin ] --END-- [ RunTime:0.027150s ]
NOTIC: [2048] Declaration of Common\Model\VoteQuickItemModel::data() should be compatible with Think\Model::data($data = '') /home/wwwroot/yishion/APP/Common/Model/VoteQuickItemModel.class.php 第 14 行.
SQL: SHOW COLUMNS FROM `ys_vote_quick_item` [ RunTime:0.0007s ]
SQL: SELECT * FROM `ys_vote_quick_item` WHERE `pid` = 'T季第三批' AND `uid` = '1'  [ RunTime:0.0001s ]
INFO: [ app_end ] --START--
INFO: Run Behavior\ShowPageTraceBehavior [ RunTime:0.000606s ]
INFO: [ app_end ] --END-- [ RunTime:0.000671s ]

[ 2017-10-13T17:01:46+08:00 ] 14.17.37.145 /Reception/Vote/get_result.html?id=5&uid=%E9%87%91
INFO: [ app_init ] --START--
INFO: Run Behavior\BuildLiteBehavior [ RunTime:0.000016s ]
INFO: [ app_init ] --END-- [ RunTime:0.000387s ]
INFO: [ app_begin ] --START--
INFO: Run Behavior\ReadHtmlCacheBehavior [ RunTime:0.000554s ]
SQL: SHOW COLUMNS FROM `ys_config` [ RunTime:0.0004s ]
SQL: SELECT * FROM `ys_config` WHERE `id` = 1 LIMIT 1   [ RunTime:0.0028s ]
INFO: Run Common\Behaviors\AppBeginBehavior [ RunTime:0.026070s ]
INFO: [ app_begin ] --END-- [ RunTime:0.026705s ]
SQL: SHOW COLUMNS FROM `ys_vote_quick_result` [ RunTime:0.0008s ]
SQL: SELECT * FROM `ys_vote_quick_result` WHERE `user` = '金' AND `reid` = 5  [ RunTime:0.0005s ]
INFO: [ app_end ] --START--
INFO: Run Behavior\ShowPageTraceBehavior [ RunTime:0.000653s ]
INFO: [ app_end ] --END-- [ RunTime:0.000726s ]

