[ 2017-10-16T09:05:49+08:00 ] 113.79.14.52 /Reception/Vote/user/id/5/uid/%E5%88%98.html
INFO: [ app_init ] --START--
INFO: Run Behavior\BuildLiteBehavior [ RunTime:0.000029s ]
INFO: [ app_init ] --END-- [ RunTime:0.000670s ]
INFO: [ app_begin ] --START--
INFO: Run Behavior\ReadHtmlCacheBehavior [ RunTime:0.000865s ]
SQL: SHOW COLUMNS FROM `ys_config` [ RunTime:0.0009s ]
SQL: SELECT * FROM `ys_config` WHERE `id` = 1 LIMIT 1   [ RunTime:0.0002s ]
INFO: Run Common\Behaviors\AppBeginBehavior [ RunTime:0.017766s ]
INFO: [ app_begin ] --END-- [ RunTime:0.018770s ]
SQL: SHOW COLUMNS FROM `ys_vote_quick_result` [ RunTime:0.0010s ]
SQL: SELECT * FROM `ys_vote_quick_result` WHERE `user` = '刘' AND `reid` = 5  [ RunTime:0.0005s ]
SQL: SHOW COLUMNS FROM `ys_vote_quick_title` [ RunTime:0.0009s ]
SQL: SELECT * FROM `ys_vote_quick_title` WHERE `id` = 5 LIMIT 1   [ RunTime:0.0002s ]
INFO: [ view_parse ] --START--
INFO: [ template_filter ] --START--
INFO: Run Behavior\ContentReplaceBehavior [ RunTime:0.000062s ]
INFO: [ template_filter ] --END-- [ RunTime:0.000176s ]
INFO: Run Behavior\ParseTemplateBehavior [ RunTime:0.010135s ]
INFO: [ view_parse ] --END-- [ RunTime:0.010224s ]
INFO: [ view_filter ] --START--
INFO: Run Behavior\WriteHtmlCacheBehavior [ RunTime:0.000290s ]
INFO: Run Behavior\TokenBuildBehavior [ RunTime:0.000411s ]
INFO: [ view_filter ] --END-- [ RunTime:0.000784s ]
INFO: [ app_end ] --START--
INFO: Run Behavior\ShowPageTraceBehavior [ RunTime:0.000532s ]
INFO: [ app_end ] --END-- [ RunTime:0.000616s ]

[ 2017-10-16T09:05:52+08:00 ] 113.79.14.52 /Reception/Vote/get_item.html?pid=T%E5%AD%A3%E7%AC%AC%E4%B8%89%E6%89%B9&uid=1
INFO: [ app_init ] --START--
INFO: Run Behavior\BuildLiteBehavior [ RunTime:0.000025s ]
INFO: [ app_init ] --END-- [ RunTime:0.004702s ]
INFO: [ app_begin ] --START--
INFO: Run Behavior\ReadHtmlCacheBehavior [ RunTime:0.004666s ]
SQL: SHOW COLUMNS FROM `ys_config` [ RunTime:0.0007s ]
SQL: SELECT * FROM `ys_config` WHERE `id` = 1 LIMIT 1   [ RunTime:0.0023s ]
INFO: Run Common\Behaviors\AppBeginBehavior [ RunTime:0.035287s ]
INFO: [ app_begin ] --END-- [ RunTime:0.040067s ]
NOTIC: [2048] Declaration of Common\Model\VoteQuickItemModel::data() should be compatible with Think\Model::data($data = '') /home/wwwroot/yishion/APP/Common/Model/VoteQuickItemModel.class.php 第 14 行.
SQL: SHOW COLUMNS FROM `ys_vote_quick_item` [ RunTime:0.0006s ]
SQL: SELECT * FROM `ys_vote_quick_item` WHERE `pid` = 'T季第三批' AND `uid` = '1'  [ RunTime:0.0001s ]
INFO: [ app_end ] --START--
INFO: Run Behavior\ShowPageTraceBehavior [ RunTime:0.000610s ]
INFO: [ app_end ] --END-- [ RunTime:0.000666s ]

[ 2017-10-16T09:05:52+08:00 ] 113.79.14.52 /Reception/Vote/get_office.html
INFO: [ app_init ] --START--
INFO: Run Behavior\BuildLiteBehavior [ RunTime:0.000019s ]
INFO: [ app_init ] --END-- [ RunTime:0.000508s ]
INFO: [ app_begin ] --START--
INFO: Run Behavior\ReadHtmlCacheBehavior [ RunTime:0.000662s ]
SQL: SHOW COLUMNS FROM `ys_config` [ RunTime:0.0014s ]
SQL: SELECT * FROM `ys_config` WHERE `id` = 1 LIMIT 1   [ RunTime:0.0026s ]
INFO: Run Common\Behaviors\AppBeginBehavior [ RunTime:0.040820s ]
INFO: [ app_begin ] --END-- [ RunTime:0.041604s ]
SQL: SHOW COLUMNS FROM `ys_office` [ RunTime:0.0009s ]
SQL: SELECT * FROM `ys_office` ORDER BY sort  [ RunTime:0.0001s ]
INFO: [ app_end ] --START--
INFO: Run Behavior\ShowPageTraceBehavior [ RunTime:0.000756s ]
INFO: [ app_end ] --END-- [ RunTime:0.000840s ]

[ 2017-10-16T09:05:52+08:00 ] 113.79.14.52 /Reception/Vote/get_result.html?id=5&uid=%E5%88%98
INFO: [ app_init ] --START--
INFO: Run Behavior\BuildLiteBehavior [ RunTime:0.000015s ]
INFO: [ app_init ] --END-- [ RunTime:0.000532s ]
INFO: [ app_begin ] --START--
INFO: Run Behavior\ReadHtmlCacheBehavior [ RunTime:0.000606s ]
SQL: SHOW COLUMNS FROM `ys_config` [ RunTime:0.0006s ]
SQL: SELECT * FROM `ys_config` WHERE `id` = 1 LIMIT 1   [ RunTime:0.0001s ]
INFO: Run Common\Behaviors\AppBeginBehavior [ RunTime:0.040704s ]
INFO: [ app_begin ] --END-- [ RunTime:0.041412s ]
SQL: SHOW COLUMNS FROM `ys_vote_quick_result` [ RunTime:0.0006s ]
SQL: SELECT * FROM `ys_vote_quick_result` WHERE `user` = '刘' AND `reid` = 5  [ RunTime:0.0001s ]
INFO: [ app_end ] --START--
INFO: Run Behavior\ShowPageTraceBehavior [ RunTime:0.000561s ]
INFO: [ app_end ] --END-- [ RunTime:0.000618s ]

[ 2017-10-16T09:07:37+08:00 ] 113.79.14.52 /Reception/Vote/user/id/5/uid/%E5%88%98.html
INFO: [ app_init ] --START--
INFO: Run Behavior\BuildLiteBehavior [ RunTime:0.000022s ]
INFO: [ app_init ] --END-- [ RunTime:0.000476s ]
INFO: [ app_begin ] --START--
INFO: Run Behavior\ReadHtmlCacheBehavior [ RunTime:0.000517s ]
SQL: SHOW COLUMNS FROM `ys_config` [ RunTime:0.0008s ]
SQL: SELECT * FROM `ys_config` WHERE `id` = 1 LIMIT 1   [ RunTime:0.0002s ]
INFO: Run Common\Behaviors\AppBeginBehavior [ RunTime:0.013326s ]
INFO: [ app_begin ] --END-- [ RunTime:0.013947s ]
SQL: SHOW COLUMNS FROM `ys_vote_quick_result` [ RunTime:0.0008s ]
SQL: SELECT * FROM `ys_vote_quick_result` WHERE `user` = '刘' AND `reid` = 5  [ RunTime:0.0002s ]
SQL: SHOW COLUMNS FROM `ys_vote_quick_title` [ RunTime:0.0007s ]
SQL: SELECT * FROM `ys_vote_quick_title` WHERE `id` = 5 LIMIT 1   [ RunTime:0.0001s ]
INFO: [ view_parse ] --START--
INFO: [ template_filter ] --START--
INFO: Run Behavior\ContentReplaceBehavior [ RunTime:0.000154s ]
INFO: [ template_filter ] --END-- [ RunTime:0.000256s ]
INFO: Run Behavior\ParseTemplateBehavior [ RunTime:0.009740s ]
INFO: [ view_parse ] --END-- [ RunTime:0.009801s ]
INFO: [ view_filter ] --START--
INFO: Run Behavior\WriteHtmlCacheBehavior [ RunTime:0.000403s ]
INFO: Run Behavior\TokenBuildBehavior [ RunTime:0.000609s ]
INFO: [ view_filter ] --END-- [ RunTime:0.001099s ]
INFO: [ app_end ] --START--
INFO: Run Behavior\ShowPageTraceBehavior [ RunTime:0.000645s ]
INFO: [ app_end ] --END-- [ RunTime:0.000723s ]

[ 2017-10-16T09:07:40+08:00 ] 113.79.14.52 /Reception/Vote/get_office.html
INFO: [ app_init ] --START--
INFO: Run Behavior\BuildLiteBehavior [ RunTime:0.000021s ]
INFO: [ app_init ] --END-- [ RunTime:0.006576s ]
INFO: [ app_begin ] --START--
INFO: Run Behavior\ReadHtmlCacheBehavior [ RunTime:0.006809s ]
SQL: SHOW COLUMNS FROM `ys_config` [ RunTime:0.0011s ]
SQL: SELECT * FROM `ys_config` WHERE `id` = 1 LIMIT 1   [ RunTime:0.0018s ]
INFO: Run Common\Behaviors\AppBeginBehavior [ RunTime:0.042645s ]
INFO: [ app_begin ] --END-- [ RunTime:0.049607s ]
SQL: SHOW COLUMNS FROM `ys_office` [ RunTime:0.0012s ]
SQL: SELECT * FROM `ys_office` ORDER BY sort  [ RunTime:0.0001s ]
INFO: [ app_end ] --START--
INFO: Run Behavior\ShowPageTraceBehavior [ RunTime:0.000860s ]
INFO: [ app_end ] --END-- [ RunTime:0.000949s ]

[ 2017-10-16T09:07:40+08:00 ] 113.79.14.52 /Reception/Vote/get_result.html?id=5&uid=%E5%88%98
INFO: [ app_init ] --START--
INFO: Run Behavior\BuildLiteBehavior [ RunTime:0.000029s ]
INFO: [ app_init ] --END-- [ RunTime:0.006685s ]
INFO: [ app_begin ] --START--
INFO: Run Behavior\ReadHtmlCacheBehavior [ RunTime:0.006703s ]
SQL: SHOW COLUMNS FROM `ys_config` [ RunTime:0.0013s ]
SQL: SELECT * FROM `ys_config` WHERE `id` = 1 LIMIT 1   [ RunTime:0.0047s ]
INFO: Run Common\Behaviors\AppBeginBehavior [ RunTime:0.047341s ]
INFO: [ app_begin ] --END-- [ RunTime:0.054175s ]
SQL: SHOW COLUMNS FROM `ys_vote_quick_result` [ RunTime:0.0008s ]
SQL: SELECT * FROM `ys_vote_quick_result` WHERE `user` = '刘' AND `reid` = 5  [ RunTime:0.0023s ]
INFO: [ app_end ] --START--
INFO: Run Behavior\ShowPageTraceBehavior [ RunTime:0.000935s ]
INFO: [ app_end ] --END-- [ RunTime:0.001020s ]

[ 2017-10-16T09:07:40+08:00 ] 113.79.14.52 /Reception/Vote/get_item.html?pid=T%E5%AD%A3%E7%AC%AC%E4%B8%89%E6%89%B9&uid=1
INFO: [ app_init ] --START--
INFO: Run Behavior\BuildLiteBehavior [ RunTime:0.000028s ]
INFO: [ app_init ] --END-- [ RunTime:0.000596s ]
INFO: [ app_begin ] --START--
INFO: Run Behavior\ReadHtmlCacheBehavior [ RunTime:0.000728s ]
SQL: SHOW COLUMNS FROM `ys_config` [ RunTime:0.0007s ]
SQL: SELECT * FROM `ys_config` WHERE `id` = 1 LIMIT 1   [ RunTime:0.0031s ]
INFO: Run Common\Behaviors\AppBeginBehavior [ RunTime:0.050429s ]
INFO: [ app_begin ] --END-- [ RunTime:0.051286s ]
NOTIC: [2048] Declaration of Common\Model\VoteQuickItemModel::data() should be compatible with Think\Model::data($data = '') /home/wwwroot/yishion/APP/Common/Model/VoteQuickItemModel.class.php 第 14 行.
SQL: SHOW COLUMNS FROM `ys_vote_quick_item` [ RunTime:0.0009s ]
SQL: SELECT * FROM `ys_vote_quick_item` WHERE `pid` = 'T季第三批' AND `uid` = '1'  [ RunTime:0.0001s ]
INFO: [ app_end ] --START--
INFO: Run Behavior\ShowPageTraceBehavior [ RunTime:0.000822s ]
INFO: [ app_end ] --END-- [ RunTime:0.000893s ]

[ 2017-10-16T10:30:21+08:00 ] 14.17.37.145 /Reception/Vote/msg
INFO: [ app_init ] --START--
INFO: Run Behavior\BuildLiteBehavior [ RunTime:0.000044s ]
INFO: [ app_init ] --END-- [ RunTime:0.000725s ]
INFO: [ app_begin ] --START--
INFO: Run Behavior\ReadHtmlCacheBehavior [ RunTime:0.000914s ]
SQL: SHOW COLUMNS FROM `ys_config` [ RunTime:0.0020s ]
SQL: SELECT * FROM `ys_config` WHERE `id` = 1 LIMIT 1   [ RunTime:0.0002s ]
INFO: Run Common\Behaviors\AppBeginBehavior [ RunTime:0.021438s ]
INFO: [ app_begin ] --END-- [ RunTime:0.022518s ]

[ 2017-10-16T13:52:22+08:00 ] 14.17.44.173 /Reception/Vote/index/id/5
INFO: [ app_init ] --START--
INFO: Run Behavior\BuildLiteBehavior [ RunTime:0.000030s ]
INFO: [ app_init ] --END-- [ RunTime:0.001031s ]
INFO: [ app_begin ] --START--
INFO: Run Behavior\ReadHtmlCacheBehavior [ RunTime:0.001380s ]
SQL: SHOW COLUMNS FROM `ys_config` [ RunTime:0.0051s ]
SQL: SELECT * FROM `ys_config` WHERE `id` = 1 LIMIT 1   [ RunTime:0.0003s ]
INFO: Run Common\Behaviors\AppBeginBehavior [ RunTime:0.031461s ]
INFO: [ app_begin ] --END-- [ RunTime:0.032971s ]
SQL: SHOW COLUMNS FROM `ys_vote_quick_title` [ RunTime:0.0041s ]
SQL: SELECT * FROM `ys_vote_quick_title` WHERE `id` = 5 LIMIT 1   [ RunTime:0.0005s ]
INFO: [ view_parse ] --START--
INFO: [ template_filter ] --START--
INFO: Run Behavior\ContentReplaceBehavior [ RunTime:0.000284s ]
INFO: [ template_filter ] --END-- [ RunTime:0.000386s ]
INFO: Run Behavior\ParseTemplateBehavior [ RunTime:0.017493s ]
INFO: [ view_parse ] --END-- [ RunTime:0.017577s ]
INFO: [ view_filter ] --START--
INFO: Run Behavior\WriteHtmlCacheBehavior [ RunTime:0.000788s ]
INFO: Run Behavior\TokenBuildBehavior [ RunTime:0.000949s ]
INFO: [ view_filter ] --END-- [ RunTime:0.001825s ]
INFO: [ app_end ] --START--
INFO: Run Behavior\ShowPageTraceBehavior [ RunTime:0.001046s ]
INFO: [ app_end ] --END-- [ RunTime:0.001105s ]

[ 2017-10-16T13:52:26+08:00 ] 14.17.44.173 /Reception/Vote/get_office.html
INFO: [ app_init ] --START--
INFO: Run Behavior\BuildLiteBehavior [ RunTime:0.000019s ]
INFO: [ app_init ] --END-- [ RunTime:0.000596s ]
INFO: [ app_begin ] --START--
INFO: Run Behavior\ReadHtmlCacheBehavior [ RunTime:0.000624s ]
SQL: SHOW COLUMNS FROM `ys_config` [ RunTime:0.0028s ]
SQL: SELECT * FROM `ys_config` WHERE `id` = 1 LIMIT 1   [ RunTime:0.0006s ]
INFO: Run Common\Behaviors\AppBeginBehavior [ RunTime:0.034879s ]
INFO: [ app_begin ] --END-- [ RunTime:0.035584s ]
SQL: SHOW COLUMNS FROM `ys_office` [ RunTime:0.0020s ]
SQL: SELECT * FROM `ys_office` ORDER BY sort  [ RunTime:0.0032s ]
INFO: [ app_end ] --START--
INFO: Run Behavior\ShowPageTraceBehavior [ RunTime:0.001462s ]
INFO: [ app_end ] --END-- [ RunTime:0.001575s ]

[ 2017-10-16T13:52:27+08:00 ] 14.17.44.173 /Reception/Vote/get_item.html?pid=T%E5%AD%A3%E7%AC%AC%E4%B8%89%E6%89%B9&uid=1
INFO: [ app_init ] --START--
INFO: Run Behavior\BuildLiteBehavior [ RunTime:0.000398s ]
INFO: [ app_init ] --END-- [ RunTime:0.001156s ]
INFO: [ app_begin ] --START--
INFO: Run Behavior\ReadHtmlCacheBehavior [ RunTime:0.000841s ]
SQL: SHOW COLUMNS FROM `ys_config` [ RunTime:0.0020s ]
SQL: SELECT * FROM `ys_config` WHERE `id` = 1 LIMIT 1   [ RunTime:0.0005s ]
INFO: Run Common\Behaviors\AppBeginBehavior [ RunTime:0.026761s ]
INFO: [ app_begin ] --END-- [ RunTime:0.027727s ]
NOTIC: [2048] Declaration of Common\Model\VoteQuickItemModel::data() should be compatible with Think\Model::data($data = '') /home/wwwroot/yishion/APP/Common/Model/VoteQuickItemModel.class.php 第 14 行.
SQL: SHOW COLUMNS FROM `ys_vote_quick_item` [ RunTime:0.0015s ]
SQL: SELECT * FROM `ys_vote_quick_item` WHERE `pid` = 'T季第三批' AND `uid` = '1'  [ RunTime:0.0003s ]
INFO: [ app_end ] --START--
INFO: Run Behavior\ShowPageTraceBehavior [ RunTime:0.000867s ]
INFO: [ app_end ] --END-- [ RunTime:0.000953s ]

