[ 2017-09-14T15:48:35+08:00 ] 119.144.152.184 /Module/Shopin/store.html
INFO: [ app_init ] --START--
INFO: Run Behavior\BuildLiteBehavior [ RunTime:0.000020s ]
INFO: [ app_init ] --END-- [ RunTime:0.000901s ]
INFO: [ app_begin ] --START--
INFO: Run Behavior\ReadHtmlCacheBehavior [ RunTime:0.011068s ]
SQL: SHOW COLUMNS FROM `ys_config` [ RunTime:0.0048s ]
SQL: SELECT * FROM `ys_config` WHERE `id` = 1 LIMIT 1   [ RunTime:0.0002s ]
INFO: Run Common\Behaviors\AppBeginBehavior [ RunTime:0.108839s ]
INFO: [ app_begin ] --END-- [ RunTime:0.120085s ]
NOTIC: [2048] Declaration of Module\Controller\ShopinController::store() should be compatible with Common\Controller\BaseController::store(Common\Controller\Model $model, $data, Closure $callback = NULL) /home/wwwroot/yishion/APP/Module/Controller/ShopinController.class.php 第 14 行.
SQL: SHOW COLUMNS FROM `ys_nav` [ RunTime:0.0020s ]
SQL: SELECT * FROM `ys_nav` ORDER BY order_number is null,order_number,id  [ RunTime:0.0004s ]
SQL: SHOW COLUMNS FROM `ys_store` [ RunTime:0.0025s ]
SQL: SELECT DISTINCT  `larea` FROM `ys_store`  [ RunTime:0.0011s ]
INFO: [ view_parse ] --START--
INFO: [ template_filter ] --START--
INFO: Run Behavior\ContentReplaceBehavior [ RunTime:0.000092s ]
INFO: [ template_filter ] --END-- [ RunTime:0.000248s ]
INFO: Run Behavior\ParseTemplateBehavior [ RunTime:0.037353s ]
INFO: [ view_parse ] --END-- [ RunTime:0.037688s ]
INFO: [ view_filter ] --START--
INFO: Run Behavior\WriteHtmlCacheBehavior [ RunTime:0.000755s ]
INFO: Run Behavior\TokenBuildBehavior [ RunTime:0.002215s ]
INFO: [ view_filter ] --END-- [ RunTime:0.003299s ]
INFO: [ app_end ] --START--
INFO: Run Behavior\ShowPageTraceBehavior [ RunTime:0.001238s ]
INFO: [ app_end ] --END-- [ RunTime:0.001553s ]

[ 2017-09-14T15:48:36+08:00 ] 119.144.152.184 /Module/Shopin/get_store.html
INFO: [ app_init ] --START--
INFO: Run Behavior\BuildLiteBehavior [ RunTime:0.000031s ]
INFO: [ app_init ] --END-- [ RunTime:0.001048s ]
INFO: [ app_begin ] --START--
INFO: Run Behavior\ReadHtmlCacheBehavior [ RunTime:0.001253s ]
SQL: SHOW COLUMNS FROM `ys_config` [ RunTime:0.0055s ]
SQL: SELECT * FROM `ys_config` WHERE `id` = 1 LIMIT 1   [ RunTime:0.0001s ]
INFO: Run Common\Behaviors\AppBeginBehavior [ RunTime:0.068534s ]
INFO: [ app_begin ] --END-- [ RunTime:0.070693s ]
NOTIC: [2048] Declaration of Module\Controller\ShopinController::store() should be compatible with Common\Controller\BaseController::store(Common\Controller\Model $model, $data, Closure $callback = NULL) /home/wwwroot/yishion/APP/Module/Controller/ShopinController.class.php 第 14 行.
SQL: SHOW COLUMNS FROM `ys_nav` [ RunTime:0.0010s ]
SQL: SELECT * FROM `ys_nav` ORDER BY order_number is null,order_number,id  [ RunTime:0.0001s ]
SQL: SHOW COLUMNS FROM `ys_store` [ RunTime:0.0007s ]
NOTIC: [8] Undefined variable: data /home/wwwroot/yishion/APP/Module/Controller/ShopinController.class.php 第 60 行.
SQL: SELECT * FROM `ys_store`  [ RunTime:0.0001s ]
INFO: [ app_end ] --START--
INFO: Run Behavior\ShowPageTraceBehavior [ RunTime:0.001010s ]
INFO: [ app_end ] --END-- [ RunTime:0.001097s ]

[ 2017-09-14T15:51:31+08:00 ] 119.144.152.184 /Module/Shopin/get_sarea.html?topL=%E5%B9%BF%E4%B8%9C%E5%8A%9E%E4%BA%8B%E5%A4%84
INFO: [ app_init ] --START--
INFO: Run Behavior\BuildLiteBehavior [ RunTime:0.000028s ]
INFO: [ app_init ] --END-- [ RunTime:0.000678s ]
INFO: [ app_begin ] --START--
INFO: Run Behavior\ReadHtmlCacheBehavior [ RunTime:0.000890s ]
SQL: SHOW COLUMNS FROM `ys_config` [ RunTime:0.0081s ]
SQL: SELECT * FROM `ys_config` WHERE `id` = 1 LIMIT 1   [ RunTime:0.0005s ]
INFO: Run Common\Behaviors\AppBeginBehavior [ RunTime:0.045100s ]
INFO: [ app_begin ] --END-- [ RunTime:0.046158s ]
NOTIC: [2048] Declaration of Module\Controller\ShopinController::store() should be compatible with Common\Controller\BaseController::store(Common\Controller\Model $model, $data, Closure $callback = NULL) /home/wwwroot/yishion/APP/Module/Controller/ShopinController.class.php 第 14 行.
SQL: SHOW COLUMNS FROM `ys_nav` [ RunTime:0.0009s ]
SQL: SELECT * FROM `ys_nav` ORDER BY order_number is null,order_number,id  [ RunTime:0.0002s ]
SQL: SHOW COLUMNS FROM `ys_store` [ RunTime:0.0008s ]
SQL: SELECT DISTINCT  `sarea` FROM `ys_store` WHERE `larea` = '广东办事处'  [ RunTime:0.0007s ]
INFO: [ app_end ] --START--
INFO: Run Behavior\ShowPageTraceBehavior [ RunTime:0.001053s ]
INFO: [ app_end ] --END-- [ RunTime:0.001121s ]

[ 2017-09-14T15:51:34+08:00 ] 119.144.152.184 /Module/Shopin/get_store.html?topL=%E5%B9%BF%E4%B8%9C%E5%8A%9E%E4%BA%8B%E5%A4%84&topS=%E6%B5%B7%E5%8D%97%E7%9C%81
INFO: [ app_init ] --START--
INFO: Run Behavior\BuildLiteBehavior [ RunTime:0.000071s ]
INFO: [ app_init ] --END-- [ RunTime:0.000733s ]
INFO: [ app_begin ] --START--
INFO: Run Behavior\ReadHtmlCacheBehavior [ RunTime:0.000833s ]
SQL: SHOW COLUMNS FROM `ys_config` [ RunTime:0.0089s ]
SQL: SELECT * FROM `ys_config` WHERE `id` = 1 LIMIT 1   [ RunTime:0.0001s ]
INFO: Run Common\Behaviors\AppBeginBehavior [ RunTime:0.113362s ]
INFO: [ app_begin ] --END-- [ RunTime:0.114939s ]
NOTIC: [2048] Declaration of Module\Controller\ShopinController::store() should be compatible with Common\Controller\BaseController::store(Common\Controller\Model $model, $data, Closure $callback = NULL) /home/wwwroot/yishion/APP/Module/Controller/ShopinController.class.php 第 14 行.
SQL: SHOW COLUMNS FROM `ys_nav` [ RunTime:0.0011s ]
SQL: SELECT * FROM `ys_nav` ORDER BY order_number is null,order_number,id  [ RunTime:0.0001s ]
SQL: SHOW COLUMNS FROM `ys_store` [ RunTime:0.0008s ]
SQL: SELECT * FROM `ys_store` WHERE `larea` = '广东办事处' AND `sarea` = '海南省'  [ RunTime:0.0018s ]
INFO: [ app_end ] --START--
INFO: Run Behavior\ShowPageTraceBehavior [ RunTime:0.003278s ]
INFO: [ app_end ] --END-- [ RunTime:0.003701s ]

[ 2017-09-14T15:56:44+08:00 ] 119.144.152.184 /Module/Shopin/store.html
INFO: [ app_init ] --START--
INFO: Run Behavior\BuildLiteBehavior [ RunTime:0.000019s ]
INFO: [ app_init ] --END-- [ RunTime:0.000448s ]
INFO: [ app_begin ] --START--
INFO: Run Behavior\ReadHtmlCacheBehavior [ RunTime:0.000581s ]
SQL: SHOW COLUMNS FROM `ys_config` [ RunTime:0.0014s ]
SQL: SELECT * FROM `ys_config` WHERE `id` = 1 LIMIT 1   [ RunTime:0.0001s ]
INFO: Run Common\Behaviors\AppBeginBehavior [ RunTime:0.084935s ]
INFO: [ app_begin ] --END-- [ RunTime:0.085705s ]
NOTIC: [2048] Declaration of Module\Controller\ShopinController::store() should be compatible with Common\Controller\BaseController::store(Common\Controller\Model $model, $data, Closure $callback = NULL) /home/wwwroot/yishion/APP/Module/Controller/ShopinController.class.php 第 14 行.
SQL: SHOW COLUMNS FROM `ys_nav` [ RunTime:0.0008s ]
SQL: SELECT * FROM `ys_nav` ORDER BY order_number is null,order_number,id  [ RunTime:0.0001s ]
SQL: SHOW COLUMNS FROM `ys_store` [ RunTime:0.0005s ]
NOTIC: [8] Undefined index: validate /home/wwwroot/yishion/ThinkPHP/Library/Think/Model.class.php 第 1185 行.
NOTIC: [8] Undefined index: auto /home/wwwroot/yishion/ThinkPHP/Library/Think/Model.class.php 第 1128 行.
SQL: INSERT INTO `ys_store` (`name`,`larea`,`sarea`,`address`) VALUES ('以纯东都步步高休闲-Y73149','湖南办事处','童装部','郴州市汝城县卢阳步行街28号') [ RunTime:0.0198s ]
INFO: [ view_parse ] --START--
INFO: [ template_filter ] --START--
INFO: Run Behavior\ContentReplaceBehavior [ RunTime:0.000553s ]
INFO: [ template_filter ] --END-- [ RunTime:0.000691s ]
INFO: Run Behavior\ParseTemplateBehavior [ RunTime:0.011478s ]
INFO: [ view_parse ] --END-- [ RunTime:0.011580s ]
INFO: [ view_filter ] --START--
INFO: Run Behavior\WriteHtmlCacheBehavior [ RunTime:0.000285s ]
INFO: Run Behavior\TokenBuildBehavior [ RunTime:0.000833s ]
INFO: [ view_filter ] --END-- [ RunTime:0.001217s ]
INFO: [ app_end ] --START--
INFO: Run Behavior\ShowPageTraceBehavior [ RunTime:0.002338s ]
INFO: [ app_end ] --END-- [ RunTime:0.002425s ]

[ 2017-09-14T15:56:45+08:00 ] 119.144.152.184 /Module/Shopin/store.html
INFO: [ app_init ] --START--
INFO: Run Behavior\BuildLiteBehavior [ RunTime:0.000020s ]
INFO: [ app_init ] --END-- [ RunTime:0.001168s ]
INFO: [ app_begin ] --START--
INFO: Run Behavior\ReadHtmlCacheBehavior [ RunTime:0.001589s ]
SQL: SHOW COLUMNS FROM `ys_config` [ RunTime:0.0010s ]
SQL: SELECT * FROM `ys_config` WHERE `id` = 1 LIMIT 1   [ RunTime:0.0004s ]
INFO: Run Common\Behaviors\AppBeginBehavior [ RunTime:0.081011s ]
INFO: [ app_begin ] --END-- [ RunTime:0.082799s ]
NOTIC: [2048] Declaration of Module\Controller\ShopinController::store() should be compatible with Common\Controller\BaseController::store(Common\Controller\Model $model, $data, Closure $callback = NULL) /home/wwwroot/yishion/APP/Module/Controller/ShopinController.class.php 第 14 行.
SQL: SHOW COLUMNS FROM `ys_nav` [ RunTime:0.0015s ]
SQL: SELECT * FROM `ys_nav` ORDER BY order_number is null,order_number,id  [ RunTime:0.0001s ]
SQL: SHOW COLUMNS FROM `ys_store` [ RunTime:0.0011s ]
SQL: SELECT DISTINCT  `larea` FROM `ys_store`  [ RunTime:0.0040s ]
INFO: [ view_parse ] --START--
INFO: [ template_filter ] --START--
INFO: Run Behavior\ContentReplaceBehavior [ RunTime:0.000101s ]
INFO: [ template_filter ] --END-- [ RunTime:0.000183s ]
INFO: Run Behavior\ParseTemplateBehavior [ RunTime:0.031474s ]
INFO: [ view_parse ] --END-- [ RunTime:0.031783s ]
INFO: [ view_filter ] --START--
INFO: Run Behavior\WriteHtmlCacheBehavior [ RunTime:0.000724s ]
INFO: Run Behavior\TokenBuildBehavior [ RunTime:0.001428s ]
INFO: [ view_filter ] --END-- [ RunTime:0.002252s ]
INFO: [ app_end ] --START--
INFO: Run Behavior\ShowPageTraceBehavior [ RunTime:0.002370s ]
INFO: [ app_end ] --END-- [ RunTime:0.002536s ]

[ 2017-09-14T15:56:46+08:00 ] 119.144.152.184 /Module/Shopin/get_store.html
INFO: [ app_init ] --START--
INFO: Run Behavior\BuildLiteBehavior [ RunTime:0.000026s ]
INFO: [ app_init ] --END-- [ RunTime:0.000579s ]
INFO: [ app_begin ] --START--
INFO: Run Behavior\ReadHtmlCacheBehavior [ RunTime:0.000710s ]
SQL: SHOW COLUMNS FROM `ys_config` [ RunTime:0.0007s ]
SQL: SELECT * FROM `ys_config` WHERE `id` = 1 LIMIT 1   [ RunTime:0.0001s ]
INFO: Run Common\Behaviors\AppBeginBehavior [ RunTime:0.026573s ]
INFO: [ app_begin ] --END-- [ RunTime:0.027502s ]
NOTIC: [2048] Declaration of Module\Controller\ShopinController::store() should be compatible with Common\Controller\BaseController::store(Common\Controller\Model $model, $data, Closure $callback = NULL) /home/wwwroot/yishion/APP/Module/Controller/ShopinController.class.php 第 14 行.
SQL: SHOW COLUMNS FROM `ys_nav` [ RunTime:0.0009s ]
SQL: SELECT * FROM `ys_nav` ORDER BY order_number is null,order_number,id  [ RunTime:0.0001s ]
SQL: SHOW COLUMNS FROM `ys_store` [ RunTime:0.0010s ]
NOTIC: [8] Undefined variable: data /home/wwwroot/yishion/APP/Module/Controller/ShopinController.class.php 第 60 行.
SQL: SELECT * FROM `ys_store`  [ RunTime:0.0010s ]
INFO: [ app_end ] --START--
INFO: Run Behavior\ShowPageTraceBehavior [ RunTime:0.002275s ]
INFO: [ app_end ] --END-- [ RunTime:0.002404s ]

[ 2017-09-14T16:23:10+08:00 ] 119.144.152.184 /Module/Shopin/store.html
INFO: [ app_init ] --START--
INFO: Run Behavior\BuildLiteBehavior [ RunTime:0.000026s ]
INFO: [ app_init ] --END-- [ RunTime:0.000657s ]
INFO: [ app_begin ] --START--
INFO: Run Behavior\ReadHtmlCacheBehavior [ RunTime:0.000830s ]
SQL: SHOW COLUMNS FROM `ys_config` [ RunTime:0.0040s ]
SQL: SELECT * FROM `ys_config` WHERE `id` = 1 LIMIT 1   [ RunTime:0.0002s ]
INFO: Run Common\Behaviors\AppBeginBehavior [ RunTime:0.035637s ]
INFO: [ app_begin ] --END-- [ RunTime:0.036644s ]
NOTIC: [2048] Declaration of Module\Controller\ShopinController::store() should be compatible with Common\Controller\BaseController::store(Common\Controller\Model $model, $data, Closure $callback = NULL) /home/wwwroot/yishion/APP/Module/Controller/ShopinController.class.php 第 14 行.
SQL: SHOW COLUMNS FROM `ys_nav` [ RunTime:0.0008s ]
SQL: SELECT * FROM `ys_nav` ORDER BY order_number is null,order_number,id  [ RunTime:0.0001s ]
SQL: SHOW COLUMNS FROM `ys_store` [ RunTime:0.0006s ]
SQL: SELECT DISTINCT  `larea` FROM `ys_store`  [ RunTime:0.0001s ]
INFO: [ view_parse ] --START--
INFO: [ template_filter ] --START--
INFO: Run Behavior\ContentReplaceBehavior [ RunTime:0.000104s ]
INFO: [ template_filter ] --END-- [ RunTime:0.000225s ]
INFO: Run Behavior\ParseTemplateBehavior [ RunTime:0.019308s ]
INFO: [ view_parse ] --END-- [ RunTime:0.019385s ]
INFO: [ view_filter ] --START--
INFO: Run Behavior\WriteHtmlCacheBehavior [ RunTime:0.000984s ]
INFO: Run Behavior\TokenBuildBehavior [ RunTime:0.002099s ]
INFO: [ view_filter ] --END-- [ RunTime:0.003208s ]
INFO: [ app_end ] --START--
INFO: Run Behavior\ShowPageTraceBehavior [ RunTime:0.001091s ]
INFO: [ app_end ] --END-- [ RunTime:0.001196s ]

[ 2017-09-14T16:23:11+08:00 ] 119.144.152.184 /Module/Shopin/get_store.html
INFO: [ app_init ] --START--
INFO: Run Behavior\BuildLiteBehavior [ RunTime:0.000022s ]
INFO: [ app_init ] --END-- [ RunTime:0.000622s ]
INFO: [ app_begin ] --START--
INFO: Run Behavior\ReadHtmlCacheBehavior [ RunTime:0.000569s ]
SQL: SHOW COLUMNS FROM `ys_config` [ RunTime:0.0009s ]
SQL: SELECT * FROM `ys_config` WHERE `id` = 1 LIMIT 1   [ RunTime:0.0001s ]
INFO: Run Common\Behaviors\AppBeginBehavior [ RunTime:0.034703s ]
INFO: [ app_begin ] --END-- [ RunTime:0.035446s ]
NOTIC: [2048] Declaration of Module\Controller\ShopinController::store() should be compatible with Common\Controller\BaseController::store(Common\Controller\Model $model, $data, Closure $callback = NULL) /home/wwwroot/yishion/APP/Module/Controller/ShopinController.class.php 第 14 行.
SQL: SHOW COLUMNS FROM `ys_nav` [ RunTime:0.0010s ]
SQL: SELECT * FROM `ys_nav` ORDER BY order_number is null,order_number,id  [ RunTime:0.0002s ]
SQL: SHOW COLUMNS FROM `ys_store` [ RunTime:0.0008s ]
NOTIC: [8] Undefined variable: data /home/wwwroot/yishion/APP/Module/Controller/ShopinController.class.php 第 60 行.
SQL: SELECT * FROM `ys_store`  [ RunTime:0.0001s ]
INFO: [ app_end ] --START--
INFO: Run Behavior\ShowPageTraceBehavior [ RunTime:0.000887s ]
INFO: [ app_end ] --END-- [ RunTime:0.000965s ]

[ 2017-09-14T16:23:15+08:00 ] 119.144.152.184 /Module/Shopin/store.html
INFO: [ app_init ] --START--
INFO: Run Behavior\BuildLiteBehavior [ RunTime:0.000018s ]
INFO: [ app_init ] --END-- [ RunTime:0.000453s ]
INFO: [ app_begin ] --START--
INFO: Run Behavior\ReadHtmlCacheBehavior [ RunTime:0.000818s ]
SQL: SHOW COLUMNS FROM `ys_config` [ RunTime:0.0008s ]
SQL: SELECT * FROM `ys_config` WHERE `id` = 1 LIMIT 1   [ RunTime:0.0001s ]
INFO: Run Common\Behaviors\AppBeginBehavior [ RunTime:0.028455s ]
INFO: [ app_begin ] --END-- [ RunTime:0.029455s ]
NOTIC: [2048] Declaration of Module\Controller\ShopinController::store() should be compatible with Common\Controller\BaseController::store(Common\Controller\Model $model, $data, Closure $callback = NULL) /home/wwwroot/yishion/APP/Module/Controller/ShopinController.class.php 第 14 行.
SQL: SHOW COLUMNS FROM `ys_nav` [ RunTime:0.0009s ]
SQL: SELECT * FROM `ys_nav` ORDER BY order_number is null,order_number,id  [ RunTime:0.0002s ]
SQL: SHOW COLUMNS FROM `ys_store` [ RunTime:0.0012s ]
SQL: SELECT DISTINCT  `larea` FROM `ys_store`  [ RunTime:0.0001s ]
INFO: [ view_parse ] --START--
INFO: [ template_filter ] --START--
INFO: Run Behavior\ContentReplaceBehavior [ RunTime:0.000057s ]
INFO: [ template_filter ] --END-- [ RunTime:0.000148s ]
INFO: Run Behavior\ParseTemplateBehavior [ RunTime:0.010134s ]
INFO: [ view_parse ] --END-- [ RunTime:0.010184s ]
INFO: [ view_filter ] --START--
INFO: Run Behavior\WriteHtmlCacheBehavior [ RunTime:0.000271s ]
INFO: Run Behavior\TokenBuildBehavior [ RunTime:0.000542s ]
INFO: [ view_filter ] --END-- [ RunTime:0.000902s ]
INFO: [ app_end ] --START--
INFO: Run Behavior\ShowPageTraceBehavior [ RunTime:0.000859s ]
INFO: [ app_end ] --END-- [ RunTime:0.000936s ]

[ 2017-09-14T16:23:16+08:00 ] 119.144.152.184 /Module/Shopin/get_store.html
INFO: [ app_init ] --START--
INFO: Run Behavior\BuildLiteBehavior [ RunTime:0.000026s ]
INFO: [ app_init ] --END-- [ RunTime:0.000589s ]
INFO: [ app_begin ] --START--
INFO: Run Behavior\ReadHtmlCacheBehavior [ RunTime:0.000672s ]
SQL: SHOW COLUMNS FROM `ys_config` [ RunTime:0.0018s ]
SQL: SELECT * FROM `ys_config` WHERE `id` = 1 LIMIT 1   [ RunTime:0.0002s ]
INFO: Run Common\Behaviors\AppBeginBehavior [ RunTime:0.033374s ]
INFO: [ app_begin ] --END-- [ RunTime:0.034253s ]
NOTIC: [2048] Declaration of Module\Controller\ShopinController::store() should be compatible with Common\Controller\BaseController::store(Common\Controller\Model $model, $data, Closure $callback = NULL) /home/wwwroot/yishion/APP/Module/Controller/ShopinController.class.php 第 14 行.
SQL: SHOW COLUMNS FROM `ys_nav` [ RunTime:0.0009s ]
SQL: SELECT * FROM `ys_nav` ORDER BY order_number is null,order_number,id  [ RunTime:0.0002s ]
SQL: SHOW COLUMNS FROM `ys_store` [ RunTime:0.0008s ]
NOTIC: [8] Undefined variable: data /home/wwwroot/yishion/APP/Module/Controller/ShopinController.class.php 第 60 行.
SQL: SELECT * FROM `ys_store`  [ RunTime:0.0002s ]
INFO: [ app_end ] --START--
INFO: Run Behavior\ShowPageTraceBehavior [ RunTime:0.001044s ]
INFO: [ app_end ] --END-- [ RunTime:0.001330s ]

[ 2017-09-14T16:23:34+08:00 ] 119.144.152.184 /Module/Shopin/store.html
INFO: [ app_init ] --START--
INFO: Run Behavior\BuildLiteBehavior [ RunTime:0.000034s ]
INFO: [ app_init ] --END-- [ RunTime:0.000712s ]
INFO: [ app_begin ] --START--
INFO: Run Behavior\ReadHtmlCacheBehavior [ RunTime:0.000797s ]
SQL: SHOW COLUMNS FROM `ys_config` [ RunTime:0.0025s ]
SQL: SELECT * FROM `ys_config` WHERE `id` = 1 LIMIT 1   [ RunTime:0.0002s ]
INFO: Run Common\Behaviors\AppBeginBehavior [ RunTime:0.036190s ]
INFO: [ app_begin ] --END-- [ RunTime:0.037161s ]
NOTIC: [2048] Declaration of Module\Controller\ShopinController::store() should be compatible with Common\Controller\BaseController::store(Common\Controller\Model $model, $data, Closure $callback = NULL) /home/wwwroot/yishion/APP/Module/Controller/ShopinController.class.php 第 14 行.
SQL: SHOW COLUMNS FROM `ys_nav` [ RunTime:0.0009s ]
SQL: SELECT * FROM `ys_nav` ORDER BY order_number is null,order_number,id  [ RunTime:0.0002s ]
SQL: SHOW COLUMNS FROM `ys_store` [ RunTime:0.0008s ]
SQL: SELECT DISTINCT  `larea` FROM `ys_store`  [ RunTime:0.0001s ]
INFO: [ view_parse ] --START--
INFO: [ template_filter ] --START--
INFO: Run Behavior\ContentReplaceBehavior [ RunTime:0.000053s ]
INFO: [ template_filter ] --END-- [ RunTime:0.000141s ]
INFO: Run Behavior\ParseTemplateBehavior [ RunTime:0.014878s ]
INFO: [ view_parse ] --END-- [ RunTime:0.014968s ]
INFO: [ view_filter ] --START--
INFO: Run Behavior\WriteHtmlCacheBehavior [ RunTime:0.000649s ]
INFO: Run Behavior\TokenBuildBehavior [ RunTime:0.000818s ]
INFO: [ view_filter ] --END-- [ RunTime:0.001599s ]
INFO: [ app_end ] --START--
INFO: Run Behavior\ShowPageTraceBehavior [ RunTime:0.001069s ]
INFO: [ app_end ] --END-- [ RunTime:0.001143s ]

[ 2017-09-14T16:23:37+08:00 ] 119.144.152.184 /Module/Shopin/store.html
INFO: [ app_init ] --START--
INFO: Run Behavior\BuildLiteBehavior [ RunTime:0.000021s ]
INFO: [ app_init ] --END-- [ RunTime:0.000531s ]
INFO: [ app_begin ] --START--
INFO: Run Behavior\ReadHtmlCacheBehavior [ RunTime:0.000675s ]
SQL: SHOW COLUMNS FROM `ys_config` [ RunTime:0.0009s ]
SQL: SELECT * FROM `ys_config` WHERE `id` = 1 LIMIT 1   [ RunTime:0.0002s ]
INFO: Run Common\Behaviors\AppBeginBehavior [ RunTime:0.031624s ]
INFO: [ app_begin ] --END-- [ RunTime:0.032457s ]
NOTIC: [2048] Declaration of Module\Controller\ShopinController::store() should be compatible with Common\Controller\BaseController::store(Common\Controller\Model $model, $data, Closure $callback = NULL) /home/wwwroot/yishion/APP/Module/Controller/ShopinController.class.php 第 14 行.
SQL: SHOW COLUMNS FROM `ys_nav` [ RunTime:0.0012s ]
SQL: SELECT * FROM `ys_nav` ORDER BY order_number is null,order_number,id  [ RunTime:0.0002s ]
SQL: SHOW COLUMNS FROM `ys_store` [ RunTime:0.0010s ]
SQL: SELECT DISTINCT  `larea` FROM `ys_store`  [ RunTime:0.0001s ]
INFO: [ view_parse ] --START--
INFO: [ template_filter ] --START--
INFO: Run Behavior\ContentReplaceBehavior [ RunTime:0.000081s ]
INFO: [ template_filter ] --END-- [ RunTime:0.000175s ]
INFO: Run Behavior\ParseTemplateBehavior [ RunTime:0.011473s ]
INFO: [ view_parse ] --END-- [ RunTime:0.011536s ]
INFO: [ view_filter ] --START--
INFO: Run Behavior\WriteHtmlCacheBehavior [ RunTime:0.000264s ]
INFO: Run Behavior\TokenBuildBehavior [ RunTime:0.000400s ]
INFO: [ view_filter ] --END-- [ RunTime:0.000735s ]
INFO: [ app_end ] --START--
INFO: Run Behavior\ShowPageTraceBehavior [ RunTime:0.000805s ]
INFO: [ app_end ] --END-- [ RunTime:0.001197s ]

[ 2017-09-14T16:23:38+08:00 ] 119.144.152.184 /Module/Shopin/get_store.html
INFO: [ app_init ] --START--
INFO: Run Behavior\BuildLiteBehavior [ RunTime:0.000018s ]
INFO: [ app_init ] --END-- [ RunTime:0.000452s ]
INFO: [ app_begin ] --START--
INFO: Run Behavior\ReadHtmlCacheBehavior [ RunTime:0.000561s ]
SQL: SHOW COLUMNS FROM `ys_config` [ RunTime:0.0009s ]
SQL: SELECT * FROM `ys_config` WHERE `id` = 1 LIMIT 1   [ RunTime:0.0001s ]
INFO: Run Common\Behaviors\AppBeginBehavior [ RunTime:0.039918s ]
INFO: [ app_begin ] --END-- [ RunTime:0.040609s ]
NOTIC: [2048] Declaration of Module\Controller\ShopinController::store() should be compatible with Common\Controller\BaseController::store(Common\Controller\Model $model, $data, Closure $callback = NULL) /home/wwwroot/yishion/APP/Module/Controller/ShopinController.class.php 第 14 行.
SQL: SHOW COLUMNS FROM `ys_nav` [ RunTime:0.0009s ]
SQL: SELECT * FROM `ys_nav` ORDER BY order_number is null,order_number,id  [ RunTime:0.0002s ]
SQL: SHOW COLUMNS FROM `ys_store` [ RunTime:0.0006s ]
NOTIC: [8] Undefined variable: data /home/wwwroot/yishion/APP/Module/Controller/ShopinController.class.php 第 60 行.
SQL: SELECT * FROM `ys_store`  [ RunTime:0.0002s ]
INFO: [ app_end ] --START--
INFO: Run Behavior\ShowPageTraceBehavior [ RunTime:0.001472s ]
INFO: [ app_end ] --END-- [ RunTime:0.001586s ]

[ 2017-09-14T16:23:49+08:00 ] 119.144.152.184 /Module/Shopin/store.html
INFO: [ app_init ] --START--
INFO: Run Behavior\BuildLiteBehavior [ RunTime:0.000036s ]
INFO: [ app_init ] --END-- [ RunTime:0.000507s ]
INFO: [ app_begin ] --START--
INFO: Run Behavior\ReadHtmlCacheBehavior [ RunTime:0.000616s ]
SQL: SHOW COLUMNS FROM `ys_config` [ RunTime:0.0009s ]
SQL: SELECT * FROM `ys_config` WHERE `id` = 1 LIMIT 1   [ RunTime:0.0002s ]
INFO: Run Common\Behaviors\AppBeginBehavior [ RunTime:0.041663s ]
INFO: [ app_begin ] --END-- [ RunTime:0.042464s ]
NOTIC: [2048] Declaration of Module\Controller\ShopinController::store() should be compatible with Common\Controller\BaseController::store(Common\Controller\Model $model, $data, Closure $callback = NULL) /home/wwwroot/yishion/APP/Module/Controller/ShopinController.class.php 第 14 行.
SQL: SHOW COLUMNS FROM `ys_nav` [ RunTime:0.0019s ]
SQL: SELECT * FROM `ys_nav` ORDER BY order_number is null,order_number,id  [ RunTime:0.0002s ]
SQL: SHOW COLUMNS FROM `ys_store` [ RunTime:0.0012s ]
SQL: SELECT DISTINCT  `larea` FROM `ys_store`  [ RunTime:0.0002s ]
INFO: [ view_parse ] --START--
INFO: [ template_filter ] --START--
INFO: Run Behavior\ContentReplaceBehavior [ RunTime:0.000067s ]
INFO: [ template_filter ] --END-- [ RunTime:0.000168s ]
INFO: Run Behavior\ParseTemplateBehavior [ RunTime:0.022031s ]
INFO: [ view_parse ] --END-- [ RunTime:0.022141s ]
INFO: [ view_filter ] --START--
INFO: Run Behavior\WriteHtmlCacheBehavior [ RunTime:0.000300s ]
INFO: Run Behavior\TokenBuildBehavior [ RunTime:0.000437s ]
INFO: [ view_filter ] --END-- [ RunTime:0.000826s ]
INFO: [ app_end ] --START--
INFO: Run Behavior\ShowPageTraceBehavior [ RunTime:0.002526s ]
INFO: [ app_end ] --END-- [ RunTime:0.002850s ]

[ 2017-09-14T16:23:50+08:00 ] 119.144.152.184 /Module/Shopin/get_store.html
INFO: [ app_init ] --START--
INFO: Run Behavior\BuildLiteBehavior [ RunTime:0.000019s ]
INFO: [ app_init ] --END-- [ RunTime:0.000420s ]
INFO: [ app_begin ] --START--
INFO: Run Behavior\ReadHtmlCacheBehavior [ RunTime:0.000464s ]
SQL: SHOW COLUMNS FROM `ys_config` [ RunTime:0.0007s ]
SQL: SELECT * FROM `ys_config` WHERE `id` = 1 LIMIT 1   [ RunTime:0.0001s ]
INFO: Run Common\Behaviors\AppBeginBehavior [ RunTime:0.024726s ]
INFO: [ app_begin ] --END-- [ RunTime:0.025302s ]
NOTIC: [2048] Declaration of Module\Controller\ShopinController::store() should be compatible with Common\Controller\BaseController::store(Common\Controller\Model $model, $data, Closure $callback = NULL) /home/wwwroot/yishion/APP/Module/Controller/ShopinController.class.php 第 14 行.
SQL: SHOW COLUMNS FROM `ys_nav` [ RunTime:0.0008s ]
SQL: SELECT * FROM `ys_nav` ORDER BY order_number is null,order_number,id  [ RunTime:0.0001s ]
SQL: SHOW COLUMNS FROM `ys_store` [ RunTime:0.0007s ]
NOTIC: [8] Undefined variable: data /home/wwwroot/yishion/APP/Module/Controller/ShopinController.class.php 第 60 行.
SQL: SELECT * FROM `ys_store`  [ RunTime:0.0002s ]
INFO: [ app_end ] --START--
INFO: Run Behavior\ShowPageTraceBehavior [ RunTime:0.000817s ]
INFO: [ app_end ] --END-- [ RunTime:0.000901s ]

[ 2017-09-14T16:24:11+08:00 ] 119.144.152.184 /Module/Shopin/store.html
INFO: [ app_init ] --START--
INFO: Run Behavior\BuildLiteBehavior [ RunTime:0.000019s ]
INFO: [ app_init ] --END-- [ RunTime:0.000426s ]
INFO: [ app_begin ] --START--
INFO: Run Behavior\ReadHtmlCacheBehavior [ RunTime:0.000522s ]
SQL: SHOW COLUMNS FROM `ys_config` [ RunTime:0.0012s ]
SQL: SELECT * FROM `ys_config` WHERE `id` = 1 LIMIT 1   [ RunTime:0.0001s ]
INFO: Run Common\Behaviors\AppBeginBehavior [ RunTime:0.027198s ]
INFO: [ app_begin ] --END-- [ RunTime:0.027844s ]
NOTIC: [2048] Declaration of Module\Controller\ShopinController::store() should be compatible with Common\Controller\BaseController::store(Common\Controller\Model $model, $data, Closure $callback = NULL) /home/wwwroot/yishion/APP/Module/Controller/ShopinController.class.php 第 14 行.
SQL: SHOW COLUMNS FROM `ys_nav` [ RunTime:0.0008s ]
SQL: SELECT * FROM `ys_nav` ORDER BY order_number is null,order_number,id  [ RunTime:0.0001s ]
SQL: SHOW COLUMNS FROM `ys_store` [ RunTime:0.0005s ]
SQL: SELECT DISTINCT  `larea` FROM `ys_store`  [ RunTime:0.0001s ]
INFO: [ view_parse ] --START--
INFO: [ template_filter ] --START--
INFO: Run Behavior\ContentReplaceBehavior [ RunTime:0.000092s ]
INFO: [ template_filter ] --END-- [ RunTime:0.000197s ]
INFO: Run Behavior\ParseTemplateBehavior [ RunTime:0.010268s ]
INFO: [ view_parse ] --END-- [ RunTime:0.010343s ]
INFO: [ view_filter ] --START--
INFO: Run Behavior\WriteHtmlCacheBehavior [ RunTime:0.000377s ]
INFO: Run Behavior\TokenBuildBehavior [ RunTime:0.000444s ]
INFO: [ view_filter ] --END-- [ RunTime:0.000911s ]
INFO: [ app_end ] --START--
INFO: Run Behavior\ShowPageTraceBehavior [ RunTime:0.001575s ]
INFO: [ app_end ] --END-- [ RunTime:0.001896s ]

[ 2017-09-14T16:24:12+08:00 ] 119.144.152.184 /Module/Shopin/get_store.html
INFO: [ app_init ] --START--
INFO: Run Behavior\BuildLiteBehavior [ RunTime:0.000019s ]
INFO: [ app_init ] --END-- [ RunTime:0.000544s ]
INFO: [ app_begin ] --START--
INFO: Run Behavior\ReadHtmlCacheBehavior [ RunTime:0.000593s ]
SQL: SHOW COLUMNS FROM `ys_config` [ RunTime:0.0008s ]
SQL: SELECT * FROM `ys_config` WHERE `id` = 1 LIMIT 1   [ RunTime:0.0001s ]
INFO: Run Common\Behaviors\AppBeginBehavior [ RunTime:0.026081s ]
INFO: [ app_begin ] --END-- [ RunTime:0.026805s ]
NOTIC: [2048] Declaration of Module\Controller\ShopinController::store() should be compatible with Common\Controller\BaseController::store(Common\Controller\Model $model, $data, Closure $callback = NULL) /home/wwwroot/yishion/APP/Module/Controller/ShopinController.class.php 第 14 行.
SQL: SHOW COLUMNS FROM `ys_nav` [ RunTime:0.0009s ]
SQL: SELECT * FROM `ys_nav` ORDER BY order_number is null,order_number,id  [ RunTime:0.0001s ]
SQL: SHOW COLUMNS FROM `ys_store` [ RunTime:0.0009s ]
NOTIC: [8] Undefined variable: data /home/wwwroot/yishion/APP/Module/Controller/ShopinController.class.php 第 60 行.
SQL: SELECT * FROM `ys_store`  [ RunTime:0.0002s ]
INFO: [ app_end ] --START--
INFO: Run Behavior\ShowPageTraceBehavior [ RunTime:0.000623s ]
INFO: [ app_end ] --END-- [ RunTime:0.000734s ]

[ 2017-09-14T16:24:42+08:00 ] 119.144.152.184 /Module/Shopin/store.html
INFO: [ app_init ] --START--
INFO: Run Behavior\BuildLiteBehavior [ RunTime:0.000018s ]
INFO: [ app_init ] --END-- [ RunTime:0.000415s ]
INFO: [ app_begin ] --START--
INFO: Run Behavior\ReadHtmlCacheBehavior [ RunTime:0.000510s ]
SQL: SHOW COLUMNS FROM `ys_config` [ RunTime:0.0011s ]
SQL: SELECT * FROM `ys_config` WHERE `id` = 1 LIMIT 1   [ RunTime:0.0001s ]
INFO: Run Common\Behaviors\AppBeginBehavior [ RunTime:0.026281s ]
INFO: [ app_begin ] --END-- [ RunTime:0.026954s ]
NOTIC: [2048] Declaration of Module\Controller\ShopinController::store() should be compatible with Common\Controller\BaseController::store(Common\Controller\Model $model, $data, Closure $callback = NULL) /home/wwwroot/yishion/APP/Module/Controller/ShopinController.class.php 第 14 行.
SQL: SHOW COLUMNS FROM `ys_nav` [ RunTime:0.0009s ]
SQL: SELECT * FROM `ys_nav` ORDER BY order_number is null,order_number,id  [ RunTime:0.0001s ]
SQL: SHOW COLUMNS FROM `ys_store` [ RunTime:0.0009s ]
SQL: SELECT DISTINCT  `larea` FROM `ys_store`  [ RunTime:0.0002s ]
INFO: [ view_parse ] --START--
INFO: [ template_filter ] --START--
INFO: Run Behavior\ContentReplaceBehavior [ RunTime:0.000065s ]
INFO: [ template_filter ] --END-- [ RunTime:0.000186s ]
INFO: Run Behavior\ParseTemplateBehavior [ RunTime:0.073622s ]
INFO: [ view_parse ] --END-- [ RunTime:0.073742s ]
INFO: [ view_filter ] --START--
INFO: Run Behavior\WriteHtmlCacheBehavior [ RunTime:0.000448s ]
INFO: Run Behavior\TokenBuildBehavior [ RunTime:0.000692s ]
INFO: [ view_filter ] --END-- [ RunTime:0.001261s ]
INFO: [ app_end ] --START--
INFO: Run Behavior\ShowPageTraceBehavior [ RunTime:0.000929s ]
INFO: [ app_end ] --END-- [ RunTime:0.001111s ]

[ 2017-09-14T16:24:42+08:00 ] 119.144.152.184 /Module/Shopin/get_store.html
INFO: [ app_init ] --START--
INFO: Run Behavior\BuildLiteBehavior [ RunTime:0.000024s ]
INFO: [ app_init ] --END-- [ RunTime:0.000566s ]
INFO: [ app_begin ] --START--
INFO: Run Behavior\ReadHtmlCacheBehavior [ RunTime:0.000725s ]
SQL: SHOW COLUMNS FROM `ys_config` [ RunTime:0.0009s ]
SQL: SELECT * FROM `ys_config` WHERE `id` = 1 LIMIT 1   [ RunTime:0.0001s ]
INFO: Run Common\Behaviors\AppBeginBehavior [ RunTime:0.029679s ]
INFO: [ app_begin ] --END-- [ RunTime:0.030537s ]
NOTIC: [2048] Declaration of Module\Controller\ShopinController::store() should be compatible with Common\Controller\BaseController::store(Common\Controller\Model $model, $data, Closure $callback = NULL) /home/wwwroot/yishion/APP/Module/Controller/ShopinController.class.php 第 14 行.
SQL: SHOW COLUMNS FROM `ys_nav` [ RunTime:0.0007s ]
SQL: SELECT * FROM `ys_nav` ORDER BY order_number is null,order_number,id  [ RunTime:0.0001s ]
SQL: SHOW COLUMNS FROM `ys_store` [ RunTime:0.0005s ]
NOTIC: [8] Undefined variable: data /home/wwwroot/yishion/APP/Module/Controller/ShopinController.class.php 第 60 行.
SQL: SELECT * FROM `ys_store`  [ RunTime:0.0001s ]
INFO: [ app_end ] --START--
INFO: Run Behavior\ShowPageTraceBehavior [ RunTime:0.000576s ]
INFO: [ app_end ] --END-- [ RunTime:0.000629s ]

[ 2017-09-14T16:24:45+08:00 ] 119.144.152.184 /Module/Shopin/store.html
INFO: [ app_init ] --START--
INFO: Run Behavior\BuildLiteBehavior [ RunTime:0.000021s ]
INFO: [ app_init ] --END-- [ RunTime:0.000511s ]
INFO: [ app_begin ] --START--
INFO: Run Behavior\ReadHtmlCacheBehavior [ RunTime:0.000955s ]
SQL: SHOW COLUMNS FROM `ys_config` [ RunTime:0.0007s ]
SQL: SELECT * FROM `ys_config` WHERE `id` = 1 LIMIT 1   [ RunTime:0.0001s ]
INFO: Run Common\Behaviors\AppBeginBehavior [ RunTime:0.025909s ]
INFO: [ app_begin ] --END-- [ RunTime:0.027057s ]
NOTIC: [2048] Declaration of Module\Controller\ShopinController::store() should be compatible with Common\Controller\BaseController::store(Common\Controller\Model $model, $data, Closure $callback = NULL) /home/wwwroot/yishion/APP/Module/Controller/ShopinController.class.php 第 14 行.
SQL: SHOW COLUMNS FROM `ys_nav` [ RunTime:0.0007s ]
SQL: SELECT * FROM `ys_nav` ORDER BY order_number is null,order_number,id  [ RunTime:0.0002s ]
SQL: SHOW COLUMNS FROM `ys_store` [ RunTime:0.0007s ]
SQL: SELECT DISTINCT  `larea` FROM `ys_store`  [ RunTime:0.0001s ]
INFO: [ view_parse ] --START--
INFO: [ template_filter ] --START--
INFO: Run Behavior\ContentReplaceBehavior [ RunTime:0.000057s ]
INFO: [ template_filter ] --END-- [ RunTime:0.000140s ]
INFO: Run Behavior\ParseTemplateBehavior [ RunTime:0.009564s ]
INFO: [ view_parse ] --END-- [ RunTime:0.009611s ]
INFO: [ view_filter ] --START--
INFO: Run Behavior\WriteHtmlCacheBehavior [ RunTime:0.000263s ]
INFO: Run Behavior\TokenBuildBehavior [ RunTime:0.000398s ]
INFO: [ view_filter ] --END-- [ RunTime:0.000733s ]
INFO: [ app_end ] --START--
INFO: Run Behavior\ShowPageTraceBehavior [ RunTime:0.000732s ]
INFO: [ app_end ] --END-- [ RunTime:0.000805s ]

[ 2017-09-14T16:24:45+08:00 ] 119.144.152.184 /Module/Shopin/get_store.html
INFO: [ app_init ] --START--
INFO: Run Behavior\BuildLiteBehavior [ RunTime:0.000018s ]
INFO: [ app_init ] --END-- [ RunTime:0.000420s ]
INFO: [ app_begin ] --START--
INFO: Run Behavior\ReadHtmlCacheBehavior [ RunTime:0.000531s ]
SQL: SHOW COLUMNS FROM `ys_config` [ RunTime:0.0006s ]
SQL: SELECT * FROM `ys_config` WHERE `id` = 1 LIMIT 1   [ RunTime:0.0001s ]
INFO: Run Common\Behaviors\AppBeginBehavior [ RunTime:0.025829s ]
INFO: [ app_begin ] --END-- [ RunTime:0.026506s ]
NOTIC: [2048] Declaration of Module\Controller\ShopinController::store() should be compatible with Common\Controller\BaseController::store(Common\Controller\Model $model, $data, Closure $callback = NULL) /home/wwwroot/yishion/APP/Module/Controller/ShopinController.class.php 第 14 行.
SQL: SHOW COLUMNS FROM `ys_nav` [ RunTime:0.0007s ]
SQL: SELECT * FROM `ys_nav` ORDER BY order_number is null,order_number,id  [ RunTime:0.0001s ]
SQL: SHOW COLUMNS FROM `ys_store` [ RunTime:0.0006s ]
NOTIC: [8] Undefined variable: data /home/wwwroot/yishion/APP/Module/Controller/ShopinController.class.php 第 60 行.
SQL: SELECT * FROM `ys_store`  [ RunTime:0.0001s ]
INFO: [ app_end ] --START--
INFO: Run Behavior\ShowPageTraceBehavior [ RunTime:0.000560s ]
INFO: [ app_end ] --END-- [ RunTime:0.000626s ]

[ 2017-09-14T17:02:58+08:00 ] 119.144.152.184 /Module/Shopin/store.html
INFO: [ app_init ] --START--
INFO: Run Behavior\BuildLiteBehavior [ RunTime:0.000062s ]
INFO: [ app_init ] --END-- [ RunTime:0.000721s ]
INFO: [ app_begin ] --START--
INFO: Run Behavior\ReadHtmlCacheBehavior [ RunTime:0.000995s ]
SQL: SHOW COLUMNS FROM `ys_config` [ RunTime:0.0056s ]
SQL: SELECT * FROM `ys_config` WHERE `id` = 1 LIMIT 1   [ RunTime:0.0002s ]
INFO: Run Common\Behaviors\AppBeginBehavior [ RunTime:0.046759s ]
INFO: [ app_begin ] --END-- [ RunTime:0.048255s ]
NOTIC: [2048] Declaration of Module\Controller\ShopinController::store() should be compatible with Common\Controller\BaseController::store(Common\Controller\Model $model, $data, Closure $callback = NULL) /home/wwwroot/yishion/APP/Module/Controller/ShopinController.class.php 第 14 行.
SQL: SHOW COLUMNS FROM `ys_nav` [ RunTime:0.0009s ]
SQL: SELECT * FROM `ys_nav` ORDER BY order_number is null,order_number,id  [ RunTime:0.0002s ]
SQL: SHOW COLUMNS FROM `ys_store` [ RunTime:0.0012s ]
SQL: SELECT DISTINCT  `larea` FROM `ys_store`  [ RunTime:0.0002s ]
INFO: [ view_parse ] --START--
INFO: [ template_filter ] --START--
INFO: Run Behavior\ContentReplaceBehavior [ RunTime:0.000169s ]
INFO: [ template_filter ] --END-- [ RunTime:0.000294s ]
INFO: Run Behavior\ParseTemplateBehavior [ RunTime:0.013583s ]
INFO: [ view_parse ] --END-- [ RunTime:0.013677s ]
INFO: [ view_filter ] --START--
INFO: Run Behavior\WriteHtmlCacheBehavior [ RunTime:0.000463s ]
INFO: Run Behavior\TokenBuildBehavior [ RunTime:0.000622s ]
INFO: [ view_filter ] --END-- [ RunTime:0.001228s ]
INFO: [ app_end ] --START--
INFO: Run Behavior\ShowPageTraceBehavior [ RunTime:0.001056s ]
INFO: [ app_end ] --END-- [ RunTime:0.001174s ]

[ 2017-09-14T17:02:59+08:00 ] 119.144.152.184 /Module/Shopin/get_store.html
INFO: [ app_init ] --START--
INFO: Run Behavior\BuildLiteBehavior [ RunTime:0.000022s ]
INFO: [ app_init ] --END-- [ RunTime:0.000621s ]
INFO: [ app_begin ] --START--
INFO: Run Behavior\ReadHtmlCacheBehavior [ RunTime:0.000819s ]
SQL: SHOW COLUMNS FROM `ys_config` [ RunTime:0.0060s ]
SQL: SELECT * FROM `ys_config` WHERE `id` = 1 LIMIT 1   [ RunTime:0.0003s ]
INFO: Run Common\Behaviors\AppBeginBehavior [ RunTime:0.045365s ]
INFO: [ app_begin ] --END-- [ RunTime:0.046388s ]
NOTIC: [2048] Declaration of Module\Controller\ShopinController::store() should be compatible with Common\Controller\BaseController::store(Common\Controller\Model $model, $data, Closure $callback = NULL) /home/wwwroot/yishion/APP/Module/Controller/ShopinController.class.php 第 14 行.
SQL: SHOW COLUMNS FROM `ys_nav` [ RunTime:0.0012s ]
SQL: SELECT * FROM `ys_nav` ORDER BY order_number is null,order_number,id  [ RunTime:0.0002s ]
SQL: SHOW COLUMNS FROM `ys_store` [ RunTime:0.0008s ]
NOTIC: [8] Undefined variable: data /home/wwwroot/yishion/APP/Module/Controller/ShopinController.class.php 第 60 行.
SQL: SELECT * FROM `ys_store`  [ RunTime:0.0002s ]
INFO: [ app_end ] --START--
INFO: Run Behavior\ShowPageTraceBehavior [ RunTime:0.000944s ]
INFO: [ app_end ] --END-- [ RunTime:0.001057s ]

[ 2017-09-14T17:04:31+08:00 ] 119.144.152.184 /Module/Shopin/store.html
INFO: [ app_init ] --START--
INFO: Run Behavior\BuildLiteBehavior [ RunTime:0.000035s ]
INFO: [ app_init ] --END-- [ RunTime:0.000700s ]
INFO: [ app_begin ] --START--
INFO: Run Behavior\ReadHtmlCacheBehavior [ RunTime:0.000855s ]
SQL: SHOW COLUMNS FROM `ys_config` [ RunTime:0.0027s ]
SQL: SELECT * FROM `ys_config` WHERE `id` = 1 LIMIT 1   [ RunTime:0.0002s ]
INFO: Run Common\Behaviors\AppBeginBehavior [ RunTime:0.039309s ]
INFO: [ app_begin ] --END-- [ RunTime:0.040358s ]
NOTIC: [2048] Declaration of Module\Controller\ShopinController::store() should be compatible with Common\Controller\BaseController::store(Common\Controller\Model $model, $data, Closure $callback = NULL) /home/wwwroot/yishion/APP/Module/Controller/ShopinController.class.php 第 14 行.
SQL: SHOW COLUMNS FROM `ys_nav` [ RunTime:0.0010s ]
SQL: SELECT * FROM `ys_nav` ORDER BY order_number is null,order_number,id  [ RunTime:0.0002s ]
SQL: SHOW COLUMNS FROM `ys_store` [ RunTime:0.0011s ]
SQL: SELECT DISTINCT  `larea` FROM `ys_store`  [ RunTime:0.0002s ]
INFO: [ view_parse ] --START--
INFO: [ template_filter ] --START--
INFO: Run Behavior\ContentReplaceBehavior [ RunTime:0.000098s ]
INFO: [ template_filter ] --END-- [ RunTime:0.000225s ]
INFO: Run Behavior\ParseTemplateBehavior [ RunTime:0.013951s ]
INFO: [ view_parse ] --END-- [ RunTime:0.014088s ]
INFO: [ view_filter ] --START--
INFO: Run Behavior\WriteHtmlCacheBehavior [ RunTime:0.000514s ]
INFO: Run Behavior\TokenBuildBehavior [ RunTime:0.000617s ]
INFO: [ view_filter ] --END-- [ RunTime:0.001265s ]
INFO: [ app_end ] --START--
INFO: Run Behavior\ShowPageTraceBehavior [ RunTime:0.001616s ]
INFO: [ app_end ] --END-- [ RunTime:0.001788s ]

[ 2017-09-14T17:04:31+08:00 ] 119.144.152.184 /Module/Shopin/get_store.html
INFO: [ app_init ] --START--
INFO: Run Behavior\BuildLiteBehavior [ RunTime:0.000019s ]
INFO: [ app_init ] --END-- [ RunTime:0.000462s ]
INFO: [ app_begin ] --START--
INFO: Run Behavior\ReadHtmlCacheBehavior [ RunTime:0.000579s ]
SQL: SHOW COLUMNS FROM `ys_config` [ RunTime:0.0011s ]
SQL: SELECT * FROM `ys_config` WHERE `id` = 1 LIMIT 1   [ RunTime:0.0002s ]
INFO: Run Common\Behaviors\AppBeginBehavior [ RunTime:0.029768s ]
INFO: [ app_begin ] --END-- [ RunTime:0.030473s ]
NOTIC: [2048] Declaration of Module\Controller\ShopinController::store() should be compatible with Common\Controller\BaseController::store(Common\Controller\Model $model, $data, Closure $callback = NULL) /home/wwwroot/yishion/APP/Module/Controller/ShopinController.class.php 第 14 行.
SQL: SHOW COLUMNS FROM `ys_nav` [ RunTime:0.0010s ]
SQL: SELECT * FROM `ys_nav` ORDER BY order_number is null,order_number,id  [ RunTime:0.0002s ]
SQL: SHOW COLUMNS FROM `ys_store` [ RunTime:0.0007s ]
NOTIC: [8] Undefined variable: data /home/wwwroot/yishion/APP/Module/Controller/ShopinController.class.php 第 60 行.
SQL: SELECT * FROM `ys_store`  [ RunTime:0.0001s ]
INFO: [ app_end ] --START--
INFO: Run Behavior\ShowPageTraceBehavior [ RunTime:0.000739s ]
INFO: [ app_end ] --END-- [ RunTime:0.000820s ]

