[ 2017-09-23T08:50:18+08:00 ] 119.144.152.162 /Module/Rule/rule.html
INFO: [ app_init ] --START--
INFO: Run Behavior\BuildLiteBehavior [ RunTime:0.000025s ]
INFO: [ app_init ] --END-- [ RunTime:0.000632s ]
INFO: [ app_begin ] --START--
INFO: Run Behavior\ReadHtmlCacheBehavior [ RunTime:0.000628s ]
SQL: SHOW COLUMNS FROM `ys_config` [ RunTime:0.0012s ]
SQL: SELECT * FROM `ys_config` WHERE `id` = 1 LIMIT 1   [ RunTime:0.0002s ]
INFO: Run Common\Behaviors\AppBeginBehavior [ RunTime:0.035377s ]
INFO: [ app_begin ] --END-- [ RunTime:0.036138s ]
SQL: SHOW COLUMNS FROM `ys_nav` [ RunTime:0.0008s ]
SQL: SELECT * FROM `ys_nav` ORDER BY order_number is null,order_number,id  [ RunTime:0.0002s ]
SQL: SHOW COLUMNS FROM `ys_auth_rule` [ RunTime:0.0007s ]
SQL: SELECT * FROM `ys_auth_rule` ORDER BY id is null,id  [ RunTime:0.0002s ]
INFO: [ view_parse ] --START--
INFO: [ template_filter ] --START--
INFO: Run Behavior\ContentReplaceBehavior [ RunTime:0.000083s ]
INFO: [ template_filter ] --END-- [ RunTime:0.000170s ]
INFO: Run Behavior\ParseTemplateBehavior [ RunTime:0.024801s ]
INFO: [ view_parse ] --END-- [ RunTime:0.024879s ]
INFO: [ view_filter ] --START--
INFO: Run Behavior\WriteHtmlCacheBehavior [ RunTime:0.000312s ]
INFO: Run Behavior\TokenBuildBehavior [ RunTime:0.000768s ]
INFO: [ view_filter ] --END-- [ RunTime:0.001172s ]
INFO: [ app_end ] --START--
INFO: Run Behavior\ShowPageTraceBehavior [ RunTime:0.000801s ]
INFO: [ app_end ] --END-- [ RunTime:0.000888s ]

[ 2017-09-23T08:50:19+08:00 ] 119.144.152.162 /Module/Rule/group.html
INFO: [ app_init ] --START--
INFO: Run Behavior\BuildLiteBehavior [ RunTime:0.000023s ]
INFO: [ app_init ] --END-- [ RunTime:0.000411s ]
INFO: [ app_begin ] --START--
INFO: Run Behavior\ReadHtmlCacheBehavior [ RunTime:0.000466s ]
SQL: SHOW COLUMNS FROM `ys_config` [ RunTime:0.0008s ]
SQL: SELECT * FROM `ys_config` WHERE `id` = 1 LIMIT 1   [ RunTime:0.0001s ]
INFO: Run Common\Behaviors\AppBeginBehavior [ RunTime:0.023460s ]
INFO: [ app_begin ] --END-- [ RunTime:0.024051s ]
SQL: SHOW COLUMNS FROM `ys_nav` [ RunTime:0.0009s ]
SQL: SELECT * FROM `ys_nav` ORDER BY order_number is null,order_number,id  [ RunTime:0.0001s ]
SQL: SHOW COLUMNS FROM `ys_auth_group` [ RunTime:0.0005s ]
SQL: SELECT * FROM `ys_auth_group`  [ RunTime:0.0001s ]
INFO: [ view_parse ] --START--
INFO: [ template_filter ] --START--
INFO: Run Behavior\ContentReplaceBehavior [ RunTime:0.000101s ]
INFO: [ template_filter ] --END-- [ RunTime:0.000193s ]
INFO: Run Behavior\ParseTemplateBehavior [ RunTime:0.013569s ]
INFO: [ view_parse ] --END-- [ RunTime:0.013632s ]
INFO: [ view_filter ] --START--
INFO: Run Behavior\WriteHtmlCacheBehavior [ RunTime:0.000291s ]
INFO: Run Behavior\TokenBuildBehavior [ RunTime:0.000507s ]
INFO: [ view_filter ] --END-- [ RunTime:0.000929s ]
INFO: [ app_end ] --START--
INFO: Run Behavior\ShowPageTraceBehavior [ RunTime:0.000808s ]
INFO: [ app_end ] --END-- [ RunTime:0.000884s ]

[ 2017-09-23T08:50:20+08:00 ] 119.144.152.162 /Module/Rule/admin.html
INFO: [ app_init ] --START--
INFO: Run Behavior\BuildLiteBehavior [ RunTime:0.000023s ]
INFO: [ app_init ] --END-- [ RunTime:0.000635s ]
INFO: [ app_begin ] --START--
INFO: Run Behavior\ReadHtmlCacheBehavior [ RunTime:0.000538s ]
SQL: SHOW COLUMNS FROM `ys_config` [ RunTime:0.0008s ]
SQL: SELECT * FROM `ys_config` WHERE `id` = 1 LIMIT 1   [ RunTime:0.0002s ]
INFO: Run Common\Behaviors\AppBeginBehavior [ RunTime:0.027738s ]
INFO: [ app_begin ] --END-- [ RunTime:0.028419s ]
SQL: SHOW COLUMNS FROM `ys_nav` [ RunTime:0.0010s ]
SQL: SELECT * FROM `ys_nav` ORDER BY order_number is null,order_number,id  [ RunTime:0.0002s ]
SQL: SHOW COLUMNS FROM `ys_auth_group_access` [ RunTime:0.0009s ]
SQL: SELECT u.id,u.username,u.password,u.email,u.status,u.regtime,u.loginip,u.logintime,aga.group_id,ag.title FROM ys_auth_group_access aga RIGHT JOIN ys_admin u ON aga.uid=u.id LEFT JOIN ys_auth_group ag ON aga.group_id=ag.id   [ RunTime:0.0005s ]
SQL: SHOW COLUMNS FROM `ys_auth_group` [ RunTime:0.0007s ]
SQL: SELECT * FROM `ys_auth_group`  [ RunTime:0.0002s ]
INFO: [ view_parse ] --START--
NOTIC: [8] Undefined offset: 1 /home/wwwroot/yishion/ThinkPHP/Library/Think/Template.class.php 第 527 行.
NOTIC: [8] Undefined offset: 1 /home/wwwroot/yishion/ThinkPHP/Library/Think/Template.class.php 第 527 行.
INFO: [ template_filter ] --START--
INFO: Run Behavior\ContentReplaceBehavior [ RunTime:0.000098s ]
INFO: [ template_filter ] --END-- [ RunTime:0.000219s ]
INFO: Run Behavior\ParseTemplateBehavior [ RunTime:0.021792s ]
INFO: [ view_parse ] --END-- [ RunTime:0.021895s ]
INFO: [ view_filter ] --START--
INFO: Run Behavior\WriteHtmlCacheBehavior [ RunTime:0.000345s ]
INFO: Run Behavior\TokenBuildBehavior [ RunTime:0.001012s ]
INFO: [ view_filter ] --END-- [ RunTime:0.001466s ]
INFO: [ app_end ] --START--
INFO: Run Behavior\ShowPageTraceBehavior [ RunTime:0.000667s ]
INFO: [ app_end ] --END-- [ RunTime:0.000752s ]

[ 2017-09-23T08:50:22+08:00 ] 119.144.152.162 /Module/People/mail.html
INFO: [ app_init ] --START--
INFO: Run Behavior\BuildLiteBehavior [ RunTime:0.000027s ]
INFO: [ app_init ] --END-- [ RunTime:0.000733s ]
INFO: [ app_begin ] --START--
INFO: Run Behavior\ReadHtmlCacheBehavior [ RunTime:0.000992s ]
SQL: SHOW COLUMNS FROM `ys_config` [ RunTime:0.0008s ]
SQL: SELECT * FROM `ys_config` WHERE `id` = 1 LIMIT 1   [ RunTime:0.0001s ]
INFO: Run Common\Behaviors\AppBeginBehavior [ RunTime:0.040975s ]
INFO: [ app_begin ] --END-- [ RunTime:0.042167s ]
SQL: SHOW COLUMNS FROM `ys_nav` [ RunTime:0.0010s ]
SQL: SELECT * FROM `ys_nav` ORDER BY order_number is null,order_number,id  [ RunTime:0.0002s ]
SQL: SHOW COLUMNS FROM `ys_mail` [ RunTime:0.0008s ]
SQL: SELECT * FROM `ys_mail` WHERE `id` = 1 LIMIT 1   [ RunTime:0.0033s ]
INFO: [ view_parse ] --START--
INFO: [ template_filter ] --START--
INFO: Run Behavior\ContentReplaceBehavior [ RunTime:0.000078s ]
INFO: [ template_filter ] --END-- [ RunTime:0.000191s ]
INFO: Run Behavior\ParseTemplateBehavior [ RunTime:0.012673s ]
INFO: [ view_parse ] --END-- [ RunTime:0.012770s ]
INFO: [ view_filter ] --START--
INFO: Run Behavior\WriteHtmlCacheBehavior [ RunTime:0.000394s ]
INFO: Run Behavior\TokenBuildBehavior [ RunTime:0.000654s ]
INFO: [ view_filter ] --END-- [ RunTime:0.001160s ]
INFO: [ app_end ] --START--
INFO: Run Behavior\ShowPageTraceBehavior [ RunTime:0.000969s ]
INFO: [ app_end ] --END-- [ RunTime:0.001048s ]

[ 2017-09-23T08:50:23+08:00 ] 119.144.152.162 /Module/People/depa.html
INFO: [ app_init ] --START--
INFO: Run Behavior\BuildLiteBehavior [ RunTime:0.000028s ]
INFO: [ app_init ] --END-- [ RunTime:0.000594s ]
INFO: [ app_begin ] --START--
INFO: Run Behavior\ReadHtmlCacheBehavior [ RunTime:0.001650s ]
SQL: SHOW COLUMNS FROM `ys_config` [ RunTime:0.0017s ]
SQL: SELECT * FROM `ys_config` WHERE `id` = 1 LIMIT 1   [ RunTime:0.0002s ]
INFO: Run Common\Behaviors\AppBeginBehavior [ RunTime:0.063649s ]
INFO: [ app_begin ] --END-- [ RunTime:0.065515s ]
SQL: SHOW COLUMNS FROM `ys_nav` [ RunTime:0.0011s ]
SQL: SELECT * FROM `ys_nav` ORDER BY order_number is null,order_number,id  [ RunTime:0.0003s ]
SQL: SHOW COLUMNS FROM `ys_mail` [ RunTime:0.0009s ]
SQL: SELECT * FROM `ys_mail` WHERE `id` = 1 LIMIT 1   [ RunTime:0.0052s ]
INFO: [ app_end ] --START--
INFO: Run Behavior\ShowPageTraceBehavior [ RunTime:0.004207s ]
INFO: [ app_end ] --END-- [ RunTime:0.004342s ]

[ 2017-09-23T08:50:23+08:00 ] 119.144.152.162 /Module/People/user.html?page=1&limit=30
INFO: [ app_init ] --START--
INFO: Run Behavior\BuildLiteBehavior [ RunTime:0.000031s ]
INFO: [ app_init ] --END-- [ RunTime:0.000621s ]
INFO: [ app_begin ] --START--
INFO: Run Behavior\ReadHtmlCacheBehavior [ RunTime:0.000583s ]
SQL: SHOW COLUMNS FROM `ys_config` [ RunTime:0.0008s ]
SQL: SELECT * FROM `ys_config` WHERE `id` = 1 LIMIT 1   [ RunTime:0.0001s ]
INFO: Run Common\Behaviors\AppBeginBehavior [ RunTime:0.023121s ]
INFO: [ app_begin ] --END-- [ RunTime:0.023877s ]
SQL: SHOW COLUMNS FROM `ys_nav` [ RunTime:0.0007s ]
SQL: SELECT * FROM `ys_nav` ORDER BY order_number is null,order_number,id  [ RunTime:0.0001s ]
SQL: SHOW COLUMNS FROM `ys_mail` [ RunTime:0.0004s ]
SQL: SELECT * FROM `ys_mail` WHERE `id` = 1 LIMIT 1   [ RunTime:0.0006s ]
NOTIC: [8] Array to string conversion /home/wwwroot/yishion/APP/Module/Controller/PeopleController.class.php 第 70 行.

[ 2017-09-23T08:50:24+08:00 ] 119.144.152.162 /Module/Shopin/lists.html
INFO: [ app_init ] --START--
INFO: Run Behavior\BuildLiteBehavior [ RunTime:0.000020s ]
INFO: [ app_init ] --END-- [ RunTime:0.000471s ]
INFO: [ app_begin ] --START--
INFO: Run Behavior\ReadHtmlCacheBehavior [ RunTime:0.000645s ]
SQL: SHOW COLUMNS FROM `ys_config` [ RunTime:0.0007s ]
SQL: SELECT * FROM `ys_config` WHERE `id` = 1 LIMIT 1   [ RunTime:0.0001s ]
INFO: Run Common\Behaviors\AppBeginBehavior [ RunTime:0.024744s ]
INFO: [ app_begin ] --END-- [ RunTime:0.025550s ]
NOTIC: [2048] Declaration of Module\Controller\ShopinController::store() should be compatible with Common\Controller\BaseController::store(Common\Controller\Model $model, $data, Closure $callback = NULL) /home/wwwroot/yishion/APP/Module/Controller/ShopinController.class.php 第 15 行.
SQL: SHOW COLUMNS FROM `ys_nav` [ RunTime:0.0008s ]
SQL: SELECT * FROM `ys_nav` ORDER BY order_number is null,order_number,id  [ RunTime:0.0001s ]
INFO: [ view_parse ] --START--
INFO: [ template_filter ] --START--
INFO: Run Behavior\ContentReplaceBehavior [ RunTime:0.000046s ]
INFO: [ template_filter ] --END-- [ RunTime:0.000109s ]
INFO: Run Behavior\ParseTemplateBehavior [ RunTime:0.007797s ]
INFO: [ view_parse ] --END-- [ RunTime:0.007855s ]
INFO: [ view_filter ] --START--
INFO: Run Behavior\WriteHtmlCacheBehavior [ RunTime:0.000294s ]
INFO: Run Behavior\TokenBuildBehavior [ RunTime:0.000417s ]
INFO: [ view_filter ] --END-- [ RunTime:0.000793s ]
INFO: [ app_end ] --START--
INFO: Run Behavior\ShowPageTraceBehavior [ RunTime:0.000561s ]
INFO: [ app_end ] --END-- [ RunTime:0.000607s ]

[ 2017-09-23T08:50:27+08:00 ] 119.144.152.162 /Module/Shopin/store.html
INFO: [ app_init ] --START--
INFO: Run Behavior\BuildLiteBehavior [ RunTime:0.000027s ]
INFO: [ app_init ] --END-- [ RunTime:0.000811s ]
INFO: [ app_begin ] --START--
INFO: Run Behavior\ReadHtmlCacheBehavior [ RunTime:0.000868s ]
SQL: SHOW COLUMNS FROM `ys_config` [ RunTime:0.0006s ]
SQL: SELECT * FROM `ys_config` WHERE `id` = 1 LIMIT 1   [ RunTime:0.0002s ]
INFO: Run Common\Behaviors\AppBeginBehavior [ RunTime:0.050215s ]
INFO: [ app_begin ] --END-- [ RunTime:0.051253s ]
NOTIC: [2048] Declaration of Module\Controller\ShopinController::store() should be compatible with Common\Controller\BaseController::store(Common\Controller\Model $model, $data, Closure $callback = NULL) /home/wwwroot/yishion/APP/Module/Controller/ShopinController.class.php 第 15 行.
SQL: SHOW COLUMNS FROM `ys_nav` [ RunTime:0.0007s ]
SQL: SELECT * FROM `ys_nav` ORDER BY order_number is null,order_number,id  [ RunTime:0.0001s ]
SQL: SHOW COLUMNS FROM `ys_store` [ RunTime:0.0008s ]
NOTIC: [8] Undefined variable: data /home/wwwroot/yishion/APP/Module/Controller/ShopinController.class.php 第 37 行.
SQL: SELECT COUNT(*) AS tp_count FROM `ys_store` LIMIT 1   [ RunTime:0.0001s ]
SQL: SELECT * FROM `ys_store` ORDER BY id LIMIT 0,15   [ RunTime:0.0002s ]
SQL: SELECT DISTINCT  `larea` FROM `ys_store`  [ RunTime:0.0001s ]
INFO: [ view_parse ] --START--
INFO: [ template_filter ] --START--
INFO: Run Behavior\ContentReplaceBehavior [ RunTime:0.000096s ]
INFO: [ template_filter ] --END-- [ RunTime:0.000207s ]
INFO: Run Behavior\ParseTemplateBehavior [ RunTime:0.016762s ]
INFO: [ view_parse ] --END-- [ RunTime:0.016874s ]
INFO: [ view_filter ] --START--
INFO: Run Behavior\WriteHtmlCacheBehavior [ RunTime:0.000422s ]
INFO: Run Behavior\TokenBuildBehavior [ RunTime:0.000886s ]
INFO: [ view_filter ] --END-- [ RunTime:0.001427s ]
INFO: [ app_end ] --START--
INFO: Run Behavior\ShowPageTraceBehavior [ RunTime:0.000914s ]
INFO: [ app_end ] --END-- [ RunTime:0.000991s ]

[ 2017-09-23T08:50:30+08:00 ] 119.144.152.162 /Module/Shopin/score.html
INFO: [ app_init ] --START--
INFO: Run Behavior\BuildLiteBehavior [ RunTime:0.000017s ]
INFO: [ app_init ] --END-- [ RunTime:0.000513s ]
INFO: [ app_begin ] --START--
INFO: Run Behavior\ReadHtmlCacheBehavior [ RunTime:0.000719s ]
SQL: SHOW COLUMNS FROM `ys_config` [ RunTime:0.0014s ]
SQL: SELECT * FROM `ys_config` WHERE `id` = 1 LIMIT 1   [ RunTime:0.0001s ]
INFO: Run Common\Behaviors\AppBeginBehavior [ RunTime:0.026757s ]
INFO: [ app_begin ] --END-- [ RunTime:0.027607s ]
NOTIC: [2048] Declaration of Module\Controller\ShopinController::store() should be compatible with Common\Controller\BaseController::store(Common\Controller\Model $model, $data, Closure $callback = NULL) /home/wwwroot/yishion/APP/Module/Controller/ShopinController.class.php 第 15 行.
SQL: SHOW COLUMNS FROM `ys_nav` [ RunTime:0.0009s ]
SQL: SELECT * FROM `ys_nav` ORDER BY order_number is null,order_number,id  [ RunTime:0.0001s ]
SQL: SHOW COLUMNS FROM `ys_project` [ RunTime:0.0005s ]
INFO: [ view_parse ] --START--
INFO: [ template_filter ] --START--
INFO: Run Behavior\ContentReplaceBehavior [ RunTime:0.000073s ]
INFO: [ template_filter ] --END-- [ RunTime:0.000171s ]
INFO: Run Behavior\ParseTemplateBehavior [ RunTime:0.010808s ]
INFO: [ view_parse ] --END-- [ RunTime:0.010902s ]
INFO: [ view_filter ] --START--
INFO: Run Behavior\WriteHtmlCacheBehavior [ RunTime:0.000574s ]
INFO: Run Behavior\TokenBuildBehavior [ RunTime:0.000713s ]
INFO: [ view_filter ] --END-- [ RunTime:0.001408s ]
INFO: [ app_end ] --START--
INFO: Run Behavior\ShowPageTraceBehavior [ RunTime:0.000892s ]
INFO: [ app_end ] --END-- [ RunTime:0.000998s ]

[ 2017-09-23T08:50:30+08:00 ] 119.144.152.162 /Module/Shopin/get_project.html
INFO: [ app_init ] --START--
INFO: Run Behavior\BuildLiteBehavior [ RunTime:0.000020s ]
INFO: [ app_init ] --END-- [ RunTime:0.000508s ]
INFO: [ app_begin ] --START--
INFO: Run Behavior\ReadHtmlCacheBehavior [ RunTime:0.000620s ]
SQL: SHOW COLUMNS FROM `ys_config` [ RunTime:0.0008s ]
SQL: SELECT * FROM `ys_config` WHERE `id` = 1 LIMIT 1   [ RunTime:0.0001s ]
INFO: Run Common\Behaviors\AppBeginBehavior [ RunTime:0.025350s ]
INFO: [ app_begin ] --END-- [ RunTime:0.026126s ]
NOTIC: [2048] Declaration of Module\Controller\ShopinController::store() should be compatible with Common\Controller\BaseController::store(Common\Controller\Model $model, $data, Closure $callback = NULL) /home/wwwroot/yishion/APP/Module/Controller/ShopinController.class.php 第 15 行.
SQL: SHOW COLUMNS FROM `ys_nav` [ RunTime:0.0010s ]
SQL: SELECT * FROM `ys_nav` ORDER BY order_number is null,order_number,id  [ RunTime:0.0002s ]
SQL: SHOW COLUMNS FROM `ys_project` [ RunTime:0.0007s ]
SQL: SELECT * FROM `ys_project`  [ RunTime:0.0001s ]
INFO: [ app_end ] --START--
INFO: Run Behavior\ShowPageTraceBehavior [ RunTime:0.000713s ]
INFO: [ app_end ] --END-- [ RunTime:0.000782s ]

[ 2017-09-23T08:50:32+08:00 ] 119.144.152.162 /Module/Shopin/plugin.html?id=1
INFO: [ app_init ] --START--
INFO: Run Behavior\BuildLiteBehavior [ RunTime:0.000020s ]
INFO: [ app_init ] --END-- [ RunTime:0.000429s ]
INFO: [ app_begin ] --START--
INFO: Run Behavior\ReadHtmlCacheBehavior [ RunTime:0.000545s ]
SQL: SHOW COLUMNS FROM `ys_config` [ RunTime:0.0007s ]
SQL: SELECT * FROM `ys_config` WHERE `id` = 1 LIMIT 1   [ RunTime:0.0001s ]
INFO: Run Common\Behaviors\AppBeginBehavior [ RunTime:0.022955s ]
INFO: [ app_begin ] --END-- [ RunTime:0.023620s ]
NOTIC: [2048] Declaration of Module\Controller\ShopinController::store() should be compatible with Common\Controller\BaseController::store(Common\Controller\Model $model, $data, Closure $callback = NULL) /home/wwwroot/yishion/APP/Module/Controller/ShopinController.class.php 第 15 行.
SQL: SHOW COLUMNS FROM `ys_nav` [ RunTime:0.0008s ]
SQL: SELECT * FROM `ys_nav` ORDER BY order_number is null,order_number,id  [ RunTime:0.0001s ]
SQL: SHOW COLUMNS FROM `ys_item` [ RunTime:0.0005s ]
INFO: [ view_parse ] --START--
INFO: [ template_filter ] --START--
INFO: Run Behavior\ContentReplaceBehavior [ RunTime:0.000056s ]
INFO: [ template_filter ] --END-- [ RunTime:0.000129s ]
INFO: Run Behavior\ParseTemplateBehavior [ RunTime:0.008301s ]
INFO: [ view_parse ] --END-- [ RunTime:0.008358s ]
INFO: [ view_filter ] --START--
INFO: Run Behavior\WriteHtmlCacheBehavior [ RunTime:0.000241s ]
INFO: Run Behavior\TokenBuildBehavior [ RunTime:0.000482s ]
INFO: [ view_filter ] --END-- [ RunTime:0.000792s ]
INFO: [ app_end ] --START--
INFO: Run Behavior\ShowPageTraceBehavior [ RunTime:0.000554s ]
INFO: [ app_end ] --END-- [ RunTime:0.000627s ]

[ 2017-09-23T08:50:33+08:00 ] 119.144.152.162 /Module/Shopin/get_item.html?id=1
INFO: [ app_init ] --START--
INFO: Run Behavior\BuildLiteBehavior [ RunTime:0.000021s ]
INFO: [ app_init ] --END-- [ RunTime:0.000447s ]
INFO: [ app_begin ] --START--
INFO: Run Behavior\ReadHtmlCacheBehavior [ RunTime:0.000558s ]
SQL: SHOW COLUMNS FROM `ys_config` [ RunTime:0.0009s ]
SQL: SELECT * FROM `ys_config` WHERE `id` = 1 LIMIT 1   [ RunTime:0.0002s ]
INFO: Run Common\Behaviors\AppBeginBehavior [ RunTime:0.029670s ]
INFO: [ app_begin ] --END-- [ RunTime:0.030357s ]
NOTIC: [2048] Declaration of Module\Controller\ShopinController::store() should be compatible with Common\Controller\BaseController::store(Common\Controller\Model $model, $data, Closure $callback = NULL) /home/wwwroot/yishion/APP/Module/Controller/ShopinController.class.php 第 15 行.
SQL: SHOW COLUMNS FROM `ys_nav` [ RunTime:0.0008s ]
SQL: SELECT * FROM `ys_nav` ORDER BY order_number is null,order_number,id  [ RunTime:0.0001s ]
SQL: SHOW COLUMNS FROM `ys_item` [ RunTime:0.0006s ]
SQL: SELECT * FROM `ys_item` WHERE `pid` = 1 ORDER BY sort is null,sort  [ RunTime:0.0008s ]
INFO: [ app_end ] --START--
INFO: Run Behavior\ShowPageTraceBehavior [ RunTime:0.001149s ]
INFO: [ app_end ] --END-- [ RunTime:0.001221s ]

[ 2017-09-23T08:50:37+08:00 ] 119.144.152.162 /Module/Shopin/score.html
INFO: [ app_init ] --START--
INFO: Run Behavior\BuildLiteBehavior [ RunTime:0.000026s ]
INFO: [ app_init ] --END-- [ RunTime:0.000615s ]
INFO: [ app_begin ] --START--
INFO: Run Behavior\ReadHtmlCacheBehavior [ RunTime:0.000788s ]
SQL: SHOW COLUMNS FROM `ys_config` [ RunTime:0.0009s ]
SQL: SELECT * FROM `ys_config` WHERE `id` = 1 LIMIT 1   [ RunTime:0.0002s ]
INFO: Run Common\Behaviors\AppBeginBehavior [ RunTime:0.032959s ]
INFO: [ app_begin ] --END-- [ RunTime:0.033909s ]
NOTIC: [2048] Declaration of Module\Controller\ShopinController::store() should be compatible with Common\Controller\BaseController::store(Common\Controller\Model $model, $data, Closure $callback = NULL) /home/wwwroot/yishion/APP/Module/Controller/ShopinController.class.php 第 15 行.
SQL: SHOW COLUMNS FROM `ys_nav` [ RunTime:0.0010s ]
SQL: SELECT * FROM `ys_nav` ORDER BY order_number is null,order_number,id  [ RunTime:0.0002s ]
SQL: SHOW COLUMNS FROM `ys_project` [ RunTime:0.0008s ]
INFO: [ view_parse ] --START--
INFO: [ template_filter ] --START--
INFO: Run Behavior\ContentReplaceBehavior [ RunTime:0.000077s ]
INFO: [ template_filter ] --END-- [ RunTime:0.000174s ]
INFO: Run Behavior\ParseTemplateBehavior [ RunTime:0.011606s ]
INFO: [ view_parse ] --END-- [ RunTime:0.011762s ]
INFO: [ view_filter ] --START--
INFO: Run Behavior\WriteHtmlCacheBehavior [ RunTime:0.000422s ]
INFO: Run Behavior\TokenBuildBehavior [ RunTime:0.000611s ]
INFO: [ view_filter ] --END-- [ RunTime:0.001151s ]
INFO: [ app_end ] --START--
INFO: Run Behavior\ShowPageTraceBehavior [ RunTime:0.000794s ]
INFO: [ app_end ] --END-- [ RunTime:0.000880s ]

[ 2017-09-23T08:50:38+08:00 ] 119.144.152.162 /Module/Shopin/get_project.html
INFO: [ app_init ] --START--
INFO: Run Behavior\BuildLiteBehavior [ RunTime:0.000020s ]
INFO: [ app_init ] --END-- [ RunTime:0.000413s ]
INFO: [ app_begin ] --START--
INFO: Run Behavior\ReadHtmlCacheBehavior [ RunTime:0.000525s ]
SQL: SHOW COLUMNS FROM `ys_config` [ RunTime:0.0007s ]
SQL: SELECT * FROM `ys_config` WHERE `id` = 1 LIMIT 1   [ RunTime:0.0001s ]
INFO: Run Common\Behaviors\AppBeginBehavior [ RunTime:0.021788s ]
INFO: [ app_begin ] --END-- [ RunTime:0.022423s ]
NOTIC: [2048] Declaration of Module\Controller\ShopinController::store() should be compatible with Common\Controller\BaseController::store(Common\Controller\Model $model, $data, Closure $callback = NULL) /home/wwwroot/yishion/APP/Module/Controller/ShopinController.class.php 第 15 行.
SQL: SHOW COLUMNS FROM `ys_nav` [ RunTime:0.0008s ]
SQL: SELECT * FROM `ys_nav` ORDER BY order_number is null,order_number,id  [ RunTime:0.0001s ]
SQL: SHOW COLUMNS FROM `ys_project` [ RunTime:0.0004s ]
SQL: SELECT * FROM `ys_project`  [ RunTime:0.0001s ]
INFO: [ app_end ] --START--
INFO: Run Behavior\ShowPageTraceBehavior [ RunTime:0.000565s ]
INFO: [ app_end ] --END-- [ RunTime:0.000629s ]

[ 2017-09-23T08:50:39+08:00 ] 119.144.152.162 /Module/Shopin/plugin.html?id=2
INFO: [ app_init ] --START--
INFO: Run Behavior\BuildLiteBehavior [ RunTime:0.000022s ]
INFO: [ app_init ] --END-- [ RunTime:0.000449s ]
INFO: [ app_begin ] --START--
INFO: Run Behavior\ReadHtmlCacheBehavior [ RunTime:0.000512s ]
SQL: SHOW COLUMNS FROM `ys_config` [ RunTime:0.0007s ]
SQL: SELECT * FROM `ys_config` WHERE `id` = 1 LIMIT 1   [ RunTime:0.0001s ]
INFO: Run Common\Behaviors\AppBeginBehavior [ RunTime:0.022134s ]
INFO: [ app_begin ] --END-- [ RunTime:0.022764s ]
NOTIC: [2048] Declaration of Module\Controller\ShopinController::store() should be compatible with Common\Controller\BaseController::store(Common\Controller\Model $model, $data, Closure $callback = NULL) /home/wwwroot/yishion/APP/Module/Controller/ShopinController.class.php 第 15 行.
SQL: SHOW COLUMNS FROM `ys_nav` [ RunTime:0.0008s ]
SQL: SELECT * FROM `ys_nav` ORDER BY order_number is null,order_number,id  [ RunTime:0.0001s ]
SQL: SHOW COLUMNS FROM `ys_item` [ RunTime:0.0006s ]
INFO: [ view_parse ] --START--
INFO: [ template_filter ] --START--
INFO: Run Behavior\ContentReplaceBehavior [ RunTime:0.000065s ]
INFO: [ template_filter ] --END-- [ RunTime:0.000145s ]
INFO: Run Behavior\ParseTemplateBehavior [ RunTime:0.007557s ]
INFO: [ view_parse ] --END-- [ RunTime:0.007604s ]
INFO: [ view_filter ] --START--
INFO: Run Behavior\WriteHtmlCacheBehavior [ RunTime:0.000251s ]
INFO: Run Behavior\TokenBuildBehavior [ RunTime:0.000441s ]
INFO: [ view_filter ] --END-- [ RunTime:0.000786s ]
INFO: [ app_end ] --START--
INFO: Run Behavior\ShowPageTraceBehavior [ RunTime:0.000623s ]
INFO: [ app_end ] --END-- [ RunTime:0.000693s ]

[ 2017-09-23T08:50:40+08:00 ] 119.144.152.162 /Module/Shopin/get_item.html?id=2
INFO: [ app_init ] --START--
INFO: Run Behavior\BuildLiteBehavior [ RunTime:0.000024s ]
INFO: [ app_init ] --END-- [ RunTime:0.000508s ]
INFO: [ app_begin ] --START--
INFO: Run Behavior\ReadHtmlCacheBehavior [ RunTime:0.000516s ]
SQL: SHOW COLUMNS FROM `ys_config` [ RunTime:0.0007s ]
SQL: SELECT * FROM `ys_config` WHERE `id` = 1 LIMIT 1   [ RunTime:0.0002s ]
INFO: Run Common\Behaviors\AppBeginBehavior [ RunTime:0.022914s ]
INFO: [ app_begin ] --END-- [ RunTime:0.023554s ]
NOTIC: [2048] Declaration of Module\Controller\ShopinController::store() should be compatible with Common\Controller\BaseController::store(Common\Controller\Model $model, $data, Closure $callback = NULL) /home/wwwroot/yishion/APP/Module/Controller/ShopinController.class.php 第 15 行.
SQL: SHOW COLUMNS FROM `ys_nav` [ RunTime:0.0008s ]
SQL: SELECT * FROM `ys_nav` ORDER BY order_number is null,order_number,id  [ RunTime:0.0001s ]
SQL: SHOW COLUMNS FROM `ys_item` [ RunTime:0.0005s ]
SQL: SELECT * FROM `ys_item` WHERE `pid` = 2 ORDER BY sort is null,sort  [ RunTime:0.0001s ]
INFO: [ app_end ] --START--
INFO: Run Behavior\ShowPageTraceBehavior [ RunTime:0.000546s ]
INFO: [ app_end ] --END-- [ RunTime:0.000619s ]

[ 2017-09-23T08:50:42+08:00 ] 119.144.152.162 /Module/Shopin/score.html
INFO: [ app_init ] --START--
INFO: Run Behavior\BuildLiteBehavior [ RunTime:0.000024s ]
INFO: [ app_init ] --END-- [ RunTime:0.000613s ]
INFO: [ app_begin ] --START--
INFO: Run Behavior\ReadHtmlCacheBehavior [ RunTime:0.000776s ]
SQL: SHOW COLUMNS FROM `ys_config` [ RunTime:0.0008s ]
SQL: SELECT * FROM `ys_config` WHERE `id` = 1 LIMIT 1   [ RunTime:0.0001s ]
INFO: Run Common\Behaviors\AppBeginBehavior [ RunTime:0.028036s ]
INFO: [ app_begin ] --END-- [ RunTime:0.028951s ]
NOTIC: [2048] Declaration of Module\Controller\ShopinController::store() should be compatible with Common\Controller\BaseController::store(Common\Controller\Model $model, $data, Closure $callback = NULL) /home/wwwroot/yishion/APP/Module/Controller/ShopinController.class.php 第 15 行.
SQL: SHOW COLUMNS FROM `ys_nav` [ RunTime:0.0009s ]
SQL: SELECT * FROM `ys_nav` ORDER BY order_number is null,order_number,id  [ RunTime:0.0001s ]
SQL: SHOW COLUMNS FROM `ys_project` [ RunTime:0.0005s ]
INFO: [ view_parse ] --START--
INFO: [ template_filter ] --START--
INFO: Run Behavior\ContentReplaceBehavior [ RunTime:0.000068s ]
INFO: [ template_filter ] --END-- [ RunTime:0.000125s ]
INFO: Run Behavior\ParseTemplateBehavior [ RunTime:0.006645s ]
INFO: [ view_parse ] --END-- [ RunTime:0.006712s ]
INFO: [ view_filter ] --START--
INFO: Run Behavior\WriteHtmlCacheBehavior [ RunTime:0.000216s ]
INFO: Run Behavior\TokenBuildBehavior [ RunTime:0.000379s ]
INFO: [ view_filter ] --END-- [ RunTime:0.000673s ]
INFO: [ app_end ] --START--
INFO: Run Behavior\ShowPageTraceBehavior [ RunTime:0.000472s ]
INFO: [ app_end ] --END-- [ RunTime:0.000517s ]

[ 2017-09-23T08:50:42+08:00 ] 119.144.152.162 /Module/Shopin/get_project.html
INFO: [ app_init ] --START--
INFO: Run Behavior\BuildLiteBehavior [ RunTime:0.000017s ]
INFO: [ app_init ] --END-- [ RunTime:0.000381s ]
INFO: [ app_begin ] --START--
INFO: Run Behavior\ReadHtmlCacheBehavior [ RunTime:0.000454s ]
SQL: SHOW COLUMNS FROM `ys_config` [ RunTime:0.0014s ]
SQL: SELECT * FROM `ys_config` WHERE `id` = 1 LIMIT 1   [ RunTime:0.0002s ]
INFO: Run Common\Behaviors\AppBeginBehavior [ RunTime:0.024653s ]
INFO: [ app_begin ] --END-- [ RunTime:0.025234s ]
NOTIC: [2048] Declaration of Module\Controller\ShopinController::store() should be compatible with Common\Controller\BaseController::store(Common\Controller\Model $model, $data, Closure $callback = NULL) /home/wwwroot/yishion/APP/Module/Controller/ShopinController.class.php 第 15 行.
SQL: SHOW COLUMNS FROM `ys_nav` [ RunTime:0.0008s ]
SQL: SELECT * FROM `ys_nav` ORDER BY order_number is null,order_number,id  [ RunTime:0.0002s ]
SQL: SHOW COLUMNS FROM `ys_project` [ RunTime:0.0004s ]
SQL: SELECT * FROM `ys_project`  [ RunTime:0.0001s ]
INFO: [ app_end ] --START--
INFO: Run Behavior\ShowPageTraceBehavior [ RunTime:0.000539s ]
INFO: [ app_end ] --END-- [ RunTime:0.000591s ]

[ 2017-09-23T09:59:24+08:00 ] 119.144.152.162 /Module/Shopin/store.html
INFO: [ app_init ] --START--
INFO: Run Behavior\BuildLiteBehavior [ RunTime:0.000019s ]
INFO: [ app_init ] --END-- [ RunTime:0.000403s ]
INFO: [ app_begin ] --START--
INFO: Run Behavior\ReadHtmlCacheBehavior [ RunTime:0.000714s ]
SQL: SHOW COLUMNS FROM `ys_config` [ RunTime:0.0008s ]
SQL: SELECT * FROM `ys_config` WHERE `id` = 1 LIMIT 1   [ RunTime:0.0001s ]
INFO: Run Common\Behaviors\AppBeginBehavior [ RunTime:0.047712s ]
INFO: [ app_begin ] --END-- [ RunTime:0.048574s ]
NOTIC: [2048] Declaration of Module\Controller\ShopinController::store() should be compatible with Common\Controller\BaseController::store(Common\Controller\Model $model, $data, Closure $callback = NULL) /home/wwwroot/yishion/APP/Module/Controller/ShopinController.class.php 第 15 行.
SQL: SHOW COLUMNS FROM `ys_nav` [ RunTime:0.0011s ]
SQL: SELECT * FROM `ys_nav` ORDER BY order_number is null,order_number,id  [ RunTime:0.0002s ]
SQL: SHOW COLUMNS FROM `ys_store` [ RunTime:0.0013s ]
NOTIC: [8] Undefined variable: data /home/wwwroot/yishion/APP/Module/Controller/ShopinController.class.php 第 37 行.
SQL: SELECT COUNT(*) AS tp_count FROM `ys_store` LIMIT 1   [ RunTime:0.0001s ]
SQL: SELECT * FROM `ys_store` ORDER BY id LIMIT 0,15   [ RunTime:0.0002s ]
SQL: SELECT DISTINCT  `larea` FROM `ys_store`  [ RunTime:0.0001s ]
INFO: [ view_parse ] --START--
INFO: [ template_filter ] --START--
INFO: Run Behavior\ContentReplaceBehavior [ RunTime:0.000074s ]
INFO: [ template_filter ] --END-- [ RunTime:0.000186s ]
INFO: Run Behavior\ParseTemplateBehavior [ RunTime:0.015754s ]
INFO: [ view_parse ] --END-- [ RunTime:0.015828s ]
INFO: [ view_filter ] --START--
INFO: Run Behavior\WriteHtmlCacheBehavior [ RunTime:0.000297s ]
INFO: Run Behavior\TokenBuildBehavior [ RunTime:0.000602s ]
INFO: [ view_filter ] --END-- [ RunTime:0.000981s ]
INFO: [ app_end ] --START--
INFO: Run Behavior\ShowPageTraceBehavior [ RunTime:0.000772s ]
INFO: [ app_end ] --END-- [ RunTime:0.000834s ]

