[ 2017-09-04T20:26:28+08:00 ] 113.79.14.178 /Module/Config/nav.html
INFO: [ app_init ] --START--
INFO: Run Behavior\BuildLiteBehavior [ RunTime:0.000028s ]
INFO: [ app_init ] --END-- [ RunTime:0.000575s ]
INFO: [ app_begin ] --START--
INFO: Run Behavior\ReadHtmlCacheBehavior [ RunTime:0.000669s ]
SQL: SHOW COLUMNS FROM `ys_config` [ RunTime:0.0008s ]
SQL: SELECT * FROM `ys_config` WHERE `id` = 1 LIMIT 1   [ RunTime:0.0002s ]
INFO: Run Common\Behaviors\AppBeginBehavior [ RunTime:0.026353s ]
INFO: [ app_begin ] --END-- [ RunTime:0.027165s ]
SQL: SHOW COLUMNS FROM `ys_nav` [ RunTime:0.0010s ]
SQL: SELECT * FROM `ys_nav` ORDER BY order_number is null,order_number,id  [ RunTime:0.0001s ]
SQL: SELECT * FROM `ys_nav` ORDER BY order_number is null,order_number,id  [ RunTime:0.0001s ]
INFO: [ view_parse ] --START--
INFO: [ template_filter ] --START--
INFO: Run Behavior\ContentReplaceBehavior [ RunTime:0.000101s ]
INFO: [ template_filter ] --END-- [ RunTime:0.000285s ]
INFO: Run Behavior\ParseTemplateBehavior [ RunTime:0.016382s ]
INFO: [ view_parse ] --END-- [ RunTime:0.016477s ]
INFO: [ view_filter ] --START--
INFO: Run Behavior\WriteHtmlCacheBehavior [ RunTime:0.000381s ]
INFO: Run Behavior\TokenBuildBehavior [ RunTime:0.000945s ]
INFO: [ view_filter ] --END-- [ RunTime:0.001456s ]
INFO: [ app_end ] --START--
INFO: Run Behavior\ShowPageTraceBehavior [ RunTime:0.001023s ]
INFO: [ app_end ] --END-- [ RunTime:0.001131s ]

[ 2017-09-04T20:26:30+08:00 ] 113.79.14.178 /Module/Public/js/util.js
INFO: [ app_init ] --START--
INFO: Run Behavior\BuildLiteBehavior [ RunTime:0.000030s ]
INFO: [ app_init ] --END-- [ RunTime:0.000656s ]
INFO: [ app_begin ] --START--
INFO: Run Behavior\ReadHtmlCacheBehavior [ RunTime:0.000727s ]
SQL: SHOW COLUMNS FROM `ys_config` [ RunTime:0.0009s ]
SQL: SELECT * FROM `ys_config` WHERE `id` = 1 LIMIT 1   [ RunTime:0.0002s ]
INFO: Run Common\Behaviors\AppBeginBehavior [ RunTime:0.074905s ]
INFO: [ app_begin ] --END-- [ RunTime:0.077236s ]
ERR: 无法加载控制器:Public

[ 2017-09-04T20:26:30+08:00 ] 113.79.14.178 /Module/Public/js/underscore.js
INFO: [ app_init ] --START--
INFO: Run Behavior\BuildLiteBehavior [ RunTime:0.000056s ]
INFO: [ app_init ] --END-- [ RunTime:0.000772s ]
INFO: [ app_begin ] --START--
INFO: Run Behavior\ReadHtmlCacheBehavior [ RunTime:0.004034s ]
SQL: SHOW COLUMNS FROM `ys_config` [ RunTime:0.0008s ]
SQL: SELECT * FROM `ys_config` WHERE `id` = 1 LIMIT 1   [ RunTime:0.0001s ]
INFO: Run Common\Behaviors\AppBeginBehavior [ RunTime:0.056639s ]
INFO: [ app_begin ] --END-- [ RunTime:0.060906s ]
ERR: 无法加载控制器:Public

[ 2017-09-04T20:42:17+08:00 ] 113.79.14.178 /Module/Config/nav.html
INFO: [ app_init ] --START--
INFO: Run Behavior\BuildLiteBehavior [ RunTime:0.000028s ]
INFO: [ app_init ] --END-- [ RunTime:0.000683s ]
INFO: [ app_begin ] --START--
INFO: Run Behavior\ReadHtmlCacheBehavior [ RunTime:0.000798s ]
SQL: SHOW COLUMNS FROM `ys_config` [ RunTime:0.0010s ]
SQL: SELECT * FROM `ys_config` WHERE `id` = 1 LIMIT 1   [ RunTime:0.0002s ]
INFO: Run Common\Behaviors\AppBeginBehavior [ RunTime:0.068286s ]
INFO: [ app_begin ] --END-- [ RunTime:0.069280s ]
SQL: SHOW COLUMNS FROM `ys_nav` [ RunTime:0.0011s ]
SQL: SELECT * FROM `ys_nav` ORDER BY order_number is null,order_number,id  [ RunTime:0.0002s ]
SQL: SELECT * FROM `ys_nav` ORDER BY order_number is null,order_number,id  [ RunTime:0.0002s ]
INFO: [ view_parse ] --START--
INFO: [ template_filter ] --START--
INFO: Run Behavior\ContentReplaceBehavior [ RunTime:0.000281s ]
INFO: [ template_filter ] --END-- [ RunTime:0.000412s ]
INFO: Run Behavior\ParseTemplateBehavior [ RunTime:0.017344s ]
INFO: [ view_parse ] --END-- [ RunTime:0.017443s ]
INFO: [ view_filter ] --START--
INFO: Run Behavior\WriteHtmlCacheBehavior [ RunTime:0.000608s ]
INFO: Run Behavior\TokenBuildBehavior [ RunTime:0.000850s ]
INFO: [ view_filter ] --END-- [ RunTime:0.001580s ]
INFO: [ app_end ] --START--
INFO: Run Behavior\ShowPageTraceBehavior [ RunTime:0.001161s ]
INFO: [ app_end ] --END-- [ RunTime:0.001272s ]

[ 2017-09-04T20:42:18+08:00 ] 113.79.14.178 /Module/Config/util.js
INFO: [ app_init ] --START--
INFO: Run Behavior\BuildLiteBehavior [ RunTime:0.000044s ]
INFO: [ app_init ] --END-- [ RunTime:0.000632s ]
INFO: [ app_begin ] --START--
INFO: Run Behavior\ReadHtmlCacheBehavior [ RunTime:0.004088s ]
SQL: SHOW COLUMNS FROM `ys_config` [ RunTime:0.0010s ]
SQL: SELECT * FROM `ys_config` WHERE `id` = 1 LIMIT 1   [ RunTime:0.0003s ]
INFO: Run Common\Behaviors\AppBeginBehavior [ RunTime:0.074090s ]
INFO: [ app_begin ] --END-- [ RunTime:0.078405s ]
SQL: SHOW COLUMNS FROM `ys_nav` [ RunTime:0.0019s ]
SQL: SELECT * FROM `ys_nav` ORDER BY order_number is null,order_number,id  [ RunTime:0.0002s ]
ERR: 非法操作:util.js

[ 2017-09-04T20:42:18+08:00 ] 113.79.14.178 /Module/Config/underscore.js
INFO: [ app_init ] --START--
INFO: Run Behavior\BuildLiteBehavior [ RunTime:0.000017s ]
INFO: [ app_init ] --END-- [ RunTime:0.000451s ]
INFO: [ app_begin ] --START--
INFO: Run Behavior\ReadHtmlCacheBehavior [ RunTime:0.003922s ]
SQL: SHOW COLUMNS FROM `ys_config` [ RunTime:0.0011s ]
SQL: SELECT * FROM `ys_config` WHERE `id` = 1 LIMIT 1   [ RunTime:0.0003s ]
INFO: Run Common\Behaviors\AppBeginBehavior [ RunTime:0.070037s ]
INFO: [ app_begin ] --END-- [ RunTime:0.074278s ]
SQL: SHOW COLUMNS FROM `ys_nav` [ RunTime:0.0010s ]
SQL: SELECT * FROM `ys_nav` ORDER BY order_number is null,order_number,id  [ RunTime:0.0002s ]
ERR: 非法操作:underscore.js

[ 2017-09-04T20:58:26+08:00 ] 113.79.14.178 /Module/Rule/rule.html
INFO: [ app_init ] --START--
INFO: Run Behavior\BuildLiteBehavior [ RunTime:0.000015s ]
INFO: [ app_init ] --END-- [ RunTime:0.000423s ]
INFO: [ app_begin ] --START--
INFO: Run Behavior\ReadHtmlCacheBehavior [ RunTime:0.000478s ]
SQL: SHOW COLUMNS FROM `ys_config` [ RunTime:0.0008s ]
SQL: SELECT * FROM `ys_config` WHERE `id` = 1 LIMIT 1   [ RunTime:0.0001s ]
INFO: Run Common\Behaviors\AppBeginBehavior [ RunTime:0.021802s ]
INFO: [ app_begin ] --END-- [ RunTime:0.022381s ]
SQL: SHOW COLUMNS FROM `ys_nav` [ RunTime:0.0007s ]
SQL: SELECT * FROM `ys_nav` ORDER BY order_number is null,order_number,id  [ RunTime:0.0001s ]
SQL: SHOW COLUMNS FROM `ys_auth_rule` [ RunTime:0.0005s ]
SQL: SELECT * FROM `ys_auth_rule` ORDER BY id is null,id  [ RunTime:0.0001s ]
INFO: [ view_parse ] --START--
INFO: [ template_filter ] --START--
INFO: Run Behavior\ContentReplaceBehavior [ RunTime:0.000085s ]
INFO: [ template_filter ] --END-- [ RunTime:0.000188s ]
INFO: Run Behavior\ParseTemplateBehavior [ RunTime:0.010009s ]
INFO: [ view_parse ] --END-- [ RunTime:0.010058s ]
INFO: [ view_filter ] --START--
INFO: Run Behavior\WriteHtmlCacheBehavior [ RunTime:0.000292s ]
INFO: Run Behavior\TokenBuildBehavior [ RunTime:0.000815s ]
INFO: [ view_filter ] --END-- [ RunTime:0.001198s ]
INFO: [ app_end ] --START--
INFO: Run Behavior\ShowPageTraceBehavior [ RunTime:0.000489s ]
INFO: [ app_end ] --END-- [ RunTime:0.000537s ]

[ 2017-09-04T20:59:22+08:00 ] 113.79.14.178 /Module/Config/nav.html
INFO: [ app_init ] --START--
INFO: Run Behavior\BuildLiteBehavior [ RunTime:0.000025s ]
INFO: [ app_init ] --END-- [ RunTime:0.000583s ]
INFO: [ app_begin ] --START--
INFO: Run Behavior\ReadHtmlCacheBehavior [ RunTime:0.000762s ]
SQL: SHOW COLUMNS FROM `ys_config` [ RunTime:0.0008s ]
SQL: SELECT * FROM `ys_config` WHERE `id` = 1 LIMIT 1   [ RunTime:0.0002s ]
INFO: Run Common\Behaviors\AppBeginBehavior [ RunTime:0.032118s ]
INFO: [ app_begin ] --END-- [ RunTime:0.033040s ]
SQL: SHOW COLUMNS FROM `ys_nav` [ RunTime:0.0009s ]
SQL: SELECT * FROM `ys_nav` ORDER BY order_number is null,order_number,id  [ RunTime:0.0002s ]
SQL: SELECT * FROM `ys_nav` ORDER BY order_number is null,order_number,id  [ RunTime:0.0002s ]
INFO: [ view_parse ] --START--
INFO: [ template_filter ] --START--
INFO: Run Behavior\ContentReplaceBehavior [ RunTime:0.000088s ]
INFO: [ template_filter ] --END-- [ RunTime:0.000223s ]
INFO: Run Behavior\ParseTemplateBehavior [ RunTime:0.016316s ]
INFO: [ view_parse ] --END-- [ RunTime:0.016418s ]
INFO: [ view_filter ] --START--
INFO: Run Behavior\WriteHtmlCacheBehavior [ RunTime:0.000440s ]
INFO: Run Behavior\TokenBuildBehavior [ RunTime:0.000780s ]
INFO: [ view_filter ] --END-- [ RunTime:0.001325s ]
INFO: [ app_end ] --START--
INFO: Run Behavior\ShowPageTraceBehavior [ RunTime:0.000842s ]
INFO: [ app_end ] --END-- [ RunTime:0.000932s ]

[ 2017-09-04T20:59:23+08:00 ] 113.79.14.178 /Module/Config/set.html
INFO: [ app_init ] --START--
INFO: Run Behavior\BuildLiteBehavior [ RunTime:0.000018s ]
INFO: [ app_init ] --END-- [ RunTime:0.000398s ]
INFO: [ app_begin ] --START--
INFO: Run Behavior\ReadHtmlCacheBehavior [ RunTime:0.000507s ]
SQL: SHOW COLUMNS FROM `ys_config` [ RunTime:0.0007s ]
SQL: SELECT * FROM `ys_config` WHERE `id` = 1 LIMIT 1   [ RunTime:0.0001s ]
INFO: Run Common\Behaviors\AppBeginBehavior [ RunTime:0.023039s ]
INFO: [ app_begin ] --END-- [ RunTime:0.023670s ]
SQL: SHOW COLUMNS FROM `ys_nav` [ RunTime:0.0008s ]
SQL: SELECT * FROM `ys_nav` ORDER BY order_number is null,order_number,id  [ RunTime:0.0001s ]
SQL: SELECT * FROM `ys_config` WHERE `id` = 1 LIMIT 1   [ RunTime:0.0001s ]
INFO: [ view_parse ] --START--
INFO: [ template_filter ] --START--
INFO: Run Behavior\ContentReplaceBehavior [ RunTime:0.000059s ]
INFO: [ template_filter ] --END-- [ RunTime:0.000126s ]
INFO: Run Behavior\ParseTemplateBehavior [ RunTime:0.006468s ]
INFO: [ view_parse ] --END-- [ RunTime:0.006519s ]
INFO: [ view_filter ] --START--
INFO: Run Behavior\WriteHtmlCacheBehavior [ RunTime:0.000292s ]
INFO: Run Behavior\TokenBuildBehavior [ RunTime:0.000386s ]
INFO: [ view_filter ] --END-- [ RunTime:0.000796s ]
INFO: [ app_end ] --START--
INFO: Run Behavior\ShowPageTraceBehavior [ RunTime:0.000621s ]
INFO: [ app_end ] --END-- [ RunTime:0.000684s ]

[ 2017-09-04T20:59:25+08:00 ] 113.79.14.178 /Module/Config/wset.html
INFO: [ app_init ] --START--
INFO: Run Behavior\BuildLiteBehavior [ RunTime:0.000031s ]
INFO: [ app_init ] --END-- [ RunTime:0.000597s ]
INFO: [ app_begin ] --START--
INFO: Run Behavior\ReadHtmlCacheBehavior [ RunTime:0.000623s ]
SQL: SHOW COLUMNS FROM `ys_config` [ RunTime:0.0009s ]
SQL: SELECT * FROM `ys_config` WHERE `id` = 1 LIMIT 1   [ RunTime:0.0001s ]
INFO: Run Common\Behaviors\AppBeginBehavior [ RunTime:0.026458s ]
INFO: [ app_begin ] --END-- [ RunTime:0.027215s ]
SQL: SHOW COLUMNS FROM `ys_nav` [ RunTime:0.0008s ]
SQL: SELECT * FROM `ys_nav` ORDER BY order_number is null,order_number,id  [ RunTime:0.0001s ]
SQL: SELECT * FROM `ys_config` WHERE `id` = 1 LIMIT 1   [ RunTime:0.0002s ]
INFO: [ view_parse ] --START--
INFO: [ template_filter ] --START--
INFO: Run Behavior\ContentReplaceBehavior [ RunTime:0.000077s ]
INFO: [ template_filter ] --END-- [ RunTime:0.000175s ]
INFO: Run Behavior\ParseTemplateBehavior [ RunTime:0.009710s ]
INFO: [ view_parse ] --END-- [ RunTime:0.009783s ]
INFO: [ view_filter ] --START--
INFO: Run Behavior\WriteHtmlCacheBehavior [ RunTime:0.000343s ]
INFO: Run Behavior\TokenBuildBehavior [ RunTime:0.000596s ]
INFO: [ view_filter ] --END-- [ RunTime:0.001038s ]
INFO: [ app_end ] --START--
INFO: Run Behavior\ShowPageTraceBehavior [ RunTime:0.000767s ]
INFO: [ app_end ] --END-- [ RunTime:0.000835s ]

[ 2017-09-04T20:59:27+08:00 ] 113.79.14.178 /Module/Config/log.html
INFO: [ app_init ] --START--
INFO: Run Behavior\BuildLiteBehavior [ RunTime:0.000023s ]
INFO: [ app_init ] --END-- [ RunTime:0.000542s ]
INFO: [ app_begin ] --START--
INFO: Run Behavior\ReadHtmlCacheBehavior [ RunTime:0.000729s ]
SQL: SHOW COLUMNS FROM `ys_config` [ RunTime:0.0007s ]
SQL: SELECT * FROM `ys_config` WHERE `id` = 1 LIMIT 1   [ RunTime:0.0001s ]
INFO: Run Common\Behaviors\AppBeginBehavior [ RunTime:0.027025s ]
INFO: [ app_begin ] --END-- [ RunTime:0.027904s ]
SQL: SHOW COLUMNS FROM `ys_nav` [ RunTime:0.0010s ]
SQL: SELECT * FROM `ys_nav` ORDER BY order_number is null,order_number,id  [ RunTime:0.0002s ]
SQL: SHOW COLUMNS FROM `ys_log` [ RunTime:0.0010s ]
NOTIC: [8] Undefined variable: where /home/wwwroot/yishion/APP/Module/Controller/ConfigController.class.php 第 100 行.
SQL: SELECT COUNT(*) AS tp_count FROM `ys_log` LIMIT 1   [ RunTime:0.0005s ]
SQL: SELECT * FROM `ys_log` ORDER BY id desc LIMIT 0,14   [ RunTime:0.0014s ]
INFO: [ view_parse ] --START--
INFO: [ template_filter ] --START--
INFO: Run Behavior\ContentReplaceBehavior [ RunTime:0.000067s ]
INFO: [ template_filter ] --END-- [ RunTime:0.000166s ]
NOTIC: [8] Undefined variable: name /home/wwwroot/yishion/Runtime/Cache/Module/1463ba93c5327f12cfc2e0f102153bd5.php 第 41 行.
INFO: Run Behavior\ParseTemplateBehavior [ RunTime:0.011898s ]
INFO: [ view_parse ] --END-- [ RunTime:0.011985s ]
INFO: [ view_filter ] --START--
INFO: Run Behavior\WriteHtmlCacheBehavior [ RunTime:0.000368s ]
INFO: Run Behavior\TokenBuildBehavior [ RunTime:0.000596s ]
INFO: [ view_filter ] --END-- [ RunTime:0.001082s ]
INFO: [ app_end ] --START--
INFO: Run Behavior\ShowPageTraceBehavior [ RunTime:0.000765s ]
INFO: [ app_end ] --END-- [ RunTime:0.000835s ]

[ 2017-09-04T20:59:30+08:00 ] 113.79.14.178 /Module/Config/wset.html
INFO: [ app_init ] --START--
INFO: Run Behavior\BuildLiteBehavior [ RunTime:0.000036s ]
INFO: [ app_init ] --END-- [ RunTime:0.000786s ]
INFO: [ app_begin ] --START--
INFO: Run Behavior\ReadHtmlCacheBehavior [ RunTime:0.000924s ]
SQL: SHOW COLUMNS FROM `ys_config` [ RunTime:0.0012s ]
SQL: SELECT * FROM `ys_config` WHERE `id` = 1 LIMIT 1   [ RunTime:0.0002s ]
INFO: Run Common\Behaviors\AppBeginBehavior [ RunTime:0.036362s ]
INFO: [ app_begin ] --END-- [ RunTime:0.037481s ]
SQL: SHOW COLUMNS FROM `ys_nav` [ RunTime:0.0017s ]
SQL: SELECT * FROM `ys_nav` ORDER BY order_number is null,order_number,id  [ RunTime:0.0002s ]
SQL: SELECT * FROM `ys_config` WHERE `id` = 1 LIMIT 1   [ RunTime:0.0002s ]
INFO: [ view_parse ] --START--
INFO: [ template_filter ] --START--
INFO: Run Behavior\ContentReplaceBehavior [ RunTime:0.000066s ]
INFO: [ template_filter ] --END-- [ RunTime:0.000168s ]
INFO: Run Behavior\ParseTemplateBehavior [ RunTime:0.008631s ]
INFO: [ view_parse ] --END-- [ RunTime:0.008687s ]
INFO: [ view_filter ] --START--
INFO: Run Behavior\WriteHtmlCacheBehavior [ RunTime:0.000309s ]
INFO: Run Behavior\TokenBuildBehavior [ RunTime:0.000530s ]
INFO: [ view_filter ] --END-- [ RunTime:0.000923s ]
INFO: [ app_end ] --START--
INFO: Run Behavior\ShowPageTraceBehavior [ RunTime:0.000679s ]
INFO: [ app_end ] --END-- [ RunTime:0.000768s ]

[ 2017-09-04T20:59:33+08:00 ] 113.79.14.178 /Module/Config/log.html
INFO: [ app_init ] --START--
INFO: Run Behavior\BuildLiteBehavior [ RunTime:0.000029s ]
INFO: [ app_init ] --END-- [ RunTime:0.000592s ]
INFO: [ app_begin ] --START--
INFO: Run Behavior\ReadHtmlCacheBehavior [ RunTime:0.000575s ]
SQL: SHOW COLUMNS FROM `ys_config` [ RunTime:0.0007s ]
SQL: SELECT * FROM `ys_config` WHERE `id` = 1 LIMIT 1   [ RunTime:0.0002s ]
INFO: Run Common\Behaviors\AppBeginBehavior [ RunTime:0.025581s ]
INFO: [ app_begin ] --END-- [ RunTime:0.026296s ]
SQL: SHOW COLUMNS FROM `ys_nav` [ RunTime:0.0008s ]
SQL: SELECT * FROM `ys_nav` ORDER BY order_number is null,order_number,id  [ RunTime:0.0001s ]
SQL: SHOW COLUMNS FROM `ys_log` [ RunTime:0.0007s ]
NOTIC: [8] Undefined variable: where /home/wwwroot/yishion/APP/Module/Controller/ConfigController.class.php 第 100 行.
SQL: SELECT COUNT(*) AS tp_count FROM `ys_log` LIMIT 1   [ RunTime:0.0001s ]
SQL: SELECT * FROM `ys_log` ORDER BY id desc LIMIT 0,14   [ RunTime:0.0001s ]
INFO: [ view_parse ] --START--
INFO: [ template_filter ] --START--
INFO: Run Behavior\ContentReplaceBehavior [ RunTime:0.000093s ]
INFO: [ template_filter ] --END-- [ RunTime:0.000198s ]
NOTIC: [8] Undefined variable: name /home/wwwroot/yishion/Runtime/Cache/Module/1463ba93c5327f12cfc2e0f102153bd5.php 第 41 行.
INFO: Run Behavior\ParseTemplateBehavior [ RunTime:0.008130s ]
INFO: [ view_parse ] --END-- [ RunTime:0.008181s ]
INFO: [ view_filter ] --START--
INFO: Run Behavior\WriteHtmlCacheBehavior [ RunTime:0.000242s ]
INFO: Run Behavior\TokenBuildBehavior [ RunTime:0.000559s ]
INFO: [ view_filter ] --END-- [ RunTime:0.000883s ]
INFO: [ app_end ] --START--
INFO: Run Behavior\ShowPageTraceBehavior [ RunTime:0.000526s ]
INFO: [ app_end ] --END-- [ RunTime:0.000598s ]

[ 2017-09-04T20:59:37+08:00 ] 113.79.14.178 /Module/People/mail.html
INFO: [ app_init ] --START--
INFO: Run Behavior\BuildLiteBehavior [ RunTime:0.000019s ]
INFO: [ app_init ] --END-- [ RunTime:0.000559s ]
INFO: [ app_begin ] --START--
INFO: Run Behavior\ReadHtmlCacheBehavior [ RunTime:0.000657s ]
SQL: SHOW COLUMNS FROM `ys_config` [ RunTime:0.0008s ]
SQL: SELECT * FROM `ys_config` WHERE `id` = 1 LIMIT 1   [ RunTime:0.0001s ]
INFO: Run Common\Behaviors\AppBeginBehavior [ RunTime:0.027164s ]
INFO: [ app_begin ] --END-- [ RunTime:0.027965s ]
SQL: SHOW COLUMNS FROM `ys_nav` [ RunTime:0.0010s ]
SQL: SELECT * FROM `ys_nav` ORDER BY order_number is null,order_number,id  [ RunTime:0.0002s ]
INFO: [ view_parse ] --START--
INFO: [ template_filter ] --START--
INFO: Run Behavior\ContentReplaceBehavior [ RunTime:0.000057s ]
INFO: [ template_filter ] --END-- [ RunTime:0.000137s ]
INFO: Run Behavior\ParseTemplateBehavior [ RunTime:0.008759s ]
INFO: [ view_parse ] --END-- [ RunTime:0.008830s ]
INFO: [ view_filter ] --START--
INFO: Run Behavior\WriteHtmlCacheBehavior [ RunTime:0.000349s ]
INFO: Run Behavior\TokenBuildBehavior [ RunTime:0.000469s ]
INFO: [ view_filter ] --END-- [ RunTime:0.000907s ]
INFO: [ app_end ] --START--
INFO: Run Behavior\ShowPageTraceBehavior [ RunTime:0.000637s ]
INFO: [ app_end ] --END-- [ RunTime:0.000688s ]

[ 2017-09-04T20:59:38+08:00 ] 113.79.14.178 /Module/People/depa.html
INFO: [ app_init ] --START--
INFO: Run Behavior\BuildLiteBehavior [ RunTime:0.000019s ]
INFO: [ app_init ] --END-- [ RunTime:0.000685s ]
INFO: [ app_begin ] --START--
INFO: Run Behavior\ReadHtmlCacheBehavior [ RunTime:0.000626s ]
SQL: SHOW COLUMNS FROM `ys_config` [ RunTime:0.0009s ]
SQL: SELECT * FROM `ys_config` WHERE `id` = 1 LIMIT 1   [ RunTime:0.0002s ]
INFO: Run Common\Behaviors\AppBeginBehavior [ RunTime:0.026317s ]
INFO: [ app_begin ] --END-- [ RunTime:0.027081s ]
SQL: SHOW COLUMNS FROM `ys_nav` [ RunTime:0.0010s ]
SQL: SELECT * FROM `ys_nav` ORDER BY order_number is null,order_number,id  [ RunTime:0.0002s ]
SQL: SHOW COLUMNS FROM `ys_mail` [ RunTime:0.0008s ]
SQL: SELECT * FROM `ys_mail` WHERE `id` = 1 LIMIT 1   [ RunTime:0.0004s ]
INFO: [ app_end ] --START--
INFO: Run Behavior\ShowPageTraceBehavior [ RunTime:0.000710s ]
INFO: [ app_end ] --END-- [ RunTime:0.000795s ]

