[ 2017-10-16T08:28:10+08:00 ] 113.79.14.52 /Module/Vote/designer.html
INFO: [ app_init ] --START--
INFO: Run Behavior\BuildLiteBehavior [ RunTime:0.000022s ]
INFO: [ app_init ] --END-- [ RunTime:0.000503s ]
INFO: [ app_begin ] --START--
INFO: Run Behavior\ReadHtmlCacheBehavior [ RunTime:0.000939s ]
SQL: SHOW COLUMNS FROM `ys_config` [ RunTime:0.0027s ]
SQL: SELECT * FROM `ys_config` WHERE `id` = 1 LIMIT 1   [ RunTime:0.0001s ]
INFO: Run Common\Behaviors\AppBeginBehavior [ RunTime:0.018211s ]
INFO: [ app_begin ] --END-- [ RunTime:0.019327s ]
SQL: SHOW COLUMNS FROM `ys_nav` [ RunTime:0.0010s ]
SQL: SELECT * FROM `ys_nav` ORDER BY order_number is null,order_number,id  [ RunTime:0.0001s ]
INFO: [ view_parse ] --START--
INFO: [ template_filter ] --START--
INFO: Run Behavior\ContentReplaceBehavior [ RunTime:0.000106s ]
INFO: [ template_filter ] --END-- [ RunTime:0.000228s ]
INFO: Run Behavior\ParseTemplateBehavior [ RunTime:0.025328s ]
INFO: [ view_parse ] --END-- [ RunTime:0.025495s ]
INFO: [ view_filter ] --START--
INFO: Run Behavior\WriteHtmlCacheBehavior [ RunTime:0.000618s ]
INFO: Run Behavior\TokenBuildBehavior [ RunTime:0.001157s ]
INFO: [ view_filter ] --END-- [ RunTime:0.001902s ]
INFO: [ app_end ] --START--
INFO: Run Behavior\ShowPageTraceBehavior [ RunTime:0.000864s ]
INFO: [ app_end ] --END-- [ RunTime:0.000950s ]

[ 2017-10-16T08:28:11+08:00 ] 113.79.14.52 /Module/Vote/get_pi.html
INFO: [ app_init ] --START--
INFO: Run Behavior\BuildLiteBehavior [ RunTime:0.000023s ]
INFO: [ app_init ] --END-- [ RunTime:0.000641s ]
INFO: [ app_begin ] --START--
INFO: Run Behavior\ReadHtmlCacheBehavior [ RunTime:0.000646s ]
SQL: SHOW COLUMNS FROM `ys_config` [ RunTime:0.0008s ]
SQL: SELECT * FROM `ys_config` WHERE `id` = 1 LIMIT 1   [ RunTime:0.0002s ]
INFO: Run Common\Behaviors\AppBeginBehavior [ RunTime:0.013434s ]
INFO: [ app_begin ] --END-- [ RunTime:0.014204s ]
SQL: SHOW COLUMNS FROM `ys_nav` [ RunTime:0.0009s ]
SQL: SELECT * FROM `ys_nav` ORDER BY order_number is null,order_number,id  [ RunTime:0.0002s ]
NOTIC: [2048] Declaration of Common\Model\VoteQuickItemModel::data() should be compatible with Think\Model::data($data = '') /home/wwwroot/yishion/APP/Common/Model/VoteQuickItemModel.class.php 第 14 行.
SQL: SHOW COLUMNS FROM `ys_vote_quick_item` [ RunTime:0.0009s ]
NOTIC: [8] Undefined variable: where /home/wwwroot/yishion/APP/Module/Controller/VoteController.class.php 第 402 行.
SQL: SELECT * FROM `ys_vote_quick_item` GROUP BY uid,pid ORDER BY id  [ RunTime:0.0036s ]
SQL: SHOW COLUMNS FROM `ys_vote_quick_title` [ RunTime:0.0008s ]
SQL: SELECT * FROM `ys_vote_quick_title` WHERE `uid` = 1 AND `preid` = '冬季第三批' LIMIT 1   [ RunTime:0.0002s ]
SQL: SELECT * FROM `ys_vote_quick_title` WHERE `uid` = 4 AND `preid` = '夏季第三批' LIMIT 1   [ RunTime:0.0002s ]
SQL: SELECT * FROM `ys_vote_quick_title` WHERE `uid` = 1 AND `preid` = 'T季第三批' LIMIT 1   [ RunTime:0.0002s ]
SQL: SELECT * FROM `ys_vote_quick_title` WHERE `uid` = 5 AND `preid` = 'G季第三批' LIMIT 1   [ RunTime:0.0002s ]
INFO: [ app_end ] --START--
INFO: Run Behavior\ShowPageTraceBehavior [ RunTime:0.001043s ]
INFO: [ app_end ] --END-- [ RunTime:0.001117s ]

[ 2017-10-16T08:28:12+08:00 ] 113.79.14.52 /Module/Vote/designer.html
INFO: [ app_init ] --START--
INFO: Run Behavior\BuildLiteBehavior [ RunTime:0.000020s ]
INFO: [ app_init ] --END-- [ RunTime:0.000510s ]
INFO: [ app_begin ] --START--
INFO: Run Behavior\ReadHtmlCacheBehavior [ RunTime:0.000886s ]
SQL: SHOW COLUMNS FROM `ys_config` [ RunTime:0.0008s ]
SQL: SELECT * FROM `ys_config` WHERE `id` = 1 LIMIT 1   [ RunTime:0.0001s ]
INFO: Run Common\Behaviors\AppBeginBehavior [ RunTime:0.020165s ]
INFO: [ app_begin ] --END-- [ RunTime:0.021164s ]
SQL: SHOW COLUMNS FROM `ys_nav` [ RunTime:0.0006s ]
SQL: SELECT * FROM `ys_nav` ORDER BY order_number is null,order_number,id  [ RunTime:0.0001s ]
INFO: [ view_parse ] --START--
INFO: [ template_filter ] --START--
INFO: Run Behavior\ContentReplaceBehavior [ RunTime:0.000349s ]
INFO: [ template_filter ] --END-- [ RunTime:0.000435s ]
INFO: Run Behavior\ParseTemplateBehavior [ RunTime:0.018054s ]
INFO: [ view_parse ] --END-- [ RunTime:0.018150s ]
INFO: [ view_filter ] --START--
INFO: Run Behavior\WriteHtmlCacheBehavior [ RunTime:0.000274s ]
INFO: Run Behavior\TokenBuildBehavior [ RunTime:0.000442s ]
INFO: [ view_filter ] --END-- [ RunTime:0.000815s ]
INFO: [ app_end ] --START--
INFO: Run Behavior\ShowPageTraceBehavior [ RunTime:0.001345s ]
INFO: [ app_end ] --END-- [ RunTime:0.001410s ]

[ 2017-10-16T08:28:13+08:00 ] 113.79.14.52 /Module/Vote/get_pi.html
INFO: [ app_init ] --START--
INFO: Run Behavior\BuildLiteBehavior [ RunTime:0.000018s ]
INFO: [ app_init ] --END-- [ RunTime:0.000529s ]
INFO: [ app_begin ] --START--
INFO: Run Behavior\ReadHtmlCacheBehavior [ RunTime:0.000628s ]
SQL: SHOW COLUMNS FROM `ys_config` [ RunTime:0.0007s ]
SQL: SELECT * FROM `ys_config` WHERE `id` = 1 LIMIT 1   [ RunTime:0.0001s ]
INFO: Run Common\Behaviors\AppBeginBehavior [ RunTime:0.018524s ]
INFO: [ app_begin ] --END-- [ RunTime:0.019259s ]
SQL: SHOW COLUMNS FROM `ys_nav` [ RunTime:0.0008s ]
SQL: SELECT * FROM `ys_nav` ORDER BY order_number is null,order_number,id  [ RunTime:0.0003s ]
NOTIC: [2048] Declaration of Common\Model\VoteQuickItemModel::data() should be compatible with Think\Model::data($data = '') /home/wwwroot/yishion/APP/Common/Model/VoteQuickItemModel.class.php 第 14 行.
SQL: SHOW COLUMNS FROM `ys_vote_quick_item` [ RunTime:0.0011s ]
NOTIC: [8] Undefined variable: where /home/wwwroot/yishion/APP/Module/Controller/VoteController.class.php 第 402 行.
SQL: SELECT * FROM `ys_vote_quick_item` GROUP BY uid,pid ORDER BY id  [ RunTime:0.0001s ]
SQL: SHOW COLUMNS FROM `ys_vote_quick_title` [ RunTime:0.0005s ]
SQL: SELECT * FROM `ys_vote_quick_title` WHERE `uid` = 1 AND `preid` = '冬季第三批' LIMIT 1   [ RunTime:0.0001s ]
SQL: SELECT * FROM `ys_vote_quick_title` WHERE `uid` = 4 AND `preid` = '夏季第三批' LIMIT 1   [ RunTime:0.0001s ]
SQL: SELECT * FROM `ys_vote_quick_title` WHERE `uid` = 1 AND `preid` = 'T季第三批' LIMIT 1   [ RunTime:0.0001s ]
SQL: SELECT * FROM `ys_vote_quick_title` WHERE `uid` = 5 AND `preid` = 'G季第三批' LIMIT 1   [ RunTime:0.0001s ]
INFO: [ app_end ] --START--
INFO: Run Behavior\ShowPageTraceBehavior [ RunTime:0.000995s ]
INFO: [ app_end ] --END-- [ RunTime:0.001049s ]

[ 2017-10-16T08:28:20+08:00 ] 113.79.14.52 /Module/Vote/get_designer.html?desh=teebox-10%E6%9C%88%E7%AC%AC1%E6%AC%A1%E5%BF%AB%E5%8D%95%E6%8A%95%E7%A5%A8
INFO: [ app_init ] --START--
INFO: Run Behavior\BuildLiteBehavior [ RunTime:0.000028s ]
INFO: [ app_init ] --END-- [ RunTime:0.000652s ]
INFO: [ app_begin ] --START--
INFO: Run Behavior\ReadHtmlCacheBehavior [ RunTime:0.000825s ]
SQL: SHOW COLUMNS FROM `ys_config` [ RunTime:0.0008s ]
SQL: SELECT * FROM `ys_config` WHERE `id` = 1 LIMIT 1   [ RunTime:0.0002s ]
INFO: Run Common\Behaviors\AppBeginBehavior [ RunTime:0.016964s ]
INFO: [ app_begin ] --END-- [ RunTime:0.017910s ]
SQL: SHOW COLUMNS FROM `ys_nav` [ RunTime:0.0010s ]
SQL: SELECT * FROM `ys_nav` ORDER BY order_number is null,order_number,id  [ RunTime:0.0002s ]
SQL: SHOW COLUMNS FROM `ys_vote_quick_title` [ RunTime:0.0009s ]
SQL: SELECT `preid` FROM `ys_vote_quick_title` WHERE `title` = 'teebox-10月第1次快单投票' LIMIT 1   [ RunTime:0.0007s ]
NOTIC: [2048] Declaration of Common\Model\VoteQuickItemModel::data() should be compatible with Think\Model::data($data = '') /home/wwwroot/yishion/APP/Common/Model/VoteQuickItemModel.class.php 第 14 行.
SQL: SHOW COLUMNS FROM `ys_vote_quick_item` [ RunTime:0.0009s ]
SQL: SELECT `designer` FROM `ys_vote_quick_item` WHERE `pid` = 'T季第三批' GROUP BY designer  [ RunTime:0.0010s ]
INFO: [ app_end ] --START--
INFO: Run Behavior\ShowPageTraceBehavior [ RunTime:0.001215s ]
INFO: [ app_end ] --END-- [ RunTime:0.001327s ]

[ 2017-10-16T08:28:23+08:00 ] 113.79.14.52 /Module/Vote/get_desit.html?des=%E5%8F%B6%E5%B0%8F%E5%AE%B9&pi=teebox-10%E6%9C%88%E7%AC%AC1%E6%AC%A1%E5%BF%AB%E5%8D%95%E6%8A%95%E7%A5%A8
INFO: [ app_init ] --START--
INFO: Run Behavior\BuildLiteBehavior [ RunTime:0.000021s ]
INFO: [ app_init ] --END-- [ RunTime:0.000506s ]
INFO: [ app_begin ] --START--
INFO: Run Behavior\ReadHtmlCacheBehavior [ RunTime:0.000607s ]
SQL: SHOW COLUMNS FROM `ys_config` [ RunTime:0.0006s ]
SQL: SELECT * FROM `ys_config` WHERE `id` = 1 LIMIT 1   [ RunTime:0.0001s ]
INFO: Run Common\Behaviors\AppBeginBehavior [ RunTime:0.012229s ]
INFO: [ app_begin ] --END-- [ RunTime:0.012938s ]
SQL: SHOW COLUMNS FROM `ys_nav` [ RunTime:0.0007s ]
SQL: SELECT * FROM `ys_nav` ORDER BY order_number is null,order_number,id  [ RunTime:0.0001s ]
SQL: SHOW COLUMNS FROM `ys_vote_quick_title` [ RunTime:0.0009s ]
SQL: SELECT * FROM `ys_vote_quick_title` WHERE `title` = 'teebox-10月第1次快单投票' LIMIT 1   [ RunTime:0.0001s ]
NOTIC: [2048] Declaration of Common\Model\VoteQuickItemModel::data() should be compatible with Think\Model::data($data = '') /home/wwwroot/yishion/APP/Common/Model/VoteQuickItemModel.class.php 第 14 行.
SQL: SHOW COLUMNS FROM `ys_vote_quick_item` [ RunTime:0.0007s ]
SQL: SELECT * FROM `ys_vote_quick_item` WHERE `pid` = 'T季第三批' AND `designer` = '叶小容'  [ RunTime:0.0001s ]
SQL: SHOW COLUMNS FROM `ys_vote_quick_result` [ RunTime:0.0010s ]
SQL: SELECT COUNT(*) AS tp_count FROM `ys_vote_quick_result` WHERE `result_key` = '17' AND `result_value` = 1 LIMIT 1   [ RunTime:0.0001s ]
SQL: SELECT `result_value` FROM `ys_vote_quick_result` WHERE `result_key` = 'v17'  [ RunTime:0.0001s ]
NOTIC: [8] Undefined index: opin /home/wwwroot/yishion/APP/Module/Controller/VoteController.class.php 第 427 行.
SQL: SELECT COUNT(*) AS tp_count FROM `ys_vote_quick_result` WHERE `result_key` = '16' AND `result_value` = 1 LIMIT 1   [ RunTime:0.0001s ]
SQL: SELECT `result_value` FROM `ys_vote_quick_result` WHERE `result_key` = 'v16'  [ RunTime:0.0001s ]
NOTIC: [8] Undefined index: opin /home/wwwroot/yishion/APP/Module/Controller/VoteController.class.php 第 427 行.
INFO: [ app_end ] --START--
INFO: Run Behavior\ShowPageTraceBehavior [ RunTime:0.000820s ]
INFO: [ app_end ] --END-- [ RunTime:0.000910s ]

[ 2017-10-16T08:29:39+08:00 ] 113.79.14.52 /Module/Vote/get_desit.html?des=%E5%BC%A0%E5%B0%8F%E5%B1%8C&pi=teebox-10%E6%9C%88%E7%AC%AC1%E6%AC%A1%E5%BF%AB%E5%8D%95%E6%8A%95%E7%A5%A8
INFO: [ app_init ] --START--
INFO: Run Behavior\BuildLiteBehavior [ RunTime:0.000016s ]
INFO: [ app_init ] --END-- [ RunTime:0.000378s ]
INFO: [ app_begin ] --START--
INFO: Run Behavior\ReadHtmlCacheBehavior [ RunTime:0.000961s ]
SQL: SHOW COLUMNS FROM `ys_config` [ RunTime:0.0025s ]
SQL: SELECT * FROM `ys_config` WHERE `id` = 1 LIMIT 1   [ RunTime:0.0002s ]
INFO: Run Common\Behaviors\AppBeginBehavior [ RunTime:0.024409s ]
INFO: [ app_begin ] --END-- [ RunTime:0.025548s ]
SQL: SHOW COLUMNS FROM `ys_nav` [ RunTime:0.0010s ]
SQL: SELECT * FROM `ys_nav` ORDER BY order_number is null,order_number,id  [ RunTime:0.0001s ]
SQL: SHOW COLUMNS FROM `ys_vote_quick_title` [ RunTime:0.0008s ]
SQL: SELECT * FROM `ys_vote_quick_title` WHERE `title` = 'teebox-10月第1次快单投票' LIMIT 1   [ RunTime:0.0001s ]
NOTIC: [2048] Declaration of Common\Model\VoteQuickItemModel::data() should be compatible with Think\Model::data($data = '') /home/wwwroot/yishion/APP/Common/Model/VoteQuickItemModel.class.php 第 14 行.
SQL: SHOW COLUMNS FROM `ys_vote_quick_item` [ RunTime:0.0008s ]
SQL: SELECT * FROM `ys_vote_quick_item` WHERE `pid` = 'T季第三批' AND `designer` = '张小屌'  [ RunTime:0.0004s ]
SQL: SHOW COLUMNS FROM `ys_vote_quick_result` [ RunTime:0.0007s ]
SQL: SELECT COUNT(*) AS tp_count FROM `ys_vote_quick_result` WHERE `result_key` = '18' AND `result_value` = 1 LIMIT 1   [ RunTime:0.0050s ]
SQL: SELECT `result_value` FROM `ys_vote_quick_result` WHERE `result_key` = 'v18'  [ RunTime:0.0003s ]
NOTIC: [8] Undefined index: opin /home/wwwroot/yishion/APP/Module/Controller/VoteController.class.php 第 427 行.
INFO: [ app_end ] --START--
INFO: Run Behavior\ShowPageTraceBehavior [ RunTime:0.001065s ]
INFO: [ app_end ] --END-- [ RunTime:0.001206s ]

[ 2017-10-16T08:30:18+08:00 ] 113.79.14.52 /Module/Vote/images.html
INFO: [ app_init ] --START--
INFO: Run Behavior\BuildLiteBehavior [ RunTime:0.000032s ]
INFO: [ app_init ] --END-- [ RunTime:0.000694s ]
INFO: [ app_begin ] --START--
INFO: Run Behavior\ReadHtmlCacheBehavior [ RunTime:0.001793s ]
SQL: SHOW COLUMNS FROM `ys_config` [ RunTime:0.0007s ]
SQL: SELECT * FROM `ys_config` WHERE `id` = 1 LIMIT 1   [ RunTime:0.0002s ]
INFO: Run Common\Behaviors\AppBeginBehavior [ RunTime:0.014028s ]
INFO: [ app_begin ] --END-- [ RunTime:0.015963s ]
SQL: SHOW COLUMNS FROM `ys_nav` [ RunTime:0.0010s ]
SQL: SELECT * FROM `ys_nav` ORDER BY order_number is null,order_number,id  [ RunTime:0.0002s ]
NOTIC: [2048] Declaration of Common\Model\VoteQuickItemModel::data() should be compatible with Think\Model::data($data = '') /home/wwwroot/yishion/APP/Common/Model/VoteQuickItemModel.class.php 第 14 行.
SQL: SHOW COLUMNS FROM `ys_vote_quick_item` [ RunTime:0.0009s ]
SQL: SELECT `pid` FROM `ys_vote_quick_item` WHERE `uid` = '1' GROUP BY pid  [ RunTime:0.0001s ]
INFO: [ view_parse ] --START--
INFO: [ template_filter ] --START--
INFO: Run Behavior\ContentReplaceBehavior [ RunTime:0.000073s ]
INFO: [ template_filter ] --END-- [ RunTime:0.000156s ]
INFO: Run Behavior\ParseTemplateBehavior [ RunTime:0.015776s ]
INFO: [ view_parse ] --END-- [ RunTime:0.015942s ]
INFO: [ view_filter ] --START--
INFO: Run Behavior\WriteHtmlCacheBehavior [ RunTime:0.000432s ]
INFO: Run Behavior\TokenBuildBehavior [ RunTime:0.002438s ]
INFO: [ view_filter ] --END-- [ RunTime:0.003020s ]
INFO: [ app_end ] --START--
INFO: Run Behavior\ShowPageTraceBehavior [ RunTime:0.000984s ]
INFO: [ app_end ] --END-- [ RunTime:0.001104s ]

[ 2017-10-16T08:30:20+08:00 ] 113.79.14.52 /Module/Vote/index.html
INFO: [ app_init ] --START--
INFO: Run Behavior\BuildLiteBehavior [ RunTime:0.000029s ]
INFO: [ app_init ] --END-- [ RunTime:0.000667s ]
INFO: [ app_begin ] --START--
INFO: Run Behavior\ReadHtmlCacheBehavior [ RunTime:0.000817s ]
SQL: SHOW COLUMNS FROM `ys_config` [ RunTime:0.0007s ]
SQL: SELECT * FROM `ys_config` WHERE `id` = 1 LIMIT 1   [ RunTime:0.0002s ]
INFO: Run Common\Behaviors\AppBeginBehavior [ RunTime:0.016113s ]
INFO: [ app_begin ] --END-- [ RunTime:0.017069s ]
SQL: SHOW COLUMNS FROM `ys_nav` [ RunTime:0.0008s ]
SQL: SELECT * FROM `ys_nav` ORDER BY order_number is null,order_number,id  [ RunTime:0.0001s ]
INFO: [ view_parse ] --START--
INFO: [ template_filter ] --START--
INFO: Run Behavior\ContentReplaceBehavior [ RunTime:0.000101s ]
INFO: [ template_filter ] --END-- [ RunTime:0.000210s ]
INFO: Run Behavior\ParseTemplateBehavior [ RunTime:0.056482s ]
INFO: [ view_parse ] --END-- [ RunTime:0.056624s ]
INFO: [ view_filter ] --START--
INFO: Run Behavior\WriteHtmlCacheBehavior [ RunTime:0.000469s ]
INFO: Run Behavior\TokenBuildBehavior [ RunTime:0.001174s ]
INFO: [ view_filter ] --END-- [ RunTime:0.001821s ]
INFO: [ app_end ] --START--
INFO: Run Behavior\ShowPageTraceBehavior [ RunTime:0.000621s ]
INFO: [ app_end ] --END-- [ RunTime:0.000688s ]

[ 2017-10-16T08:30:21+08:00 ] 113.79.14.52 /Module/Vote/get_item.html
INFO: [ app_init ] --START--
INFO: Run Behavior\BuildLiteBehavior [ RunTime:0.000030s ]
INFO: [ app_init ] --END-- [ RunTime:0.000669s ]
INFO: [ app_begin ] --START--
INFO: Run Behavior\ReadHtmlCacheBehavior [ RunTime:0.003879s ]
SQL: SHOW COLUMNS FROM `ys_config` [ RunTime:0.0010s ]
SQL: SELECT * FROM `ys_config` WHERE `id` = 1 LIMIT 1   [ RunTime:0.0002s ]
INFO: Run Common\Behaviors\AppBeginBehavior [ RunTime:0.035797s ]
INFO: [ app_begin ] --END-- [ RunTime:0.039809s ]
SQL: SHOW COLUMNS FROM `ys_nav` [ RunTime:0.0010s ]
SQL: SELECT * FROM `ys_nav` ORDER BY order_number is null,order_number,id  [ RunTime:0.0002s ]
NOTIC: [2048] Declaration of Common\Model\VoteQuickItemModel::data() should be compatible with Think\Model::data($data = '') /home/wwwroot/yishion/APP/Common/Model/VoteQuickItemModel.class.php 第 14 行.
SQL: SHOW COLUMNS FROM `ys_vote_quick_item` [ RunTime:0.0009s ]
SQL: SELECT `pid` FROM `ys_vote_quick_item` WHERE `uid` = '1' GROUP BY pid  [ RunTime:0.0001s ]
INFO: [ app_end ] --START--
INFO: Run Behavior\ShowPageTraceBehavior [ RunTime:0.000731s ]
INFO: [ app_end ] --END-- [ RunTime:0.000789s ]

[ 2017-10-16T08:30:21+08:00 ] 113.79.14.52 /Module/Vote/get_vote.html
INFO: [ app_init ] --START--
INFO: Run Behavior\BuildLiteBehavior [ RunTime:0.000035s ]
INFO: [ app_init ] --END-- [ RunTime:0.000633s ]
INFO: [ app_begin ] --START--
INFO: Run Behavior\ReadHtmlCacheBehavior [ RunTime:0.003904s ]
SQL: SHOW COLUMNS FROM `ys_config` [ RunTime:0.0010s ]
SQL: SELECT * FROM `ys_config` WHERE `id` = 1 LIMIT 1   [ RunTime:0.0002s ]
INFO: Run Common\Behaviors\AppBeginBehavior [ RunTime:0.037766s ]
INFO: [ app_begin ] --END-- [ RunTime:0.041833s ]
SQL: SHOW COLUMNS FROM `ys_nav` [ RunTime:0.0027s ]
SQL: SELECT * FROM `ys_nav` ORDER BY order_number is null,order_number,id  [ RunTime:0.0002s ]
SQL: SHOW COLUMNS FROM `ys_vote_quick_title` [ RunTime:0.0009s ]
SQL: SELECT * FROM `ys_vote_quick_title` WHERE `uid` = 1  [ RunTime:0.0006s ]
INFO: [ app_end ] --START--
INFO: Run Behavior\ShowPageTraceBehavior [ RunTime:0.000595s ]
INFO: [ app_end ] --END-- [ RunTime:0.000659s ]

[ 2017-10-16T08:32:05+08:00 ] 113.79.14.52 /Module/Vote/designer.html
INFO: [ app_init ] --START--
INFO: Run Behavior\BuildLiteBehavior [ RunTime:0.000023s ]
INFO: [ app_init ] --END-- [ RunTime:0.000492s ]
INFO: [ app_begin ] --START--
INFO: Run Behavior\ReadHtmlCacheBehavior [ RunTime:0.001115s ]
SQL: SHOW COLUMNS FROM `ys_config` [ RunTime:0.0017s ]
SQL: SELECT * FROM `ys_config` WHERE `id` = 1 LIMIT 1   [ RunTime:0.0002s ]
INFO: Run Common\Behaviors\AppBeginBehavior [ RunTime:0.030010s ]
INFO: [ app_begin ] --END-- [ RunTime:0.031296s ]
SQL: SHOW COLUMNS FROM `ys_nav` [ RunTime:0.0010s ]
SQL: SELECT * FROM `ys_nav` ORDER BY order_number is null,order_number,id  [ RunTime:0.0002s ]
INFO: [ view_parse ] --START--
INFO: [ template_filter ] --START--
INFO: Run Behavior\ContentReplaceBehavior [ RunTime:0.000059s ]
INFO: [ template_filter ] --END-- [ RunTime:0.000128s ]
INFO: Run Behavior\ParseTemplateBehavior [ RunTime:0.012716s ]
INFO: [ view_parse ] --END-- [ RunTime:0.013043s ]
INFO: [ view_filter ] --START--
INFO: Run Behavior\WriteHtmlCacheBehavior [ RunTime:0.000253s ]
INFO: Run Behavior\TokenBuildBehavior [ RunTime:0.000420s ]
INFO: [ view_filter ] --END-- [ RunTime:0.000777s ]
INFO: [ app_end ] --START--
INFO: Run Behavior\ShowPageTraceBehavior [ RunTime:0.000546s ]
INFO: [ app_end ] --END-- [ RunTime:0.000681s ]

[ 2017-10-16T08:32:08+08:00 ] 113.79.14.52 /Module/Vote/get_pi.html
INFO: [ app_init ] --START--
INFO: Run Behavior\BuildLiteBehavior [ RunTime:0.000031s ]
INFO: [ app_init ] --END-- [ RunTime:0.000676s ]
INFO: [ app_begin ] --START--
INFO: Run Behavior\ReadHtmlCacheBehavior [ RunTime:0.000832s ]
SQL: SHOW COLUMNS FROM `ys_config` [ RunTime:0.0007s ]
SQL: SELECT * FROM `ys_config` WHERE `id` = 1 LIMIT 1   [ RunTime:0.0002s ]
INFO: Run Common\Behaviors\AppBeginBehavior [ RunTime:0.016524s ]
INFO: [ app_begin ] --END-- [ RunTime:0.017506s ]
SQL: SHOW COLUMNS FROM `ys_nav` [ RunTime:0.0009s ]
SQL: SELECT * FROM `ys_nav` ORDER BY order_number is null,order_number,id  [ RunTime:0.0002s ]
NOTIC: [2048] Declaration of Common\Model\VoteQuickItemModel::data() should be compatible with Think\Model::data($data = '') /home/wwwroot/yishion/APP/Common/Model/VoteQuickItemModel.class.php 第 14 行.
SQL: SHOW COLUMNS FROM `ys_vote_quick_item` [ RunTime:0.0012s ]
NOTIC: [8] Undefined variable: where /home/wwwroot/yishion/APP/Module/Controller/VoteController.class.php 第 402 行.
SQL: SELECT * FROM `ys_vote_quick_item` GROUP BY uid,pid ORDER BY id  [ RunTime:0.0002s ]
SQL: SHOW COLUMNS FROM `ys_vote_quick_title` [ RunTime:0.0009s ]
SQL: SELECT * FROM `ys_vote_quick_title` WHERE `uid` = 1 AND `preid` = '冬季第三批' LIMIT 1   [ RunTime:0.0002s ]
SQL: SELECT * FROM `ys_vote_quick_title` WHERE `uid` = 4 AND `preid` = '夏季第三批' LIMIT 1   [ RunTime:0.0002s ]
SQL: SELECT * FROM `ys_vote_quick_title` WHERE `uid` = 1 AND `preid` = 'T季第三批' LIMIT 1   [ RunTime:0.0002s ]
SQL: SELECT * FROM `ys_vote_quick_title` WHERE `uid` = 5 AND `preid` = 'G季第三批' LIMIT 1   [ RunTime:0.0002s ]
INFO: [ app_end ] --START--
INFO: Run Behavior\ShowPageTraceBehavior [ RunTime:0.000947s ]
INFO: [ app_end ] --END-- [ RunTime:0.001027s ]

[ 2017-10-16T08:32:15+08:00 ] 113.79.14.52 /Module/Vote/get_designer.html?desh=teebox-10%E6%9C%88%E7%AC%AC1%E6%AC%A1%E5%BF%AB%E5%8D%95%E6%8A%95%E7%A5%A8
INFO: [ app_init ] --START--
INFO: Run Behavior\BuildLiteBehavior [ RunTime:0.000033s ]
INFO: [ app_init ] --END-- [ RunTime:0.000852s ]
INFO: [ app_begin ] --START--
INFO: Run Behavior\ReadHtmlCacheBehavior [ RunTime:0.000876s ]
SQL: SHOW COLUMNS FROM `ys_config` [ RunTime:0.0006s ]
SQL: SELECT * FROM `ys_config` WHERE `id` = 1 LIMIT 1   [ RunTime:0.0001s ]
INFO: Run Common\Behaviors\AppBeginBehavior [ RunTime:0.014431s ]
INFO: [ app_begin ] --END-- [ RunTime:0.015445s ]
SQL: SHOW COLUMNS FROM `ys_nav` [ RunTime:0.0010s ]
SQL: SELECT * FROM `ys_nav` ORDER BY order_number is null,order_number,id  [ RunTime:0.0002s ]
SQL: SHOW COLUMNS FROM `ys_vote_quick_title` [ RunTime:0.0011s ]
SQL: SELECT `preid` FROM `ys_vote_quick_title` WHERE `title` = 'teebox-10月第1次快单投票' LIMIT 1   [ RunTime:0.0001s ]
NOTIC: [2048] Declaration of Common\Model\VoteQuickItemModel::data() should be compatible with Think\Model::data($data = '') /home/wwwroot/yishion/APP/Common/Model/VoteQuickItemModel.class.php 第 14 行.
SQL: SHOW COLUMNS FROM `ys_vote_quick_item` [ RunTime:0.0009s ]
SQL: SELECT `designer` FROM `ys_vote_quick_item` WHERE `pid` = 'T季第三批' GROUP BY designer  [ RunTime:0.0001s ]
INFO: [ app_end ] --START--
INFO: Run Behavior\ShowPageTraceBehavior [ RunTime:0.000720s ]
INFO: [ app_end ] --END-- [ RunTime:0.000787s ]

[ 2017-10-16T08:32:20+08:00 ] 113.79.14.52 /Module/Vote/get_desit.html?des=%E5%8F%B6%E5%B0%8F%E5%AE%B9&pi=teebox-10%E6%9C%88%E7%AC%AC1%E6%AC%A1%E5%BF%AB%E5%8D%95%E6%8A%95%E7%A5%A8
INFO: [ app_init ] --START--
INFO: Run Behavior\BuildLiteBehavior [ RunTime:0.000020s ]
INFO: [ app_init ] --END-- [ RunTime:0.000451s ]
INFO: [ app_begin ] --START--
INFO: Run Behavior\ReadHtmlCacheBehavior [ RunTime:0.000684s ]
SQL: SHOW COLUMNS FROM `ys_config` [ RunTime:0.0037s ]
SQL: SELECT * FROM `ys_config` WHERE `id` = 1 LIMIT 1   [ RunTime:0.0002s ]
INFO: Run Common\Behaviors\AppBeginBehavior [ RunTime:0.017623s ]
INFO: [ app_begin ] --END-- [ RunTime:0.018469s ]
SQL: SHOW COLUMNS FROM `ys_nav` [ RunTime:0.0010s ]
SQL: SELECT * FROM `ys_nav` ORDER BY order_number is null,order_number,id  [ RunTime:0.0002s ]
SQL: SHOW COLUMNS FROM `ys_vote_quick_title` [ RunTime:0.0008s ]
SQL: SELECT * FROM `ys_vote_quick_title` WHERE `title` = 'teebox-10月第1次快单投票' LIMIT 1   [ RunTime:0.0002s ]
NOTIC: [2048] Declaration of Common\Model\VoteQuickItemModel::data() should be compatible with Think\Model::data($data = '') /home/wwwroot/yishion/APP/Common/Model/VoteQuickItemModel.class.php 第 14 行.
SQL: SHOW COLUMNS FROM `ys_vote_quick_item` [ RunTime:0.0009s ]
SQL: SELECT * FROM `ys_vote_quick_item` WHERE `pid` = 'T季第三批' AND `designer` = '叶小容'  [ RunTime:0.0002s ]
SQL: SHOW COLUMNS FROM `ys_vote_quick_result` [ RunTime:0.0007s ]
SQL: SELECT COUNT(*) AS tp_count FROM `ys_vote_quick_result` WHERE `result_key` = '17' AND `result_value` = 1 LIMIT 1   [ RunTime:0.0001s ]
SQL: SELECT `result_value` FROM `ys_vote_quick_result` WHERE `result_key` = 'v17'  [ RunTime:0.0002s ]
NOTIC: [8] Undefined index: opin /home/wwwroot/yishion/APP/Module/Controller/VoteController.class.php 第 427 行.
SQL: SELECT COUNT(*) AS tp_count FROM `ys_vote_quick_result` WHERE `result_key` = '16' AND `result_value` = 1 LIMIT 1   [ RunTime:0.0001s ]
SQL: SELECT `result_value` FROM `ys_vote_quick_result` WHERE `result_key` = 'v16'  [ RunTime:0.0001s ]
NOTIC: [8] Undefined index: opin /home/wwwroot/yishion/APP/Module/Controller/VoteController.class.php 第 427 行.
INFO: [ app_end ] --START--
INFO: Run Behavior\ShowPageTraceBehavior [ RunTime:0.000937s ]
INFO: [ app_end ] --END-- [ RunTime:0.001047s ]

[ 2017-10-16T08:33:19+08:00 ] 113.79.14.52 /Module/Vote/designer.html
INFO: [ app_init ] --START--
INFO: Run Behavior\BuildLiteBehavior [ RunTime:0.000021s ]
INFO: [ app_init ] --END-- [ RunTime:0.000487s ]
INFO: [ app_begin ] --START--
INFO: Run Behavior\ReadHtmlCacheBehavior [ RunTime:0.000768s ]
SQL: SHOW COLUMNS FROM `ys_config` [ RunTime:0.0024s ]
SQL: SELECT * FROM `ys_config` WHERE `id` = 1 LIMIT 1   [ RunTime:0.0002s ]
INFO: Run Common\Behaviors\AppBeginBehavior [ RunTime:0.016066s ]
INFO: [ app_begin ] --END-- [ RunTime:0.016934s ]
SQL: SHOW COLUMNS FROM `ys_nav` [ RunTime:0.0008s ]
SQL: SELECT * FROM `ys_nav` ORDER BY order_number is null,order_number,id  [ RunTime:0.0001s ]
INFO: [ view_parse ] --START--
INFO: [ template_filter ] --START--
INFO: Run Behavior\ContentReplaceBehavior [ RunTime:0.000073s ]
INFO: [ template_filter ] --END-- [ RunTime:0.000150s ]
INFO: Run Behavior\ParseTemplateBehavior [ RunTime:0.012974s ]
INFO: [ view_parse ] --END-- [ RunTime:0.013096s ]
INFO: [ view_filter ] --START--
INFO: Run Behavior\WriteHtmlCacheBehavior [ RunTime:0.000578s ]
INFO: Run Behavior\TokenBuildBehavior [ RunTime:0.000947s ]
INFO: [ view_filter ] --END-- [ RunTime:0.001654s ]
INFO: [ app_end ] --START--
INFO: Run Behavior\ShowPageTraceBehavior [ RunTime:0.001579s ]
INFO: [ app_end ] --END-- [ RunTime:0.001703s ]

[ 2017-10-16T08:33:22+08:00 ] 113.79.14.52 /Module/Vote/get_pi.html
INFO: [ app_init ] --START--
INFO: Run Behavior\BuildLiteBehavior [ RunTime:0.000020s ]
INFO: [ app_init ] --END-- [ RunTime:0.000535s ]
INFO: [ app_begin ] --START--
INFO: Run Behavior\ReadHtmlCacheBehavior [ RunTime:0.000618s ]
SQL: SHOW COLUMNS FROM `ys_config` [ RunTime:0.0009s ]
SQL: SELECT * FROM `ys_config` WHERE `id` = 1 LIMIT 1   [ RunTime:0.0002s ]
INFO: Run Common\Behaviors\AppBeginBehavior [ RunTime:0.019132s ]
INFO: [ app_begin ] --END-- [ RunTime:0.019872s ]
SQL: SHOW COLUMNS FROM `ys_nav` [ RunTime:0.0008s ]
SQL: SELECT * FROM `ys_nav` ORDER BY order_number is null,order_number,id  [ RunTime:0.0002s ]
NOTIC: [2048] Declaration of Common\Model\VoteQuickItemModel::data() should be compatible with Think\Model::data($data = '') /home/wwwroot/yishion/APP/Common/Model/VoteQuickItemModel.class.php 第 14 行.
SQL: SHOW COLUMNS FROM `ys_vote_quick_item` [ RunTime:0.0010s ]
NOTIC: [8] Undefined variable: where /home/wwwroot/yishion/APP/Module/Controller/VoteController.class.php 第 402 行.
SQL: SELECT * FROM `ys_vote_quick_item` GROUP BY uid,pid ORDER BY id  [ RunTime:0.0001s ]
SQL: SHOW COLUMNS FROM `ys_vote_quick_title` [ RunTime:0.0009s ]
SQL: SELECT * FROM `ys_vote_quick_title` WHERE `uid` = 1 AND `preid` = '冬季第三批' LIMIT 1   [ RunTime:0.0002s ]
SQL: SELECT * FROM `ys_vote_quick_title` WHERE `uid` = 4 AND `preid` = '夏季第三批' LIMIT 1   [ RunTime:0.0001s ]
SQL: SELECT * FROM `ys_vote_quick_title` WHERE `uid` = 1 AND `preid` = 'T季第三批' LIMIT 1   [ RunTime:0.0002s ]
SQL: SELECT * FROM `ys_vote_quick_title` WHERE `uid` = 5 AND `preid` = 'G季第三批' LIMIT 1   [ RunTime:0.0001s ]
INFO: [ app_end ] --START--
INFO: Run Behavior\ShowPageTraceBehavior [ RunTime:0.000990s ]
INFO: [ app_end ] --END-- [ RunTime:0.001090s ]

[ 2017-10-16T08:33:25+08:00 ] 113.79.14.52 /Module/Vote/get_designer.html?desh=teebox-10%E6%9C%88%E7%AC%AC1%E6%AC%A1%E5%BF%AB%E5%8D%95%E6%8A%95%E7%A5%A8
INFO: [ app_init ] --START--
INFO: Run Behavior\BuildLiteBehavior [ RunTime:0.000033s ]
INFO: [ app_init ] --END-- [ RunTime:0.000713s ]
INFO: [ app_begin ] --START--
INFO: Run Behavior\ReadHtmlCacheBehavior [ RunTime:0.000775s ]
SQL: SHOW COLUMNS FROM `ys_config` [ RunTime:0.0006s ]
SQL: SELECT * FROM `ys_config` WHERE `id` = 1 LIMIT 1   [ RunTime:0.0001s ]
INFO: Run Common\Behaviors\AppBeginBehavior [ RunTime:0.013224s ]
INFO: [ app_begin ] --END-- [ RunTime:0.014110s ]
SQL: SHOW COLUMNS FROM `ys_nav` [ RunTime:0.0006s ]
SQL: SELECT * FROM `ys_nav` ORDER BY order_number is null,order_number,id  [ RunTime:0.0001s ]
SQL: SHOW COLUMNS FROM `ys_vote_quick_title` [ RunTime:0.0010s ]
SQL: SELECT `preid` FROM `ys_vote_quick_title` WHERE `title` = 'teebox-10月第1次快单投票' LIMIT 1   [ RunTime:0.0001s ]
NOTIC: [2048] Declaration of Common\Model\VoteQuickItemModel::data() should be compatible with Think\Model::data($data = '') /home/wwwroot/yishion/APP/Common/Model/VoteQuickItemModel.class.php 第 14 行.
SQL: SHOW COLUMNS FROM `ys_vote_quick_item` [ RunTime:0.0007s ]
SQL: SELECT `designer` FROM `ys_vote_quick_item` WHERE `pid` = 'T季第三批' GROUP BY designer  [ RunTime:0.0001s ]
INFO: [ app_end ] --START--
INFO: Run Behavior\ShowPageTraceBehavior [ RunTime:0.000595s ]
INFO: [ app_end ] --END-- [ RunTime:0.000655s ]

[ 2017-10-16T08:33:26+08:00 ] 113.79.14.52 /Module/Vote/get_desit.html?des=%E5%8F%B6%E5%B0%8F%E5%AE%B9&pi=teebox-10%E6%9C%88%E7%AC%AC1%E6%AC%A1%E5%BF%AB%E5%8D%95%E6%8A%95%E7%A5%A8
INFO: [ app_init ] --START--
INFO: Run Behavior\BuildLiteBehavior [ RunTime:0.000016s ]
INFO: [ app_init ] --END-- [ RunTime:0.000384s ]
INFO: [ app_begin ] --START--
INFO: Run Behavior\ReadHtmlCacheBehavior [ RunTime:0.000540s ]
SQL: SHOW COLUMNS FROM `ys_config` [ RunTime:0.0009s ]
SQL: SELECT * FROM `ys_config` WHERE `id` = 1 LIMIT 1   [ RunTime:0.0001s ]
INFO: Run Common\Behaviors\AppBeginBehavior [ RunTime:0.011002s ]
INFO: [ app_begin ] --END-- [ RunTime:0.011620s ]
SQL: SHOW COLUMNS FROM `ys_nav` [ RunTime:0.0005s ]
SQL: SELECT * FROM `ys_nav` ORDER BY order_number is null,order_number,id  [ RunTime:0.0001s ]
SQL: SHOW COLUMNS FROM `ys_vote_quick_title` [ RunTime:0.0008s ]
SQL: SELECT * FROM `ys_vote_quick_title` WHERE `title` = 'teebox-10月第1次快单投票' LIMIT 1   [ RunTime:0.0001s ]
NOTIC: [2048] Declaration of Common\Model\VoteQuickItemModel::data() should be compatible with Think\Model::data($data = '') /home/wwwroot/yishion/APP/Common/Model/VoteQuickItemModel.class.php 第 14 行.
SQL: SHOW COLUMNS FROM `ys_vote_quick_item` [ RunTime:0.0006s ]
SQL: SELECT * FROM `ys_vote_quick_item` WHERE `pid` = 'T季第三批' AND `designer` = '叶小容'  [ RunTime:0.0001s ]
SQL: SHOW COLUMNS FROM `ys_vote_quick_result` [ RunTime:0.0004s ]
SQL: SELECT COUNT(*) AS tp_count FROM `ys_vote_quick_result` WHERE `result_key` = '17' AND `result_value` = 1 LIMIT 1   [ RunTime:0.0001s ]
SQL: SELECT `result_value` FROM `ys_vote_quick_result` WHERE `result_key` = 'v17'  [ RunTime:0.0001s ]
NOTIC: [8] Undefined index: opin /home/wwwroot/yishion/APP/Module/Controller/VoteController.class.php 第 427 行.
SQL: SELECT COUNT(*) AS tp_count FROM `ys_vote_quick_result` WHERE `result_key` = '16' AND `result_value` = 1 LIMIT 1   [ RunTime:0.0001s ]
SQL: SELECT `result_value` FROM `ys_vote_quick_result` WHERE `result_key` = 'v16'  [ RunTime:0.0001s ]
NOTIC: [8] Undefined index: opin /home/wwwroot/yishion/APP/Module/Controller/VoteController.class.php 第 427 行.
INFO: [ app_end ] --START--
INFO: Run Behavior\ShowPageTraceBehavior [ RunTime:0.000561s ]
INFO: [ app_end ] --END-- [ RunTime:0.000623s ]

[ 2017-10-16T08:34:31+08:00 ] 14.17.37.145 /Module/Vote/designer.html
INFO: [ app_init ] --START--
INFO: Run Behavior\BuildLiteBehavior [ RunTime:0.000030s ]
INFO: [ app_init ] --END-- [ RunTime:0.000563s ]
INFO: [ app_begin ] --START--
INFO: Run Behavior\ReadHtmlCacheBehavior [ RunTime:0.000642s ]
SQL: SHOW COLUMNS FROM `ys_config` [ RunTime:0.0019s ]
SQL: SELECT * FROM `ys_config` WHERE `id` = 1 LIMIT 1   [ RunTime:0.0001s ]
INFO: Run Common\Behaviors\AppBeginBehavior [ RunTime:0.014739s ]
INFO: [ app_begin ] --END-- [ RunTime:0.015477s ]
SQL: SHOW COLUMNS FROM `ys_nav` [ RunTime:0.0013s ]
SQL: SELECT * FROM `ys_nav` ORDER BY order_number is null,order_number,id  [ RunTime:0.0002s ]
INFO: [ view_parse ] --START--
INFO: [ template_filter ] --START--
INFO: Run Behavior\ContentReplaceBehavior [ RunTime:0.000095s ]
INFO: [ template_filter ] --END-- [ RunTime:0.000229s ]
INFO: Run Behavior\ParseTemplateBehavior [ RunTime:0.016410s ]
INFO: [ view_parse ] --END-- [ RunTime:0.016537s ]
INFO: [ view_filter ] --START--
INFO: Run Behavior\WriteHtmlCacheBehavior [ RunTime:0.000870s ]
INFO: Run Behavior\TokenBuildBehavior [ RunTime:0.001516s ]
INFO: [ view_filter ] --END-- [ RunTime:0.002739s ]
INFO: [ app_end ] --START--
INFO: Run Behavior\ShowPageTraceBehavior [ RunTime:0.000757s ]
INFO: [ app_end ] --END-- [ RunTime:0.000825s ]

[ 2017-10-16T08:34:35+08:00 ] 14.17.37.145 /Module/Vote/get_pi.html
INFO: [ app_init ] --START--
INFO: Run Behavior\BuildLiteBehavior [ RunTime:0.000018s ]
INFO: [ app_init ] --END-- [ RunTime:0.000486s ]
INFO: [ app_begin ] --START--
INFO: Run Behavior\ReadHtmlCacheBehavior [ RunTime:0.000545s ]
SQL: SHOW COLUMNS FROM `ys_config` [ RunTime:0.0008s ]
SQL: SELECT * FROM `ys_config` WHERE `id` = 1 LIMIT 1   [ RunTime:0.0002s ]
INFO: Run Common\Behaviors\AppBeginBehavior [ RunTime:0.011599s ]
INFO: [ app_begin ] --END-- [ RunTime:0.012252s ]
SQL: SHOW COLUMNS FROM `ys_nav` [ RunTime:0.0007s ]
SQL: SELECT * FROM `ys_nav` ORDER BY order_number is null,order_number,id  [ RunTime:0.0001s ]
NOTIC: [2048] Declaration of Common\Model\VoteQuickItemModel::data() should be compatible with Think\Model::data($data = '') /home/wwwroot/yishion/APP/Common/Model/VoteQuickItemModel.class.php 第 14 行.
SQL: SHOW COLUMNS FROM `ys_vote_quick_item` [ RunTime:0.0009s ]
NOTIC: [8] Undefined variable: where /home/wwwroot/yishion/APP/Module/Controller/VoteController.class.php 第 402 行.
SQL: SELECT * FROM `ys_vote_quick_item` GROUP BY uid,pid ORDER BY id  [ RunTime:0.0002s ]
SQL: SHOW COLUMNS FROM `ys_vote_quick_title` [ RunTime:0.0005s ]
SQL: SELECT * FROM `ys_vote_quick_title` WHERE `uid` = 1 AND `preid` = '冬季第三批' LIMIT 1   [ RunTime:0.0001s ]
SQL: SELECT * FROM `ys_vote_quick_title` WHERE `uid` = 4 AND `preid` = '夏季第三批' LIMIT 1   [ RunTime:0.0001s ]
SQL: SELECT * FROM `ys_vote_quick_title` WHERE `uid` = 1 AND `preid` = 'T季第三批' LIMIT 1   [ RunTime:0.0001s ]
SQL: SELECT * FROM `ys_vote_quick_title` WHERE `uid` = 5 AND `preid` = 'G季第三批' LIMIT 1   [ RunTime:0.0001s ]
INFO: [ app_end ] --START--
INFO: Run Behavior\ShowPageTraceBehavior [ RunTime:0.000553s ]
INFO: [ app_end ] --END-- [ RunTime:0.000606s ]

[ 2017-10-16T08:34:39+08:00 ] 14.17.37.145 /Module/Vote/get_designer.html?desh=teebox-10%E6%9C%88%E7%AC%AC1%E6%AC%A1%E5%BF%AB%E5%8D%95%E6%8A%95%E7%A5%A8
INFO: [ app_init ] --START--
INFO: Run Behavior\BuildLiteBehavior [ RunTime:0.000022s ]
INFO: [ app_init ] --END-- [ RunTime:0.000552s ]
INFO: [ app_begin ] --START--
INFO: Run Behavior\ReadHtmlCacheBehavior [ RunTime:0.000643s ]
SQL: SHOW COLUMNS FROM `ys_config` [ RunTime:0.0021s ]
SQL: SELECT * FROM `ys_config` WHERE `id` = 1 LIMIT 1   [ RunTime:0.0002s ]
INFO: Run Common\Behaviors\AppBeginBehavior [ RunTime:0.022060s ]
INFO: [ app_begin ] --END-- [ RunTime:0.022823s ]
SQL: SHOW COLUMNS FROM `ys_nav` [ RunTime:0.0010s ]
SQL: SELECT * FROM `ys_nav` ORDER BY order_number is null,order_number,id  [ RunTime:0.0001s ]
SQL: SHOW COLUMNS FROM `ys_vote_quick_title` [ RunTime:0.0011s ]
SQL: SELECT `preid` FROM `ys_vote_quick_title` WHERE `title` = 'teebox-10月第1次快单投票' LIMIT 1   [ RunTime:0.0002s ]
NOTIC: [2048] Declaration of Common\Model\VoteQuickItemModel::data() should be compatible with Think\Model::data($data = '') /home/wwwroot/yishion/APP/Common/Model/VoteQuickItemModel.class.php 第 14 行.
SQL: SHOW COLUMNS FROM `ys_vote_quick_item` [ RunTime:0.0010s ]
SQL: SELECT `designer` FROM `ys_vote_quick_item` WHERE `pid` = 'T季第三批' GROUP BY designer  [ RunTime:0.0002s ]
INFO: [ app_end ] --START--
INFO: Run Behavior\ShowPageTraceBehavior [ RunTime:0.000946s ]
INFO: [ app_end ] --END-- [ RunTime:0.001037s ]

[ 2017-10-16T08:34:43+08:00 ] 14.17.37.145 /Module/Vote/get_desit.html?des=%E5%8F%B6%E5%B0%8F%E5%AE%B9&pi=teebox-10%E6%9C%88%E7%AC%AC1%E6%AC%A1%E5%BF%AB%E5%8D%95%E6%8A%95%E7%A5%A8
INFO: [ app_init ] --START--
INFO: Run Behavior\BuildLiteBehavior [ RunTime:0.000035s ]
INFO: [ app_init ] --END-- [ RunTime:0.000726s ]
INFO: [ app_begin ] --START--
INFO: Run Behavior\ReadHtmlCacheBehavior [ RunTime:0.000608s ]
SQL: SHOW COLUMNS FROM `ys_config` [ RunTime:0.0009s ]
SQL: SELECT * FROM `ys_config` WHERE `id` = 1 LIMIT 1   [ RunTime:0.0002s ]
INFO: Run Common\Behaviors\AppBeginBehavior [ RunTime:0.013087s ]
INFO: [ app_begin ] --END-- [ RunTime:0.013838s ]
SQL: SHOW COLUMNS FROM `ys_nav` [ RunTime:0.0010s ]
SQL: SELECT * FROM `ys_nav` ORDER BY order_number is null,order_number,id  [ RunTime:0.0002s ]
SQL: SHOW COLUMNS FROM `ys_vote_quick_title` [ RunTime:0.0009s ]
SQL: SELECT * FROM `ys_vote_quick_title` WHERE `title` = 'teebox-10月第1次快单投票' LIMIT 1   [ RunTime:0.0001s ]
NOTIC: [2048] Declaration of Common\Model\VoteQuickItemModel::data() should be compatible with Think\Model::data($data = '') /home/wwwroot/yishion/APP/Common/Model/VoteQuickItemModel.class.php 第 14 行.
SQL: SHOW COLUMNS FROM `ys_vote_quick_item` [ RunTime:0.0010s ]
SQL: SELECT * FROM `ys_vote_quick_item` WHERE `pid` = 'T季第三批' AND `designer` = '叶小容'  [ RunTime:0.0002s ]
SQL: SHOW COLUMNS FROM `ys_vote_quick_result` [ RunTime:0.0008s ]
SQL: SELECT COUNT(*) AS tp_count FROM `ys_vote_quick_result` WHERE `result_key` = '17' AND `result_value` = 1 LIMIT 1   [ RunTime:0.0001s ]
SQL: SELECT `result_value` FROM `ys_vote_quick_result` WHERE `result_key` = 'v17'  [ RunTime:0.0001s ]
NOTIC: [8] Undefined index: opin /home/wwwroot/yishion/APP/Module/Controller/VoteController.class.php 第 427 行.
SQL: SELECT COUNT(*) AS tp_count FROM `ys_vote_quick_result` WHERE `result_key` = '16' AND `result_value` = 1 LIMIT 1   [ RunTime:0.0001s ]
SQL: SELECT `result_value` FROM `ys_vote_quick_result` WHERE `result_key` = 'v16'  [ RunTime:0.0001s ]
NOTIC: [8] Undefined index: opin /home/wwwroot/yishion/APP/Module/Controller/VoteController.class.php 第 427 行.
INFO: [ app_end ] --START--
INFO: Run Behavior\ShowPageTraceBehavior [ RunTime:0.001021s ]
INFO: [ app_end ] --END-- [ RunTime:0.001109s ]

[ 2017-10-16T08:34:55+08:00 ] 14.17.37.145 /Module/Vote/get_desit.html?des=%E5%BC%A0%E5%B0%8F%E5%B1%8C&pi=teebox-10%E6%9C%88%E7%AC%AC1%E6%AC%A1%E5%BF%AB%E5%8D%95%E6%8A%95%E7%A5%A8
INFO: [ app_init ] --START--
INFO: Run Behavior\BuildLiteBehavior [ RunTime:0.000018s ]
INFO: [ app_init ] --END-- [ RunTime:0.000407s ]
INFO: [ app_begin ] --START--
INFO: Run Behavior\ReadHtmlCacheBehavior [ RunTime:0.000505s ]
SQL: SHOW COLUMNS FROM `ys_config` [ RunTime:0.0015s ]
SQL: SELECT * FROM `ys_config` WHERE `id` = 1 LIMIT 1   [ RunTime:0.0001s ]
INFO: Run Common\Behaviors\AppBeginBehavior [ RunTime:0.012238s ]
INFO: [ app_begin ] --END-- [ RunTime:0.012818s ]
SQL: SHOW COLUMNS FROM `ys_nav` [ RunTime:0.0006s ]
SQL: SELECT * FROM `ys_nav` ORDER BY order_number is null,order_number,id  [ RunTime:0.0002s ]
SQL: SHOW COLUMNS FROM `ys_vote_quick_title` [ RunTime:0.0008s ]
SQL: SELECT * FROM `ys_vote_quick_title` WHERE `title` = 'teebox-10月第1次快单投票' LIMIT 1   [ RunTime:0.0001s ]
NOTIC: [2048] Declaration of Common\Model\VoteQuickItemModel::data() should be compatible with Think\Model::data($data = '') /home/wwwroot/yishion/APP/Common/Model/VoteQuickItemModel.class.php 第 14 行.
SQL: SHOW COLUMNS FROM `ys_vote_quick_item` [ RunTime:0.0010s ]
SQL: SELECT * FROM `ys_vote_quick_item` WHERE `pid` = 'T季第三批' AND `designer` = '张小屌'  [ RunTime:0.0001s ]
SQL: SHOW COLUMNS FROM `ys_vote_quick_result` [ RunTime:0.0004s ]
SQL: SELECT COUNT(*) AS tp_count FROM `ys_vote_quick_result` WHERE `result_key` = '18' AND `result_value` = 1 LIMIT 1   [ RunTime:0.0001s ]
SQL: SELECT `result_value` FROM `ys_vote_quick_result` WHERE `result_key` = 'v18'  [ RunTime:0.0002s ]
NOTIC: [8] Undefined index: opin /home/wwwroot/yishion/APP/Module/Controller/VoteController.class.php 第 427 行.
INFO: [ app_end ] --START--
INFO: Run Behavior\ShowPageTraceBehavior [ RunTime:0.000723s ]
INFO: [ app_end ] --END-- [ RunTime:0.000823s ]

[ 2017-10-16T08:35:14+08:00 ] 113.79.14.52 /Module/Vote/get_title.html?id=5
INFO: [ app_init ] --START--
INFO: Run Behavior\BuildLiteBehavior [ RunTime:0.000016s ]
INFO: [ app_init ] --END-- [ RunTime:0.000394s ]
INFO: [ app_begin ] --START--
INFO: Run Behavior\ReadHtmlCacheBehavior [ RunTime:0.000513s ]
SQL: SHOW COLUMNS FROM `ys_config` [ RunTime:0.0039s ]
SQL: SELECT * FROM `ys_config` WHERE `id` = 1 LIMIT 1   [ RunTime:0.0002s ]
INFO: Run Common\Behaviors\AppBeginBehavior [ RunTime:0.013928s ]
INFO: [ app_begin ] --END-- [ RunTime:0.014523s ]
SQL: SHOW COLUMNS FROM `ys_nav` [ RunTime:0.0007s ]
SQL: SELECT * FROM `ys_nav` ORDER BY order_number is null,order_number,id  [ RunTime:0.0001s ]
SQL: SHOW COLUMNS FROM `ys_vote_quick_title` [ RunTime:0.0008s ]
SQL: SELECT * FROM `ys_vote_quick_title` WHERE `id` = 5 LIMIT 1   [ RunTime:0.0001s ]
INFO: [ app_end ] --START--
INFO: Run Behavior\ShowPageTraceBehavior [ RunTime:0.000538s ]
INFO: [ app_end ] --END-- [ RunTime:0.000590s ]

[ 2017-10-16T08:35:30+08:00 ] 113.79.14.52 /Module/Vote/get_title.html?id=5
INFO: [ app_init ] --START--
INFO: Run Behavior\BuildLiteBehavior [ RunTime:0.000021s ]
INFO: [ app_init ] --END-- [ RunTime:0.000453s ]
INFO: [ app_begin ] --START--
INFO: Run Behavior\ReadHtmlCacheBehavior [ RunTime:0.000491s ]
SQL: SHOW COLUMNS FROM `ys_config` [ RunTime:0.0014s ]
SQL: SELECT * FROM `ys_config` WHERE `id` = 1 LIMIT 1   [ RunTime:0.0001s ]
INFO: Run Common\Behaviors\AppBeginBehavior [ RunTime:0.014853s ]
INFO: [ app_begin ] --END-- [ RunTime:0.015439s ]
SQL: SHOW COLUMNS FROM `ys_nav` [ RunTime:0.0007s ]
SQL: SELECT * FROM `ys_nav` ORDER BY order_number is null,order_number,id  [ RunTime:0.0001s ]
SQL: SHOW COLUMNS FROM `ys_vote_quick_title` [ RunTime:0.0009s ]
SQL: SELECT * FROM `ys_vote_quick_title` WHERE `id` = 5 LIMIT 1   [ RunTime:0.0001s ]
INFO: [ app_end ] --START--
INFO: Run Behavior\ShowPageTraceBehavior [ RunTime:0.000687s ]
INFO: [ app_end ] --END-- [ RunTime:0.000749s ]

[ 2017-10-16T08:35:40+08:00 ] 113.79.14.52 /Module/Vote/get_title.html?id=7
INFO: [ app_init ] --START--
INFO: Run Behavior\BuildLiteBehavior [ RunTime:0.000026s ]
INFO: [ app_init ] --END-- [ RunTime:0.000628s ]
INFO: [ app_begin ] --START--
INFO: Run Behavior\ReadHtmlCacheBehavior [ RunTime:0.000826s ]
SQL: SHOW COLUMNS FROM `ys_config` [ RunTime:0.0008s ]
SQL: SELECT * FROM `ys_config` WHERE `id` = 1 LIMIT 1   [ RunTime:0.0001s ]
INFO: Run Common\Behaviors\AppBeginBehavior [ RunTime:0.014236s ]
INFO: [ app_begin ] --END-- [ RunTime:0.015193s ]
SQL: SHOW COLUMNS FROM `ys_nav` [ RunTime:0.0010s ]
SQL: SELECT * FROM `ys_nav` ORDER BY order_number is null,order_number,id  [ RunTime:0.0001s ]
SQL: SHOW COLUMNS FROM `ys_vote_quick_title` [ RunTime:0.0008s ]
SQL: SELECT * FROM `ys_vote_quick_title` WHERE `id` = 7 LIMIT 1   [ RunTime:0.0011s ]
INFO: [ app_end ] --START--
INFO: Run Behavior\ShowPageTraceBehavior [ RunTime:0.001237s ]
INFO: [ app_end ] --END-- [ RunTime:0.001324s ]

[ 2017-10-16T08:35:48+08:00 ] 113.79.14.52 /Module/Vote/index.html
INFO: [ app_init ] --START--
INFO: Run Behavior\BuildLiteBehavior [ RunTime:0.000016s ]
INFO: [ app_init ] --END-- [ RunTime:0.000416s ]
INFO: [ app_begin ] --START--
INFO: Run Behavior\ReadHtmlCacheBehavior [ RunTime:0.000589s ]
SQL: SHOW COLUMNS FROM `ys_config` [ RunTime:0.0008s ]
SQL: SELECT * FROM `ys_config` WHERE `id` = 1 LIMIT 1   [ RunTime:0.0001s ]
INFO: Run Common\Behaviors\AppBeginBehavior [ RunTime:0.011457s ]
INFO: [ app_begin ] --END-- [ RunTime:0.012134s ]
SQL: SHOW COLUMNS FROM `ys_nav` [ RunTime:0.0007s ]
SQL: SELECT * FROM `ys_nav` ORDER BY order_number is null,order_number,id  [ RunTime:0.0002s ]
INFO: [ view_parse ] --START--
INFO: [ template_filter ] --START--
INFO: Run Behavior\ContentReplaceBehavior [ RunTime:0.000098s ]
INFO: [ template_filter ] --END-- [ RunTime:0.000207s ]
INFO: Run Behavior\ParseTemplateBehavior [ RunTime:0.014571s ]
INFO: [ view_parse ] --END-- [ RunTime:0.014663s ]
INFO: [ view_filter ] --START--
INFO: Run Behavior\WriteHtmlCacheBehavior [ RunTime:0.000244s ]
INFO: Run Behavior\TokenBuildBehavior [ RunTime:0.000639s ]
INFO: [ view_filter ] --END-- [ RunTime:0.000956s ]
INFO: [ app_end ] --START--
INFO: Run Behavior\ShowPageTraceBehavior [ RunTime:0.001151s ]
INFO: [ app_end ] --END-- [ RunTime:0.001269s ]

[ 2017-10-16T08:35:49+08:00 ] 113.79.14.52 /Module/Vote/get_vote.html
INFO: [ app_init ] --START--
INFO: Run Behavior\BuildLiteBehavior [ RunTime:0.000024s ]
INFO: [ app_init ] --END-- [ RunTime:0.000618s ]
INFO: [ app_begin ] --START--
INFO: Run Behavior\ReadHtmlCacheBehavior [ RunTime:0.000758s ]
SQL: SHOW COLUMNS FROM `ys_config` [ RunTime:0.0015s ]
SQL: SELECT * FROM `ys_config` WHERE `id` = 1 LIMIT 1   [ RunTime:0.0001s ]
INFO: Run Common\Behaviors\AppBeginBehavior [ RunTime:0.036678s ]
INFO: [ app_begin ] --END-- [ RunTime:0.037550s ]
SQL: SHOW COLUMNS FROM `ys_nav` [ RunTime:0.0010s ]
SQL: SELECT * FROM `ys_nav` ORDER BY order_number is null,order_number,id  [ RunTime:0.0001s ]
SQL: SHOW COLUMNS FROM `ys_vote_quick_title` [ RunTime:0.0009s ]
SQL: SELECT * FROM `ys_vote_quick_title` WHERE `uid` = 1  [ RunTime:0.0001s ]
INFO: [ app_end ] --START--
INFO: Run Behavior\ShowPageTraceBehavior [ RunTime:0.000677s ]
INFO: [ app_end ] --END-- [ RunTime:0.000763s ]

[ 2017-10-16T08:35:49+08:00 ] 113.79.14.52 /Module/Vote/get_item.html
INFO: [ app_init ] --START--
INFO: Run Behavior\BuildLiteBehavior [ RunTime:0.000032s ]
INFO: [ app_init ] --END-- [ RunTime:0.006743s ]
INFO: [ app_begin ] --START--
INFO: Run Behavior\ReadHtmlCacheBehavior [ RunTime:0.000856s ]
SQL: SHOW COLUMNS FROM `ys_config` [ RunTime:0.0015s ]
SQL: SELECT * FROM `ys_config` WHERE `id` = 1 LIMIT 1   [ RunTime:0.0018s ]
INFO: Run Common\Behaviors\AppBeginBehavior [ RunTime:0.034816s ]
INFO: [ app_begin ] --END-- [ RunTime:0.035808s ]
SQL: SHOW COLUMNS FROM `ys_nav` [ RunTime:0.0010s ]
SQL: SELECT * FROM `ys_nav` ORDER BY order_number is null,order_number,id  [ RunTime:0.0002s ]
NOTIC: [2048] Declaration of Common\Model\VoteQuickItemModel::data() should be compatible with Think\Model::data($data = '') /home/wwwroot/yishion/APP/Common/Model/VoteQuickItemModel.class.php 第 14 行.
SQL: SHOW COLUMNS FROM `ys_vote_quick_item` [ RunTime:0.0009s ]
SQL: SELECT `pid` FROM `ys_vote_quick_item` WHERE `uid` = '1' GROUP BY pid  [ RunTime:0.0001s ]
INFO: [ app_end ] --START--
INFO: Run Behavior\ShowPageTraceBehavior [ RunTime:0.000784s ]
INFO: [ app_end ] --END-- [ RunTime:0.000879s ]

[ 2017-10-16T08:35:59+08:00 ] 113.79.14.52 /Module/Vote/get_title.html?id=5
INFO: [ app_init ] --START--
INFO: Run Behavior\BuildLiteBehavior [ RunTime:0.000023s ]
INFO: [ app_init ] --END-- [ RunTime:0.000559s ]
INFO: [ app_begin ] --START--
INFO: Run Behavior\ReadHtmlCacheBehavior [ RunTime:0.000618s ]
SQL: SHOW COLUMNS FROM `ys_config` [ RunTime:0.0008s ]
SQL: SELECT * FROM `ys_config` WHERE `id` = 1 LIMIT 1   [ RunTime:0.0001s ]
INFO: Run Common\Behaviors\AppBeginBehavior [ RunTime:0.014339s ]
INFO: [ app_begin ] --END-- [ RunTime:0.015084s ]
SQL: SHOW COLUMNS FROM `ys_nav` [ RunTime:0.0008s ]
SQL: SELECT * FROM `ys_nav` ORDER BY order_number is null,order_number,id  [ RunTime:0.0002s ]
SQL: SHOW COLUMNS FROM `ys_vote_quick_title` [ RunTime:0.0010s ]
SQL: SELECT * FROM `ys_vote_quick_title` WHERE `id` = 5 LIMIT 1   [ RunTime:0.0001s ]
INFO: [ app_end ] --START--
INFO: Run Behavior\ShowPageTraceBehavior [ RunTime:0.000735s ]
INFO: [ app_end ] --END-- [ RunTime:0.000821s ]

[ 2017-10-16T09:05:37+08:00 ] 113.79.14.52 /Module/Vote/index.html
INFO: [ app_init ] --START--
INFO: Run Behavior\BuildLiteBehavior [ RunTime:0.000030s ]
INFO: [ app_init ] --END-- [ RunTime:0.000737s ]
INFO: [ app_begin ] --START--
INFO: Run Behavior\ReadHtmlCacheBehavior [ RunTime:0.001342s ]
SQL: SHOW COLUMNS FROM `ys_config` [ RunTime:0.0010s ]
SQL: SELECT * FROM `ys_config` WHERE `id` = 1 LIMIT 1   [ RunTime:0.0002s ]
INFO: Run Common\Behaviors\AppBeginBehavior [ RunTime:0.019331s ]
INFO: [ app_begin ] --END-- [ RunTime:0.020854s ]
SQL: SHOW COLUMNS FROM `ys_nav` [ RunTime:0.0015s ]
SQL: SELECT * FROM `ys_nav` ORDER BY order_number is null,order_number,id  [ RunTime:0.0022s ]
INFO: [ view_parse ] --START--
INFO: [ template_filter ] --START--
INFO: Run Behavior\ContentReplaceBehavior [ RunTime:0.000103s ]
INFO: [ template_filter ] --END-- [ RunTime:0.000342s ]
INFO: Run Behavior\ParseTemplateBehavior [ RunTime:0.017588s ]
INFO: [ view_parse ] --END-- [ RunTime:0.017758s ]
INFO: [ view_filter ] --START--
INFO: Run Behavior\WriteHtmlCacheBehavior [ RunTime:0.000475s ]
INFO: Run Behavior\TokenBuildBehavior [ RunTime:0.001867s ]
INFO: [ view_filter ] --END-- [ RunTime:0.002489s ]
INFO: [ app_end ] --START--
INFO: Run Behavior\ShowPageTraceBehavior [ RunTime:0.001125s ]
INFO: [ app_end ] --END-- [ RunTime:0.001212s ]

[ 2017-10-16T09:05:38+08:00 ] 113.79.14.52 /Module/Vote/get_vote.html
INFO: [ app_init ] --START--
INFO: Run Behavior\BuildLiteBehavior [ RunTime:0.000025s ]
INFO: [ app_init ] --END-- [ RunTime:0.000611s ]
INFO: [ app_begin ] --START--
INFO: Run Behavior\ReadHtmlCacheBehavior [ RunTime:0.000560s ]
SQL: SHOW COLUMNS FROM `ys_config` [ RunTime:0.0019s ]
SQL: SELECT * FROM `ys_config` WHERE `id` = 1 LIMIT 1   [ RunTime:0.0009s ]
INFO: Run Common\Behaviors\AppBeginBehavior [ RunTime:0.024105s ]
INFO: [ app_begin ] --END-- [ RunTime:0.024775s ]
SQL: SHOW COLUMNS FROM `ys_nav` [ RunTime:0.0012s ]
SQL: SELECT * FROM `ys_nav` ORDER BY order_number is null,order_number,id  [ RunTime:0.0002s ]
SQL: SHOW COLUMNS FROM `ys_vote_quick_title` [ RunTime:0.0008s ]
SQL: SELECT * FROM `ys_vote_quick_title` WHERE `uid` = 1  [ RunTime:0.0001s ]
INFO: [ app_end ] --START--
INFO: Run Behavior\ShowPageTraceBehavior [ RunTime:0.000622s ]
INFO: [ app_end ] --END-- [ RunTime:0.000673s ]

[ 2017-10-16T09:05:38+08:00 ] 113.79.14.52 /Module/Vote/get_item.html
INFO: [ app_init ] --START--
INFO: Run Behavior\BuildLiteBehavior [ RunTime:0.000017s ]
INFO: [ app_init ] --END-- [ RunTime:0.003548s ]
INFO: [ app_begin ] --START--
INFO: Run Behavior\ReadHtmlCacheBehavior [ RunTime:0.000528s ]
SQL: SHOW COLUMNS FROM `ys_config` [ RunTime:0.0016s ]
SQL: SELECT * FROM `ys_config` WHERE `id` = 1 LIMIT 1   [ RunTime:0.0031s ]
INFO: Run Common\Behaviors\AppBeginBehavior [ RunTime:0.029482s ]
INFO: [ app_begin ] --END-- [ RunTime:0.030130s ]
SQL: SHOW COLUMNS FROM `ys_nav` [ RunTime:0.0036s ]
SQL: SELECT * FROM `ys_nav` ORDER BY order_number is null,order_number,id  [ RunTime:0.0002s ]
NOTIC: [2048] Declaration of Common\Model\VoteQuickItemModel::data() should be compatible with Think\Model::data($data = '') /home/wwwroot/yishion/APP/Common/Model/VoteQuickItemModel.class.php 第 14 行.
SQL: SHOW COLUMNS FROM `ys_vote_quick_item` [ RunTime:0.0010s ]
SQL: SELECT `pid` FROM `ys_vote_quick_item` WHERE `uid` = '1' GROUP BY pid  [ RunTime:0.0001s ]
INFO: [ app_end ] --START--
INFO: Run Behavior\ShowPageTraceBehavior [ RunTime:0.000681s ]
INFO: [ app_end ] --END-- [ RunTime:0.000741s ]

[ 2017-10-16T09:05:42+08:00 ] 113.79.14.52 /Module/Vote/user_see.html?id=5
INFO: [ app_init ] --START--
INFO: Run Behavior\BuildLiteBehavior [ RunTime:0.000017s ]
INFO: [ app_init ] --END-- [ RunTime:0.000440s ]
INFO: [ app_begin ] --START--
INFO: Run Behavior\ReadHtmlCacheBehavior [ RunTime:0.000562s ]
SQL: SHOW COLUMNS FROM `ys_config` [ RunTime:0.0008s ]
SQL: SELECT * FROM `ys_config` WHERE `id` = 1 LIMIT 1   [ RunTime:0.0001s ]
INFO: Run Common\Behaviors\AppBeginBehavior [ RunTime:0.012289s ]
INFO: [ app_begin ] --END-- [ RunTime:0.012941s ]
SQL: SHOW COLUMNS FROM `ys_nav` [ RunTime:0.0007s ]
SQL: SELECT * FROM `ys_nav` ORDER BY order_number is null,order_number,id  [ RunTime:0.0001s ]
SQL: SHOW COLUMNS FROM `ys_vote_quick_title` [ RunTime:0.0009s ]
SQL: SELECT * FROM `ys_vote_quick_title` WHERE `id` = 5 LIMIT 1   [ RunTime:0.0001s ]
SQL: SHOW COLUMNS FROM `ys_vote_quick_result` [ RunTime:0.0005s ]
SQL: SELECT `office_id`,`user` FROM `ys_vote_quick_result` WHERE `reid` = 5 GROUP BY user  [ RunTime:0.0008s ]
INFO: [ view_parse ] --START--
INFO: [ template_filter ] --START--
INFO: Run Behavior\ContentReplaceBehavior [ RunTime:0.000056s ]
INFO: [ template_filter ] --END-- [ RunTime:0.000154s ]
INFO: Run Behavior\ParseTemplateBehavior [ RunTime:0.012749s ]
INFO: [ view_parse ] --END-- [ RunTime:0.012833s ]
INFO: [ view_filter ] --START--
INFO: Run Behavior\WriteHtmlCacheBehavior [ RunTime:0.000305s ]
INFO: Run Behavior\TokenBuildBehavior [ RunTime:0.000458s ]
INFO: [ view_filter ] --END-- [ RunTime:0.000847s ]
INFO: [ app_end ] --START--
INFO: Run Behavior\ShowPageTraceBehavior [ RunTime:0.000670s ]
INFO: [ app_end ] --END-- [ RunTime:0.000735s ]

[ 2017-10-16T14:13:59+08:00 ] 113.79.14.52 /Module/Vote/index.html
INFO: [ app_init ] --START--
INFO: Run Behavior\BuildLiteBehavior [ RunTime:0.000019s ]
INFO: [ app_init ] --END-- [ RunTime:0.000512s ]
INFO: [ app_begin ] --START--
INFO: Run Behavior\ReadHtmlCacheBehavior [ RunTime:0.000746s ]
SQL: SHOW COLUMNS FROM `ys_config` [ RunTime:0.0015s ]
SQL: SELECT * FROM `ys_config` WHERE `id` = 1 LIMIT 1   [ RunTime:0.0002s ]
INFO: Run Common\Behaviors\AppBeginBehavior [ RunTime:0.015201s ]
INFO: [ app_begin ] --END-- [ RunTime:0.016075s ]
SQL: SHOW COLUMNS FROM `ys_nav` [ RunTime:0.0008s ]
SQL: SELECT * FROM `ys_nav` ORDER BY order_number is null,order_number,id  [ RunTime:0.0001s ]
INFO: [ view_parse ] --START--
INFO: [ template_filter ] --START--
INFO: Run Behavior\ContentReplaceBehavior [ RunTime:0.000072s ]
INFO: [ template_filter ] --END-- [ RunTime:0.000172s ]
INFO: Run Behavior\ParseTemplateBehavior [ RunTime:0.017186s ]
INFO: [ view_parse ] --END-- [ RunTime:0.017680s ]
INFO: [ view_filter ] --START--
INFO: Run Behavior\WriteHtmlCacheBehavior [ RunTime:0.000696s ]
INFO: Run Behavior\TokenBuildBehavior [ RunTime:0.002083s ]
INFO: [ view_filter ] --END-- [ RunTime:0.002887s ]
INFO: [ app_end ] --START--
INFO: Run Behavior\ShowPageTraceBehavior [ RunTime:0.001049s ]
INFO: [ app_end ] --END-- [ RunTime:0.001147s ]

[ 2017-10-16T14:13:59+08:00 ] 113.79.14.52 /Module/Vote/get_vote.html
INFO: [ app_init ] --START--
INFO: Run Behavior\BuildLiteBehavior [ RunTime:0.000021s ]
INFO: [ app_init ] --END-- [ RunTime:0.000470s ]
INFO: [ app_begin ] --START--
INFO: Run Behavior\ReadHtmlCacheBehavior [ RunTime:0.000582s ]
SQL: SHOW COLUMNS FROM `ys_config` [ RunTime:0.0008s ]
SQL: SELECT * FROM `ys_config` WHERE `id` = 1 LIMIT 1   [ RunTime:0.0001s ]
INFO: Run Common\Behaviors\AppBeginBehavior [ RunTime:0.027936s ]
INFO: [ app_begin ] --END-- [ RunTime:0.028614s ]
SQL: SHOW COLUMNS FROM `ys_nav` [ RunTime:0.0005s ]
SQL: SELECT * FROM `ys_nav` ORDER BY order_number is null,order_number,id  [ RunTime:0.0001s ]
SQL: SHOW COLUMNS FROM `ys_vote_quick_title` [ RunTime:0.0008s ]
SQL: SELECT * FROM `ys_vote_quick_title` WHERE `uid` = 1  [ RunTime:0.0004s ]
INFO: [ app_end ] --START--
INFO: Run Behavior\ShowPageTraceBehavior [ RunTime:0.001119s ]
INFO: [ app_end ] --END-- [ RunTime:0.001209s ]

[ 2017-10-16T14:13:59+08:00 ] 113.79.14.52 /Module/Vote/get_item.html
INFO: [ app_init ] --START--
INFO: Run Behavior\BuildLiteBehavior [ RunTime:0.000022s ]
INFO: [ app_init ] --END-- [ RunTime:0.000622s ]
INFO: [ app_begin ] --START--
INFO: Run Behavior\ReadHtmlCacheBehavior [ RunTime:0.000537s ]
SQL: SHOW COLUMNS FROM `ys_config` [ RunTime:0.0005s ]
SQL: SELECT * FROM `ys_config` WHERE `id` = 1 LIMIT 1   [ RunTime:0.0002s ]
INFO: Run Common\Behaviors\AppBeginBehavior [ RunTime:0.024086s ]
INFO: [ app_begin ] --END-- [ RunTime:0.024711s ]
SQL: SHOW COLUMNS FROM `ys_nav` [ RunTime:0.0008s ]
SQL: SELECT * FROM `ys_nav` ORDER BY order_number is null,order_number,id  [ RunTime:0.0001s ]
NOTIC: [2048] Declaration of Common\Model\VoteQuickItemModel::data() should be compatible with Think\Model::data($data = '') /home/wwwroot/yishion/APP/Common/Model/VoteQuickItemModel.class.php 第 14 行.
SQL: SHOW COLUMNS FROM `ys_vote_quick_item` [ RunTime:0.0009s ]
SQL: SELECT `pid` FROM `ys_vote_quick_item` WHERE `uid` = '1' GROUP BY pid  [ RunTime:0.0001s ]
INFO: [ app_end ] --START--
INFO: Run Behavior\ShowPageTraceBehavior [ RunTime:0.000631s ]
INFO: [ app_end ] --END-- [ RunTime:0.000701s ]

[ 2017-10-16T14:14:01+08:00 ] 113.79.14.52 /Module/Vote/stop_code.html?id=5&publish=0&title=teebox-10%E6%9C%88%E7%AC%AC1%E6%AC%A1%E5%BF%AB%E5%8D%95%E6%8A%95%E7%A5%A8
INFO: [ app_init ] --START--
INFO: Run Behavior\BuildLiteBehavior [ RunTime:0.000023s ]
INFO: [ app_init ] --END-- [ RunTime:0.000923s ]
INFO: [ app_begin ] --START--
INFO: Run Behavior\ReadHtmlCacheBehavior [ RunTime:0.000875s ]
SQL: SHOW COLUMNS FROM `ys_config` [ RunTime:0.0009s ]
SQL: SELECT * FROM `ys_config` WHERE `id` = 1 LIMIT 1   [ RunTime:0.0002s ]
INFO: Run Common\Behaviors\AppBeginBehavior [ RunTime:0.019417s ]
INFO: [ app_begin ] --END-- [ RunTime:0.020459s ]
SQL: SHOW COLUMNS FROM `ys_nav` [ RunTime:0.0010s ]
SQL: SELECT * FROM `ys_nav` ORDER BY order_number is null,order_number,id  [ RunTime:0.0002s ]
SQL: SHOW COLUMNS FROM `ys_vote_quick_title` [ RunTime:0.0009s ]
SQL: UPDATE `ys_vote_quick_title` SET `publish`='0',`title`='teebox-10月第1次快单投票' WHERE `id` = 5 [ RunTime:0.0107s ]
SQL: SHOW COLUMNS FROM `ys_log` [ RunTime:0.0018s ]
SQL: INSERT INTO `ys_log` (`uid`,`time`,`ip`,`logtext`) VALUES ('yishion','1508134441','113.79.14.52','投票停止成功-teebox-10月第1次快单投票') [ RunTime:0.0028s ]
INFO: [ view_parse ] --START--
INFO: [ template_filter ] --START--
INFO: Run Behavior\ContentReplaceBehavior [ RunTime:0.000047s ]
INFO: [ template_filter ] --END-- [ RunTime:0.000126s ]
INFO: Run Behavior\ParseTemplateBehavior [ RunTime:0.009754s ]
INFO: [ view_parse ] --END-- [ RunTime:0.009852s ]
INFO: [ view_filter ] --START--
INFO: Run Behavior\WriteHtmlCacheBehavior [ RunTime:0.000404s ]
INFO: Run Behavior\TokenBuildBehavior [ RunTime:0.000430s ]
INFO: [ view_filter ] --END-- [ RunTime:0.000946s ]
INFO: [ app_end ] --START--
INFO: Run Behavior\ShowPageTraceBehavior [ RunTime:0.000843s ]
INFO: [ app_end ] --END-- [ RunTime:0.000927s ]

[ 2017-10-16T14:14:03+08:00 ] 113.79.14.52 /Module/Vote/index.html
INFO: [ app_init ] --START--
INFO: Run Behavior\BuildLiteBehavior [ RunTime:0.000019s ]
INFO: [ app_init ] --END-- [ RunTime:0.000403s ]
INFO: [ app_begin ] --START--
INFO: Run Behavior\ReadHtmlCacheBehavior [ RunTime:0.000460s ]
SQL: SHOW COLUMNS FROM `ys_config` [ RunTime:0.0007s ]
SQL: SELECT * FROM `ys_config` WHERE `id` = 1 LIMIT 1   [ RunTime:0.0001s ]
INFO: Run Common\Behaviors\AppBeginBehavior [ RunTime:0.010831s ]
INFO: [ app_begin ] --END-- [ RunTime:0.011365s ]
SQL: SHOW COLUMNS FROM `ys_nav` [ RunTime:0.0007s ]
SQL: SELECT * FROM `ys_nav` ORDER BY order_number is null,order_number,id  [ RunTime:0.0001s ]
INFO: [ view_parse ] --START--
INFO: [ template_filter ] --START--
INFO: Run Behavior\ContentReplaceBehavior [ RunTime:0.000098s ]
INFO: [ template_filter ] --END-- [ RunTime:0.000212s ]
INFO: Run Behavior\ParseTemplateBehavior [ RunTime:0.012316s ]
INFO: [ view_parse ] --END-- [ RunTime:0.012410s ]
INFO: [ view_filter ] --START--
INFO: Run Behavior\WriteHtmlCacheBehavior [ RunTime:0.000250s ]
INFO: Run Behavior\TokenBuildBehavior [ RunTime:0.000535s ]
INFO: [ view_filter ] --END-- [ RunTime:0.000859s ]
INFO: [ app_end ] --START--
INFO: Run Behavior\ShowPageTraceBehavior [ RunTime:0.000731s ]
INFO: [ app_end ] --END-- [ RunTime:0.000800s ]

[ 2017-10-16T14:14:03+08:00 ] 113.79.14.52 /Module/Vote/get_item.html
INFO: [ app_init ] --START--
INFO: Run Behavior\BuildLiteBehavior [ RunTime:0.000029s ]
INFO: [ app_init ] --END-- [ RunTime:0.000686s ]
INFO: [ app_begin ] --START--
INFO: Run Behavior\ReadHtmlCacheBehavior [ RunTime:0.000923s ]
SQL: SHOW COLUMNS FROM `ys_config` [ RunTime:0.0147s ]
SQL: SELECT * FROM `ys_config` WHERE `id` = 1 LIMIT 1   [ RunTime:0.0003s ]
INFO: Run Common\Behaviors\AppBeginBehavior [ RunTime:0.045185s ]
INFO: [ app_begin ] --END-- [ RunTime:0.046303s ]
SQL: SHOW COLUMNS FROM `ys_nav` [ RunTime:0.0048s ]
SQL: SELECT * FROM `ys_nav` ORDER BY order_number is null,order_number,id  [ RunTime:0.0002s ]
NOTIC: [2048] Declaration of Common\Model\VoteQuickItemModel::data() should be compatible with Think\Model::data($data = '') /home/wwwroot/yishion/APP/Common/Model/VoteQuickItemModel.class.php 第 14 行.
SQL: SHOW COLUMNS FROM `ys_vote_quick_item` [ RunTime:0.0009s ]
SQL: SELECT `pid` FROM `ys_vote_quick_item` WHERE `uid` = '1' GROUP BY pid  [ RunTime:0.0001s ]
INFO: [ app_end ] --START--
INFO: Run Behavior\ShowPageTraceBehavior [ RunTime:0.001195s ]
INFO: [ app_end ] --END-- [ RunTime:0.001301s ]

[ 2017-10-16T14:14:03+08:00 ] 113.79.14.52 /Module/Vote/get_vote.html
INFO: [ app_init ] --START--
INFO: Run Behavior\BuildLiteBehavior [ RunTime:0.000028s ]
INFO: [ app_init ] --END-- [ RunTime:0.000672s ]
INFO: [ app_begin ] --START--
INFO: Run Behavior\ReadHtmlCacheBehavior [ RunTime:0.000946s ]
SQL: SHOW COLUMNS FROM `ys_config` [ RunTime:0.0007s ]
SQL: SELECT * FROM `ys_config` WHERE `id` = 1 LIMIT 1   [ RunTime:0.0001s ]
INFO: Run Common\Behaviors\AppBeginBehavior [ RunTime:0.056980s ]
INFO: [ app_begin ] --END-- [ RunTime:0.058063s ]
SQL: SHOW COLUMNS FROM `ys_nav` [ RunTime:0.0010s ]
SQL: SELECT * FROM `ys_nav` ORDER BY order_number is null,order_number,id  [ RunTime:0.0002s ]
SQL: SHOW COLUMNS FROM `ys_vote_quick_title` [ RunTime:0.0010s ]
SQL: SELECT * FROM `ys_vote_quick_title` WHERE `uid` = 1  [ RunTime:0.0024s ]
INFO: [ app_end ] --START--
INFO: Run Behavior\ShowPageTraceBehavior [ RunTime:0.001045s ]
INFO: [ app_end ] --END-- [ RunTime:0.001130s ]

[ 2017-10-16T14:14:14+08:00 ] 113.79.14.52 /Module/Vote/play_code.html?id=5&publish=1&title=teebox-10%E6%9C%88%E7%AC%AC1%E6%AC%A1%E5%BF%AB%E5%8D%95%E6%8A%95%E7%A5%A8
INFO: [ app_init ] --START--
INFO: Run Behavior\BuildLiteBehavior [ RunTime:0.000038s ]
INFO: [ app_init ] --END-- [ RunTime:0.000491s ]
INFO: [ app_begin ] --START--
INFO: Run Behavior\ReadHtmlCacheBehavior [ RunTime:0.000597s ]
SQL: SHOW COLUMNS FROM `ys_config` [ RunTime:0.0012s ]
SQL: SELECT * FROM `ys_config` WHERE `id` = 1 LIMIT 1   [ RunTime:0.0002s ]
INFO: Run Common\Behaviors\AppBeginBehavior [ RunTime:0.013750s ]
INFO: [ app_begin ] --END-- [ RunTime:0.014488s ]
SQL: SHOW COLUMNS FROM `ys_nav` [ RunTime:0.0010s ]
SQL: SELECT * FROM `ys_nav` ORDER BY order_number is null,order_number,id  [ RunTime:0.0002s ]
SQL: SHOW COLUMNS FROM `ys_vote_quick_title` [ RunTime:0.0011s ]
SQL: UPDATE `ys_vote_quick_title` SET `publish`='1',`title`='teebox-10月第1次快单投票' WHERE `id` = 5 [ RunTime:0.0004s ]
SQL: SHOW COLUMNS FROM `ys_log` [ RunTime:0.0018s ]
SQL: INSERT INTO `ys_log` (`uid`,`time`,`ip`,`logtext`) VALUES ('yishion','1508134454','113.79.14.52','投票发布成功-teebox-10月第1次快单投票') [ RunTime:0.0004s ]
INFO: [ view_parse ] --START--
INFO: [ template_filter ] --START--
INFO: Run Behavior\ContentReplaceBehavior [ RunTime:0.000049s ]
INFO: [ template_filter ] --END-- [ RunTime:0.000138s ]
INFO: Run Behavior\ParseTemplateBehavior [ RunTime:0.011512s ]
INFO: [ view_parse ] --END-- [ RunTime:0.011612s ]
INFO: [ view_filter ] --START--
INFO: Run Behavior\WriteHtmlCacheBehavior [ RunTime:0.000288s ]
INFO: Run Behavior\TokenBuildBehavior [ RunTime:0.000563s ]
INFO: [ view_filter ] --END-- [ RunTime:0.000922s ]
INFO: [ app_end ] --START--
INFO: Run Behavior\ShowPageTraceBehavior [ RunTime:0.001425s ]
INFO: [ app_end ] --END-- [ RunTime:0.001923s ]

[ 2017-10-16T14:14:15+08:00 ] 113.79.14.52 /Module/Vote/index.html
INFO: [ app_init ] --START--
INFO: Run Behavior\BuildLiteBehavior [ RunTime:0.000038s ]
INFO: [ app_init ] --END-- [ RunTime:0.000726s ]
INFO: [ app_begin ] --START--
INFO: Run Behavior\ReadHtmlCacheBehavior [ RunTime:0.001199s ]
SQL: SHOW COLUMNS FROM `ys_config` [ RunTime:0.0010s ]
SQL: SELECT * FROM `ys_config` WHERE `id` = 1 LIMIT 1   [ RunTime:0.0002s ]
INFO: Run Common\Behaviors\AppBeginBehavior [ RunTime:0.018428s ]
INFO: [ app_begin ] --END-- [ RunTime:0.020319s ]
SQL: SHOW COLUMNS FROM `ys_nav` [ RunTime:0.0010s ]
SQL: SELECT * FROM `ys_nav` ORDER BY order_number is null,order_number,id  [ RunTime:0.0002s ]
INFO: [ view_parse ] --START--
INFO: [ template_filter ] --START--
INFO: Run Behavior\ContentReplaceBehavior [ RunTime:0.000108s ]
INFO: [ template_filter ] --END-- [ RunTime:0.000370s ]
INFO: Run Behavior\ParseTemplateBehavior [ RunTime:0.022370s ]
INFO: [ view_parse ] --END-- [ RunTime:0.022547s ]
INFO: [ view_filter ] --START--
INFO: Run Behavior\WriteHtmlCacheBehavior [ RunTime:0.001600s ]
INFO: Run Behavior\TokenBuildBehavior [ RunTime:0.001581s ]
INFO: [ view_filter ] --END-- [ RunTime:0.003361s ]
INFO: [ app_end ] --START--
INFO: Run Behavior\ShowPageTraceBehavior [ RunTime:0.001221s ]
INFO: [ app_end ] --END-- [ RunTime:0.001342s ]

[ 2017-10-16T14:14:16+08:00 ] 113.79.14.52 /Module/Vote/get_item.html
INFO: [ app_init ] --START--
INFO: Run Behavior\BuildLiteBehavior [ RunTime:0.000020s ]
INFO: [ app_init ] --END-- [ RunTime:0.000585s ]
INFO: [ app_begin ] --START--
INFO: Run Behavior\ReadHtmlCacheBehavior [ RunTime:0.000630s ]
SQL: SHOW COLUMNS FROM `ys_config` [ RunTime:0.0040s ]
SQL: SELECT * FROM `ys_config` WHERE `id` = 1 LIMIT 1   [ RunTime:0.0002s ]
INFO: Run Common\Behaviors\AppBeginBehavior [ RunTime:0.028943s ]
INFO: [ app_begin ] --END-- [ RunTime:0.029686s ]
SQL: SHOW COLUMNS FROM `ys_nav` [ RunTime:0.0038s ]
SQL: SELECT * FROM `ys_nav` ORDER BY order_number is null,order_number,id  [ RunTime:0.0002s ]
NOTIC: [2048] Declaration of Common\Model\VoteQuickItemModel::data() should be compatible with Think\Model::data($data = '') /home/wwwroot/yishion/APP/Common/Model/VoteQuickItemModel.class.php 第 14 行.
SQL: SHOW COLUMNS FROM `ys_vote_quick_item` [ RunTime:0.0010s ]
SQL: SELECT `pid` FROM `ys_vote_quick_item` WHERE `uid` = '1' GROUP BY pid  [ RunTime:0.0001s ]
INFO: [ app_end ] --START--
INFO: Run Behavior\ShowPageTraceBehavior [ RunTime:0.000629s ]
INFO: [ app_end ] --END-- [ RunTime:0.000682s ]

[ 2017-10-16T14:14:16+08:00 ] 113.79.14.52 /Module/Vote/get_vote.html
INFO: [ app_init ] --START--
INFO: Run Behavior\BuildLiteBehavior [ RunTime:0.000032s ]
INFO: [ app_init ] --END-- [ RunTime:0.003713s ]
INFO: [ app_begin ] --START--
INFO: Run Behavior\ReadHtmlCacheBehavior [ RunTime:0.000744s ]
SQL: SHOW COLUMNS FROM `ys_config` [ RunTime:0.0008s ]
SQL: SELECT * FROM `ys_config` WHERE `id` = 1 LIMIT 1   [ RunTime:0.0027s ]
INFO: Run Common\Behaviors\AppBeginBehavior [ RunTime:0.037565s ]
INFO: [ app_begin ] --END-- [ RunTime:0.038465s ]
SQL: SHOW COLUMNS FROM `ys_nav` [ RunTime:0.0009s ]
SQL: SELECT * FROM `ys_nav` ORDER BY order_number is null,order_number,id  [ RunTime:0.0001s ]
SQL: SHOW COLUMNS FROM `ys_vote_quick_title` [ RunTime:0.0008s ]
SQL: SELECT * FROM `ys_vote_quick_title` WHERE `uid` = 1  [ RunTime:0.0007s ]
INFO: [ app_end ] --START--
INFO: Run Behavior\ShowPageTraceBehavior [ RunTime:0.000861s ]
INFO: [ app_end ] --END-- [ RunTime:0.000943s ]

[ 2017-10-16T14:14:25+08:00 ] 113.79.14.52 /Module/Vote/stop_code.html?id=5&publish=0&title=teebox-10%E6%9C%88%E7%AC%AC1%E6%AC%A1%E5%BF%AB%E5%8D%95%E6%8A%95%E7%A5%A8
INFO: [ app_init ] --START--
INFO: Run Behavior\BuildLiteBehavior [ RunTime:0.000028s ]
INFO: [ app_init ] --END-- [ RunTime:0.000771s ]
INFO: [ app_begin ] --START--
INFO: Run Behavior\ReadHtmlCacheBehavior [ RunTime:0.000800s ]
SQL: SHOW COLUMNS FROM `ys_config` [ RunTime:0.0020s ]
SQL: SELECT * FROM `ys_config` WHERE `id` = 1 LIMIT 1   [ RunTime:0.0003s ]
INFO: Run Common\Behaviors\AppBeginBehavior [ RunTime:0.018364s ]
INFO: [ app_begin ] --END-- [ RunTime:0.019293s ]
SQL: SHOW COLUMNS FROM `ys_nav` [ RunTime:0.0013s ]
SQL: SELECT * FROM `ys_nav` ORDER BY order_number is null,order_number,id  [ RunTime:0.0002s ]
SQL: SHOW COLUMNS FROM `ys_vote_quick_title` [ RunTime:0.0013s ]
SQL: UPDATE `ys_vote_quick_title` SET `publish`='0',`title`='teebox-10月第1次快单投票' WHERE `id` = 5 [ RunTime:0.0006s ]
SQL: SHOW COLUMNS FROM `ys_log` [ RunTime:0.0019s ]
SQL: INSERT INTO `ys_log` (`uid`,`time`,`ip`,`logtext`) VALUES ('yishion','1508134465','113.79.14.52','投票停止成功-teebox-10月第1次快单投票') [ RunTime:0.0007s ]
INFO: [ view_parse ] --START--
INFO: [ template_filter ] --START--
INFO: Run Behavior\ContentReplaceBehavior [ RunTime:0.000065s ]
INFO: [ template_filter ] --END-- [ RunTime:0.000174s ]
INFO: Run Behavior\ParseTemplateBehavior [ RunTime:0.012637s ]
INFO: [ view_parse ] --END-- [ RunTime:0.012713s ]
INFO: [ view_filter ] --START--
INFO: Run Behavior\WriteHtmlCacheBehavior [ RunTime:0.000322s ]
INFO: Run Behavior\TokenBuildBehavior [ RunTime:0.000464s ]
INFO: [ view_filter ] --END-- [ RunTime:0.000892s ]
INFO: [ app_end ] --START--
INFO: Run Behavior\ShowPageTraceBehavior [ RunTime:0.001530s ]
INFO: [ app_end ] --END-- [ RunTime:0.001628s ]

[ 2017-10-16T14:14:27+08:00 ] 113.79.14.52 /Module/Vote/index.html
INFO: [ app_init ] --START--
INFO: Run Behavior\BuildLiteBehavior [ RunTime:0.000025s ]
INFO: [ app_init ] --END-- [ RunTime:0.000517s ]
INFO: [ app_begin ] --START--
INFO: Run Behavior\ReadHtmlCacheBehavior [ RunTime:0.000581s ]
SQL: SHOW COLUMNS FROM `ys_config` [ RunTime:0.0008s ]
SQL: SELECT * FROM `ys_config` WHERE `id` = 1 LIMIT 1   [ RunTime:0.0001s ]
INFO: Run Common\Behaviors\AppBeginBehavior [ RunTime:0.013179s ]
INFO: [ app_begin ] --END-- [ RunTime:0.013861s ]
SQL: SHOW COLUMNS FROM `ys_nav` [ RunTime:0.0010s ]
SQL: SELECT * FROM `ys_nav` ORDER BY order_number is null,order_number,id  [ RunTime:0.0002s ]
INFO: [ view_parse ] --START--
INFO: [ template_filter ] --START--
INFO: Run Behavior\ContentReplaceBehavior [ RunTime:0.000069s ]
INFO: [ template_filter ] --END-- [ RunTime:0.000159s ]
INFO: Run Behavior\ParseTemplateBehavior [ RunTime:0.015341s ]
INFO: [ view_parse ] --END-- [ RunTime:0.015444s ]
INFO: [ view_filter ] --START--
INFO: Run Behavior\WriteHtmlCacheBehavior [ RunTime:0.000774s ]
INFO: Run Behavior\TokenBuildBehavior [ RunTime:0.001571s ]
INFO: [ view_filter ] --END-- [ RunTime:0.002450s ]
INFO: [ app_end ] --START--
INFO: Run Behavior\ShowPageTraceBehavior [ RunTime:0.001059s ]
INFO: [ app_end ] --END-- [ RunTime:0.001133s ]

[ 2017-10-16T14:14:27+08:00 ] 113.79.14.52 /Module/Vote/get_item.html
INFO: [ app_init ] --START--
INFO: Run Behavior\BuildLiteBehavior [ RunTime:0.000020s ]
INFO: [ app_init ] --END-- [ RunTime:0.000468s ]
INFO: [ app_begin ] --START--
INFO: Run Behavior\ReadHtmlCacheBehavior [ RunTime:0.000740s ]
SQL: SHOW COLUMNS FROM `ys_config` [ RunTime:0.0008s ]
SQL: SELECT * FROM `ys_config` WHERE `id` = 1 LIMIT 1   [ RunTime:0.0002s ]
INFO: Run Common\Behaviors\AppBeginBehavior [ RunTime:0.027562s ]
INFO: [ app_begin ] --END-- [ RunTime:0.028435s ]
SQL: SHOW COLUMNS FROM `ys_nav` [ RunTime:0.0009s ]
SQL: SELECT * FROM `ys_nav` ORDER BY order_number is null,order_number,id  [ RunTime:0.0001s ]
NOTIC: [2048] Declaration of Common\Model\VoteQuickItemModel::data() should be compatible with Think\Model::data($data = '') /home/wwwroot/yishion/APP/Common/Model/VoteQuickItemModel.class.php 第 14 行.
SQL: SHOW COLUMNS FROM `ys_vote_quick_item` [ RunTime:0.0011s ]
SQL: SELECT `pid` FROM `ys_vote_quick_item` WHERE `uid` = '1' GROUP BY pid  [ RunTime:0.0002s ]
INFO: [ app_end ] --START--
INFO: Run Behavior\ShowPageTraceBehavior [ RunTime:0.000638s ]
INFO: [ app_end ] --END-- [ RunTime:0.000695s ]

[ 2017-10-16T14:14:28+08:00 ] 113.79.14.52 /Module/Vote/get_vote.html
INFO: [ app_init ] --START--
INFO: Run Behavior\BuildLiteBehavior [ RunTime:0.000028s ]
INFO: [ app_init ] --END-- [ RunTime:0.003526s ]
INFO: [ app_begin ] --START--
INFO: Run Behavior\ReadHtmlCacheBehavior [ RunTime:0.000542s ]
SQL: SHOW COLUMNS FROM `ys_config` [ RunTime:0.0008s ]
SQL: SELECT * FROM `ys_config` WHERE `id` = 1 LIMIT 1   [ RunTime:0.0001s ]
INFO: Run Common\Behaviors\AppBeginBehavior [ RunTime:0.028964s ]
INFO: [ app_begin ] --END-- [ RunTime:0.029586s ]
SQL: SHOW COLUMNS FROM `ys_nav` [ RunTime:0.0007s ]
SQL: SELECT * FROM `ys_nav` ORDER BY order_number is null,order_number,id  [ RunTime:0.0001s ]
SQL: SHOW COLUMNS FROM `ys_vote_quick_title` [ RunTime:0.0009s ]
SQL: SELECT * FROM `ys_vote_quick_title` WHERE `uid` = 1  [ RunTime:0.0003s ]
INFO: [ app_end ] --START--
INFO: Run Behavior\ShowPageTraceBehavior [ RunTime:0.000812s ]
INFO: [ app_end ] --END-- [ RunTime:0.000901s ]

