[ 2017-09-25T09:21:24+08:00 ] 119.144.152.143 /Theme/index.html
INFO: [ app_init ] --START--
INFO: Run Behavior\BuildLiteBehavior [ RunTime:0.000030s ]
INFO: [ app_init ] --END-- [ RunTime:0.001225s ]
INFO: [ app_begin ] --START--
INFO: Run Behavior\ReadHtmlCacheBehavior [ RunTime:0.004178s ]
SQL: SHOW COLUMNS FROM `ys_config` [ RunTime:0.0059s ]
SQL: SELECT * FROM `ys_config` WHERE `id` = 1 LIMIT 1   [ RunTime:0.0004s ]
INFO: Run Common\Behaviors\AppBeginBehavior [ RunTime:0.136429s ]
INFO: [ app_begin ] --END-- [ RunTime:0.141733s ]

[ 2017-09-25T09:21:24+08:00 ] 119.144.152.143 /Theme/dologin.html
INFO: [ app_init ] --START--
INFO: Run Behavior\BuildLiteBehavior [ RunTime:0.000022s ]
INFO: [ app_init ] --END-- [ RunTime:0.000597s ]
INFO: [ app_begin ] --START--
INFO: Run Behavior\ReadHtmlCacheBehavior [ RunTime:0.000890s ]
SQL: SHOW COLUMNS FROM `ys_config` [ RunTime:0.0039s ]
SQL: SELECT * FROM `ys_config` WHERE `id` = 1 LIMIT 1   [ RunTime:0.0002s ]
INFO: Run Common\Behaviors\AppBeginBehavior [ RunTime:0.069158s ]
INFO: [ app_begin ] --END-- [ RunTime:0.070291s ]
INFO: [ view_parse ] --START--
INFO: [ template_filter ] --START--
INFO: Run Behavior\ContentReplaceBehavior [ RunTime:0.000570s ]
INFO: [ template_filter ] --END-- [ RunTime:0.000716s ]
INFO: Run Behavior\ParseTemplateBehavior [ RunTime:0.020650s ]
INFO: [ view_parse ] --END-- [ RunTime:0.020811s ]
INFO: [ view_filter ] --START--
INFO: Run Behavior\WriteHtmlCacheBehavior [ RunTime:0.000764s ]
INFO: Run Behavior\TokenBuildBehavior [ RunTime:0.001081s ]
INFO: [ view_filter ] --END-- [ RunTime:0.001971s ]
INFO: [ app_end ] --START--
INFO: Run Behavior\ShowPageTraceBehavior [ RunTime:0.003146s ]
INFO: [ app_end ] --END-- [ RunTime:0.003232s ]

[ 2017-09-25T09:21:31+08:00 ] 119.144.152.143 /Theme/Login/sign.html
INFO: [ app_init ] --START--
INFO: Run Behavior\BuildLiteBehavior [ RunTime:0.000023s ]
INFO: [ app_init ] --END-- [ RunTime:0.002511s ]
INFO: [ app_begin ] --START--
INFO: Run Behavior\ReadHtmlCacheBehavior [ RunTime:0.001274s ]
SQL: SHOW COLUMNS FROM `ys_config` [ RunTime:0.0029s ]
SQL: SELECT * FROM `ys_config` WHERE `id` = 1 LIMIT 1   [ RunTime:0.0002s ]
INFO: Run Common\Behaviors\AppBeginBehavior [ RunTime:0.067313s ]
INFO: [ app_begin ] --END-- [ RunTime:0.069040s ]
SQL: SHOW COLUMNS FROM `ys_admin` [ RunTime:0.0014s ]
SQL: SELECT * FROM `ys_admin` WHERE `username` = 'yishion' AND `password` = 'd41d8cd98f00b204e9800998ecf8427e' LIMIT 1   [ RunTime:0.0127s ]
NOTIC: [8] Undefined index: validate /home/wwwroot/yishion/ThinkPHP/Library/Think/Model.class.php 第 1185 行.
NOTIC: [8] Undefined index: auto /home/wwwroot/yishion/ThinkPHP/Library/Think/Model.class.php 第 1128 行.
SQL: UPDATE `ys_admin` SET `username`='yishion',`password`='d41d8cd98f00b204e9800998ecf8427e',`phone`=NULL,`email`='',`status`='1',`regtime`='1504167550',`loginip`='119.144.152.143',`logintime`='1506302491' WHERE `id` = 1 [ RunTime:0.0165s ]
INFO: [ view_parse ] --START--
INFO: [ template_filter ] --START--
INFO: Run Behavior\ContentReplaceBehavior [ RunTime:0.000054s ]
INFO: [ template_filter ] --END-- [ RunTime:0.000155s ]
INFO: Run Behavior\ParseTemplateBehavior [ RunTime:0.014668s ]
INFO: [ view_parse ] --END-- [ RunTime:0.014823s ]
INFO: [ view_filter ] --START--
INFO: Run Behavior\WriteHtmlCacheBehavior [ RunTime:0.000422s ]
INFO: Run Behavior\TokenBuildBehavior [ RunTime:0.000784s ]
INFO: [ view_filter ] --END-- [ RunTime:0.001541s ]
INFO: [ app_end ] --START--
INFO: Run Behavior\ShowPageTraceBehavior [ RunTime:0.000963s ]
INFO: [ app_end ] --END-- [ RunTime:0.001034s ]

[ 2017-09-25T09:21:33+08:00 ] 119.144.152.143 /Theme/index.html
INFO: [ app_init ] --START--
INFO: Run Behavior\BuildLiteBehavior [ RunTime:0.000042s ]
INFO: [ app_init ] --END-- [ RunTime:0.002844s ]
INFO: [ app_begin ] --START--
INFO: Run Behavior\ReadHtmlCacheBehavior [ RunTime:0.003220s ]
SQL: SHOW COLUMNS FROM `ys_config` [ RunTime:0.0027s ]
SQL: SELECT * FROM `ys_config` WHERE `id` = 1 LIMIT 1   [ RunTime:0.0005s ]
INFO: Run Common\Behaviors\AppBeginBehavior [ RunTime:0.222768s ]
INFO: [ app_begin ] --END-- [ RunTime:0.226662s ]
SQL: SHOW COLUMNS FROM `ys_nav` [ RunTime:0.0011s ]
SQL: SELECT * FROM `ys_nav` ORDER BY order_number is null,order_number,id  [ RunTime:0.0005s ]
INFO: [ view_parse ] --START--
INFO: [ template_filter ] --START--
INFO: Run Behavior\ContentReplaceBehavior [ RunTime:0.000712s ]
INFO: [ template_filter ] --END-- [ RunTime:0.001558s ]
INFO: Run Behavior\ParseTemplateBehavior [ RunTime:0.044591s ]
INFO: [ view_parse ] --END-- [ RunTime:0.045853s ]
INFO: [ view_filter ] --START--
INFO: Run Behavior\WriteHtmlCacheBehavior [ RunTime:0.000646s ]
INFO: Run Behavior\TokenBuildBehavior [ RunTime:0.000820s ]
INFO: [ view_filter ] --END-- [ RunTime:0.001801s ]
INFO: [ app_end ] --START--
INFO: Run Behavior\ShowPageTraceBehavior [ RunTime:0.002133s ]
INFO: [ app_end ] --END-- [ RunTime:0.002904s ]

[ 2017-09-25T09:21:35+08:00 ] 119.144.152.143 /Theme/welcome.html
INFO: [ app_init ] --START--
INFO: Run Behavior\BuildLiteBehavior [ RunTime:0.000027s ]
INFO: [ app_init ] --END-- [ RunTime:0.000612s ]
INFO: [ app_begin ] --START--
INFO: Run Behavior\ReadHtmlCacheBehavior [ RunTime:0.000709s ]
SQL: SHOW COLUMNS FROM `ys_config` [ RunTime:0.0041s ]
SQL: SELECT * FROM `ys_config` WHERE `id` = 1 LIMIT 1   [ RunTime:0.0001s ]
INFO: Run Common\Behaviors\AppBeginBehavior [ RunTime:0.033396s ]
INFO: [ app_begin ] --END-- [ RunTime:0.034282s ]
SQL: SHOW COLUMNS FROM `ys_nav` [ RunTime:0.0007s ]
SQL: SELECT * FROM `ys_nav` ORDER BY order_number is null,order_number,id  [ RunTime:0.0001s ]
SQL: select version() as ver [ RunTime:0.0030s ]
NOTIC: [8] Undefined variable: browserplatform /home/wwwroot/yishion/APP/Common/Common/helper.php 第 95 行.
NOTIC: [8192] Function eregi() is deprecated /home/wwwroot/yishion/APP/Common/Common/helper.php 第 96 行.
NOTIC: [8192] Function eregi() is deprecated /home/wwwroot/yishion/APP/Common/Common/helper.php 第 99 行.
NOTIC: [8192] Function eregi() is deprecated /home/wwwroot/yishion/APP/Common/Common/helper.php 第 102 行.
NOTIC: [8192] Function ereg() is deprecated /home/wwwroot/yishion/APP/Common/Common/helper.php 第 102 行.
NOTIC: [8192] Function eregi() is deprecated /home/wwwroot/yishion/APP/Common/Common/helper.php 第 105 行.
NOTIC: [8192] Function eregi() is deprecated /home/wwwroot/yishion/APP/Common/Common/helper.php 第 105 行.
NOTIC: [8192] Function eregi() is deprecated /home/wwwroot/yishion/APP/Common/Common/helper.php 第 108 行.
NOTIC: [8192] Function eregi() is deprecated /home/wwwroot/yishion/APP/Common/Common/helper.php 第 108 行.
NOTIC: [8192] Function eregi() is deprecated /home/wwwroot/yishion/APP/Common/Common/helper.php 第 111 行.
NOTIC: [8192] Function eregi() is deprecated /home/wwwroot/yishion/APP/Common/Common/helper.php 第 111 行.
NOTIC: [8192] Function eregi() is deprecated /home/wwwroot/yishion/APP/Common/Common/helper.php 第 114 行.
NOTIC: [8192] Function eregi() is deprecated /home/wwwroot/yishion/APP/Common/Common/helper.php 第 114 行.
INFO: [ view_parse ] --START--
INFO: [ template_filter ] --START--
INFO: Run Behavior\ContentReplaceBehavior [ RunTime:0.000067s ]
INFO: [ template_filter ] --END-- [ RunTime:0.000169s ]
INFO: Run Behavior\ParseTemplateBehavior [ RunTime:0.010967s ]
INFO: [ view_parse ] --END-- [ RunTime:0.011107s ]
INFO: [ view_filter ] --START--
INFO: Run Behavior\WriteHtmlCacheBehavior [ RunTime:0.000634s ]
INFO: Run Behavior\TokenBuildBehavior [ RunTime:0.001288s ]
INFO: [ view_filter ] --END-- [ RunTime:0.013827s ]
INFO: [ app_end ] --START--
INFO: Run Behavior\ShowPageTraceBehavior [ RunTime:0.002915s ]
INFO: [ app_end ] --END-- [ RunTime:0.003044s ]

[ 2017-09-25T10:38:04+08:00 ] 119.144.152.143 /Theme/edit_pwd.html
INFO: [ app_init ] --START--
INFO: Run Behavior\BuildLiteBehavior [ RunTime:0.000019s ]
INFO: [ app_init ] --END-- [ RunTime:0.000535s ]
INFO: [ app_begin ] --START--
INFO: Run Behavior\ReadHtmlCacheBehavior [ RunTime:0.000654s ]
SQL: SHOW COLUMNS FROM `ys_config` [ RunTime:0.0013s ]
SQL: SELECT * FROM `ys_config` WHERE `id` = 1 LIMIT 1   [ RunTime:0.0002s ]
INFO: Run Common\Behaviors\AppBeginBehavior [ RunTime:0.030457s ]
INFO: [ app_begin ] --END-- [ RunTime:0.031304s ]
SQL: SHOW COLUMNS FROM `ys_nav` [ RunTime:0.0008s ]
SQL: SELECT * FROM `ys_nav` ORDER BY order_number is null,order_number,id  [ RunTime:0.0001s ]
INFO: [ view_parse ] --START--
INFO: [ template_filter ] --START--
INFO: Run Behavior\ContentReplaceBehavior [ RunTime:0.000077s ]
INFO: [ template_filter ] --END-- [ RunTime:0.000192s ]
INFO: Run Behavior\ParseTemplateBehavior [ RunTime:0.010033s ]
INFO: [ view_parse ] --END-- [ RunTime:0.010161s ]
INFO: [ view_filter ] --START--
INFO: Run Behavior\WriteHtmlCacheBehavior [ RunTime:0.000763s ]
INFO: Run Behavior\TokenBuildBehavior [ RunTime:0.000412s ]
INFO: [ view_filter ] --END-- [ RunTime:0.001311s ]
INFO: [ app_end ] --START--
INFO: Run Behavior\ShowPageTraceBehavior [ RunTime:0.001171s ]
INFO: [ app_end ] --END-- [ RunTime:0.001245s ]

[ 2017-09-25T10:38:07+08:00 ] 119.144.152.143 /Theme/edit_pwd.html
INFO: [ app_init ] --START--
INFO: Run Behavior\BuildLiteBehavior [ RunTime:0.000022s ]
INFO: [ app_init ] --END-- [ RunTime:0.000695s ]
INFO: [ app_begin ] --START--
INFO: Run Behavior\ReadHtmlCacheBehavior [ RunTime:0.000623s ]
SQL: SHOW COLUMNS FROM `ys_config` [ RunTime:0.0010s ]
SQL: SELECT * FROM `ys_config` WHERE `id` = 1 LIMIT 1   [ RunTime:0.0002s ]
INFO: Run Common\Behaviors\AppBeginBehavior [ RunTime:0.030374s ]
INFO: [ app_begin ] --END-- [ RunTime:0.031168s ]
SQL: SHOW COLUMNS FROM `ys_nav` [ RunTime:0.0010s ]
SQL: SELECT * FROM `ys_nav` ORDER BY order_number is null,order_number,id  [ RunTime:0.0002s ]
SQL: SHOW COLUMNS FROM `ys_admin` [ RunTime:0.0007s ]
NOTIC: [8] Undefined index: validate /home/wwwroot/yishion/ThinkPHP/Library/Think/Model.class.php 第 1185 行.
NOTIC: [8] Undefined index: auto /home/wwwroot/yishion/ThinkPHP/Library/Think/Model.class.php 第 1128 行.
SQL: UPDATE `ys_admin` SET `password`='d41d8cd98f00b204e9800998ecf8427e',`logintime`='1506307087' WHERE `id` = 1 [ RunTime:0.0003s ]
INFO: [ view_parse ] --START--
INFO: [ template_filter ] --START--
INFO: Run Behavior\ContentReplaceBehavior [ RunTime:0.000045s ]
INFO: [ template_filter ] --END-- [ RunTime:0.000116s ]
INFO: Run Behavior\ParseTemplateBehavior [ RunTime:0.009327s ]
INFO: [ view_parse ] --END-- [ RunTime:0.009411s ]
INFO: [ view_filter ] --START--
INFO: Run Behavior\WriteHtmlCacheBehavior [ RunTime:0.000371s ]
INFO: Run Behavior\TokenBuildBehavior [ RunTime:0.000498s ]
INFO: [ view_filter ] --END-- [ RunTime:0.000962s ]
INFO: [ app_end ] --START--
INFO: Run Behavior\ShowPageTraceBehavior [ RunTime:0.000756s ]
INFO: [ app_end ] --END-- [ RunTime:0.000826s ]

[ 2017-09-25T10:38:08+08:00 ] 119.144.152.143 /Theme/welcome.html
INFO: [ app_init ] --START--
INFO: Run Behavior\BuildLiteBehavior [ RunTime:0.000058s ]
INFO: [ app_init ] --END-- [ RunTime:0.000664s ]
INFO: [ app_begin ] --START--
INFO: Run Behavior\ReadHtmlCacheBehavior [ RunTime:0.000658s ]
SQL: SHOW COLUMNS FROM `ys_config` [ RunTime:0.0009s ]
SQL: SELECT * FROM `ys_config` WHERE `id` = 1 LIMIT 1   [ RunTime:0.0001s ]
INFO: Run Common\Behaviors\AppBeginBehavior [ RunTime:0.028091s ]
INFO: [ app_begin ] --END-- [ RunTime:0.028913s ]
SQL: SHOW COLUMNS FROM `ys_nav` [ RunTime:0.0008s ]
SQL: SELECT * FROM `ys_nav` ORDER BY order_number is null,order_number,id  [ RunTime:0.0001s ]
SQL: select version() as ver [ RunTime:0.0003s ]
NOTIC: [8] Undefined variable: browserplatform /home/wwwroot/yishion/APP/Common/Common/helper.php 第 95 行.
NOTIC: [8192] Function eregi() is deprecated /home/wwwroot/yishion/APP/Common/Common/helper.php 第 96 行.
NOTIC: [8192] Function eregi() is deprecated /home/wwwroot/yishion/APP/Common/Common/helper.php 第 99 行.
NOTIC: [8192] Function eregi() is deprecated /home/wwwroot/yishion/APP/Common/Common/helper.php 第 102 行.
NOTIC: [8192] Function ereg() is deprecated /home/wwwroot/yishion/APP/Common/Common/helper.php 第 102 行.
NOTIC: [8192] Function eregi() is deprecated /home/wwwroot/yishion/APP/Common/Common/helper.php 第 105 行.
NOTIC: [8192] Function eregi() is deprecated /home/wwwroot/yishion/APP/Common/Common/helper.php 第 105 行.
NOTIC: [8192] Function eregi() is deprecated /home/wwwroot/yishion/APP/Common/Common/helper.php 第 108 行.
NOTIC: [8192] Function eregi() is deprecated /home/wwwroot/yishion/APP/Common/Common/helper.php 第 108 行.
NOTIC: [8192] Function eregi() is deprecated /home/wwwroot/yishion/APP/Common/Common/helper.php 第 111 行.
NOTIC: [8192] Function eregi() is deprecated /home/wwwroot/yishion/APP/Common/Common/helper.php 第 111 行.
NOTIC: [8192] Function eregi() is deprecated /home/wwwroot/yishion/APP/Common/Common/helper.php 第 114 行.
NOTIC: [8192] Function eregi() is deprecated /home/wwwroot/yishion/APP/Common/Common/helper.php 第 114 行.
INFO: [ view_parse ] --START--
INFO: [ template_filter ] --START--
INFO: Run Behavior\ContentReplaceBehavior [ RunTime:0.000054s ]
INFO: [ template_filter ] --END-- [ RunTime:0.000126s ]
INFO: Run Behavior\ParseTemplateBehavior [ RunTime:0.007895s ]
INFO: [ view_parse ] --END-- [ RunTime:0.007957s ]
INFO: [ view_filter ] --START--
INFO: Run Behavior\WriteHtmlCacheBehavior [ RunTime:0.000271s ]
INFO: Run Behavior\TokenBuildBehavior [ RunTime:0.000472s ]
INFO: [ view_filter ] --END-- [ RunTime:0.000826s ]
INFO: [ app_end ] --START--
INFO: Run Behavior\ShowPageTraceBehavior [ RunTime:0.000530s ]
INFO: [ app_end ] --END-- [ RunTime:0.000581s ]

[ 2017-09-25T10:38:38+08:00 ] 119.144.152.143 /Theme/index.html
INFO: [ app_init ] --START--
INFO: Run Behavior\BuildLiteBehavior [ RunTime:0.000023s ]
INFO: [ app_init ] --END-- [ RunTime:0.000590s ]
INFO: [ app_begin ] --START--
INFO: Run Behavior\ReadHtmlCacheBehavior [ RunTime:0.000760s ]
SQL: SHOW COLUMNS FROM `ys_config` [ RunTime:0.0009s ]
SQL: SELECT * FROM `ys_config` WHERE `id` = 1 LIMIT 1   [ RunTime:0.0001s ]
INFO: Run Common\Behaviors\AppBeginBehavior [ RunTime:0.029541s ]
INFO: [ app_begin ] --END-- [ RunTime:0.030477s ]
SQL: SHOW COLUMNS FROM `ys_nav` [ RunTime:0.0011s ]
SQL: SELECT * FROM `ys_nav` ORDER BY order_number is null,order_number,id  [ RunTime:0.0002s ]
INFO: [ view_parse ] --START--
INFO: [ template_filter ] --START--
INFO: Run Behavior\ContentReplaceBehavior [ RunTime:0.000105s ]
INFO: [ template_filter ] --END-- [ RunTime:0.000243s ]
INFO: Run Behavior\ParseTemplateBehavior [ RunTime:0.019653s ]
INFO: [ view_parse ] --END-- [ RunTime:0.019804s ]
INFO: [ view_filter ] --START--
INFO: Run Behavior\WriteHtmlCacheBehavior [ RunTime:0.000320s ]
INFO: Run Behavior\TokenBuildBehavior [ RunTime:0.000418s ]
INFO: [ view_filter ] --END-- [ RunTime:0.000818s ]
INFO: [ app_end ] --START--
INFO: Run Behavior\ShowPageTraceBehavior [ RunTime:0.000959s ]
INFO: [ app_end ] --END-- [ RunTime:0.001093s ]

[ 2017-09-25T10:38:39+08:00 ] 119.144.152.143 /Theme/welcome.html
INFO: [ app_init ] --START--
INFO: Run Behavior\BuildLiteBehavior [ RunTime:0.000019s ]
INFO: [ app_init ] --END-- [ RunTime:0.000553s ]
INFO: [ app_begin ] --START--
INFO: Run Behavior\ReadHtmlCacheBehavior [ RunTime:0.000623s ]
SQL: SHOW COLUMNS FROM `ys_config` [ RunTime:0.0006s ]
SQL: SELECT * FROM `ys_config` WHERE `id` = 1 LIMIT 1   [ RunTime:0.0002s ]
INFO: Run Common\Behaviors\AppBeginBehavior [ RunTime:0.026913s ]
INFO: [ app_begin ] --END-- [ RunTime:0.027681s ]
SQL: SHOW COLUMNS FROM `ys_nav` [ RunTime:0.0013s ]
SQL: SELECT * FROM `ys_nav` ORDER BY order_number is null,order_number,id  [ RunTime:0.0001s ]
SQL: select version() as ver [ RunTime:0.0003s ]
NOTIC: [8] Undefined variable: browserplatform /home/wwwroot/yishion/APP/Common/Common/helper.php 第 95 行.
NOTIC: [8192] Function eregi() is deprecated /home/wwwroot/yishion/APP/Common/Common/helper.php 第 96 行.
NOTIC: [8192] Function eregi() is deprecated /home/wwwroot/yishion/APP/Common/Common/helper.php 第 99 行.
NOTIC: [8192] Function eregi() is deprecated /home/wwwroot/yishion/APP/Common/Common/helper.php 第 102 行.
NOTIC: [8192] Function ereg() is deprecated /home/wwwroot/yishion/APP/Common/Common/helper.php 第 102 行.
NOTIC: [8192] Function eregi() is deprecated /home/wwwroot/yishion/APP/Common/Common/helper.php 第 105 行.
NOTIC: [8192] Function eregi() is deprecated /home/wwwroot/yishion/APP/Common/Common/helper.php 第 105 行.
NOTIC: [8192] Function eregi() is deprecated /home/wwwroot/yishion/APP/Common/Common/helper.php 第 108 行.
NOTIC: [8192] Function eregi() is deprecated /home/wwwroot/yishion/APP/Common/Common/helper.php 第 108 行.
NOTIC: [8192] Function eregi() is deprecated /home/wwwroot/yishion/APP/Common/Common/helper.php 第 111 行.
NOTIC: [8192] Function eregi() is deprecated /home/wwwroot/yishion/APP/Common/Common/helper.php 第 111 行.
NOTIC: [8192] Function eregi() is deprecated /home/wwwroot/yishion/APP/Common/Common/helper.php 第 114 行.
NOTIC: [8192] Function eregi() is deprecated /home/wwwroot/yishion/APP/Common/Common/helper.php 第 114 行.
INFO: [ view_parse ] --START--
INFO: [ template_filter ] --START--
INFO: Run Behavior\ContentReplaceBehavior [ RunTime:0.000098s ]
INFO: [ template_filter ] --END-- [ RunTime:0.000210s ]
INFO: Run Behavior\ParseTemplateBehavior [ RunTime:0.009355s ]
INFO: [ view_parse ] --END-- [ RunTime:0.009408s ]
INFO: [ view_filter ] --START--
INFO: Run Behavior\WriteHtmlCacheBehavior [ RunTime:0.000290s ]
INFO: Run Behavior\TokenBuildBehavior [ RunTime:0.000405s ]
INFO: [ view_filter ] --END-- [ RunTime:0.000817s ]
INFO: [ app_end ] --START--
INFO: Run Behavior\ShowPageTraceBehavior [ RunTime:0.000629s ]
INFO: [ app_end ] --END-- [ RunTime:0.000694s ]

[ 2017-09-25T11:54:54+08:00 ] 119.144.152.143 /Theme/dologin.html
INFO: [ app_init ] --START--
INFO: Run Behavior\BuildLiteBehavior [ RunTime:0.000018s ]
INFO: [ app_init ] --END-- [ RunTime:0.000593s ]
INFO: [ app_begin ] --START--
INFO: Run Behavior\ReadHtmlCacheBehavior [ RunTime:0.000794s ]
SQL: SHOW COLUMNS FROM `ys_config` [ RunTime:0.0012s ]
SQL: SELECT * FROM `ys_config` WHERE `id` = 1 LIMIT 1   [ RunTime:0.0001s ]
INFO: Run Common\Behaviors\AppBeginBehavior [ RunTime:0.028618s ]
INFO: [ app_begin ] --END-- [ RunTime:0.029776s ]
INFO: [ view_parse ] --START--
INFO: [ template_filter ] --START--
INFO: Run Behavior\ContentReplaceBehavior [ RunTime:0.000048s ]
INFO: [ template_filter ] --END-- [ RunTime:0.000115s ]
INFO: Run Behavior\ParseTemplateBehavior [ RunTime:0.008666s ]
INFO: [ view_parse ] --END-- [ RunTime:0.008749s ]
INFO: [ view_filter ] --START--
INFO: Run Behavior\WriteHtmlCacheBehavior [ RunTime:0.000262s ]
INFO: Run Behavior\TokenBuildBehavior [ RunTime:0.000526s ]
INFO: [ view_filter ] --END-- [ RunTime:0.000878s ]
INFO: [ app_end ] --START--
INFO: Run Behavior\ShowPageTraceBehavior [ RunTime:0.000537s ]
INFO: [ app_end ] --END-- [ RunTime:0.000586s ]

[ 2017-09-25T11:55:01+08:00 ] 119.144.152.143 /Theme/Login/sign.html
INFO: [ app_init ] --START--
INFO: Run Behavior\BuildLiteBehavior [ RunTime:0.000018s ]
INFO: [ app_init ] --END-- [ RunTime:0.000435s ]
INFO: [ app_begin ] --START--
INFO: Run Behavior\ReadHtmlCacheBehavior [ RunTime:0.000485s ]
SQL: SHOW COLUMNS FROM `ys_config` [ RunTime:0.0006s ]
SQL: SELECT * FROM `ys_config` WHERE `id` = 1 LIMIT 1   [ RunTime:0.0001s ]
INFO: Run Common\Behaviors\AppBeginBehavior [ RunTime:0.021893s ]
INFO: [ app_begin ] --END-- [ RunTime:0.022481s ]
SQL: SHOW COLUMNS FROM `ys_admin` [ RunTime:0.0008s ]
SQL: SELECT * FROM `ys_admin` WHERE `username` = 'yishion' AND `password` = 'd41d8cd98f00b204e9800998ecf8427e' LIMIT 1   [ RunTime:0.0003s ]
NOTIC: [8] Undefined index: validate /home/wwwroot/yishion/ThinkPHP/Library/Think/Model.class.php 第 1185 行.
NOTIC: [8] Undefined index: auto /home/wwwroot/yishion/ThinkPHP/Library/Think/Model.class.php 第 1128 行.
SQL: UPDATE `ys_admin` SET `username`='yishion',`password`='d41d8cd98f00b204e9800998ecf8427e',`phone`=NULL,`email`='',`status`='1',`regtime`='1504167550',`loginip`='119.144.152.143',`logintime`='1506311701' WHERE `id` = 1 [ RunTime:0.0003s ]
INFO: [ view_parse ] --START--
INFO: [ template_filter ] --START--
INFO: Run Behavior\ContentReplaceBehavior [ RunTime:0.000045s ]
INFO: [ template_filter ] --END-- [ RunTime:0.000114s ]
INFO: Run Behavior\ParseTemplateBehavior [ RunTime:0.006426s ]
INFO: [ view_parse ] --END-- [ RunTime:0.006473s ]
INFO: [ view_filter ] --START--
INFO: Run Behavior\WriteHtmlCacheBehavior [ RunTime:0.000442s ]
INFO: Run Behavior\TokenBuildBehavior [ RunTime:0.000377s ]
INFO: [ view_filter ] --END-- [ RunTime:0.000903s ]
INFO: [ app_end ] --START--
INFO: Run Behavior\ShowPageTraceBehavior [ RunTime:0.000577s ]
INFO: [ app_end ] --END-- [ RunTime:0.000625s ]

[ 2017-09-25T11:55:03+08:00 ] 119.144.152.143 /Theme/index.html
INFO: [ app_init ] --START--
INFO: Run Behavior\BuildLiteBehavior [ RunTime:0.000020s ]
INFO: [ app_init ] --END-- [ RunTime:0.000449s ]
INFO: [ app_begin ] --START--
INFO: Run Behavior\ReadHtmlCacheBehavior [ RunTime:0.000603s ]
SQL: SHOW COLUMNS FROM `ys_config` [ RunTime:0.0006s ]
SQL: SELECT * FROM `ys_config` WHERE `id` = 1 LIMIT 1   [ RunTime:0.0001s ]
INFO: Run Common\Behaviors\AppBeginBehavior [ RunTime:0.024537s ]
INFO: [ app_begin ] --END-- [ RunTime:0.025262s ]
SQL: SHOW COLUMNS FROM `ys_nav` [ RunTime:0.0008s ]
SQL: SELECT * FROM `ys_nav` ORDER BY order_number is null,order_number,id  [ RunTime:0.0002s ]
INFO: [ view_parse ] --START--
INFO: [ template_filter ] --START--
INFO: Run Behavior\ContentReplaceBehavior [ RunTime:0.000067s ]
INFO: [ template_filter ] --END-- [ RunTime:0.000194s ]
INFO: Run Behavior\ParseTemplateBehavior [ RunTime:0.012313s ]
INFO: [ view_parse ] --END-- [ RunTime:0.012383s ]
INFO: [ view_filter ] --START--
INFO: Run Behavior\WriteHtmlCacheBehavior [ RunTime:0.000340s ]
INFO: Run Behavior\TokenBuildBehavior [ RunTime:0.000355s ]
INFO: [ view_filter ] --END-- [ RunTime:0.000770s ]
INFO: [ app_end ] --START--
INFO: Run Behavior\ShowPageTraceBehavior [ RunTime:0.000703s ]
INFO: [ app_end ] --END-- [ RunTime:0.000788s ]

[ 2017-09-25T11:55:04+08:00 ] 119.144.152.143 /Theme/welcome.html
INFO: [ app_init ] --START--
INFO: Run Behavior\BuildLiteBehavior [ RunTime:0.000021s ]
INFO: [ app_init ] --END-- [ RunTime:0.000432s ]
INFO: [ app_begin ] --START--
INFO: Run Behavior\ReadHtmlCacheBehavior [ RunTime:0.000558s ]
SQL: SHOW COLUMNS FROM `ys_config` [ RunTime:0.0010s ]
SQL: SELECT * FROM `ys_config` WHERE `id` = 1 LIMIT 1   [ RunTime:0.0001s ]
INFO: Run Common\Behaviors\AppBeginBehavior [ RunTime:0.023782s ]
INFO: [ app_begin ] --END-- [ RunTime:0.024503s ]
SQL: SHOW COLUMNS FROM `ys_nav` [ RunTime:0.0008s ]
SQL: SELECT * FROM `ys_nav` ORDER BY order_number is null,order_number,id  [ RunTime:0.0001s ]
SQL: select version() as ver [ RunTime:0.0002s ]
NOTIC: [8] Undefined variable: browserplatform /home/wwwroot/yishion/APP/Common/Common/helper.php 第 95 行.
NOTIC: [8192] Function eregi() is deprecated /home/wwwroot/yishion/APP/Common/Common/helper.php 第 96 行.
NOTIC: [8192] Function eregi() is deprecated /home/wwwroot/yishion/APP/Common/Common/helper.php 第 99 行.
NOTIC: [8192] Function eregi() is deprecated /home/wwwroot/yishion/APP/Common/Common/helper.php 第 102 行.
NOTIC: [8192] Function ereg() is deprecated /home/wwwroot/yishion/APP/Common/Common/helper.php 第 102 行.
NOTIC: [8192] Function eregi() is deprecated /home/wwwroot/yishion/APP/Common/Common/helper.php 第 105 行.
NOTIC: [8192] Function eregi() is deprecated /home/wwwroot/yishion/APP/Common/Common/helper.php 第 105 行.
NOTIC: [8192] Function eregi() is deprecated /home/wwwroot/yishion/APP/Common/Common/helper.php 第 108 行.
NOTIC: [8192] Function eregi() is deprecated /home/wwwroot/yishion/APP/Common/Common/helper.php 第 108 行.
NOTIC: [8192] Function eregi() is deprecated /home/wwwroot/yishion/APP/Common/Common/helper.php 第 111 行.
NOTIC: [8192] Function eregi() is deprecated /home/wwwroot/yishion/APP/Common/Common/helper.php 第 111 行.
NOTIC: [8192] Function eregi() is deprecated /home/wwwroot/yishion/APP/Common/Common/helper.php 第 114 行.
NOTIC: [8192] Function eregi() is deprecated /home/wwwroot/yishion/APP/Common/Common/helper.php 第 114 行.
INFO: [ view_parse ] --START--
INFO: [ template_filter ] --START--
INFO: Run Behavior\ContentReplaceBehavior [ RunTime:0.000062s ]
INFO: [ template_filter ] --END-- [ RunTime:0.000158s ]
INFO: Run Behavior\ParseTemplateBehavior [ RunTime:0.007363s ]
INFO: [ view_parse ] --END-- [ RunTime:0.007430s ]
INFO: [ view_filter ] --START--
INFO: Run Behavior\WriteHtmlCacheBehavior [ RunTime:0.000370s ]
INFO: Run Behavior\TokenBuildBehavior [ RunTime:0.000487s ]
INFO: [ view_filter ] --END-- [ RunTime:0.000967s ]
INFO: [ app_end ] --START--
INFO: Run Behavior\ShowPageTraceBehavior [ RunTime:0.000699s ]
INFO: [ app_end ] --END-- [ RunTime:0.000799s ]

[ 2017-09-25T12:12:16+08:00 ] 119.144.152.143 /Theme/index.html
INFO: [ app_init ] --START--
INFO: Run Behavior\BuildLiteBehavior [ RunTime:0.000032s ]
INFO: [ app_init ] --END-- [ RunTime:0.000643s ]
INFO: [ app_begin ] --START--
INFO: Run Behavior\ReadHtmlCacheBehavior [ RunTime:0.000873s ]
SQL: SHOW COLUMNS FROM `ys_config` [ RunTime:0.0011s ]
SQL: SELECT * FROM `ys_config` WHERE `id` = 1 LIMIT 1   [ RunTime:0.0002s ]
INFO: Run Common\Behaviors\AppBeginBehavior [ RunTime:0.037167s ]
INFO: [ app_begin ] --END-- [ RunTime:0.038231s ]
SQL: SHOW COLUMNS FROM `ys_nav` [ RunTime:0.0011s ]
SQL: SELECT * FROM `ys_nav` ORDER BY order_number is null,order_number,id  [ RunTime:0.0002s ]
INFO: [ view_parse ] --START--
INFO: [ template_filter ] --START--
INFO: Run Behavior\ContentReplaceBehavior [ RunTime:0.000090s ]
INFO: [ template_filter ] --END-- [ RunTime:0.000193s ]
INFO: Run Behavior\ParseTemplateBehavior [ RunTime:0.017482s ]
INFO: [ view_parse ] --END-- [ RunTime:0.017619s ]
INFO: [ view_filter ] --START--
INFO: Run Behavior\WriteHtmlCacheBehavior [ RunTime:0.000477s ]
INFO: Run Behavior\TokenBuildBehavior [ RunTime:0.000448s ]
INFO: [ view_filter ] --END-- [ RunTime:0.001023s ]
INFO: [ app_end ] --START--
INFO: Run Behavior\ShowPageTraceBehavior [ RunTime:0.000941s ]
INFO: [ app_end ] --END-- [ RunTime:0.001043s ]

[ 2017-09-25T12:12:16+08:00 ] 119.144.152.143 /Theme/welcome.html
INFO: [ app_init ] --START--
INFO: Run Behavior\BuildLiteBehavior [ RunTime:0.000021s ]
INFO: [ app_init ] --END-- [ RunTime:0.000516s ]
INFO: [ app_begin ] --START--
INFO: Run Behavior\ReadHtmlCacheBehavior [ RunTime:0.000653s ]
SQL: SHOW COLUMNS FROM `ys_config` [ RunTime:0.0007s ]
SQL: SELECT * FROM `ys_config` WHERE `id` = 1 LIMIT 1   [ RunTime:0.0001s ]
INFO: Run Common\Behaviors\AppBeginBehavior [ RunTime:0.026682s ]
INFO: [ app_begin ] --END-- [ RunTime:0.027489s ]
SQL: SHOW COLUMNS FROM `ys_nav` [ RunTime:0.0008s ]
SQL: SELECT * FROM `ys_nav` ORDER BY order_number is null,order_number,id  [ RunTime:0.0001s ]
SQL: select version() as ver [ RunTime:0.0003s ]
NOTIC: [8] Undefined variable: browserplatform /home/wwwroot/yishion/APP/Common/Common/helper.php 第 95 行.
NOTIC: [8192] Function eregi() is deprecated /home/wwwroot/yishion/APP/Common/Common/helper.php 第 96 行.
NOTIC: [8192] Function eregi() is deprecated /home/wwwroot/yishion/APP/Common/Common/helper.php 第 99 行.
NOTIC: [8192] Function eregi() is deprecated /home/wwwroot/yishion/APP/Common/Common/helper.php 第 102 行.
NOTIC: [8192] Function ereg() is deprecated /home/wwwroot/yishion/APP/Common/Common/helper.php 第 102 行.
NOTIC: [8192] Function eregi() is deprecated /home/wwwroot/yishion/APP/Common/Common/helper.php 第 105 行.
NOTIC: [8192] Function eregi() is deprecated /home/wwwroot/yishion/APP/Common/Common/helper.php 第 105 行.
NOTIC: [8192] Function eregi() is deprecated /home/wwwroot/yishion/APP/Common/Common/helper.php 第 108 行.
NOTIC: [8192] Function eregi() is deprecated /home/wwwroot/yishion/APP/Common/Common/helper.php 第 108 行.
NOTIC: [8192] Function eregi() is deprecated /home/wwwroot/yishion/APP/Common/Common/helper.php 第 111 行.
NOTIC: [8192] Function eregi() is deprecated /home/wwwroot/yishion/APP/Common/Common/helper.php 第 111 行.
NOTIC: [8192] Function eregi() is deprecated /home/wwwroot/yishion/APP/Common/Common/helper.php 第 114 行.
NOTIC: [8192] Function eregi() is deprecated /home/wwwroot/yishion/APP/Common/Common/helper.php 第 114 行.
INFO: [ view_parse ] --START--
INFO: [ template_filter ] --START--
INFO: Run Behavior\ContentReplaceBehavior [ RunTime:0.000088s ]
INFO: [ template_filter ] --END-- [ RunTime:0.000205s ]
INFO: Run Behavior\ParseTemplateBehavior [ RunTime:0.008544s ]
INFO: [ view_parse ] --END-- [ RunTime:0.008595s ]
INFO: [ view_filter ] --START--
INFO: Run Behavior\WriteHtmlCacheBehavior [ RunTime:0.000324s ]
INFO: Run Behavior\TokenBuildBehavior [ RunTime:0.000382s ]
INFO: [ view_filter ] --END-- [ RunTime:0.000783s ]
INFO: [ app_end ] --START--
INFO: Run Behavior\ShowPageTraceBehavior [ RunTime:0.000615s ]
INFO: [ app_end ] --END-- [ RunTime:0.000681s ]

[ 2017-09-25T18:30:44+08:00 ] 60.1.127.126 /
INFO: [ app_init ] --START--
INFO: Run Behavior\BuildLiteBehavior [ RunTime:0.000022s ]
INFO: [ app_init ] --END-- [ RunTime:0.000911s ]
INFO: [ app_begin ] --START--
INFO: Run Behavior\ReadHtmlCacheBehavior [ RunTime:0.000909s ]
SQL: SHOW COLUMNS FROM `ys_config` [ RunTime:0.0008s ]
SQL: SELECT * FROM `ys_config` WHERE `id` = 1 LIMIT 1   [ RunTime:0.0001s ]
INFO: Run Common\Behaviors\AppBeginBehavior [ RunTime:0.029530s ]
INFO: [ app_begin ] --END-- [ RunTime:0.030624s ]

[ 2017-09-25T18:30:44+08:00 ] 117.13.174.186 /Theme/dologin.html
INFO: [ app_init ] --START--
INFO: Run Behavior\BuildLiteBehavior [ RunTime:0.000025s ]
INFO: [ app_init ] --END-- [ RunTime:0.000553s ]
INFO: [ app_begin ] --START--
INFO: Run Behavior\ReadHtmlCacheBehavior [ RunTime:0.000658s ]
SQL: SHOW COLUMNS FROM `ys_config` [ RunTime:0.0014s ]
SQL: SELECT * FROM `ys_config` WHERE `id` = 1 LIMIT 1   [ RunTime:0.0001s ]
INFO: Run Common\Behaviors\AppBeginBehavior [ RunTime:0.030119s ]
INFO: [ app_begin ] --END-- [ RunTime:0.030927s ]
INFO: [ view_parse ] --START--
INFO: [ template_filter ] --START--
INFO: Run Behavior\ContentReplaceBehavior [ RunTime:0.000046s ]
INFO: [ template_filter ] --END-- [ RunTime:0.000130s ]
INFO: Run Behavior\ParseTemplateBehavior [ RunTime:0.007093s ]
INFO: [ view_parse ] --END-- [ RunTime:0.007190s ]
INFO: [ view_filter ] --START--
INFO: Run Behavior\WriteHtmlCacheBehavior [ RunTime:0.000279s ]
INFO: Run Behavior\TokenBuildBehavior [ RunTime:0.000392s ]
INFO: [ view_filter ] --END-- [ RunTime:0.000755s ]
INFO: [ app_end ] --START--
INFO: Run Behavior\ShowPageTraceBehavior [ RunTime:0.000669s ]
INFO: [ app_end ] --END-- [ RunTime:0.000764s ]

[ 2017-09-25T21:12:14+08:00 ] 106.11.225.193 /
INFO: [ app_init ] --START--
INFO: Run Behavior\BuildLiteBehavior [ RunTime:0.000021s ]
INFO: [ app_init ] --END-- [ RunTime:0.000793s ]
INFO: [ app_begin ] --START--
INFO: Run Behavior\ReadHtmlCacheBehavior [ RunTime:0.001617s ]
SQL: SHOW COLUMNS FROM `ys_config` [ RunTime:0.0037s ]
SQL: SELECT * FROM `ys_config` WHERE `id` = 1 LIMIT 1   [ RunTime:0.0002s ]
INFO: Run Common\Behaviors\AppBeginBehavior [ RunTime:0.074288s ]
INFO: [ app_begin ] --END-- [ RunTime:0.076115s ]

[ 2017-09-25T21:12:15+08:00 ] 106.11.225.246 /Theme/dologin.html
INFO: [ app_init ] --START--
INFO: Run Behavior\BuildLiteBehavior [ RunTime:0.000041s ]
INFO: [ app_init ] --END-- [ RunTime:0.002053s ]
INFO: [ app_begin ] --START--
INFO: Run Behavior\ReadHtmlCacheBehavior [ RunTime:0.002090s ]
SQL: SHOW COLUMNS FROM `ys_config` [ RunTime:0.0031s ]
SQL: SELECT * FROM `ys_config` WHERE `id` = 1 LIMIT 1   [ RunTime:0.0002s ]
INFO: Run Common\Behaviors\AppBeginBehavior [ RunTime:0.059262s ]
INFO: [ app_begin ] --END-- [ RunTime:0.062329s ]
INFO: [ view_parse ] --START--
INFO: [ template_filter ] --START--
INFO: Run Behavior\ContentReplaceBehavior [ RunTime:0.000291s ]
INFO: [ template_filter ] --END-- [ RunTime:0.000432s ]
INFO: Run Behavior\ParseTemplateBehavior [ RunTime:0.019126s ]
INFO: [ view_parse ] --END-- [ RunTime:0.019429s ]
INFO: [ view_filter ] --START--
INFO: Run Behavior\WriteHtmlCacheBehavior [ RunTime:0.001504s ]
INFO: Run Behavior\TokenBuildBehavior [ RunTime:0.001980s ]
INFO: [ view_filter ] --END-- [ RunTime:0.003726s ]
INFO: [ app_end ] --START--
INFO: Run Behavior\ShowPageTraceBehavior [ RunTime:0.001508s ]
INFO: [ app_end ] --END-- [ RunTime:0.001604s ]

