[ 2017-09-17T15:20:52+08:00 ] 106.11.225.187 /
INFO: [ app_init ] --START--
INFO: Run Behavior\BuildLiteBehavior [ RunTime:0.000032s ]
INFO: [ app_init ] --END-- [ RunTime:0.002279s ]
INFO: [ app_begin ] --START--
INFO: Run Behavior\ReadHtmlCacheBehavior [ RunTime:0.002539s ]
SQL: SHOW COLUMNS FROM `ys_config` [ RunTime:0.1552s ]
SQL: SELECT * FROM `ys_config` WHERE `id` = 1 LIMIT 1   [ RunTime:0.0028s ]
INFO: Run Common\Behaviors\AppBeginBehavior [ RunTime:0.445445s ]
INFO: [ app_begin ] --END-- [ RunTime:0.448191s ]

[ 2017-09-17T15:20:53+08:00 ] 106.11.242.88 /Theme/dologin.html
INFO: [ app_init ] --START--
INFO: Run Behavior\BuildLiteBehavior [ RunTime:0.000255s ]
INFO: [ app_init ] --END-- [ RunTime:0.002612s ]
INFO: [ app_begin ] --START--
INFO: Run Behavior\ReadHtmlCacheBehavior [ RunTime:0.001699s ]
SQL: SHOW COLUMNS FROM `ys_config` [ RunTime:0.0113s ]
SQL: SELECT * FROM `ys_config` WHERE `id` = 1 LIMIT 1   [ RunTime:0.0001s ]
INFO: Run Common\Behaviors\AppBeginBehavior [ RunTime:0.052243s ]
INFO: [ app_begin ] --END-- [ RunTime:0.054140s ]
INFO: [ view_parse ] --START--
INFO: [ template_filter ] --START--
INFO: Run Behavior\ContentReplaceBehavior [ RunTime:0.001421s ]
INFO: [ template_filter ] --END-- [ RunTime:0.001719s ]
INFO: Run Behavior\ParseTemplateBehavior [ RunTime:0.022943s ]
INFO: [ view_parse ] --END-- [ RunTime:0.023020s ]
INFO: [ view_filter ] --START--
INFO: Run Behavior\WriteHtmlCacheBehavior [ RunTime:0.001165s ]
INFO: Run Behavior\TokenBuildBehavior [ RunTime:0.001810s ]
INFO: [ view_filter ] --END-- [ RunTime:0.003070s ]
INFO: [ app_end ] --START--
INFO: Run Behavior\ShowPageTraceBehavior [ RunTime:0.003839s ]
INFO: [ app_end ] --END-- [ RunTime:0.003931s ]

