[ 2017-09-18T08:45:30+08:00 ] 119.144.152.251 /Theme/index.html
INFO: [ app_init ] --START--
INFO: Run Behavior\BuildLiteBehavior [ RunTime:0.000024s ]
INFO: [ app_init ] --END-- [ RunTime:0.001593s ]
INFO: [ app_begin ] --START--
INFO: Run Behavior\ReadHtmlCacheBehavior [ RunTime:0.002306s ]
SQL: SHOW COLUMNS FROM `ys_config` [ RunTime:0.0021s ]
SQL: SELECT * FROM `ys_config` WHERE `id` = 1 LIMIT 1   [ RunTime:0.0016s ]
INFO: Run Common\Behaviors\AppBeginBehavior [ RunTime:0.122297s ]
INFO: [ app_begin ] --END-- [ RunTime:0.124815s ]

[ 2017-09-18T08:45:30+08:00 ] 119.144.152.251 /Theme/dologin.html
INFO: [ app_init ] --START--
INFO: Run Behavior\BuildLiteBehavior [ RunTime:0.000022s ]
INFO: [ app_init ] --END-- [ RunTime:0.000509s ]
INFO: [ app_begin ] --START--
INFO: Run Behavior\ReadHtmlCacheBehavior [ RunTime:0.001071s ]
SQL: SHOW COLUMNS FROM `ys_config` [ RunTime:0.0014s ]
SQL: SELECT * FROM `ys_config` WHERE `id` = 1 LIMIT 1   [ RunTime:0.0002s ]
INFO: Run Common\Behaviors\AppBeginBehavior [ RunTime:0.037904s ]
INFO: [ app_begin ] --END-- [ RunTime:0.039116s ]
INFO: [ view_parse ] --START--
INFO: [ template_filter ] --START--
INFO: Run Behavior\ContentReplaceBehavior [ RunTime:0.000061s ]
INFO: [ template_filter ] --END-- [ RunTime:0.000147s ]
INFO: Run Behavior\ParseTemplateBehavior [ RunTime:0.008268s ]
INFO: [ view_parse ] --END-- [ RunTime:0.008329s ]
INFO: [ view_filter ] --START--
INFO: Run Behavior\WriteHtmlCacheBehavior [ RunTime:0.000301s ]
INFO: Run Behavior\TokenBuildBehavior [ RunTime:0.000551s ]
INFO: [ view_filter ] --END-- [ RunTime:0.000938s ]
INFO: [ app_end ] --START--
INFO: Run Behavior\ShowPageTraceBehavior [ RunTime:0.000680s ]
INFO: [ app_end ] --END-- [ RunTime:0.000736s ]

[ 2017-09-18T08:45:38+08:00 ] 119.144.152.251 /Theme/Login/sign.html
INFO: [ app_init ] --START--
INFO: Run Behavior\BuildLiteBehavior [ RunTime:0.000029s ]
INFO: [ app_init ] --END-- [ RunTime:0.000603s ]
INFO: [ app_begin ] --START--
INFO: Run Behavior\ReadHtmlCacheBehavior [ RunTime:0.000744s ]
SQL: SHOW COLUMNS FROM `ys_config` [ RunTime:0.0007s ]
SQL: SELECT * FROM `ys_config` WHERE `id` = 1 LIMIT 1   [ RunTime:0.0001s ]
INFO: Run Common\Behaviors\AppBeginBehavior [ RunTime:0.042836s ]
INFO: [ app_begin ] --END-- [ RunTime:0.043713s ]
SQL: SHOW COLUMNS FROM `ys_admin` [ RunTime:0.0014s ]
SQL: SELECT * FROM `ys_admin` WHERE `username` = 'yishion' AND `password` = '4ebd0bf1a82a3e8ab3105224151d2010' LIMIT 1   [ RunTime:0.0158s ]
NOTIC: [8] Undefined index: validate /home/wwwroot/yishion/ThinkPHP/Library/Think/Model.class.php 第 1185 行.
NOTIC: [8] Undefined index: auto /home/wwwroot/yishion/ThinkPHP/Library/Think/Model.class.php 第 1128 行.
SQL: UPDATE `ys_admin` SET `username`='yishion',`password`='4ebd0bf1a82a3e8ab3105224151d2010',`phone`=NULL,`email`='',`status`='1',`regtime`='1504167550',`loginip`='119.144.152.251',`logintime`='1505695538' WHERE `id` = 1 [ RunTime:0.0227s ]
INFO: [ view_parse ] --START--
INFO: [ template_filter ] --START--
INFO: Run Behavior\ContentReplaceBehavior [ RunTime:0.000065s ]
INFO: [ template_filter ] --END-- [ RunTime:0.000174s ]
INFO: Run Behavior\ParseTemplateBehavior [ RunTime:0.009316s ]
INFO: [ view_parse ] --END-- [ RunTime:0.009433s ]
INFO: [ view_filter ] --START--
INFO: Run Behavior\WriteHtmlCacheBehavior [ RunTime:0.000383s ]
INFO: Run Behavior\TokenBuildBehavior [ RunTime:0.000574s ]
INFO: [ view_filter ] --END-- [ RunTime:0.001063s ]
INFO: [ app_end ] --START--
INFO: Run Behavior\ShowPageTraceBehavior [ RunTime:0.000863s ]
INFO: [ app_end ] --END-- [ RunTime:0.000948s ]

[ 2017-09-18T08:45:39+08:00 ] 119.144.152.251 /Theme/index.html
INFO: [ app_init ] --START--
INFO: Run Behavior\BuildLiteBehavior [ RunTime:0.000034s ]
INFO: [ app_init ] --END-- [ RunTime:0.000726s ]
INFO: [ app_begin ] --START--
INFO: Run Behavior\ReadHtmlCacheBehavior [ RunTime:0.000869s ]
SQL: SHOW COLUMNS FROM `ys_config` [ RunTime:0.0050s ]
SQL: SELECT * FROM `ys_config` WHERE `id` = 1 LIMIT 1   [ RunTime:0.0006s ]
INFO: Run Common\Behaviors\AppBeginBehavior [ RunTime:0.033436s ]
INFO: [ app_begin ] --END-- [ RunTime:0.034476s ]
SQL: SHOW COLUMNS FROM `ys_nav` [ RunTime:0.0019s ]
SQL: SELECT * FROM `ys_nav` ORDER BY order_number is null,order_number,id  [ RunTime:0.0012s ]
INFO: [ view_parse ] --START--
INFO: [ template_filter ] --START--
INFO: Run Behavior\ContentReplaceBehavior [ RunTime:0.000070s ]
INFO: [ template_filter ] --END-- [ RunTime:0.000142s ]
INFO: Run Behavior\ParseTemplateBehavior [ RunTime:0.019633s ]
INFO: [ view_parse ] --END-- [ RunTime:0.019741s ]
INFO: [ view_filter ] --START--
INFO: Run Behavior\WriteHtmlCacheBehavior [ RunTime:0.000386s ]
INFO: Run Behavior\TokenBuildBehavior [ RunTime:0.000477s ]
INFO: [ view_filter ] --END-- [ RunTime:0.000980s ]
INFO: [ app_end ] --START--
INFO: Run Behavior\ShowPageTraceBehavior [ RunTime:0.000697s ]
INFO: [ app_end ] --END-- [ RunTime:0.000757s ]

[ 2017-09-18T08:45:40+08:00 ] 119.144.152.251 /Theme/welcome.html
INFO: [ app_init ] --START--
INFO: Run Behavior\BuildLiteBehavior [ RunTime:0.000031s ]
INFO: [ app_init ] --END-- [ RunTime:0.000650s ]
INFO: [ app_begin ] --START--
INFO: Run Behavior\ReadHtmlCacheBehavior [ RunTime:0.000783s ]
SQL: SHOW COLUMNS FROM `ys_config` [ RunTime:0.0048s ]
SQL: SELECT * FROM `ys_config` WHERE `id` = 1 LIMIT 1   [ RunTime:0.0002s ]
INFO: Run Common\Behaviors\AppBeginBehavior [ RunTime:0.035224s ]
INFO: [ app_begin ] --END-- [ RunTime:0.036239s ]
SQL: SHOW COLUMNS FROM `ys_nav` [ RunTime:0.0010s ]
SQL: SELECT * FROM `ys_nav` ORDER BY order_number is null,order_number,id  [ RunTime:0.0002s ]
SQL: select version() as ver [ RunTime:0.0041s ]
NOTIC: [8] Undefined variable: browserplatform /home/wwwroot/yishion/APP/Common/Common/helper.php 第 95 行.
NOTIC: [8192] Function eregi() is deprecated /home/wwwroot/yishion/APP/Common/Common/helper.php 第 96 行.
NOTIC: [8192] Function eregi() is deprecated /home/wwwroot/yishion/APP/Common/Common/helper.php 第 99 行.
NOTIC: [8192] Function eregi() is deprecated /home/wwwroot/yishion/APP/Common/Common/helper.php 第 102 行.
NOTIC: [8192] Function ereg() is deprecated /home/wwwroot/yishion/APP/Common/Common/helper.php 第 102 行.
NOTIC: [8192] Function eregi() is deprecated /home/wwwroot/yishion/APP/Common/Common/helper.php 第 105 行.
NOTIC: [8192] Function eregi() is deprecated /home/wwwroot/yishion/APP/Common/Common/helper.php 第 105 行.
NOTIC: [8192] Function eregi() is deprecated /home/wwwroot/yishion/APP/Common/Common/helper.php 第 108 行.
NOTIC: [8192] Function eregi() is deprecated /home/wwwroot/yishion/APP/Common/Common/helper.php 第 108 行.
NOTIC: [8192] Function eregi() is deprecated /home/wwwroot/yishion/APP/Common/Common/helper.php 第 111 行.
NOTIC: [8192] Function eregi() is deprecated /home/wwwroot/yishion/APP/Common/Common/helper.php 第 111 行.
NOTIC: [8192] Function eregi() is deprecated /home/wwwroot/yishion/APP/Common/Common/helper.php 第 114 行.
NOTIC: [8192] Function eregi() is deprecated /home/wwwroot/yishion/APP/Common/Common/helper.php 第 114 行.
INFO: [ view_parse ] --START--
INFO: [ template_filter ] --START--
INFO: Run Behavior\ContentReplaceBehavior [ RunTime:0.000097s ]
INFO: [ template_filter ] --END-- [ RunTime:0.000244s ]
INFO: Run Behavior\ParseTemplateBehavior [ RunTime:0.012369s ]
INFO: [ view_parse ] --END-- [ RunTime:0.012512s ]
INFO: [ view_filter ] --START--
INFO: Run Behavior\WriteHtmlCacheBehavior [ RunTime:0.000439s ]
INFO: Run Behavior\TokenBuildBehavior [ RunTime:0.000586s ]
INFO: [ view_filter ] --END-- [ RunTime:0.001176s ]
INFO: [ app_end ] --START--
INFO: Run Behavior\ShowPageTraceBehavior [ RunTime:0.001964s ]
INFO: [ app_end ] --END-- [ RunTime:0.002099s ]

[ 2017-09-18T15:14:33+08:00 ] 106.11.225.63 /
INFO: [ app_init ] --START--
INFO: Run Behavior\BuildLiteBehavior [ RunTime:0.000032s ]
INFO: [ app_init ] --END-- [ RunTime:0.000643s ]
INFO: [ app_begin ] --START--
INFO: Run Behavior\ReadHtmlCacheBehavior [ RunTime:0.001306s ]
SQL: SHOW COLUMNS FROM `ys_config` [ RunTime:0.0009s ]
SQL: SELECT * FROM `ys_config` WHERE `id` = 1 LIMIT 1   [ RunTime:0.0001s ]
INFO: Run Common\Behaviors\AppBeginBehavior [ RunTime:0.027658s ]
INFO: [ app_begin ] --END-- [ RunTime:0.029145s ]

[ 2017-09-18T15:14:34+08:00 ] 106.11.227.227 /Theme/dologin.html
INFO: [ app_init ] --START--
INFO: Run Behavior\BuildLiteBehavior [ RunTime:0.000018s ]
INFO: [ app_init ] --END-- [ RunTime:0.000451s ]
INFO: [ app_begin ] --START--
INFO: Run Behavior\ReadHtmlCacheBehavior [ RunTime:0.000555s ]
SQL: SHOW COLUMNS FROM `ys_config` [ RunTime:0.0015s ]
SQL: SELECT * FROM `ys_config` WHERE `id` = 1 LIMIT 1   [ RunTime:0.0001s ]
INFO: Run Common\Behaviors\AppBeginBehavior [ RunTime:0.025243s ]
INFO: [ app_begin ] --END-- [ RunTime:0.025965s ]
INFO: [ view_parse ] --START--
INFO: [ template_filter ] --START--
INFO: Run Behavior\ContentReplaceBehavior [ RunTime:0.000045s ]
INFO: [ template_filter ] --END-- [ RunTime:0.000135s ]
INFO: Run Behavior\ParseTemplateBehavior [ RunTime:0.006222s ]
INFO: [ view_parse ] --END-- [ RunTime:0.006286s ]
INFO: [ view_filter ] --START--
INFO: Run Behavior\WriteHtmlCacheBehavior [ RunTime:0.000342s ]
INFO: Run Behavior\TokenBuildBehavior [ RunTime:0.000412s ]
INFO: [ view_filter ] --END-- [ RunTime:0.000858s ]
INFO: [ app_end ] --START--
INFO: Run Behavior\ShowPageTraceBehavior [ RunTime:0.000770s ]
INFO: [ app_end ] --END-- [ RunTime:0.000830s ]

[ 2017-09-18T16:46:05+08:00 ] 119.144.152.251 /Theme/index.html
INFO: [ app_init ] --START--
INFO: Run Behavior\BuildLiteBehavior [ RunTime:0.000025s ]
INFO: [ app_init ] --END-- [ RunTime:0.000637s ]
INFO: [ app_begin ] --START--
INFO: Run Behavior\ReadHtmlCacheBehavior [ RunTime:0.000865s ]
SQL: SHOW COLUMNS FROM `ys_config` [ RunTime:0.0020s ]
SQL: SELECT * FROM `ys_config` WHERE `id` = 1 LIMIT 1   [ RunTime:0.0003s ]
INFO: Run Common\Behaviors\AppBeginBehavior [ RunTime:0.033733s ]
INFO: [ app_begin ] --END-- [ RunTime:0.034779s ]
SQL: SHOW COLUMNS FROM `ys_nav` [ RunTime:0.0008s ]
SQL: SELECT * FROM `ys_nav` ORDER BY order_number is null,order_number,id  [ RunTime:0.0001s ]
INFO: [ view_parse ] --START--
INFO: [ template_filter ] --START--
INFO: Run Behavior\ContentReplaceBehavior [ RunTime:0.000146s ]
INFO: [ template_filter ] --END-- [ RunTime:0.000255s ]
INFO: Run Behavior\ParseTemplateBehavior [ RunTime:0.068728s ]
INFO: [ view_parse ] --END-- [ RunTime:0.068827s ]
INFO: [ view_filter ] --START--
INFO: Run Behavior\WriteHtmlCacheBehavior [ RunTime:0.000314s ]
INFO: Run Behavior\TokenBuildBehavior [ RunTime:0.000752s ]
INFO: [ view_filter ] --END-- [ RunTime:0.001161s ]
INFO: [ app_end ] --START--
INFO: Run Behavior\ShowPageTraceBehavior [ RunTime:0.001054s ]
INFO: [ app_end ] --END-- [ RunTime:0.001119s ]

