[ 2017-09-27T08:53:41+08:00 ] 119.144.152.252 /Theme/index.html
INFO: [ app_init ] --START--
INFO: Run Behavior\BuildLiteBehavior [ RunTime:0.000215s ]
INFO: [ app_init ] --END-- [ RunTime:0.001746s ]
INFO: [ app_begin ] --START--
INFO: Run Behavior\ReadHtmlCacheBehavior [ RunTime:0.002578s ]
SQL: SHOW COLUMNS FROM `ys_config` [ RunTime:0.0022s ]
SQL: SELECT * FROM `ys_config` WHERE `id` = 1 LIMIT 1   [ RunTime:0.0004s ]
INFO: Run Common\Behaviors\AppBeginBehavior [ RunTime:0.085618s ]
INFO: [ app_begin ] --END-- [ RunTime:0.088449s ]

[ 2017-09-27T08:53:41+08:00 ] 119.144.152.252 /Theme/dologin.html
INFO: [ app_init ] --START--
INFO: Run Behavior\BuildLiteBehavior [ RunTime:0.000018s ]
INFO: [ app_init ] --END-- [ RunTime:0.000553s ]
INFO: [ app_begin ] --START--
INFO: Run Behavior\ReadHtmlCacheBehavior [ RunTime:0.000627s ]
SQL: SHOW COLUMNS FROM `ys_config` [ RunTime:0.0029s ]
SQL: SELECT * FROM `ys_config` WHERE `id` = 1 LIMIT 1   [ RunTime:0.0002s ]
INFO: Run Common\Behaviors\AppBeginBehavior [ RunTime:0.043944s ]
INFO: [ app_begin ] --END-- [ RunTime:0.044712s ]
INFO: [ view_parse ] --START--
INFO: [ template_filter ] --START--
INFO: Run Behavior\ContentReplaceBehavior [ RunTime:0.000266s ]
INFO: [ template_filter ] --END-- [ RunTime:0.000352s ]
INFO: Run Behavior\ParseTemplateBehavior [ RunTime:0.016116s ]
INFO: [ view_parse ] --END-- [ RunTime:0.016423s ]
INFO: [ view_filter ] --START--
INFO: Run Behavior\WriteHtmlCacheBehavior [ RunTime:0.000524s ]
INFO: Run Behavior\TokenBuildBehavior [ RunTime:0.000622s ]
INFO: [ view_filter ] --END-- [ RunTime:0.001371s ]
INFO: [ app_end ] --START--
INFO: Run Behavior\ShowPageTraceBehavior [ RunTime:0.002020s ]
INFO: [ app_end ] --END-- [ RunTime:0.002097s ]

[ 2017-09-27T08:53:49+08:00 ] 119.144.152.252 /Theme/Login/sign.html
INFO: [ app_init ] --START--
INFO: Run Behavior\BuildLiteBehavior [ RunTime:0.000018s ]
INFO: [ app_init ] --END-- [ RunTime:0.000574s ]
INFO: [ app_begin ] --START--
INFO: Run Behavior\ReadHtmlCacheBehavior [ RunTime:0.000635s ]
SQL: SHOW COLUMNS FROM `ys_config` [ RunTime:0.0025s ]
SQL: SELECT * FROM `ys_config` WHERE `id` = 1 LIMIT 1   [ RunTime:0.0001s ]
INFO: Run Common\Behaviors\AppBeginBehavior [ RunTime:0.040130s ]
INFO: [ app_begin ] --END-- [ RunTime:0.040901s ]
SQL: SHOW COLUMNS FROM `ys_admin` [ RunTime:0.0015s ]
SQL: SELECT * FROM `ys_admin` WHERE `username` = 'yishion' AND `password` = 'd41d8cd98f00b204e9800998ecf8427e' LIMIT 1   [ RunTime:0.0087s ]
NOTIC: [8] Undefined index: validate /home/wwwroot/yishion/ThinkPHP/Library/Think/Model.class.php 第 1185 行.
NOTIC: [8] Undefined index: auto /home/wwwroot/yishion/ThinkPHP/Library/Think/Model.class.php 第 1128 行.
SQL: UPDATE `ys_admin` SET `username`='yishion',`password`='d41d8cd98f00b204e9800998ecf8427e',`phone`=NULL,`email`='',`status`='1',`regtime`='1504167550',`loginip`='119.144.152.252',`logintime`='1506473629' WHERE `id` = 1 [ RunTime:0.0146s ]
INFO: [ view_parse ] --START--
INFO: [ template_filter ] --START--
INFO: Run Behavior\ContentReplaceBehavior [ RunTime:0.000073s ]
INFO: [ template_filter ] --END-- [ RunTime:0.000193s ]
INFO: Run Behavior\ParseTemplateBehavior [ RunTime:0.011705s ]
INFO: [ view_parse ] --END-- [ RunTime:0.011831s ]
INFO: [ view_filter ] --START--
INFO: Run Behavior\WriteHtmlCacheBehavior [ RunTime:0.000310s ]
INFO: Run Behavior\TokenBuildBehavior [ RunTime:0.000387s ]
INFO: [ view_filter ] --END-- [ RunTime:0.000798s ]
INFO: [ app_end ] --START--
INFO: Run Behavior\ShowPageTraceBehavior [ RunTime:0.000580s ]
INFO: [ app_end ] --END-- [ RunTime:0.000651s ]

[ 2017-09-27T08:53:50+08:00 ] 119.144.152.252 /Theme/index.html
INFO: [ app_init ] --START--
INFO: Run Behavior\BuildLiteBehavior [ RunTime:0.000027s ]
INFO: [ app_init ] --END-- [ RunTime:0.002025s ]
INFO: [ app_begin ] --START--
INFO: Run Behavior\ReadHtmlCacheBehavior [ RunTime:0.002021s ]
SQL: SHOW COLUMNS FROM `ys_config` [ RunTime:0.0015s ]
SQL: SELECT * FROM `ys_config` WHERE `id` = 1 LIMIT 1   [ RunTime:0.0005s ]
INFO: Run Common\Behaviors\AppBeginBehavior [ RunTime:0.043801s ]
INFO: [ app_begin ] --END-- [ RunTime:0.046041s ]
SQL: SHOW COLUMNS FROM `ys_nav` [ RunTime:0.0010s ]
SQL: SELECT * FROM `ys_nav` ORDER BY order_number is null,order_number,id  [ RunTime:0.0002s ]
INFO: [ view_parse ] --START--
INFO: [ template_filter ] --START--
INFO: Run Behavior\ContentReplaceBehavior [ RunTime:0.000078s ]
INFO: [ template_filter ] --END-- [ RunTime:0.000180s ]
INFO: Run Behavior\ParseTemplateBehavior [ RunTime:0.016155s ]
INFO: [ view_parse ] --END-- [ RunTime:0.016284s ]
INFO: [ view_filter ] --START--
INFO: Run Behavior\WriteHtmlCacheBehavior [ RunTime:0.000553s ]
INFO: Run Behavior\TokenBuildBehavior [ RunTime:0.000629s ]
INFO: [ view_filter ] --END-- [ RunTime:0.001333s ]
INFO: [ app_end ] --START--
INFO: Run Behavior\ShowPageTraceBehavior [ RunTime:0.001353s ]
INFO: [ app_end ] --END-- [ RunTime:0.001978s ]

[ 2017-09-27T08:53:51+08:00 ] 119.144.152.252 /Theme/welcome.html
INFO: [ app_init ] --START--
INFO: Run Behavior\BuildLiteBehavior [ RunTime:0.000021s ]
INFO: [ app_init ] --END-- [ RunTime:0.000450s ]
INFO: [ app_begin ] --START--
INFO: Run Behavior\ReadHtmlCacheBehavior [ RunTime:0.000658s ]
SQL: SHOW COLUMNS FROM `ys_config` [ RunTime:0.0022s ]
SQL: SELECT * FROM `ys_config` WHERE `id` = 1 LIMIT 1   [ RunTime:0.0002s ]
INFO: Run Common\Behaviors\AppBeginBehavior [ RunTime:0.031561s ]
INFO: [ app_begin ] --END-- [ RunTime:0.032376s ]
SQL: SHOW COLUMNS FROM `ys_nav` [ RunTime:0.0009s ]
SQL: SELECT * FROM `ys_nav` ORDER BY order_number is null,order_number,id  [ RunTime:0.0001s ]
SQL: select version() as ver [ RunTime:0.0033s ]
NOTIC: [8] Undefined variable: browserplatform /home/wwwroot/yishion/APP/Common/Common/helper.php 第 95 行.
NOTIC: [8192] Function eregi() is deprecated /home/wwwroot/yishion/APP/Common/Common/helper.php 第 96 行.
NOTIC: [8192] Function eregi() is deprecated /home/wwwroot/yishion/APP/Common/Common/helper.php 第 99 行.
NOTIC: [8192] Function eregi() is deprecated /home/wwwroot/yishion/APP/Common/Common/helper.php 第 102 行.
NOTIC: [8192] Function ereg() is deprecated /home/wwwroot/yishion/APP/Common/Common/helper.php 第 102 行.
NOTIC: [8192] Function eregi() is deprecated /home/wwwroot/yishion/APP/Common/Common/helper.php 第 105 行.
NOTIC: [8192] Function eregi() is deprecated /home/wwwroot/yishion/APP/Common/Common/helper.php 第 105 行.
NOTIC: [8192] Function eregi() is deprecated /home/wwwroot/yishion/APP/Common/Common/helper.php 第 108 行.
NOTIC: [8192] Function eregi() is deprecated /home/wwwroot/yishion/APP/Common/Common/helper.php 第 108 行.
NOTIC: [8192] Function eregi() is deprecated /home/wwwroot/yishion/APP/Common/Common/helper.php 第 111 行.
NOTIC: [8192] Function eregi() is deprecated /home/wwwroot/yishion/APP/Common/Common/helper.php 第 111 行.
NOTIC: [8192] Function eregi() is deprecated /home/wwwroot/yishion/APP/Common/Common/helper.php 第 114 行.
NOTIC: [8192] Function eregi() is deprecated /home/wwwroot/yishion/APP/Common/Common/helper.php 第 114 行.
INFO: [ view_parse ] --START--
INFO: [ template_filter ] --START--
INFO: Run Behavior\ContentReplaceBehavior [ RunTime:0.000052s ]
INFO: [ template_filter ] --END-- [ RunTime:0.000149s ]
INFO: Run Behavior\ParseTemplateBehavior [ RunTime:0.010678s ]
INFO: [ view_parse ] --END-- [ RunTime:0.010782s ]
INFO: [ view_filter ] --START--
INFO: Run Behavior\WriteHtmlCacheBehavior [ RunTime:0.000427s ]
INFO: Run Behavior\TokenBuildBehavior [ RunTime:0.000600s ]
INFO: [ view_filter ] --END-- [ RunTime:0.001155s ]
INFO: [ app_end ] --START--
INFO: Run Behavior\ShowPageTraceBehavior [ RunTime:0.000946s ]
INFO: [ app_end ] --END-- [ RunTime:0.001027s ]

[ 2017-09-27T13:47:03+08:00 ] 119.144.152.252 /Theme/edit_pwd.html
INFO: [ app_init ] --START--
INFO: Run Behavior\BuildLiteBehavior [ RunTime:0.000038s ]
INFO: [ app_init ] --END-- [ RunTime:0.000733s ]
INFO: [ app_begin ] --START--
INFO: Run Behavior\ReadHtmlCacheBehavior [ RunTime:0.003296s ]
SQL: SHOW COLUMNS FROM `ys_config` [ RunTime:0.0037s ]
SQL: SELECT * FROM `ys_config` WHERE `id` = 1 LIMIT 1   [ RunTime:0.0002s ]
INFO: Run Common\Behaviors\AppBeginBehavior [ RunTime:0.065953s ]
INFO: [ app_begin ] --END-- [ RunTime:0.069474s ]
SQL: SHOW COLUMNS FROM `ys_nav` [ RunTime:0.0019s ]
SQL: SELECT * FROM `ys_nav` ORDER BY order_number is null,order_number,id  [ RunTime:0.0003s ]
INFO: [ view_parse ] --START--
INFO: [ template_filter ] --START--
INFO: Run Behavior\ContentReplaceBehavior [ RunTime:0.000142s ]
INFO: [ template_filter ] --END-- [ RunTime:0.000708s ]
INFO: Run Behavior\ParseTemplateBehavior [ RunTime:0.017040s ]
INFO: [ view_parse ] --END-- [ RunTime:0.017158s ]
INFO: [ view_filter ] --START--
INFO: Run Behavior\WriteHtmlCacheBehavior [ RunTime:0.001100s ]
INFO: Run Behavior\TokenBuildBehavior [ RunTime:0.000855s ]
INFO: [ view_filter ] --END-- [ RunTime:0.002160s ]
INFO: [ app_end ] --START--
INFO: Run Behavior\ShowPageTraceBehavior [ RunTime:0.001107s ]
INFO: [ app_end ] --END-- [ RunTime:0.001209s ]

[ 2017-09-27T15:30:41+08:00 ] 106.11.226.185 /
INFO: [ app_init ] --START--
INFO: Run Behavior\BuildLiteBehavior [ RunTime:0.000028s ]
INFO: [ app_init ] --END-- [ RunTime:0.000531s ]
INFO: [ app_begin ] --START--
INFO: Run Behavior\ReadHtmlCacheBehavior [ RunTime:0.000658s ]
SQL: SHOW COLUMNS FROM `ys_config` [ RunTime:0.0049s ]
SQL: SELECT * FROM `ys_config` WHERE `id` = 1 LIMIT 1   [ RunTime:0.0001s ]
INFO: Run Common\Behaviors\AppBeginBehavior [ RunTime:0.045624s ]
INFO: [ app_begin ] --END-- [ RunTime:0.046457s ]

[ 2017-09-27T15:30:41+08:00 ] 106.11.226.118 /Theme/dologin.html
INFO: [ app_init ] --START--
INFO: Run Behavior\BuildLiteBehavior [ RunTime:0.000029s ]
INFO: [ app_init ] --END-- [ RunTime:0.001445s ]
INFO: [ app_begin ] --START--
INFO: Run Behavior\ReadHtmlCacheBehavior [ RunTime:0.000720s ]
SQL: SHOW COLUMNS FROM `ys_config` [ RunTime:0.0011s ]
SQL: SELECT * FROM `ys_config` WHERE `id` = 1 LIMIT 1   [ RunTime:0.0002s ]
INFO: Run Common\Behaviors\AppBeginBehavior [ RunTime:0.037672s ]
INFO: [ app_begin ] --END-- [ RunTime:0.039343s ]
INFO: [ view_parse ] --START--
INFO: [ template_filter ] --START--
INFO: Run Behavior\ContentReplaceBehavior [ RunTime:0.000240s ]
INFO: [ template_filter ] --END-- [ RunTime:0.000358s ]
INFO: Run Behavior\ParseTemplateBehavior [ RunTime:0.020303s ]
INFO: [ view_parse ] --END-- [ RunTime:0.020384s ]
INFO: [ view_filter ] --START--
INFO: Run Behavior\WriteHtmlCacheBehavior [ RunTime:0.000769s ]
INFO: Run Behavior\TokenBuildBehavior [ RunTime:0.001757s ]
INFO: [ view_filter ] --END-- [ RunTime:0.002818s ]
INFO: [ app_end ] --START--
INFO: Run Behavior\ShowPageTraceBehavior [ RunTime:0.001541s ]
INFO: [ app_end ] --END-- [ RunTime:0.001617s ]

