[ 2017-09-26T08:24:38+08:00 ] 119.144.152.252 /Theme/index.html
INFO: [ app_init ] --START--
INFO: Run Behavior\BuildLiteBehavior [ RunTime:0.000021s ]
INFO: [ app_init ] --END-- [ RunTime:0.000711s ]
INFO: [ app_begin ] --START--
INFO: Run Behavior\ReadHtmlCacheBehavior [ RunTime:0.001123s ]
SQL: SHOW COLUMNS FROM `ys_config` [ RunTime:0.0031s ]
SQL: SELECT * FROM `ys_config` WHERE `id` = 1 LIMIT 1   [ RunTime:0.0001s ]
INFO: Run Common\Behaviors\AppBeginBehavior [ RunTime:0.058897s ]
INFO: [ app_begin ] --END-- [ RunTime:0.060323s ]
SQL: SHOW COLUMNS FROM `ys_nav` [ RunTime:0.0009s ]
SQL: SELECT * FROM `ys_nav` ORDER BY order_number is null,order_number,id  [ RunTime:0.0001s ]
INFO: [ view_parse ] --START--
INFO: [ template_filter ] --START--
INFO: Run Behavior\ContentReplaceBehavior [ RunTime:0.000137s ]
INFO: [ template_filter ] --END-- [ RunTime:0.000423s ]
INFO: Run Behavior\ParseTemplateBehavior [ RunTime:0.025612s ]
INFO: [ view_parse ] --END-- [ RunTime:0.025791s ]
INFO: [ view_filter ] --START--
INFO: Run Behavior\WriteHtmlCacheBehavior [ RunTime:0.000887s ]
INFO: Run Behavior\TokenBuildBehavior [ RunTime:0.000612s ]
INFO: [ view_filter ] --END-- [ RunTime:0.001704s ]
INFO: [ app_end ] --START--
INFO: Run Behavior\ShowPageTraceBehavior [ RunTime:0.000865s ]
INFO: [ app_end ] --END-- [ RunTime:0.000966s ]

[ 2017-09-26T15:12:54+08:00 ] 119.144.152.252 /Theme/index.html
INFO: [ app_init ] --START--
INFO: Run Behavior\BuildLiteBehavior [ RunTime:0.000017s ]
INFO: [ app_init ] --END-- [ RunTime:0.000405s ]
INFO: [ app_begin ] --START--
INFO: Run Behavior\ReadHtmlCacheBehavior [ RunTime:0.000615s ]
SQL: SHOW COLUMNS FROM `ys_config` [ RunTime:0.0006s ]
SQL: SELECT * FROM `ys_config` WHERE `id` = 1 LIMIT 1   [ RunTime:0.0001s ]
INFO: Run Common\Behaviors\AppBeginBehavior [ RunTime:0.024049s ]
INFO: [ app_begin ] --END-- [ RunTime:0.024788s ]
SQL: SHOW COLUMNS FROM `ys_nav` [ RunTime:0.0011s ]
SQL: SELECT * FROM `ys_nav` ORDER BY order_number is null,order_number,id  [ RunTime:0.0002s ]
INFO: [ view_parse ] --START--
INFO: [ template_filter ] --START--
INFO: Run Behavior\ContentReplaceBehavior [ RunTime:0.000059s ]
INFO: [ template_filter ] --END-- [ RunTime:0.000125s ]
INFO: Run Behavior\ParseTemplateBehavior [ RunTime:0.013963s ]
INFO: [ view_parse ] --END-- [ RunTime:0.014059s ]
INFO: [ view_filter ] --START--
INFO: Run Behavior\WriteHtmlCacheBehavior [ RunTime:0.000297s ]
INFO: Run Behavior\TokenBuildBehavior [ RunTime:0.000339s ]
INFO: [ view_filter ] --END-- [ RunTime:0.000708s ]
INFO: [ app_end ] --START--
INFO: Run Behavior\ShowPageTraceBehavior [ RunTime:0.000588s ]
INFO: [ app_end ] --END-- [ RunTime:0.000648s ]

[ 2017-09-26T15:12:54+08:00 ] 119.144.152.252 /Theme/welcome.html
INFO: [ app_init ] --START--
INFO: Run Behavior\BuildLiteBehavior [ RunTime:0.000031s ]
INFO: [ app_init ] --END-- [ RunTime:0.000728s ]
INFO: [ app_begin ] --START--
INFO: Run Behavior\ReadHtmlCacheBehavior [ RunTime:0.000925s ]
SQL: SHOW COLUMNS FROM `ys_config` [ RunTime:0.0007s ]
SQL: SELECT * FROM `ys_config` WHERE `id` = 1 LIMIT 1   [ RunTime:0.0001s ]
INFO: Run Common\Behaviors\AppBeginBehavior [ RunTime:0.027207s ]
INFO: [ app_begin ] --END-- [ RunTime:0.028293s ]
SQL: SHOW COLUMNS FROM `ys_nav` [ RunTime:0.0008s ]
SQL: SELECT * FROM `ys_nav` ORDER BY order_number is null,order_number,id  [ RunTime:0.0001s ]
SQL: select version() as ver [ RunTime:0.0049s ]
NOTIC: [8] Undefined variable: browserplatform /home/wwwroot/yishion/APP/Common/Common/helper.php 第 95 行.
NOTIC: [8192] Function eregi() is deprecated /home/wwwroot/yishion/APP/Common/Common/helper.php 第 96 行.
NOTIC: [8192] Function eregi() is deprecated /home/wwwroot/yishion/APP/Common/Common/helper.php 第 99 行.
NOTIC: [8192] Function eregi() is deprecated /home/wwwroot/yishion/APP/Common/Common/helper.php 第 102 行.
NOTIC: [8192] Function ereg() is deprecated /home/wwwroot/yishion/APP/Common/Common/helper.php 第 102 行.
NOTIC: [8192] Function eregi() is deprecated /home/wwwroot/yishion/APP/Common/Common/helper.php 第 105 行.
NOTIC: [8192] Function eregi() is deprecated /home/wwwroot/yishion/APP/Common/Common/helper.php 第 105 行.
NOTIC: [8192] Function eregi() is deprecated /home/wwwroot/yishion/APP/Common/Common/helper.php 第 108 行.
NOTIC: [8192] Function eregi() is deprecated /home/wwwroot/yishion/APP/Common/Common/helper.php 第 108 行.
NOTIC: [8192] Function eregi() is deprecated /home/wwwroot/yishion/APP/Common/Common/helper.php 第 111 行.
NOTIC: [8192] Function eregi() is deprecated /home/wwwroot/yishion/APP/Common/Common/helper.php 第 111 行.
NOTIC: [8192] Function eregi() is deprecated /home/wwwroot/yishion/APP/Common/Common/helper.php 第 114 行.
NOTIC: [8192] Function eregi() is deprecated /home/wwwroot/yishion/APP/Common/Common/helper.php 第 114 行.
INFO: [ view_parse ] --START--
INFO: [ template_filter ] --START--
INFO: Run Behavior\ContentReplaceBehavior [ RunTime:0.000086s ]
INFO: [ template_filter ] --END-- [ RunTime:0.000226s ]
INFO: Run Behavior\ParseTemplateBehavior [ RunTime:0.011939s ]
INFO: [ view_parse ] --END-- [ RunTime:0.012067s ]
INFO: [ view_filter ] --START--
INFO: Run Behavior\WriteHtmlCacheBehavior [ RunTime:0.000405s ]
INFO: Run Behavior\TokenBuildBehavior [ RunTime:0.000555s ]
INFO: [ view_filter ] --END-- [ RunTime:0.001085s ]
INFO: [ app_end ] --START--
INFO: Run Behavior\ShowPageTraceBehavior [ RunTime:0.000826s ]
INFO: [ app_end ] --END-- [ RunTime:0.000910s ]

[ 2017-09-26T15:14:28+08:00 ] 106.11.227.181 /
INFO: [ app_init ] --START--
INFO: Run Behavior\BuildLiteBehavior [ RunTime:0.000020s ]
INFO: [ app_init ] --END-- [ RunTime:0.000411s ]
INFO: [ app_begin ] --START--
INFO: Run Behavior\ReadHtmlCacheBehavior [ RunTime:0.000558s ]
SQL: SHOW COLUMNS FROM `ys_config` [ RunTime:0.0009s ]
SQL: SELECT * FROM `ys_config` WHERE `id` = 1 LIMIT 1   [ RunTime:0.0001s ]
INFO: Run Common\Behaviors\AppBeginBehavior [ RunTime:0.024846s ]
INFO: [ app_begin ] --END-- [ RunTime:0.025541s ]

[ 2017-09-26T15:14:28+08:00 ] 106.11.227.127 /Theme/dologin.html
INFO: [ app_init ] --START--
INFO: Run Behavior\BuildLiteBehavior [ RunTime:0.000032s ]
INFO: [ app_init ] --END-- [ RunTime:0.000536s ]
INFO: [ app_begin ] --START--
INFO: Run Behavior\ReadHtmlCacheBehavior [ RunTime:0.000710s ]
SQL: SHOW COLUMNS FROM `ys_config` [ RunTime:0.0010s ]
SQL: SELECT * FROM `ys_config` WHERE `id` = 1 LIMIT 1   [ RunTime:0.0003s ]
INFO: Run Common\Behaviors\AppBeginBehavior [ RunTime:0.030452s ]
INFO: [ app_begin ] --END-- [ RunTime:0.031324s ]
INFO: [ view_parse ] --START--
INFO: [ template_filter ] --START--
INFO: Run Behavior\ContentReplaceBehavior [ RunTime:0.000072s ]
INFO: [ template_filter ] --END-- [ RunTime:0.000177s ]
INFO: Run Behavior\ParseTemplateBehavior [ RunTime:0.009344s ]
INFO: [ view_parse ] --END-- [ RunTime:0.009424s ]
INFO: [ view_filter ] --START--
INFO: Run Behavior\WriteHtmlCacheBehavior [ RunTime:0.000288s ]
INFO: Run Behavior\TokenBuildBehavior [ RunTime:0.000446s ]
INFO: [ view_filter ] --END-- [ RunTime:0.000832s ]
INFO: [ app_end ] --START--
INFO: Run Behavior\ShowPageTraceBehavior [ RunTime:0.000575s ]
INFO: [ app_end ] --END-- [ RunTime:0.000625s ]

