[ 2017-12-10T09:52:51+08:00 ] 106.11.242.5 /
INFO: [ app_init ] --START--
INFO: Run Behavior\BuildLiteBehavior [ RunTime:0.000055s ]
INFO: [ app_init ] --END-- [ RunTime:0.004926s ]
INFO: [ app_begin ] --START--
INFO: Run Behavior\ReadHtmlCacheBehavior [ RunTime:0.003323s ]
SQL: SHOW COLUMNS FROM `ys_config` [ RunTime:0.0045s ]
SQL: SELECT * FROM `ys_config` WHERE `id` = 1 LIMIT 1   [ RunTime:0.0005s ]
INFO: Run Common\Behaviors\AppBeginBehavior [ RunTime:0.050304s ]
INFO: [ app_begin ] --END-- [ RunTime:0.053953s ]

[ 2017-12-10T09:52:52+08:00 ] 106.11.227.85 /Theme/dologin.html
INFO: [ app_init ] --START--
INFO: Run Behavior\BuildLiteBehavior [ RunTime:0.000042s ]
INFO: [ app_init ] --END-- [ RunTime:0.000770s ]
INFO: [ app_begin ] --START--
INFO: Run Behavior\ReadHtmlCacheBehavior [ RunTime:0.001126s ]
SQL: SHOW COLUMNS FROM `ys_config` [ RunTime:0.0020s ]
SQL: SELECT * FROM `ys_config` WHERE `id` = 1 LIMIT 1   [ RunTime:0.0008s ]
INFO: Run Common\Behaviors\AppBeginBehavior [ RunTime:0.019702s ]
INFO: [ app_begin ] --END-- [ RunTime:0.021050s ]
INFO: [ view_parse ] --START--
INFO: [ template_filter ] --START--
INFO: Run Behavior\ContentReplaceBehavior [ RunTime:0.001733s ]
INFO: [ template_filter ] --END-- [ RunTime:0.001891s ]
INFO: Run Behavior\ParseTemplateBehavior [ RunTime:0.025871s ]
INFO: [ view_parse ] --END-- [ RunTime:0.026035s ]
INFO: [ view_filter ] --START--
INFO: Run Behavior\WriteHtmlCacheBehavior [ RunTime:0.002879s ]
INFO: Run Behavior\TokenBuildBehavior [ RunTime:0.001717s ]
INFO: [ view_filter ] --END-- [ RunTime:0.004765s ]
INFO: [ app_end ] --START--
INFO: Run Behavior\ShowPageTraceBehavior [ RunTime:0.003049s ]
INFO: [ app_end ] --END-- [ RunTime:0.003150s ]

