[ 2017-11-08T04:30:21+08:00 ] 106.11.225.223 /
INFO: [ app_init ] --START--
INFO: Run Behavior\BuildLiteBehavior [ RunTime:0.000045s ]
INFO: [ app_init ] --END-- [ RunTime:0.005174s ]
INFO: [ app_begin ] --START--
INFO: Run Behavior\ReadHtmlCacheBehavior [ RunTime:0.002656s ]
SQL: SHOW COLUMNS FROM `ys_config` [ RunTime:0.0199s ]
SQL: SELECT * FROM `ys_config` WHERE `id` = 1 LIMIT 1   [ RunTime:0.0005s ]
INFO: Run Common\Behaviors\AppBeginBehavior [ RunTime:0.099739s ]
INFO: [ app_begin ] --END-- [ RunTime:0.102575s ]

[ 2017-11-08T04:30:21+08:00 ] 106.11.226.7 /Theme/dologin.html
INFO: [ app_init ] --START--
INFO: Run Behavior\BuildLiteBehavior [ RunTime:0.000029s ]
INFO: [ app_init ] --END-- [ RunTime:0.001427s ]
INFO: [ app_begin ] --START--
INFO: Run Behavior\ReadHtmlCacheBehavior [ RunTime:0.000919s ]
SQL: SHOW COLUMNS FROM `ys_config` [ RunTime:0.0018s ]
SQL: SELECT * FROM `ys_config` WHERE `id` = 1 LIMIT 1   [ RunTime:0.0001s ]
INFO: Run Common\Behaviors\AppBeginBehavior [ RunTime:0.021911s ]
INFO: [ app_begin ] --END-- [ RunTime:0.023478s ]
INFO: [ view_parse ] --START--
INFO: [ template_filter ] --START--
INFO: Run Behavior\ContentReplaceBehavior [ RunTime:0.000667s ]
INFO: [ template_filter ] --END-- [ RunTime:0.000811s ]
INFO: Run Behavior\ParseTemplateBehavior [ RunTime:0.023163s ]
INFO: [ view_parse ] --END-- [ RunTime:0.023565s ]
INFO: [ view_filter ] --START--
INFO: Run Behavior\WriteHtmlCacheBehavior [ RunTime:0.000972s ]
INFO: Run Behavior\TokenBuildBehavior [ RunTime:0.001154s ]
INFO: [ view_filter ] --END-- [ RunTime:0.002272s ]
INFO: [ app_end ] --START--
INFO: Run Behavior\ShowPageTraceBehavior [ RunTime:0.001715s ]
INFO: [ app_end ] --END-- [ RunTime:0.001803s ]

