[ 2017-11-14T06:25:38+08:00 ] 106.11.225.50 /
INFO: [ app_init ] --START--
INFO: Run Behavior\BuildLiteBehavior [ RunTime:0.000559s ]
INFO: [ app_init ] --END-- [ RunTime:0.007567s ]
INFO: [ app_begin ] --START--
INFO: Run Behavior\ReadHtmlCacheBehavior [ RunTime:0.005234s ]
SQL: SHOW COLUMNS FROM `ys_config` [ RunTime:0.0230s ]
SQL: SELECT * FROM `ys_config` WHERE `id` = 1 LIMIT 1   [ RunTime:0.0005s ]
INFO: Run Common\Behaviors\AppBeginBehavior [ RunTime:0.111873s ]
INFO: [ app_begin ] --END-- [ RunTime:0.117356s ]

[ 2017-11-14T06:25:38+08:00 ] 106.11.242.124 /Theme/dologin.html
INFO: [ app_init ] --START--
INFO: Run Behavior\BuildLiteBehavior [ RunTime:0.000020s ]
INFO: [ app_init ] --END-- [ RunTime:0.000534s ]
INFO: [ app_begin ] --START--
INFO: Run Behavior\ReadHtmlCacheBehavior [ RunTime:0.006978s ]
SQL: SHOW COLUMNS FROM `ys_config` [ RunTime:0.0045s ]
SQL: SELECT * FROM `ys_config` WHERE `id` = 1 LIMIT 1   [ RunTime:0.0002s ]
INFO: Run Common\Behaviors\AppBeginBehavior [ RunTime:0.066505s ]
INFO: [ app_begin ] --END-- [ RunTime:0.073721s ]
INFO: [ view_parse ] --START--
INFO: [ template_filter ] --START--
INFO: Run Behavior\ContentReplaceBehavior [ RunTime:0.002056s ]
INFO: [ template_filter ] --END-- [ RunTime:0.002256s ]
INFO: Run Behavior\ParseTemplateBehavior [ RunTime:0.060546s ]
INFO: [ view_parse ] --END-- [ RunTime:0.060710s ]
INFO: [ view_filter ] --START--
INFO: Run Behavior\WriteHtmlCacheBehavior [ RunTime:0.002206s ]
INFO: Run Behavior\TokenBuildBehavior [ RunTime:0.001498s ]
INFO: [ view_filter ] --END-- [ RunTime:0.003856s ]
INFO: [ app_end ] --START--
INFO: Run Behavior\ShowPageTraceBehavior [ RunTime:0.002057s ]
INFO: [ app_end ] --END-- [ RunTime:0.002150s ]

