[ 2017-10-19T03:32:49+08:00 ] 106.11.225.88 /
INFO: [ app_init ] --START--
INFO: Run Behavior\BuildLiteBehavior [ RunTime:0.000224s ]
INFO: [ app_init ] --END-- [ RunTime:0.004828s ]
INFO: [ app_begin ] --START--
INFO: Run Behavior\ReadHtmlCacheBehavior [ RunTime:0.003247s ]
SQL: SHOW COLUMNS FROM `ys_config` [ RunTime:0.0304s ]
SQL: SELECT * FROM `ys_config` WHERE `id` = 1 LIMIT 1   [ RunTime:0.0009s ]
INFO: Run Common\Behaviors\AppBeginBehavior [ RunTime:0.147558s ]
INFO: [ app_begin ] --END-- [ RunTime:0.151374s ]

[ 2017-10-19T03:32:50+08:00 ] 106.11.242.230 /Theme/dologin.html
INFO: [ app_init ] --START--
INFO: Run Behavior\BuildLiteBehavior [ RunTime:0.000020s ]
INFO: [ app_init ] --END-- [ RunTime:0.000543s ]
INFO: [ app_begin ] --START--
INFO: Run Behavior\ReadHtmlCacheBehavior [ RunTime:0.001812s ]
SQL: SHOW COLUMNS FROM `ys_config` [ RunTime:0.0018s ]
SQL: SELECT * FROM `ys_config` WHERE `id` = 1 LIMIT 1   [ RunTime:0.0001s ]
INFO: Run Common\Behaviors\AppBeginBehavior [ RunTime:0.019449s ]
INFO: [ app_begin ] --END-- [ RunTime:0.021686s ]
INFO: [ view_parse ] --START--
INFO: [ template_filter ] --START--
INFO: Run Behavior\ContentReplaceBehavior [ RunTime:0.000752s ]
INFO: [ template_filter ] --END-- [ RunTime:0.001109s ]
INFO: Run Behavior\ParseTemplateBehavior [ RunTime:0.033694s ]
INFO: [ view_parse ] --END-- [ RunTime:0.033823s ]
INFO: [ view_filter ] --START--
INFO: Run Behavior\WriteHtmlCacheBehavior [ RunTime:0.001295s ]
INFO: Run Behavior\TokenBuildBehavior [ RunTime:0.001220s ]
INFO: [ view_filter ] --END-- [ RunTime:0.002889s ]
INFO: [ app_end ] --START--
INFO: Run Behavior\ShowPageTraceBehavior [ RunTime:0.001583s ]
INFO: [ app_end ] --END-- [ RunTime:0.001658s ]

[ 2017-10-19T12:46:49+08:00 ] 117.14.146.112 /
INFO: [ app_init ] --START--
INFO: Run Behavior\BuildLiteBehavior [ RunTime:0.000039s ]
INFO: [ app_init ] --END-- [ RunTime:0.006290s ]
INFO: [ app_begin ] --START--
INFO: Run Behavior\ReadHtmlCacheBehavior [ RunTime:0.003304s ]
SQL: SHOW COLUMNS FROM `ys_config` [ RunTime:0.0229s ]
SQL: SELECT * FROM `ys_config` WHERE `id` = 1 LIMIT 1   [ RunTime:0.0006s ]
INFO: Run Common\Behaviors\AppBeginBehavior [ RunTime:0.090278s ]
INFO: [ app_begin ] --END-- [ RunTime:0.094324s ]

[ 2017-10-19T12:46:51+08:00 ] 222.221.154.224 /Theme/dologin.html
INFO: [ app_init ] --START--
INFO: Run Behavior\BuildLiteBehavior [ RunTime:0.000027s ]
INFO: [ app_init ] --END-- [ RunTime:0.000749s ]
INFO: [ app_begin ] --START--
INFO: Run Behavior\ReadHtmlCacheBehavior [ RunTime:0.001159s ]
SQL: SHOW COLUMNS FROM `ys_config` [ RunTime:0.0027s ]
SQL: SELECT * FROM `ys_config` WHERE `id` = 1 LIMIT 1   [ RunTime:0.0002s ]
INFO: Run Common\Behaviors\AppBeginBehavior [ RunTime:0.022863s ]
INFO: [ app_begin ] --END-- [ RunTime:0.024192s ]
INFO: [ view_parse ] --START--
INFO: [ template_filter ] --START--
INFO: Run Behavior\ContentReplaceBehavior [ RunTime:0.000636s ]
INFO: [ template_filter ] --END-- [ RunTime:0.000752s ]
INFO: Run Behavior\ParseTemplateBehavior [ RunTime:0.019778s ]
INFO: [ view_parse ] --END-- [ RunTime:0.019893s ]
INFO: [ view_filter ] --START--
INFO: Run Behavior\WriteHtmlCacheBehavior [ RunTime:0.001074s ]
INFO: Run Behavior\TokenBuildBehavior [ RunTime:0.001240s ]
INFO: [ view_filter ] --END-- [ RunTime:0.002485s ]
INFO: [ app_end ] --START--
INFO: Run Behavior\ShowPageTraceBehavior [ RunTime:0.002092s ]
INFO: [ app_end ] --END-- [ RunTime:0.002593s ]

