[ 2017-11-16T06:39:50+08:00 ] 106.11.226.66 /
INFO: [ app_init ] --START--
INFO: Run Behavior\BuildLiteBehavior [ RunTime:0.000649s ]
INFO: [ app_init ] --END-- [ RunTime:0.013497s ]
INFO: [ app_begin ] --START--
INFO: Run Behavior\ReadHtmlCacheBehavior [ RunTime:0.003307s ]
SQL: SHOW COLUMNS FROM `ys_config` [ RunTime:0.0786s ]
SQL: SELECT * FROM `ys_config` WHERE `id` = 1 LIMIT 1   [ RunTime:0.0016s ]
INFO: Run Common\Behaviors\AppBeginBehavior [ RunTime:0.235429s ]
INFO: [ app_begin ] --END-- [ RunTime:0.239508s ]

[ 2017-11-16T06:39:51+08:00 ] 106.11.226.180 /Theme/dologin.html
INFO: [ app_init ] --START--
INFO: Run Behavior\BuildLiteBehavior [ RunTime:0.000037s ]
INFO: [ app_init ] --END-- [ RunTime:0.008759s ]
INFO: [ app_begin ] --START--
INFO: Run Behavior\ReadHtmlCacheBehavior [ RunTime:0.003348s ]
SQL: SHOW COLUMNS FROM `ys_config` [ RunTime:0.0079s ]
SQL: SELECT * FROM `ys_config` WHERE `id` = 1 LIMIT 1   [ RunTime:0.0007s ]
INFO: Run Common\Behaviors\AppBeginBehavior [ RunTime:0.131620s ]
INFO: [ app_begin ] --END-- [ RunTime:0.135228s ]
INFO: [ view_parse ] --START--
INFO: [ template_filter ] --START--
INFO: Run Behavior\ContentReplaceBehavior [ RunTime:0.003508s ]
INFO: [ template_filter ] --END-- [ RunTime:0.003656s ]
INFO: Run Behavior\ParseTemplateBehavior [ RunTime:0.122168s ]
INFO: [ view_parse ] --END-- [ RunTime:0.122351s ]
INFO: [ view_filter ] --START--
INFO: Run Behavior\WriteHtmlCacheBehavior [ RunTime:0.003049s ]
INFO: Run Behavior\TokenBuildBehavior [ RunTime:0.006671s ]
INFO: [ view_filter ] --END-- [ RunTime:0.010083s ]
INFO: [ app_end ] --START--
INFO: Run Behavior\ShowPageTraceBehavior [ RunTime:0.008810s ]
INFO: [ app_end ] --END-- [ RunTime:0.008977s ]

