[ 2017-11-09T04:41:50+08:00 ] 106.11.226.119 /
INFO: [ app_init ] --START--
INFO: Run Behavior\BuildLiteBehavior [ RunTime:0.000216s ]
INFO: [ app_init ] --END-- [ RunTime:0.005910s ]
INFO: [ app_begin ] --START--
INFO: Run Behavior\ReadHtmlCacheBehavior [ RunTime:0.004706s ]
SQL: SHOW COLUMNS FROM `ys_config` [ RunTime:0.0228s ]
SQL: SELECT * FROM `ys_config` WHERE `id` = 1 LIMIT 1   [ RunTime:0.0006s ]
INFO: Run Common\Behaviors\AppBeginBehavior [ RunTime:0.135654s ]
INFO: [ app_begin ] --END-- [ RunTime:0.140581s ]

[ 2017-11-09T04:41:51+08:00 ] 106.11.225.238 /Theme/dologin.html
INFO: [ app_init ] --START--
INFO: Run Behavior\BuildLiteBehavior [ RunTime:0.000022s ]
INFO: [ app_init ] --END-- [ RunTime:0.001036s ]
INFO: [ app_begin ] --START--
INFO: Run Behavior\ReadHtmlCacheBehavior [ RunTime:0.001603s ]
SQL: SHOW COLUMNS FROM `ys_config` [ RunTime:0.0052s ]
SQL: SELECT * FROM `ys_config` WHERE `id` = 1 LIMIT 1   [ RunTime:0.0001s ]
INFO: Run Common\Behaviors\AppBeginBehavior [ RunTime:0.040284s ]
INFO: [ app_begin ] --END-- [ RunTime:0.042030s ]
INFO: [ view_parse ] --START--
INFO: [ template_filter ] --START--
INFO: Run Behavior\ContentReplaceBehavior [ RunTime:0.001368s ]
INFO: [ template_filter ] --END-- [ RunTime:0.001472s ]
INFO: Run Behavior\ParseTemplateBehavior [ RunTime:0.044947s ]
INFO: [ view_parse ] --END-- [ RunTime:0.045062s ]
INFO: [ view_filter ] --START--
INFO: Run Behavior\WriteHtmlCacheBehavior [ RunTime:0.001032s ]
INFO: Run Behavior\TokenBuildBehavior [ RunTime:0.001259s ]
INFO: [ view_filter ] --END-- [ RunTime:0.002415s ]
INFO: [ app_end ] --START--
INFO: Run Behavior\ShowPageTraceBehavior [ RunTime:0.002802s ]
INFO: [ app_end ] --END-- [ RunTime:0.003277s ]

