[ 2017-11-06T04:28:44+08:00 ] 106.11.225.174 /
INFO: [ app_init ] --START--
INFO: Run Behavior\BuildLiteBehavior [ RunTime:0.000230s ]
INFO: [ app_init ] --END-- [ RunTime:0.006215s ]
INFO: [ app_begin ] --START--
INFO: Run Behavior\ReadHtmlCacheBehavior [ RunTime:0.004004s ]
SQL: SHOW COLUMNS FROM `ys_config` [ RunTime:0.0217s ]
SQL: SELECT * FROM `ys_config` WHERE `id` = 1 LIMIT 1   [ RunTime:0.0005s ]
INFO: Run Common\Behaviors\AppBeginBehavior [ RunTime:0.122766s ]
INFO: [ app_begin ] --END-- [ RunTime:0.127000s ]

[ 2017-11-06T04:28:45+08:00 ] 106.11.227.176 /Theme/dologin.html
INFO: [ app_init ] --START--
INFO: Run Behavior\BuildLiteBehavior [ RunTime:0.000032s ]
INFO: [ app_init ] --END-- [ RunTime:0.001568s ]
INFO: [ app_begin ] --START--
INFO: Run Behavior\ReadHtmlCacheBehavior [ RunTime:0.001870s ]
SQL: SHOW COLUMNS FROM `ys_config` [ RunTime:0.0026s ]
SQL: SELECT * FROM `ys_config` WHERE `id` = 1 LIMIT 1   [ RunTime:0.0002s ]
INFO: Run Common\Behaviors\AppBeginBehavior [ RunTime:0.039173s ]
INFO: [ app_begin ] --END-- [ RunTime:0.041679s ]
INFO: [ view_parse ] --START--
INFO: [ template_filter ] --START--
INFO: Run Behavior\ContentReplaceBehavior [ RunTime:0.000621s ]
INFO: [ template_filter ] --END-- [ RunTime:0.000764s ]
INFO: Run Behavior\ParseTemplateBehavior [ RunTime:0.030070s ]
INFO: [ view_parse ] --END-- [ RunTime:0.030185s ]
INFO: [ view_filter ] --START--
INFO: Run Behavior\WriteHtmlCacheBehavior [ RunTime:0.001094s ]
INFO: Run Behavior\TokenBuildBehavior [ RunTime:0.001063s ]
INFO: [ view_filter ] --END-- [ RunTime:0.002299s ]
INFO: [ app_end ] --START--
INFO: Run Behavior\ShowPageTraceBehavior [ RunTime:0.002910s ]
INFO: [ app_end ] --END-- [ RunTime:0.003251s ]

[ 2017-11-06T07:22:33+08:00 ] 106.45.0.25 /
INFO: [ app_init ] --START--
INFO: Run Behavior\BuildLiteBehavior [ RunTime:0.000048s ]
INFO: [ app_init ] --END-- [ RunTime:0.001618s ]
INFO: [ app_begin ] --START--
INFO: Run Behavior\ReadHtmlCacheBehavior [ RunTime:0.001990s ]
SQL: SHOW COLUMNS FROM `ys_config` [ RunTime:0.0110s ]
SQL: SELECT * FROM `ys_config` WHERE `id` = 1 LIMIT 1   [ RunTime:0.0004s ]
INFO: Run Common\Behaviors\AppBeginBehavior [ RunTime:0.089165s ]
INFO: [ app_begin ] --END-- [ RunTime:0.091412s ]

[ 2017-11-06T07:22:36+08:00 ] 124.235.138.36 /Theme/dologin.html
INFO: [ app_init ] --START--
INFO: Run Behavior\BuildLiteBehavior [ RunTime:0.000029s ]
INFO: [ app_init ] --END-- [ RunTime:0.000696s ]
INFO: [ app_begin ] --START--
INFO: Run Behavior\ReadHtmlCacheBehavior [ RunTime:0.000986s ]
SQL: SHOW COLUMNS FROM `ys_config` [ RunTime:0.0024s ]
SQL: SELECT * FROM `ys_config` WHERE `id` = 1 LIMIT 1   [ RunTime:0.0002s ]
INFO: Run Common\Behaviors\AppBeginBehavior [ RunTime:0.022794s ]
INFO: [ app_begin ] --END-- [ RunTime:0.023954s ]
INFO: [ view_parse ] --START--
INFO: [ template_filter ] --START--
INFO: Run Behavior\ContentReplaceBehavior [ RunTime:0.000507s ]
INFO: [ template_filter ] --END-- [ RunTime:0.000651s ]
INFO: Run Behavior\ParseTemplateBehavior [ RunTime:0.031705s ]
INFO: [ view_parse ] --END-- [ RunTime:0.031859s ]
INFO: [ view_filter ] --START--
INFO: Run Behavior\WriteHtmlCacheBehavior [ RunTime:0.000944s ]
INFO: Run Behavior\TokenBuildBehavior [ RunTime:0.004023s ]
INFO: [ view_filter ] --END-- [ RunTime:0.005595s ]
INFO: [ app_end ] --START--
INFO: Run Behavior\ShowPageTraceBehavior [ RunTime:0.003197s ]
INFO: [ app_end ] --END-- [ RunTime:0.004346s ]

[ 2017-11-06T09:18:30+08:00 ] 124.236.176.42 /
INFO: [ app_init ] --START--
INFO: Run Behavior\BuildLiteBehavior [ RunTime:0.000027s ]
INFO: [ app_init ] --END-- [ RunTime:0.000995s ]
INFO: [ app_begin ] --START--
INFO: Run Behavior\ReadHtmlCacheBehavior [ RunTime:0.000886s ]
SQL: SHOW COLUMNS FROM `ys_config` [ RunTime:0.0030s ]
SQL: SELECT * FROM `ys_config` WHERE `id` = 1 LIMIT 1   [ RunTime:0.0001s ]
INFO: Run Common\Behaviors\AppBeginBehavior [ RunTime:0.029904s ]
INFO: [ app_begin ] --END-- [ RunTime:0.030923s ]

[ 2017-11-06T09:18:35+08:00 ] 171.118.62.101 /Theme/dologin.html
INFO: [ app_init ] --START--
INFO: Run Behavior\BuildLiteBehavior [ RunTime:0.000031s ]
INFO: [ app_init ] --END-- [ RunTime:0.001394s ]
INFO: [ app_begin ] --START--
INFO: Run Behavior\ReadHtmlCacheBehavior [ RunTime:0.001916s ]
SQL: SHOW COLUMNS FROM `ys_config` [ RunTime:0.0044s ]
SQL: SELECT * FROM `ys_config` WHERE `id` = 1 LIMIT 1   [ RunTime:0.0004s ]
INFO: Run Common\Behaviors\AppBeginBehavior [ RunTime:0.044090s ]
INFO: [ app_begin ] --END-- [ RunTime:0.046180s ]
INFO: [ view_parse ] --START--
INFO: [ template_filter ] --START--
INFO: Run Behavior\ContentReplaceBehavior [ RunTime:0.001384s ]
INFO: [ template_filter ] --END-- [ RunTime:0.001555s ]
INFO: Run Behavior\ParseTemplateBehavior [ RunTime:0.030652s ]
INFO: [ view_parse ] --END-- [ RunTime:0.031784s ]
INFO: [ view_filter ] --START--
INFO: Run Behavior\WriteHtmlCacheBehavior [ RunTime:0.000992s ]
INFO: Run Behavior\TokenBuildBehavior [ RunTime:0.000637s ]
INFO: [ view_filter ] --END-- [ RunTime:0.001759s ]
INFO: [ app_end ] --START--
INFO: Run Behavior\ShowPageTraceBehavior [ RunTime:0.004648s ]
INFO: [ app_end ] --END-- [ RunTime:0.007627s ]

[ 2017-11-06T11:29:34+08:00 ] 60.216.134.175 /
INFO: [ app_init ] --START--
INFO: Run Behavior\BuildLiteBehavior [ RunTime:0.000039s ]
INFO: [ app_init ] --END-- [ RunTime:0.001569s ]
INFO: [ app_begin ] --START--
INFO: Run Behavior\ReadHtmlCacheBehavior [ RunTime:0.001827s ]
SQL: SHOW COLUMNS FROM `ys_config` [ RunTime:0.0032s ]
SQL: SELECT * FROM `ys_config` WHERE `id` = 1 LIMIT 1   [ RunTime:0.0011s ]
INFO: Run Common\Behaviors\AppBeginBehavior [ RunTime:0.042842s ]
INFO: [ app_begin ] --END-- [ RunTime:0.044899s ]

[ 2017-11-06T11:29:35+08:00 ] 121.57.13.93 /Theme/dologin.html
INFO: [ app_init ] --START--
INFO: Run Behavior\BuildLiteBehavior [ RunTime:0.000026s ]
INFO: [ app_init ] --END-- [ RunTime:0.000751s ]
INFO: [ app_begin ] --START--
INFO: Run Behavior\ReadHtmlCacheBehavior [ RunTime:0.000934s ]
SQL: SHOW COLUMNS FROM `ys_config` [ RunTime:0.0028s ]
SQL: SELECT * FROM `ys_config` WHERE `id` = 1 LIMIT 1   [ RunTime:0.0002s ]
INFO: Run Common\Behaviors\AppBeginBehavior [ RunTime:0.024286s ]
INFO: [ app_begin ] --END-- [ RunTime:0.025376s ]
INFO: [ view_parse ] --START--
INFO: [ template_filter ] --START--
INFO: Run Behavior\ContentReplaceBehavior [ RunTime:0.000940s ]
INFO: [ template_filter ] --END-- [ RunTime:0.001519s ]
INFO: Run Behavior\ParseTemplateBehavior [ RunTime:0.023708s ]
INFO: [ view_parse ] --END-- [ RunTime:0.023862s ]
INFO: [ view_filter ] --START--
INFO: Run Behavior\WriteHtmlCacheBehavior [ RunTime:0.003299s ]
INFO: Run Behavior\TokenBuildBehavior [ RunTime:0.001815s ]
INFO: [ view_filter ] --END-- [ RunTime:0.005573s ]
INFO: [ app_end ] --START--
INFO: Run Behavior\ShowPageTraceBehavior [ RunTime:0.002432s ]
INFO: [ app_end ] --END-- [ RunTime:0.002585s ]

[ 2017-11-06T11:29:51+08:00 ] 123.191.130.227 /
INFO: [ app_init ] --START--
INFO: Run Behavior\BuildLiteBehavior [ RunTime:0.000032s ]
INFO: [ app_init ] --END-- [ RunTime:0.002337s ]
INFO: [ app_begin ] --START--
INFO: Run Behavior\ReadHtmlCacheBehavior [ RunTime:0.001677s ]
SQL: SHOW COLUMNS FROM `ys_config` [ RunTime:0.0030s ]
SQL: SELECT * FROM `ys_config` WHERE `id` = 1 LIMIT 1   [ RunTime:0.0007s ]
INFO: Run Common\Behaviors\AppBeginBehavior [ RunTime:0.048451s ]
INFO: [ app_begin ] --END-- [ RunTime:0.050287s ]

[ 2017-11-06T11:29:51+08:00 ] 123.179.4.38 /Theme/dologin.html
INFO: [ app_init ] --START--
INFO: Run Behavior\BuildLiteBehavior [ RunTime:0.000027s ]
INFO: [ app_init ] --END-- [ RunTime:0.000684s ]
INFO: [ app_begin ] --START--
INFO: Run Behavior\ReadHtmlCacheBehavior [ RunTime:0.000843s ]
SQL: SHOW COLUMNS FROM `ys_config` [ RunTime:0.0013s ]
SQL: SELECT * FROM `ys_config` WHERE `id` = 1 LIMIT 1   [ RunTime:0.0001s ]
INFO: Run Common\Behaviors\AppBeginBehavior [ RunTime:0.018068s ]
INFO: [ app_begin ] --END-- [ RunTime:0.019016s ]
INFO: [ view_parse ] --START--
INFO: [ template_filter ] --START--
INFO: Run Behavior\ContentReplaceBehavior [ RunTime:0.000186s ]
INFO: [ template_filter ] --END-- [ RunTime:0.000500s ]
INFO: Run Behavior\ParseTemplateBehavior [ RunTime:0.009330s ]
INFO: [ view_parse ] --END-- [ RunTime:0.009407s ]
INFO: [ view_filter ] --START--
INFO: Run Behavior\WriteHtmlCacheBehavior [ RunTime:0.000434s ]
INFO: Run Behavior\TokenBuildBehavior [ RunTime:0.000420s ]
INFO: [ view_filter ] --END-- [ RunTime:0.001385s ]
INFO: [ app_end ] --START--
INFO: Run Behavior\ShowPageTraceBehavior [ RunTime:0.001066s ]
INFO: [ app_end ] --END-- [ RunTime:0.001358s ]

