[ 2017-10-29T04:11:41+08:00 ] 106.11.242.54 /
INFO: [ app_init ] --START--
INFO: Run Behavior\BuildLiteBehavior [ RunTime:0.000218s ]
INFO: [ app_init ] --END-- [ RunTime:0.005013s ]
INFO: [ app_begin ] --START--
INFO: Run Behavior\ReadHtmlCacheBehavior [ RunTime:0.002844s ]
SQL: SHOW COLUMNS FROM `ys_config` [ RunTime:0.0199s ]
SQL: SELECT * FROM `ys_config` WHERE `id` = 1 LIMIT 1   [ RunTime:0.0010s ]
INFO: Run Common\Behaviors\AppBeginBehavior [ RunTime:0.121803s ]
INFO: [ app_begin ] --END-- [ RunTime:0.124850s ]

[ 2017-10-29T04:11:41+08:00 ] 106.11.227.50 /Theme/dologin.html
INFO: [ app_init ] --START--
INFO: Run Behavior\BuildLiteBehavior [ RunTime:0.000037s ]
INFO: [ app_init ] --END-- [ RunTime:0.002879s ]
INFO: [ app_begin ] --START--
INFO: Run Behavior\ReadHtmlCacheBehavior [ RunTime:0.002013s ]
SQL: SHOW COLUMNS FROM `ys_config` [ RunTime:0.0028s ]
SQL: SELECT * FROM `ys_config` WHERE `id` = 1 LIMIT 1   [ RunTime:0.0004s ]
INFO: Run Common\Behaviors\AppBeginBehavior [ RunTime:0.066351s ]
INFO: [ app_begin ] --END-- [ RunTime:0.068595s ]
INFO: [ view_parse ] --START--
INFO: [ template_filter ] --START--
INFO: Run Behavior\ContentReplaceBehavior [ RunTime:0.004536s ]
INFO: [ template_filter ] --END-- [ RunTime:0.004949s ]
INFO: Run Behavior\ParseTemplateBehavior [ RunTime:0.040428s ]
INFO: [ view_parse ] --END-- [ RunTime:0.040624s ]
INFO: [ view_filter ] --START--
INFO: Run Behavior\WriteHtmlCacheBehavior [ RunTime:0.002541s ]
INFO: Run Behavior\TokenBuildBehavior [ RunTime:0.002010s ]
INFO: [ view_filter ] --END-- [ RunTime:0.004758s ]
INFO: [ app_end ] --START--
INFO: Run Behavior\ShowPageTraceBehavior [ RunTime:0.001731s ]
INFO: [ app_end ] --END-- [ RunTime:0.001856s ]

