[ 2017-10-25T04:14:57+08:00 ] 106.11.227.10 /
INFO: [ app_init ] --START--
INFO: Run Behavior\BuildLiteBehavior [ RunTime:0.000271s ]
INFO: [ app_init ] --END-- [ RunTime:0.005621s ]
INFO: [ app_begin ] --START--
INFO: Run Behavior\ReadHtmlCacheBehavior [ RunTime:0.003091s ]
SQL: SHOW COLUMNS FROM `ys_config` [ RunTime:0.0259s ]
SQL: SELECT * FROM `ys_config` WHERE `id` = 1 LIMIT 1   [ RunTime:0.0009s ]
INFO: Run Common\Behaviors\AppBeginBehavior [ RunTime:0.104974s ]
INFO: [ app_begin ] --END-- [ RunTime:0.108432s ]

[ 2017-10-25T04:14:57+08:00 ] 106.11.226.69 /Theme/dologin.html
INFO: [ app_init ] --START--
INFO: Run Behavior\BuildLiteBehavior [ RunTime:0.000028s ]
INFO: [ app_init ] --END-- [ RunTime:0.000792s ]
INFO: [ app_begin ] --START--
INFO: Run Behavior\ReadHtmlCacheBehavior [ RunTime:0.002453s ]
SQL: SHOW COLUMNS FROM `ys_config` [ RunTime:0.0029s ]
SQL: SELECT * FROM `ys_config` WHERE `id` = 1 LIMIT 1   [ RunTime:0.0001s ]
INFO: Run Common\Behaviors\AppBeginBehavior [ RunTime:0.025696s ]
INFO: [ app_begin ] --END-- [ RunTime:0.028355s ]
INFO: [ view_parse ] --START--
INFO: [ template_filter ] --START--
INFO: Run Behavior\ContentReplaceBehavior [ RunTime:0.000831s ]
INFO: [ template_filter ] --END-- [ RunTime:0.000949s ]
INFO: Run Behavior\ParseTemplateBehavior [ RunTime:0.026996s ]
INFO: [ view_parse ] --END-- [ RunTime:0.027110s ]
INFO: [ view_filter ] --START--
INFO: Run Behavior\WriteHtmlCacheBehavior [ RunTime:0.001103s ]
INFO: Run Behavior\TokenBuildBehavior [ RunTime:0.001073s ]
INFO: [ view_filter ] --END-- [ RunTime:0.002464s ]
INFO: [ app_end ] --START--
INFO: Run Behavior\ShowPageTraceBehavior [ RunTime:0.001635s ]
INFO: [ app_end ] --END-- [ RunTime:0.001712s ]

