[ 2017-11-07T04:32:17+08:00 ] 106.11.225.144 /
INFO: [ app_init ] --START--
INFO: Run Behavior\BuildLiteBehavior [ RunTime:0.000057s ]
INFO: [ app_init ] --END-- [ RunTime:0.001320s ]
INFO: [ app_begin ] --START--
INFO: Run Behavior\ReadHtmlCacheBehavior [ RunTime:0.002414s ]
SQL: SHOW COLUMNS FROM `ys_config` [ RunTime:0.0121s ]
SQL: SELECT * FROM `ys_config` WHERE `id` = 1 LIMIT 1   [ RunTime:0.0006s ]
INFO: Run Common\Behaviors\AppBeginBehavior [ RunTime:0.060473s ]
INFO: [ app_begin ] --END-- [ RunTime:0.063394s ]

[ 2017-11-07T04:32:18+08:00 ] 106.11.242.68 /Theme/dologin.html
INFO: [ app_init ] --START--
INFO: Run Behavior\BuildLiteBehavior [ RunTime:0.000029s ]
INFO: [ app_init ] --END-- [ RunTime:0.000792s ]
INFO: [ app_begin ] --START--
INFO: Run Behavior\ReadHtmlCacheBehavior [ RunTime:0.002901s ]
SQL: SHOW COLUMNS FROM `ys_config` [ RunTime:0.0050s ]
SQL: SELECT * FROM `ys_config` WHERE `id` = 1 LIMIT 1   [ RunTime:0.0002s ]
INFO: Run Common\Behaviors\AppBeginBehavior [ RunTime:0.043253s ]
INFO: [ app_begin ] --END-- [ RunTime:0.046639s ]
INFO: [ view_parse ] --START--
INFO: [ template_filter ] --START--
INFO: Run Behavior\ContentReplaceBehavior [ RunTime:0.000728s ]
INFO: [ template_filter ] --END-- [ RunTime:0.000867s ]
INFO: Run Behavior\ParseTemplateBehavior [ RunTime:0.029633s ]
INFO: [ view_parse ] --END-- [ RunTime:0.030291s ]
INFO: [ view_filter ] --START--
INFO: Run Behavior\WriteHtmlCacheBehavior [ RunTime:0.004956s ]
INFO: Run Behavior\TokenBuildBehavior [ RunTime:0.001972s ]
INFO: [ view_filter ] --END-- [ RunTime:0.007106s ]
INFO: [ app_end ] --START--
INFO: Run Behavior\ShowPageTraceBehavior [ RunTime:0.002757s ]
INFO: [ app_end ] --END-- [ RunTime:0.002851s ]

[ 2017-11-07T15:37:19+08:00 ] 112.66.107.54 /
INFO: [ app_init ] --START--
INFO: Run Behavior\BuildLiteBehavior [ RunTime:0.000200s ]
INFO: [ app_init ] --END-- [ RunTime:0.004804s ]
INFO: [ app_begin ] --START--
INFO: Run Behavior\ReadHtmlCacheBehavior [ RunTime:0.003855s ]
SQL: SHOW COLUMNS FROM `ys_config` [ RunTime:0.0286s ]
SQL: SELECT * FROM `ys_config` WHERE `id` = 1 LIMIT 1   [ RunTime:0.0004s ]
INFO: Run Common\Behaviors\AppBeginBehavior [ RunTime:0.127159s ]
INFO: [ app_begin ] --END-- [ RunTime:0.131272s ]

[ 2017-11-07T15:37:22+08:00 ] 123.179.15.22 /Theme/dologin.html
INFO: [ app_init ] --START--
INFO: Run Behavior\BuildLiteBehavior [ RunTime:0.000026s ]
INFO: [ app_init ] --END-- [ RunTime:0.000686s ]
INFO: [ app_begin ] --START--
INFO: Run Behavior\ReadHtmlCacheBehavior [ RunTime:0.000964s ]
SQL: SHOW COLUMNS FROM `ys_config` [ RunTime:0.0020s ]
SQL: SELECT * FROM `ys_config` WHERE `id` = 1 LIMIT 1   [ RunTime:0.0002s ]
INFO: Run Common\Behaviors\AppBeginBehavior [ RunTime:0.038660s ]
INFO: [ app_begin ] --END-- [ RunTime:0.039788s ]
INFO: [ view_parse ] --START--
INFO: [ template_filter ] --START--
INFO: Run Behavior\ContentReplaceBehavior [ RunTime:0.001216s ]
INFO: [ template_filter ] --END-- [ RunTime:0.001372s ]
INFO: Run Behavior\ParseTemplateBehavior [ RunTime:0.041761s ]
INFO: [ view_parse ] --END-- [ RunTime:0.041916s ]
INFO: [ view_filter ] --START--
INFO: Run Behavior\WriteHtmlCacheBehavior [ RunTime:0.003051s ]
INFO: Run Behavior\TokenBuildBehavior [ RunTime:0.002192s ]
INFO: [ view_filter ] --END-- [ RunTime:0.006320s ]
INFO: [ app_end ] --START--
INFO: Run Behavior\ShowPageTraceBehavior [ RunTime:0.001944s ]
INFO: [ app_end ] --END-- [ RunTime:0.002080s ]

