[ 2017-10-01T03:01:44+08:00 ] 106.11.225.83 /
INFO: [ app_init ] --START--
INFO: Run Behavior\BuildLiteBehavior [ RunTime:0.000228s ]
INFO: [ app_init ] --END-- [ RunTime:0.006248s ]
INFO: [ app_begin ] --START--
INFO: Run Behavior\ReadHtmlCacheBehavior [ RunTime:0.002633s ]
SQL: SHOW COLUMNS FROM `ys_config` [ RunTime:0.0239s ]
SQL: SELECT * FROM `ys_config` WHERE `id` = 1 LIMIT 1   [ RunTime:0.0005s ]
INFO: Run Common\Behaviors\AppBeginBehavior [ RunTime:0.106550s ]
INFO: [ app_begin ] --END-- [ RunTime:0.109373s ]

[ 2017-10-01T03:01:44+08:00 ] 106.11.242.31 /Theme/dologin.html
INFO: [ app_init ] --START--
INFO: Run Behavior\BuildLiteBehavior [ RunTime:0.000027s ]
INFO: [ app_init ] --END-- [ RunTime:0.000503s ]
INFO: [ app_begin ] --START--
INFO: Run Behavior\ReadHtmlCacheBehavior [ RunTime:0.000636s ]
SQL: SHOW COLUMNS FROM `ys_config` [ RunTime:0.0027s ]
SQL: SELECT * FROM `ys_config` WHERE `id` = 1 LIMIT 1   [ RunTime:0.0006s ]
INFO: Run Common\Behaviors\AppBeginBehavior [ RunTime:0.022789s ]
INFO: [ app_begin ] --END-- [ RunTime:0.023562s ]
INFO: [ view_parse ] --START--
INFO: [ template_filter ] --START--
INFO: Run Behavior\ContentReplaceBehavior [ RunTime:0.001767s ]
INFO: [ template_filter ] --END-- [ RunTime:0.001962s ]
INFO: Run Behavior\ParseTemplateBehavior [ RunTime:0.030766s ]
INFO: [ view_parse ] --END-- [ RunTime:0.031332s ]
INFO: [ view_filter ] --START--
INFO: Run Behavior\WriteHtmlCacheBehavior [ RunTime:0.001484s ]
INFO: Run Behavior\TokenBuildBehavior [ RunTime:0.001121s ]
INFO: [ view_filter ] --END-- [ RunTime:0.003030s ]
INFO: [ app_end ] --START--
INFO: Run Behavior\ShowPageTraceBehavior [ RunTime:0.002429s ]
INFO: [ app_end ] --END-- [ RunTime:0.002510s ]

