[ 2017-11-23T09:32:51+08:00 ] 106.11.225.137 /
INFO: [ app_init ] --START--
INFO: Run Behavior\BuildLiteBehavior [ RunTime:0.000035s ]
INFO: [ app_init ] --END-- [ RunTime:0.001447s ]
INFO: [ app_begin ] --START--
INFO: Run Behavior\ReadHtmlCacheBehavior [ RunTime:0.003371s ]
SQL: SHOW COLUMNS FROM `ys_config` [ RunTime:0.0060s ]
SQL: SELECT * FROM `ys_config` WHERE `id` = 1 LIMIT 1   [ RunTime:0.0008s ]
INFO: Run Common\Behaviors\AppBeginBehavior [ RunTime:0.058186s ]
INFO: [ app_begin ] --END-- [ RunTime:0.061734s ]

[ 2017-11-23T09:32:52+08:00 ] 106.11.226.38 /Theme/dologin.html
INFO: [ app_init ] --START--
INFO: Run Behavior\BuildLiteBehavior [ RunTime:0.000034s ]
INFO: [ app_init ] --END-- [ RunTime:0.000818s ]
INFO: [ app_begin ] --START--
INFO: Run Behavior\ReadHtmlCacheBehavior [ RunTime:0.001568s ]
SQL: SHOW COLUMNS FROM `ys_config` [ RunTime:0.0028s ]
SQL: SELECT * FROM `ys_config` WHERE `id` = 1 LIMIT 1   [ RunTime:0.0002s ]
INFO: Run Common\Behaviors\AppBeginBehavior [ RunTime:0.025872s ]
INFO: [ app_begin ] --END-- [ RunTime:0.027675s ]
INFO: [ view_parse ] --START--
INFO: [ template_filter ] --START--
INFO: Run Behavior\ContentReplaceBehavior [ RunTime:0.000782s ]
INFO: [ template_filter ] --END-- [ RunTime:0.000896s ]
INFO: Run Behavior\ParseTemplateBehavior [ RunTime:0.026143s ]
INFO: [ view_parse ] --END-- [ RunTime:0.026285s ]
INFO: [ view_filter ] --START--
INFO: Run Behavior\WriteHtmlCacheBehavior [ RunTime:0.001564s ]
INFO: Run Behavior\TokenBuildBehavior [ RunTime:0.001451s ]
INFO: [ view_filter ] --END-- [ RunTime:0.003142s ]
INFO: [ app_end ] --START--
INFO: Run Behavior\ShowPageTraceBehavior [ RunTime:0.001730s ]
INFO: [ app_end ] --END-- [ RunTime:0.001813s ]

