[ 2017-12-01T09:44:15+08:00 ] 106.11.242.162 /
INFO: [ app_init ] --START--
INFO: Run Behavior\BuildLiteBehavior [ RunTime:0.000041s ]
INFO: [ app_init ] --END-- [ RunTime:0.004664s ]
INFO: [ app_begin ] --START--
INFO: Run Behavior\ReadHtmlCacheBehavior [ RunTime:0.008478s ]
SQL: SHOW COLUMNS FROM `ys_config` [ RunTime:0.0096s ]
SQL: SELECT * FROM `ys_config` WHERE `id` = 1 LIMIT 1   [ RunTime:0.0013s ]
INFO: Run Common\Behaviors\AppBeginBehavior [ RunTime:0.084842s ]
INFO: [ app_begin ] --END-- [ RunTime:0.093596s ]

[ 2017-12-01T09:44:16+08:00 ] 106.11.242.239 /Theme/dologin.html
INFO: [ app_init ] --START--
INFO: Run Behavior\BuildLiteBehavior [ RunTime:0.000028s ]
INFO: [ app_init ] --END-- [ RunTime:0.000803s ]
INFO: [ app_begin ] --START--
INFO: Run Behavior\ReadHtmlCacheBehavior [ RunTime:0.001153s ]
SQL: SHOW COLUMNS FROM `ys_config` [ RunTime:0.0029s ]
SQL: SELECT * FROM `ys_config` WHERE `id` = 1 LIMIT 1   [ RunTime:0.0002s ]
INFO: Run Common\Behaviors\AppBeginBehavior [ RunTime:0.022228s ]
INFO: [ app_begin ] --END-- [ RunTime:0.023540s ]
INFO: [ view_parse ] --START--
INFO: [ template_filter ] --START--
INFO: Run Behavior\ContentReplaceBehavior [ RunTime:0.001587s ]
INFO: [ template_filter ] --END-- [ RunTime:0.002059s ]
INFO: Run Behavior\ParseTemplateBehavior [ RunTime:0.035957s ]
INFO: [ view_parse ] --END-- [ RunTime:0.036093s ]
INFO: [ view_filter ] --START--
INFO: Run Behavior\WriteHtmlCacheBehavior [ RunTime:0.004342s ]
INFO: Run Behavior\TokenBuildBehavior [ RunTime:0.002315s ]
INFO: [ view_filter ] --END-- [ RunTime:0.006857s ]
INFO: [ app_end ] --START--
INFO: Run Behavior\ShowPageTraceBehavior [ RunTime:0.010119s ]
INFO: [ app_end ] --END-- [ RunTime:0.010248s ]

