[ 2017-11-05T04:25:13+08:00 ] 106.11.225.183 /
INFO: [ app_init ] --START--
INFO: Run Behavior\BuildLiteBehavior [ RunTime:0.000041s ]
INFO: [ app_init ] --END-- [ RunTime:0.003103s ]
INFO: [ app_begin ] --START--
INFO: Run Behavior\ReadHtmlCacheBehavior [ RunTime:0.001753s ]
SQL: SHOW COLUMNS FROM `ys_config` [ RunTime:0.0079s ]
SQL: SELECT * FROM `ys_config` WHERE `id` = 1 LIMIT 1   [ RunTime:0.0007s ]
INFO: Run Common\Behaviors\AppBeginBehavior [ RunTime:0.061623s ]
INFO: [ app_begin ] --END-- [ RunTime:0.063621s ]

[ 2017-11-05T04:25:14+08:00 ] 106.11.226.22 /Theme/dologin.html
INFO: [ app_init ] --START--
INFO: Run Behavior\BuildLiteBehavior [ RunTime:0.000021s ]
INFO: [ app_init ] --END-- [ RunTime:0.000765s ]
INFO: [ app_begin ] --START--
INFO: Run Behavior\ReadHtmlCacheBehavior [ RunTime:0.000931s ]
SQL: SHOW COLUMNS FROM `ys_config` [ RunTime:0.0025s ]
SQL: SELECT * FROM `ys_config` WHERE `id` = 1 LIMIT 1   [ RunTime:0.0002s ]
INFO: Run Common\Behaviors\AppBeginBehavior [ RunTime:0.019053s ]
INFO: [ app_begin ] --END-- [ RunTime:0.020188s ]
INFO: [ view_parse ] --START--
INFO: [ template_filter ] --START--
INFO: Run Behavior\ContentReplaceBehavior [ RunTime:0.000484s ]
INFO: [ template_filter ] --END-- [ RunTime:0.000573s ]
INFO: Run Behavior\ParseTemplateBehavior [ RunTime:0.017354s ]
INFO: [ view_parse ] --END-- [ RunTime:0.017457s ]
INFO: [ view_filter ] --START--
INFO: Run Behavior\WriteHtmlCacheBehavior [ RunTime:0.000749s ]
INFO: Run Behavior\TokenBuildBehavior [ RunTime:0.001239s ]
INFO: [ view_filter ] --END-- [ RunTime:0.002184s ]
INFO: [ app_end ] --START--
INFO: Run Behavior\ShowPageTraceBehavior [ RunTime:0.001684s ]
INFO: [ app_end ] --END-- [ RunTime:0.001795s ]

