[ 2017-10-14T00:50:20+08:00 ] 112.80.136.155 /
INFO: [ app_init ] --START--
INFO: Run Behavior\BuildLiteBehavior [ RunTime:0.000031s ]
INFO: [ app_init ] --END-- [ RunTime:0.000605s ]
INFO: [ app_begin ] --START--
INFO: Run Behavior\ReadHtmlCacheBehavior [ RunTime:0.000988s ]
SQL: SHOW COLUMNS FROM `ys_config` [ RunTime:0.0138s ]
SQL: SELECT * FROM `ys_config` WHERE `id` = 1 LIMIT 1   [ RunTime:0.0002s ]
INFO: Run Common\Behaviors\AppBeginBehavior [ RunTime:0.050529s ]
INFO: [ app_begin ] --END-- [ RunTime:0.051663s ]

[ 2017-10-14T00:50:21+08:00 ] 182.119.227.194 /Theme/dologin.html
INFO: [ app_init ] --START--
INFO: Run Behavior\BuildLiteBehavior [ RunTime:0.000018s ]
INFO: [ app_init ] --END-- [ RunTime:0.000474s ]
INFO: [ app_begin ] --START--
INFO: Run Behavior\ReadHtmlCacheBehavior [ RunTime:0.000549s ]
SQL: SHOW COLUMNS FROM `ys_config` [ RunTime:0.0016s ]
SQL: SELECT * FROM `ys_config` WHERE `id` = 1 LIMIT 1   [ RunTime:0.0001s ]
INFO: Run Common\Behaviors\AppBeginBehavior [ RunTime:0.024513s ]
INFO: [ app_begin ] --END-- [ RunTime:0.027647s ]
INFO: [ view_parse ] --START--
INFO: [ template_filter ] --START--
INFO: Run Behavior\ContentReplaceBehavior [ RunTime:0.000708s ]
INFO: [ template_filter ] --END-- [ RunTime:0.000835s ]
INFO: Run Behavior\ParseTemplateBehavior [ RunTime:0.030739s ]
INFO: [ view_parse ] --END-- [ RunTime:0.030889s ]
INFO: [ view_filter ] --START--
INFO: Run Behavior\WriteHtmlCacheBehavior [ RunTime:0.000897s ]
INFO: Run Behavior\TokenBuildBehavior [ RunTime:0.000727s ]
INFO: [ view_filter ] --END-- [ RunTime:0.001775s ]
INFO: [ app_end ] --START--
INFO: Run Behavior\ShowPageTraceBehavior [ RunTime:0.003257s ]
INFO: [ app_end ] --END-- [ RunTime:0.003436s ]

[ 2017-10-14T03:16:47+08:00 ] 106.11.225.254 /
INFO: [ app_init ] --START--
INFO: Run Behavior\BuildLiteBehavior [ RunTime:0.000263s ]
INFO: [ app_init ] --END-- [ RunTime:0.006717s ]
INFO: [ app_begin ] --START--
INFO: Run Behavior\ReadHtmlCacheBehavior [ RunTime:0.002569s ]
SQL: SHOW COLUMNS FROM `ys_config` [ RunTime:0.0213s ]
SQL: SELECT * FROM `ys_config` WHERE `id` = 1 LIMIT 1   [ RunTime:0.0005s ]
INFO: Run Common\Behaviors\AppBeginBehavior [ RunTime:0.104221s ]
INFO: [ app_begin ] --END-- [ RunTime:0.106950s ]

[ 2017-10-14T03:16:47+08:00 ] 106.11.226.120 /Theme/dologin.html
INFO: [ app_init ] --START--
INFO: Run Behavior\BuildLiteBehavior [ RunTime:0.000032s ]
INFO: [ app_init ] --END-- [ RunTime:0.000523s ]
INFO: [ app_begin ] --START--
INFO: Run Behavior\ReadHtmlCacheBehavior [ RunTime:0.000651s ]
SQL: SHOW COLUMNS FROM `ys_config` [ RunTime:0.0034s ]
SQL: SELECT * FROM `ys_config` WHERE `id` = 1 LIMIT 1   [ RunTime:0.0001s ]
INFO: Run Common\Behaviors\AppBeginBehavior [ RunTime:0.018111s ]
INFO: [ app_begin ] --END-- [ RunTime:0.018915s ]
INFO: [ view_parse ] --START--
INFO: [ template_filter ] --START--
INFO: Run Behavior\ContentReplaceBehavior [ RunTime:0.000477s ]
INFO: [ template_filter ] --END-- [ RunTime:0.000597s ]
INFO: Run Behavior\ParseTemplateBehavior [ RunTime:0.028598s ]
INFO: [ view_parse ] --END-- [ RunTime:0.028725s ]
INFO: [ view_filter ] --START--
INFO: Run Behavior\WriteHtmlCacheBehavior [ RunTime:0.002130s ]
INFO: Run Behavior\TokenBuildBehavior [ RunTime:0.000975s ]
INFO: [ view_filter ] --END-- [ RunTime:0.003216s ]
INFO: [ app_end ] --START--
INFO: Run Behavior\ShowPageTraceBehavior [ RunTime:0.001523s ]
INFO: [ app_end ] --END-- [ RunTime:0.001924s ]

[ 2017-10-14T09:02:18+08:00 ] 175.17.193.47 /
INFO: [ app_init ] --START--
INFO: Run Behavior\BuildLiteBehavior [ RunTime:0.000053s ]
INFO: [ app_init ] --END-- [ RunTime:0.001194s ]
INFO: [ app_begin ] --START--
INFO: Run Behavior\ReadHtmlCacheBehavior [ RunTime:0.001750s ]
SQL: SHOW COLUMNS FROM `ys_config` [ RunTime:0.0023s ]
SQL: SELECT * FROM `ys_config` WHERE `id` = 1 LIMIT 1   [ RunTime:0.0002s ]
INFO: Run Common\Behaviors\AppBeginBehavior [ RunTime:0.027533s ]
INFO: [ app_begin ] --END-- [ RunTime:0.029460s ]

[ 2017-10-14T09:02:20+08:00 ] 123.245.89.16 /Theme/dologin.html
INFO: [ app_init ] --START--
INFO: Run Behavior\BuildLiteBehavior [ RunTime:0.000039s ]
INFO: [ app_init ] --END-- [ RunTime:0.000544s ]
INFO: [ app_begin ] --START--
INFO: Run Behavior\ReadHtmlCacheBehavior [ RunTime:0.000813s ]
SQL: SHOW COLUMNS FROM `ys_config` [ RunTime:0.0037s ]
SQL: SELECT * FROM `ys_config` WHERE `id` = 1 LIMIT 1   [ RunTime:0.0001s ]
INFO: Run Common\Behaviors\AppBeginBehavior [ RunTime:0.018294s ]
INFO: [ app_begin ] --END-- [ RunTime:0.019267s ]
INFO: [ view_parse ] --START--
INFO: [ template_filter ] --START--
INFO: Run Behavior\ContentReplaceBehavior [ RunTime:0.000065s ]
INFO: [ template_filter ] --END-- [ RunTime:0.000166s ]
INFO: Run Behavior\ParseTemplateBehavior [ RunTime:0.013704s ]
INFO: [ view_parse ] --END-- [ RunTime:0.013777s ]
INFO: [ view_filter ] --START--
INFO: Run Behavior\WriteHtmlCacheBehavior [ RunTime:0.000932s ]
INFO: Run Behavior\TokenBuildBehavior [ RunTime:0.001068s ]
INFO: [ view_filter ] --END-- [ RunTime:0.002118s ]
INFO: [ app_end ] --START--
INFO: Run Behavior\ShowPageTraceBehavior [ RunTime:0.002868s ]
INFO: [ app_end ] --END-- [ RunTime:0.002944s ]

[ 2017-10-14T20:13:46+08:00 ] 113.128.104.223 /
INFO: [ app_init ] --START--
INFO: Run Behavior\BuildLiteBehavior [ RunTime:0.001056s ]
INFO: [ app_init ] --END-- [ RunTime:0.007853s ]
INFO: [ app_begin ] --START--
INFO: Run Behavior\ReadHtmlCacheBehavior [ RunTime:0.003421s ]
SQL: SHOW COLUMNS FROM `ys_config` [ RunTime:0.0229s ]
SQL: SELECT * FROM `ys_config` WHERE `id` = 1 LIMIT 1   [ RunTime:0.0008s ]
INFO: Run Common\Behaviors\AppBeginBehavior [ RunTime:0.109077s ]
INFO: [ app_begin ] --END-- [ RunTime:0.112953s ]

[ 2017-10-14T20:13:47+08:00 ] 124.127.220.143 /Theme/dologin.html
INFO: [ app_init ] --START--
INFO: Run Behavior\BuildLiteBehavior [ RunTime:0.000033s ]
INFO: [ app_init ] --END-- [ RunTime:0.000955s ]
INFO: [ app_begin ] --START--
INFO: Run Behavior\ReadHtmlCacheBehavior [ RunTime:0.000866s ]
SQL: SHOW COLUMNS FROM `ys_config` [ RunTime:0.0028s ]
SQL: SELECT * FROM `ys_config` WHERE `id` = 1 LIMIT 1   [ RunTime:0.0002s ]
INFO: Run Common\Behaviors\AppBeginBehavior [ RunTime:0.061023s ]
INFO: [ app_begin ] --END-- [ RunTime:0.062324s ]
INFO: [ view_parse ] --START--
INFO: [ template_filter ] --START--
INFO: Run Behavior\ContentReplaceBehavior [ RunTime:0.001774s ]
INFO: [ template_filter ] --END-- [ RunTime:0.004292s ]
INFO: Run Behavior\ParseTemplateBehavior [ RunTime:0.051770s ]
INFO: [ view_parse ] --END-- [ RunTime:0.052425s ]
INFO: [ view_filter ] --START--
INFO: Run Behavior\WriteHtmlCacheBehavior [ RunTime:0.001565s ]
INFO: Run Behavior\TokenBuildBehavior [ RunTime:0.001707s ]
INFO: [ view_filter ] --END-- [ RunTime:0.003483s ]
INFO: [ app_end ] --START--
INFO: Run Behavior\ShowPageTraceBehavior [ RunTime:0.003646s ]
INFO: [ app_end ] --END-- [ RunTime:0.004386s ]

[ 2017-10-14T21:02:38+08:00 ] 106.114.68.53 /
INFO: [ app_init ] --START--
INFO: Run Behavior\BuildLiteBehavior [ RunTime:0.000018s ]
INFO: [ app_init ] --END-- [ RunTime:0.000535s ]
INFO: [ app_begin ] --START--
INFO: Run Behavior\ReadHtmlCacheBehavior [ RunTime:0.000648s ]
SQL: SHOW COLUMNS FROM `ys_config` [ RunTime:0.0041s ]
SQL: SELECT * FROM `ys_config` WHERE `id` = 1 LIMIT 1   [ RunTime:0.0001s ]
INFO: Run Common\Behaviors\AppBeginBehavior [ RunTime:0.017820s ]
INFO: [ app_begin ] --END-- [ RunTime:0.018579s ]

[ 2017-10-14T21:02:41+08:00 ] 221.11.230.116 /Theme/dologin.html
INFO: [ app_init ] --START--
INFO: Run Behavior\BuildLiteBehavior [ RunTime:0.000019s ]
INFO: [ app_init ] --END-- [ RunTime:0.000575s ]
INFO: [ app_begin ] --START--
INFO: Run Behavior\ReadHtmlCacheBehavior [ RunTime:0.000769s ]
SQL: SHOW COLUMNS FROM `ys_config` [ RunTime:0.0022s ]
SQL: SELECT * FROM `ys_config` WHERE `id` = 1 LIMIT 1   [ RunTime:0.0002s ]
INFO: Run Common\Behaviors\AppBeginBehavior [ RunTime:0.015836s ]
INFO: [ app_begin ] --END-- [ RunTime:0.016704s ]
INFO: [ view_parse ] --START--
INFO: [ template_filter ] --START--
INFO: Run Behavior\ContentReplaceBehavior [ RunTime:0.001112s ]
INFO: [ template_filter ] --END-- [ RunTime:0.001240s ]
INFO: Run Behavior\ParseTemplateBehavior [ RunTime:0.017894s ]
INFO: [ view_parse ] --END-- [ RunTime:0.017991s ]
INFO: [ view_filter ] --START--
INFO: Run Behavior\WriteHtmlCacheBehavior [ RunTime:0.002035s ]
INFO: Run Behavior\TokenBuildBehavior [ RunTime:0.001365s ]
INFO: [ view_filter ] --END-- [ RunTime:0.003928s ]
INFO: [ app_end ] --START--
INFO: Run Behavior\ShowPageTraceBehavior [ RunTime:0.002274s ]
INFO: [ app_end ] --END-- [ RunTime:0.002356s ]

