[ 2017-12-04T10:03:39+08:00 ] 106.11.225.48 /
INFO: [ app_init ] --START--
INFO: Run Behavior\BuildLiteBehavior [ RunTime:0.000231s ]
INFO: [ app_init ] --END-- [ RunTime:0.007302s ]
INFO: [ app_begin ] --START--
INFO: Run Behavior\ReadHtmlCacheBehavior [ RunTime:0.003705s ]
SQL: SHOW COLUMNS FROM `ys_config` [ RunTime:0.0208s ]
SQL: SELECT * FROM `ys_config` WHERE `id` = 1 LIMIT 1   [ RunTime:0.0008s ]
INFO: Run Common\Behaviors\AppBeginBehavior [ RunTime:0.145401s ]
INFO: [ app_begin ] --END-- [ RunTime:0.149537s ]

[ 2017-12-04T10:03:40+08:00 ] 106.11.242.14 /Theme/dologin.html
INFO: [ app_init ] --START--
INFO: Run Behavior\BuildLiteBehavior [ RunTime:0.000021s ]
INFO: [ app_init ] --END-- [ RunTime:0.000691s ]
INFO: [ app_begin ] --START--
INFO: Run Behavior\ReadHtmlCacheBehavior [ RunTime:0.000796s ]
SQL: SHOW COLUMNS FROM `ys_config` [ RunTime:0.0031s ]
SQL: SELECT * FROM `ys_config` WHERE `id` = 1 LIMIT 1   [ RunTime:0.0049s ]
INFO: Run Common\Behaviors\AppBeginBehavior [ RunTime:0.034221s ]
INFO: [ app_begin ] --END-- [ RunTime:0.035179s ]
INFO: [ view_parse ] --START--
INFO: [ template_filter ] --START--
INFO: Run Behavior\ContentReplaceBehavior [ RunTime:0.000283s ]
INFO: [ template_filter ] --END-- [ RunTime:0.000424s ]
INFO: Run Behavior\ParseTemplateBehavior [ RunTime:0.056765s ]
INFO: [ view_parse ] --END-- [ RunTime:0.056918s ]
INFO: [ view_filter ] --START--
INFO: Run Behavior\WriteHtmlCacheBehavior [ RunTime:0.002113s ]
INFO: Run Behavior\TokenBuildBehavior [ RunTime:0.002708s ]
INFO: [ view_filter ] --END-- [ RunTime:0.004970s ]
INFO: [ app_end ] --START--
INFO: Run Behavior\ShowPageTraceBehavior [ RunTime:0.003519s ]
INFO: [ app_end ] --END-- [ RunTime:0.003623s ]

