[ 2017-10-20T04:18:19+08:00 ] 106.11.225.75 /
INFO: [ app_init ] --START--
INFO: Run Behavior\BuildLiteBehavior [ RunTime:0.000029s ]
INFO: [ app_init ] --END-- [ RunTime:0.001135s ]
INFO: [ app_begin ] --START--
INFO: Run Behavior\ReadHtmlCacheBehavior [ RunTime:0.001896s ]
SQL: SHOW COLUMNS FROM `ys_config` [ RunTime:0.0063s ]
SQL: SELECT * FROM `ys_config` WHERE `id` = 1 LIMIT 1   [ RunTime:0.0009s ]
INFO: Run Common\Behaviors\AppBeginBehavior [ RunTime:0.042962s ]
INFO: [ app_begin ] --END-- [ RunTime:0.045014s ]

[ 2017-10-20T04:18:19+08:00 ] 106.11.242.131 /Theme/dologin.html
INFO: [ app_init ] --START--
INFO: Run Behavior\BuildLiteBehavior [ RunTime:0.000028s ]
INFO: [ app_init ] --END-- [ RunTime:0.000686s ]
INFO: [ app_begin ] --START--
INFO: Run Behavior\ReadHtmlCacheBehavior [ RunTime:0.000964s ]
SQL: SHOW COLUMNS FROM `ys_config` [ RunTime:0.0031s ]
SQL: SELECT * FROM `ys_config` WHERE `id` = 1 LIMIT 1   [ RunTime:0.0002s ]
INFO: Run Common\Behaviors\AppBeginBehavior [ RunTime:0.024577s ]
INFO: [ app_begin ] --END-- [ RunTime:0.025733s ]
INFO: [ view_parse ] --START--
INFO: [ template_filter ] --START--
INFO: Run Behavior\ContentReplaceBehavior [ RunTime:0.001059s ]
INFO: [ template_filter ] --END-- [ RunTime:0.001185s ]
INFO: Run Behavior\ParseTemplateBehavior [ RunTime:0.022922s ]
INFO: [ view_parse ] --END-- [ RunTime:0.023049s ]
INFO: [ view_filter ] --START--
INFO: Run Behavior\WriteHtmlCacheBehavior [ RunTime:0.001125s ]
INFO: Run Behavior\TokenBuildBehavior [ RunTime:0.000789s ]
INFO: [ view_filter ] --END-- [ RunTime:0.002060s ]
INFO: [ app_end ] --START--
INFO: Run Behavior\ShowPageTraceBehavior [ RunTime:0.001590s ]
INFO: [ app_end ] --END-- [ RunTime:0.001963s ]

[ 2017-10-20T10:05:55+08:00 ] 223.14.179.89 /
INFO: [ app_init ] --START--
INFO: Run Behavior\BuildLiteBehavior [ RunTime:0.000040s ]
INFO: [ app_init ] --END-- [ RunTime:0.002065s ]
INFO: [ app_begin ] --START--
INFO: Run Behavior\ReadHtmlCacheBehavior [ RunTime:0.001699s ]
SQL: SHOW COLUMNS FROM `ys_config` [ RunTime:0.0079s ]
SQL: SELECT * FROM `ys_config` WHERE `id` = 1 LIMIT 1   [ RunTime:0.0006s ]
INFO: Run Common\Behaviors\AppBeginBehavior [ RunTime:0.048840s ]
INFO: [ app_begin ] --END-- [ RunTime:0.050723s ]

[ 2017-10-20T10:05:57+08:00 ] 175.19.254.244 /Theme/dologin.html
INFO: [ app_init ] --START--
INFO: Run Behavior\BuildLiteBehavior [ RunTime:0.000033s ]
INFO: [ app_init ] --END-- [ RunTime:0.000738s ]
INFO: [ app_begin ] --START--
INFO: Run Behavior\ReadHtmlCacheBehavior [ RunTime:0.001566s ]
SQL: SHOW COLUMNS FROM `ys_config` [ RunTime:0.0060s ]
SQL: SELECT * FROM `ys_config` WHERE `id` = 1 LIMIT 1   [ RunTime:0.0088s ]
INFO: Run Common\Behaviors\AppBeginBehavior [ RunTime:0.039612s ]
INFO: [ app_begin ] --END-- [ RunTime:0.041355s ]
INFO: [ view_parse ] --START--
INFO: [ template_filter ] --START--
INFO: Run Behavior\ContentReplaceBehavior [ RunTime:0.000958s ]
INFO: [ template_filter ] --END-- [ RunTime:0.001092s ]
INFO: Run Behavior\ParseTemplateBehavior [ RunTime:0.021959s ]
INFO: [ view_parse ] --END-- [ RunTime:0.022095s ]
INFO: [ view_filter ] --START--
INFO: Run Behavior\WriteHtmlCacheBehavior [ RunTime:0.001687s ]
INFO: Run Behavior\TokenBuildBehavior [ RunTime:0.001062s ]
INFO: [ view_filter ] --END-- [ RunTime:0.002890s ]
INFO: [ app_end ] --START--
INFO: Run Behavior\ShowPageTraceBehavior [ RunTime:0.002574s ]
INFO: [ app_end ] --END-- [ RunTime:0.002706s ]

