[ 2017-10-23T04:21:36+08:00 ] 106.11.227.132 /
INFO: [ app_init ] --START--
INFO: Run Behavior\BuildLiteBehavior [ RunTime:0.000230s ]
INFO: [ app_init ] --END-- [ RunTime:0.010756s ]
INFO: [ app_begin ] --START--
INFO: Run Behavior\ReadHtmlCacheBehavior [ RunTime:0.002702s ]
SQL: SHOW COLUMNS FROM `ys_config` [ RunTime:0.0232s ]
SQL: SELECT * FROM `ys_config` WHERE `id` = 1 LIMIT 1   [ RunTime:0.0011s ]
INFO: Run Common\Behaviors\AppBeginBehavior [ RunTime:0.098585s ]
INFO: [ app_begin ] --END-- [ RunTime:0.101469s ]

[ 2017-10-23T04:21:36+08:00 ] 106.11.242.206 /Theme/dologin.html
INFO: [ app_init ] --START--
INFO: Run Behavior\BuildLiteBehavior [ RunTime:0.000018s ]
INFO: [ app_init ] --END-- [ RunTime:0.000551s ]
INFO: [ app_begin ] --START--
INFO: Run Behavior\ReadHtmlCacheBehavior [ RunTime:0.001772s ]
SQL: SHOW COLUMNS FROM `ys_config` [ RunTime:0.0019s ]
SQL: SELECT * FROM `ys_config` WHERE `id` = 1 LIMIT 1   [ RunTime:0.0001s ]
INFO: Run Common\Behaviors\AppBeginBehavior [ RunTime:0.022146s ]
INFO: [ app_begin ] --END-- [ RunTime:0.024065s ]
INFO: [ view_parse ] --START--
INFO: [ template_filter ] --START--
INFO: Run Behavior\ContentReplaceBehavior [ RunTime:0.001425s ]
INFO: [ template_filter ] --END-- [ RunTime:0.001547s ]
INFO: Run Behavior\ParseTemplateBehavior [ RunTime:0.028665s ]
INFO: [ view_parse ] --END-- [ RunTime:0.028800s ]
INFO: [ view_filter ] --START--
INFO: Run Behavior\WriteHtmlCacheBehavior [ RunTime:0.001240s ]
INFO: Run Behavior\TokenBuildBehavior [ RunTime:0.001514s ]
INFO: [ view_filter ] --END-- [ RunTime:0.003185s ]
INFO: [ app_end ] --START--
INFO: Run Behavior\ShowPageTraceBehavior [ RunTime:0.001437s ]
INFO: [ app_end ] --END-- [ RunTime:0.001527s ]

[ 2017-10-23T11:18:53+08:00 ] 119.118.9.223 /
INFO: [ app_init ] --START--
INFO: Run Behavior\BuildLiteBehavior [ RunTime:0.000025s ]
INFO: [ app_init ] --END-- [ RunTime:0.001823s ]
INFO: [ app_begin ] --START--
INFO: Run Behavior\ReadHtmlCacheBehavior [ RunTime:0.002754s ]
SQL: SHOW COLUMNS FROM `ys_config` [ RunTime:0.0097s ]
SQL: SELECT * FROM `ys_config` WHERE `id` = 1 LIMIT 1   [ RunTime:0.0004s ]
INFO: Run Common\Behaviors\AppBeginBehavior [ RunTime:0.064401s ]
INFO: [ app_begin ] --END-- [ RunTime:0.067362s ]

[ 2017-10-23T11:18:53+08:00 ] 139.227.146.14 /Theme/dologin.html
INFO: [ app_init ] --START--
INFO: Run Behavior\BuildLiteBehavior [ RunTime:0.000024s ]
INFO: [ app_init ] --END-- [ RunTime:0.000735s ]
INFO: [ app_begin ] --START--
INFO: Run Behavior\ReadHtmlCacheBehavior [ RunTime:0.001590s ]
SQL: SHOW COLUMNS FROM `ys_config` [ RunTime:0.0020s ]
SQL: SELECT * FROM `ys_config` WHERE `id` = 1 LIMIT 1   [ RunTime:0.0002s ]
INFO: Run Common\Behaviors\AppBeginBehavior [ RunTime:0.039007s ]
INFO: [ app_begin ] --END-- [ RunTime:0.040761s ]
INFO: [ view_parse ] --START--
INFO: [ template_filter ] --START--
INFO: Run Behavior\ContentReplaceBehavior [ RunTime:0.000850s ]
INFO: [ template_filter ] --END-- [ RunTime:0.001214s ]
INFO: Run Behavior\ParseTemplateBehavior [ RunTime:0.045965s ]
INFO: [ view_parse ] --END-- [ RunTime:0.046158s ]
INFO: [ view_filter ] --START--
INFO: Run Behavior\WriteHtmlCacheBehavior [ RunTime:0.001873s ]
INFO: Run Behavior\TokenBuildBehavior [ RunTime:0.002141s ]
INFO: [ view_filter ] --END-- [ RunTime:0.004215s ]
INFO: [ app_end ] --START--
INFO: Run Behavior\ShowPageTraceBehavior [ RunTime:0.002441s ]
INFO: [ app_end ] --END-- [ RunTime:0.002559s ]

