[ 2017-10-30T04:05:39+08:00 ] 106.11.225.186 /
INFO: [ app_init ] --START--
INFO: Run Behavior\BuildLiteBehavior [ RunTime:0.000267s ]
INFO: [ app_init ] --END-- [ RunTime:0.007781s ]
INFO: [ app_begin ] --START--
INFO: Run Behavior\ReadHtmlCacheBehavior [ RunTime:0.002245s ]
SQL: SHOW COLUMNS FROM `ys_config` [ RunTime:0.0139s ]
SQL: SELECT * FROM `ys_config` WHERE `id` = 1 LIMIT 1   [ RunTime:0.0010s ]
INFO: Run Common\Behaviors\AppBeginBehavior [ RunTime:0.094415s ]
INFO: [ app_begin ] --END-- [ RunTime:0.096937s ]

[ 2017-10-30T04:05:39+08:00 ] 106.11.226.240 /Theme/dologin.html
INFO: [ app_init ] --START--
INFO: Run Behavior\BuildLiteBehavior [ RunTime:0.000024s ]
INFO: [ app_init ] --END-- [ RunTime:0.000586s ]
INFO: [ app_begin ] --START--
INFO: Run Behavior\ReadHtmlCacheBehavior [ RunTime:0.000659s ]
SQL: SHOW COLUMNS FROM `ys_config` [ RunTime:0.0063s ]
SQL: SELECT * FROM `ys_config` WHERE `id` = 1 LIMIT 1   [ RunTime:0.0002s ]
INFO: Run Common\Behaviors\AppBeginBehavior [ RunTime:0.024481s ]
INFO: [ app_begin ] --END-- [ RunTime:0.025585s ]
INFO: [ view_parse ] --START--
INFO: [ template_filter ] --START--
INFO: Run Behavior\ContentReplaceBehavior [ RunTime:0.000812s ]
INFO: [ template_filter ] --END-- [ RunTime:0.000956s ]
INFO: Run Behavior\ParseTemplateBehavior [ RunTime:0.020253s ]
INFO: [ view_parse ] --END-- [ RunTime:0.020388s ]
INFO: [ view_filter ] --START--
INFO: Run Behavior\WriteHtmlCacheBehavior [ RunTime:0.001792s ]
INFO: Run Behavior\TokenBuildBehavior [ RunTime:0.002160s ]
INFO: [ view_filter ] --END-- [ RunTime:0.004162s ]
INFO: [ app_end ] --START--
INFO: Run Behavior\ShowPageTraceBehavior [ RunTime:0.005189s ]
INFO: [ app_end ] --END-- [ RunTime:0.005374s ]

