[ 2017-11-19T08:08:12+08:00 ] 106.11.242.4 /
INFO: [ app_init ] --START--
INFO: Run Behavior\BuildLiteBehavior [ RunTime:0.000057s ]
INFO: [ app_init ] --END-- [ RunTime:0.002945s ]
INFO: [ app_begin ] --START--
INFO: Run Behavior\ReadHtmlCacheBehavior [ RunTime:0.002982s ]
SQL: SHOW COLUMNS FROM `ys_config` [ RunTime:0.0108s ]
SQL: SELECT * FROM `ys_config` WHERE `id` = 1 LIMIT 1   [ RunTime:0.0021s ]
INFO: Run Common\Behaviors\AppBeginBehavior [ RunTime:0.072251s ]
INFO: [ app_begin ] --END-- [ RunTime:0.075509s ]

[ 2017-11-19T08:08:13+08:00 ] 106.11.227.154 /Theme/dologin.html
INFO: [ app_init ] --START--
INFO: Run Behavior\BuildLiteBehavior [ RunTime:0.000042s ]
INFO: [ app_init ] --END-- [ RunTime:0.001496s ]
INFO: [ app_begin ] --START--
INFO: Run Behavior\ReadHtmlCacheBehavior [ RunTime:0.002331s ]
SQL: SHOW COLUMNS FROM `ys_config` [ RunTime:0.0059s ]
SQL: SELECT * FROM `ys_config` WHERE `id` = 1 LIMIT 1   [ RunTime:0.0003s ]
INFO: Run Common\Behaviors\AppBeginBehavior [ RunTime:0.046236s ]
INFO: [ app_begin ] --END-- [ RunTime:0.048792s ]
INFO: [ view_parse ] --START--
INFO: [ template_filter ] --START--
INFO: Run Behavior\ContentReplaceBehavior [ RunTime:0.000383s ]
INFO: [ template_filter ] --END-- [ RunTime:0.000843s ]
INFO: Run Behavior\ParseTemplateBehavior [ RunTime:0.047931s ]
INFO: [ view_parse ] --END-- [ RunTime:0.048267s ]
INFO: [ view_filter ] --START--
INFO: Run Behavior\WriteHtmlCacheBehavior [ RunTime:0.002302s ]
INFO: Run Behavior\TokenBuildBehavior [ RunTime:0.001689s ]
INFO: [ view_filter ] --END-- [ RunTime:0.004164s ]
INFO: [ app_end ] --START--
INFO: Run Behavior\ShowPageTraceBehavior [ RunTime:0.002535s ]
INFO: [ app_end ] --END-- [ RunTime:0.002644s ]

