[ 2017-11-04T04:24:21+08:00 ] 106.11.225.163 /
INFO: [ app_init ] --START--
INFO: Run Behavior\BuildLiteBehavior [ RunTime:0.000036s ]
INFO: [ app_init ] --END-- [ RunTime:0.002018s ]
INFO: [ app_begin ] --START--
INFO: Run Behavior\ReadHtmlCacheBehavior [ RunTime:0.002370s ]
SQL: SHOW COLUMNS FROM `ys_config` [ RunTime:0.0024s ]
SQL: SELECT * FROM `ys_config` WHERE `id` = 1 LIMIT 1   [ RunTime:0.0015s ]
INFO: Run Common\Behaviors\AppBeginBehavior [ RunTime:0.058635s ]
INFO: [ app_begin ] --END-- [ RunTime:0.061211s ]

[ 2017-11-04T04:24:22+08:00 ] 106.11.227.49 /Theme/dologin.html
INFO: [ app_init ] --START--
INFO: Run Behavior\BuildLiteBehavior [ RunTime:0.000026s ]
INFO: [ app_init ] --END-- [ RunTime:0.000657s ]
INFO: [ app_begin ] --START--
INFO: Run Behavior\ReadHtmlCacheBehavior [ RunTime:0.000767s ]
SQL: SHOW COLUMNS FROM `ys_config` [ RunTime:0.0033s ]
SQL: SELECT * FROM `ys_config` WHERE `id` = 1 LIMIT 1   [ RunTime:0.0002s ]
INFO: Run Common\Behaviors\AppBeginBehavior [ RunTime:0.020782s ]
INFO: [ app_begin ] --END-- [ RunTime:0.021698s ]
INFO: [ view_parse ] --START--
INFO: [ template_filter ] --START--
INFO: Run Behavior\ContentReplaceBehavior [ RunTime:0.000559s ]
INFO: [ template_filter ] --END-- [ RunTime:0.000677s ]
INFO: Run Behavior\ParseTemplateBehavior [ RunTime:0.024636s ]
INFO: [ view_parse ] --END-- [ RunTime:0.024808s ]
INFO: [ view_filter ] --START--
INFO: Run Behavior\WriteHtmlCacheBehavior [ RunTime:0.002050s ]
INFO: Run Behavior\TokenBuildBehavior [ RunTime:0.000894s ]
INFO: [ view_filter ] --END-- [ RunTime:0.003092s ]
INFO: [ app_end ] --START--
INFO: Run Behavior\ShowPageTraceBehavior [ RunTime:0.001859s ]
INFO: [ app_end ] --END-- [ RunTime:0.001940s ]

