[ 2017-10-04T03:20:03+08:00 ] 106.11.227.159 /
INFO: [ app_init ] --START--
INFO: Run Behavior\BuildLiteBehavior [ RunTime:0.000289s ]
INFO: [ app_init ] --END-- [ RunTime:0.008647s ]
INFO: [ app_begin ] --START--
INFO: Run Behavior\ReadHtmlCacheBehavior [ RunTime:0.004623s ]
SQL: SHOW COLUMNS FROM `ys_config` [ RunTime:0.0281s ]
SQL: SELECT * FROM `ys_config` WHERE `id` = 1 LIMIT 1   [ RunTime:0.0005s ]
INFO: Run Common\Behaviors\AppBeginBehavior [ RunTime:0.118438s ]
INFO: [ app_begin ] --END-- [ RunTime:0.123361s ]

[ 2017-10-04T03:20:04+08:00 ] 106.11.226.238 /Theme/dologin.html
INFO: [ app_init ] --START--
INFO: Run Behavior\BuildLiteBehavior [ RunTime:0.000046s ]
INFO: [ app_init ] --END-- [ RunTime:0.002838s ]
INFO: [ app_begin ] --START--
INFO: Run Behavior\ReadHtmlCacheBehavior [ RunTime:0.000888s ]
SQL: SHOW COLUMNS FROM `ys_config` [ RunTime:0.0040s ]
SQL: SELECT * FROM `ys_config` WHERE `id` = 1 LIMIT 1   [ RunTime:0.0002s ]
INFO: Run Common\Behaviors\AppBeginBehavior [ RunTime:0.029611s ]
INFO: [ app_begin ] --END-- [ RunTime:0.030692s ]
INFO: [ view_parse ] --START--
INFO: [ template_filter ] --START--
INFO: Run Behavior\ContentReplaceBehavior [ RunTime:0.000711s ]
INFO: [ template_filter ] --END-- [ RunTime:0.000863s ]
INFO: Run Behavior\ParseTemplateBehavior [ RunTime:0.034968s ]
INFO: [ view_parse ] --END-- [ RunTime:0.035147s ]
INFO: [ view_filter ] --START--
INFO: Run Behavior\WriteHtmlCacheBehavior [ RunTime:0.001838s ]
INFO: Run Behavior\TokenBuildBehavior [ RunTime:0.001514s ]
INFO: [ view_filter ] --END-- [ RunTime:0.003511s ]
INFO: [ app_end ] --START--
INFO: Run Behavior\ShowPageTraceBehavior [ RunTime:0.001953s ]
INFO: [ app_end ] --END-- [ RunTime:0.002030s ]

