[ 2017-10-31T03:24:17+08:00 ] 140.205.201.6 /
INFO: [ app_init ] --START--
INFO: Run Behavior\BuildLiteBehavior [ RunTime:0.000031s ]
INFO: [ app_init ] --END-- [ RunTime:0.001373s ]
INFO: [ app_begin ] --START--
INFO: Run Behavior\ReadHtmlCacheBehavior [ RunTime:0.004058s ]
SQL: SHOW COLUMNS FROM `ys_config` [ RunTime:0.0032s ]
SQL: SELECT * FROM `ys_config` WHERE `id` = 1 LIMIT 1   [ RunTime:0.0006s ]
INFO: Run Common\Behaviors\AppBeginBehavior [ RunTime:0.037742s ]
INFO: [ app_begin ] --END-- [ RunTime:0.042036s ]

[ 2017-10-31T03:24:18+08:00 ] 140.205.201.6 /Theme/dologin.html
INFO: [ app_init ] --START--
INFO: Run Behavior\BuildLiteBehavior [ RunTime:0.000039s ]
INFO: [ app_init ] --END-- [ RunTime:0.002392s ]
INFO: [ app_begin ] --START--
INFO: Run Behavior\ReadHtmlCacheBehavior [ RunTime:0.003171s ]
SQL: SHOW COLUMNS FROM `ys_config` [ RunTime:0.0047s ]
SQL: SELECT * FROM `ys_config` WHERE `id` = 1 LIMIT 1   [ RunTime:0.0002s ]
INFO: Run Common\Behaviors\AppBeginBehavior [ RunTime:0.035558s ]
INFO: [ app_begin ] --END-- [ RunTime:0.038925s ]
INFO: [ view_parse ] --START--
INFO: [ template_filter ] --START--
INFO: Run Behavior\ContentReplaceBehavior [ RunTime:0.000936s ]
INFO: [ template_filter ] --END-- [ RunTime:0.001089s ]
INFO: Run Behavior\ParseTemplateBehavior [ RunTime:0.028803s ]
INFO: [ view_parse ] --END-- [ RunTime:0.029140s ]
INFO: [ view_filter ] --START--
INFO: Run Behavior\WriteHtmlCacheBehavior [ RunTime:0.002583s ]
INFO: Run Behavior\TokenBuildBehavior [ RunTime:0.001106s ]
INFO: [ view_filter ] --END-- [ RunTime:0.003812s ]
INFO: [ app_end ] --START--
INFO: Run Behavior\ShowPageTraceBehavior [ RunTime:0.001818s ]
INFO: [ app_end ] --END-- [ RunTime:0.001899s ]

[ 2017-10-31T04:15:24+08:00 ] 106.11.226.171 /
INFO: [ app_init ] --START--
INFO: Run Behavior\BuildLiteBehavior [ RunTime:0.000027s ]
INFO: [ app_init ] --END-- [ RunTime:0.000699s ]
INFO: [ app_begin ] --START--
INFO: Run Behavior\ReadHtmlCacheBehavior [ RunTime:0.001288s ]
SQL: SHOW COLUMNS FROM `ys_config` [ RunTime:0.0027s ]
SQL: SELECT * FROM `ys_config` WHERE `id` = 1 LIMIT 1   [ RunTime:0.0002s ]
INFO: Run Common\Behaviors\AppBeginBehavior [ RunTime:0.021239s ]
INFO: [ app_begin ] --END-- [ RunTime:0.022666s ]

[ 2017-10-31T04:15:24+08:00 ] 106.11.227.254 /Theme/dologin.html
INFO: [ app_init ] --START--
INFO: Run Behavior\BuildLiteBehavior [ RunTime:0.000027s ]
INFO: [ app_init ] --END-- [ RunTime:0.000697s ]
INFO: [ app_begin ] --START--
INFO: Run Behavior\ReadHtmlCacheBehavior [ RunTime:0.000910s ]
SQL: SHOW COLUMNS FROM `ys_config` [ RunTime:0.0049s ]
SQL: SELECT * FROM `ys_config` WHERE `id` = 1 LIMIT 1   [ RunTime:0.0002s ]
INFO: Run Common\Behaviors\AppBeginBehavior [ RunTime:0.024221s ]
INFO: [ app_begin ] --END-- [ RunTime:0.025288s ]
INFO: [ view_parse ] --START--
INFO: [ template_filter ] --START--
INFO: Run Behavior\ContentReplaceBehavior [ RunTime:0.000099s ]
INFO: [ template_filter ] --END-- [ RunTime:0.000296s ]
INFO: Run Behavior\ParseTemplateBehavior [ RunTime:0.011703s ]
INFO: [ view_parse ] --END-- [ RunTime:0.011797s ]
INFO: [ view_filter ] --START--
INFO: Run Behavior\WriteHtmlCacheBehavior [ RunTime:0.000295s ]
INFO: Run Behavior\TokenBuildBehavior [ RunTime:0.001010s ]
INFO: [ view_filter ] --END-- [ RunTime:0.001419s ]
INFO: [ app_end ] --START--
INFO: Run Behavior\ShowPageTraceBehavior [ RunTime:0.002204s ]
INFO: [ app_end ] --END-- [ RunTime:0.002293s ]

