[ 2017-11-24T09:41:09+08:00 ] 106.11.242.180 /
INFO: [ app_init ] --START--
INFO: Run Behavior\BuildLiteBehavior [ RunTime:0.000031s ]
INFO: [ app_init ] --END-- [ RunTime:0.001628s ]
INFO: [ app_begin ] --START--
INFO: Run Behavior\ReadHtmlCacheBehavior [ RunTime:0.002442s ]
SQL: SHOW COLUMNS FROM `ys_config` [ RunTime:0.0126s ]
SQL: SELECT * FROM `ys_config` WHERE `id` = 1 LIMIT 1   [ RunTime:0.0006s ]
INFO: Run Common\Behaviors\AppBeginBehavior [ RunTime:0.055433s ]
INFO: [ app_begin ] --END-- [ RunTime:0.058130s ]

[ 2017-11-24T09:41:09+08:00 ] 106.11.226.152 /Theme/dologin.html
INFO: [ app_init ] --START--
INFO: Run Behavior\BuildLiteBehavior [ RunTime:0.000033s ]
INFO: [ app_init ] --END-- [ RunTime:0.002645s ]
INFO: [ app_begin ] --START--
INFO: Run Behavior\ReadHtmlCacheBehavior [ RunTime:0.001035s ]
SQL: SHOW COLUMNS FROM `ys_config` [ RunTime:0.0031s ]
SQL: SELECT * FROM `ys_config` WHERE `id` = 1 LIMIT 1   [ RunTime:0.0001s ]
INFO: Run Common\Behaviors\AppBeginBehavior [ RunTime:0.024388s ]
INFO: [ app_begin ] --END-- [ RunTime:0.025570s ]
INFO: [ view_parse ] --START--
INFO: [ template_filter ] --START--
INFO: Run Behavior\ContentReplaceBehavior [ RunTime:0.000677s ]
INFO: [ template_filter ] --END-- [ RunTime:0.000837s ]
INFO: Run Behavior\ParseTemplateBehavior [ RunTime:0.035781s ]
INFO: [ view_parse ] --END-- [ RunTime:0.036235s ]
INFO: [ view_filter ] --START--
INFO: Run Behavior\WriteHtmlCacheBehavior [ RunTime:0.003211s ]
INFO: Run Behavior\TokenBuildBehavior [ RunTime:0.000821s ]
INFO: [ view_filter ] --END-- [ RunTime:0.004300s ]
INFO: [ app_end ] --START--
INFO: Run Behavior\ShowPageTraceBehavior [ RunTime:0.006478s ]
INFO: [ app_end ] --END-- [ RunTime:0.006578s ]

[ 2017-11-24T15:11:37+08:00 ] 106.114.70.19 /
INFO: [ app_init ] --START--
INFO: Run Behavior\BuildLiteBehavior [ RunTime:0.000024s ]
INFO: [ app_init ] --END-- [ RunTime:0.001645s ]
INFO: [ app_begin ] --START--
INFO: Run Behavior\ReadHtmlCacheBehavior [ RunTime:0.001738s ]
SQL: SHOW COLUMNS FROM `ys_config` [ RunTime:0.0061s ]
SQL: SELECT * FROM `ys_config` WHERE `id` = 1 LIMIT 1   [ RunTime:0.0008s ]
INFO: Run Common\Behaviors\AppBeginBehavior [ RunTime:0.048576s ]
INFO: [ app_begin ] --END-- [ RunTime:0.050475s ]

[ 2017-11-24T15:11:39+08:00 ] 113.63.84.163 /Theme/dologin.html
INFO: [ app_init ] --START--
INFO: Run Behavior\BuildLiteBehavior [ RunTime:0.000022s ]
INFO: [ app_init ] --END-- [ RunTime:0.001177s ]
INFO: [ app_begin ] --START--
INFO: Run Behavior\ReadHtmlCacheBehavior [ RunTime:0.001281s ]
SQL: SHOW COLUMNS FROM `ys_config` [ RunTime:0.0053s ]
SQL: SELECT * FROM `ys_config` WHERE `id` = 1 LIMIT 1   [ RunTime:0.0002s ]
INFO: Run Common\Behaviors\AppBeginBehavior [ RunTime:0.024479s ]
INFO: [ app_begin ] --END-- [ RunTime:0.025886s ]
INFO: [ view_parse ] --START--
INFO: [ template_filter ] --START--
INFO: Run Behavior\ContentReplaceBehavior [ RunTime:0.000666s ]
INFO: [ template_filter ] --END-- [ RunTime:0.001052s ]
INFO: Run Behavior\ParseTemplateBehavior [ RunTime:0.023965s ]
INFO: [ view_parse ] --END-- [ RunTime:0.024085s ]
INFO: [ view_filter ] --START--
INFO: Run Behavior\WriteHtmlCacheBehavior [ RunTime:0.002093s ]
INFO: Run Behavior\TokenBuildBehavior [ RunTime:0.001383s ]
INFO: [ view_filter ] --END-- [ RunTime:0.003851s ]
INFO: [ app_end ] --START--
INFO: Run Behavior\ShowPageTraceBehavior [ RunTime:0.003643s ]
INFO: [ app_end ] --END-- [ RunTime:0.003778s ]

