[ 2018-01-12T06:36:29+08:00 ] 118.81.12.36 /
INFO: [ app_init ] --START--
INFO: Run Behavior\BuildLiteBehavior [ RunTime:0.000017s ]
INFO: [ app_init ] --END-- [ RunTime:0.001030s ]
INFO: [ app_begin ] --START--
INFO: Run Behavior\ReadHtmlCacheBehavior [ RunTime:0.001061s ]
SQL: SHOW COLUMNS FROM `ys_config` [ RunTime:0.0011s ]
SQL: SELECT * FROM `ys_config` WHERE `id` = 1 LIMIT 1   [ RunTime:0.0001s ]
INFO: Run Common\Behaviors\AppBeginBehavior [ RunTime:0.017549s ]
INFO: [ app_begin ] --END-- [ RunTime:0.018703s ]

[ 2018-01-12T06:36:41+08:00 ] 106.45.0.114 /Theme/dologin.html
INFO: [ app_init ] --START--
INFO: Run Behavior\BuildLiteBehavior [ RunTime:0.000016s ]
INFO: [ app_init ] --END-- [ RunTime:0.000410s ]
INFO: [ app_begin ] --START--
INFO: Run Behavior\ReadHtmlCacheBehavior [ RunTime:0.000937s ]
SQL: SHOW COLUMNS FROM `ys_config` [ RunTime:0.0007s ]
SQL: SELECT * FROM `ys_config` WHERE `id` = 1 LIMIT 1   [ RunTime:0.0001s ]
INFO: Run Common\Behaviors\AppBeginBehavior [ RunTime:0.014365s ]
INFO: [ app_begin ] --END-- [ RunTime:0.015435s ]
INFO: [ view_parse ] --START--
INFO: [ template_filter ] --START--
INFO: Run Behavior\ContentReplaceBehavior [ RunTime:0.000062s ]
INFO: [ template_filter ] --END-- [ RunTime:0.000124s ]
INFO: Run Behavior\ParseTemplateBehavior [ RunTime:0.010280s ]
INFO: [ view_parse ] --END-- [ RunTime:0.010330s ]
INFO: [ view_filter ] --START--
INFO: Run Behavior\WriteHtmlCacheBehavior [ RunTime:0.000709s ]
INFO: Run Behavior\TokenBuildBehavior [ RunTime:0.000756s ]
INFO: [ view_filter ] --END-- [ RunTime:0.001536s ]
INFO: [ app_end ] --START--
INFO: Run Behavior\ShowPageTraceBehavior [ RunTime:0.001065s ]
INFO: [ app_end ] --END-- [ RunTime:0.001113s ]

[ 2018-01-12T10:52:10+08:00 ] 106.11.226.133 /
INFO: [ app_init ] --START--
INFO: Run Behavior\BuildLiteBehavior [ RunTime:0.000017s ]
INFO: [ app_init ] --END-- [ RunTime:0.000777s ]
INFO: [ app_begin ] --START--
INFO: Run Behavior\ReadHtmlCacheBehavior [ RunTime:0.001010s ]
SQL: SHOW COLUMNS FROM `ys_config` [ RunTime:0.0006s ]
SQL: SELECT * FROM `ys_config` WHERE `id` = 1 LIMIT 1   [ RunTime:0.0001s ]
INFO: Run Common\Behaviors\AppBeginBehavior [ RunTime:0.016708s ]
INFO: [ app_begin ] --END-- [ RunTime:0.017804s ]

[ 2018-01-12T10:52:11+08:00 ] 106.11.225.243 /Theme/dologin.html
INFO: [ app_init ] --START--
INFO: Run Behavior\BuildLiteBehavior [ RunTime:0.000020s ]
INFO: [ app_init ] --END-- [ RunTime:0.000385s ]
INFO: [ app_begin ] --START--
INFO: Run Behavior\ReadHtmlCacheBehavior [ RunTime:0.000559s ]
SQL: SHOW COLUMNS FROM `ys_config` [ RunTime:0.0007s ]
SQL: SELECT * FROM `ys_config` WHERE `id` = 1 LIMIT 1   [ RunTime:0.0001s ]
INFO: Run Common\Behaviors\AppBeginBehavior [ RunTime:0.011022s ]
INFO: [ app_begin ] --END-- [ RunTime:0.011674s ]
INFO: [ view_parse ] --START--
INFO: [ template_filter ] --START--
INFO: Run Behavior\ContentReplaceBehavior [ RunTime:0.000060s ]
INFO: [ template_filter ] --END-- [ RunTime:0.000138s ]
INFO: Run Behavior\ParseTemplateBehavior [ RunTime:0.010778s ]
INFO: [ view_parse ] --END-- [ RunTime:0.010838s ]
INFO: [ view_filter ] --START--
INFO: Run Behavior\WriteHtmlCacheBehavior [ RunTime:0.000724s ]
INFO: Run Behavior\TokenBuildBehavior [ RunTime:0.000810s ]
INFO: [ view_filter ] --END-- [ RunTime:0.001613s ]
INFO: [ app_end ] --START--
INFO: Run Behavior\ShowPageTraceBehavior [ RunTime:0.001070s ]
INFO: [ app_end ] --END-- [ RunTime:0.001132s ]

